tee: ../../experiments/results/阶段二/A2-resnet34.log: No such file or directory
🖥️  设备: cuda:0
✅ CLIP 模型加载成功: D:\MM_Emotion\2_FER\CAFE\CAFE\clip\ViT-B-32.pt
🔧 配置: Backbone=resnet34 | 预训练=imagenet | CLIP=无 CLIP | Dropout=0.0
🔧 优化器: adam | 调度器: exponential | LR=0.0002 | WD=0.0001 | LabelSmooth=0.0
📈 TensorBoard 日志: ../../KMU-FED/output_exp2_a2\tensorboard\20260715_233744
训练增强: RandomHorizontalFlip + RandomErasing
人脸检测: YOLO 已加载 (../../yolov8n.pt)
人脸检测: Haar Cascade 已加载

============================================================
  数据集分析
============================================================
  数据集: D:\MM_Emotion\2_FER\CAFE\CAFE\..\..\KMU-FED\KMU-FED
  受试者总数: 12
  图片总数: 1106
  类别数: 6
         angry (id=0):  196 ###################
       disgust (id=1):  120 ############
          fear (id=2):  200 ####################
         happy (id=3):  210 #####################
           sad (id=4):  180 ##################
      surprise (id=5):  200 ####################

  每受试者图片数:
    受试者 1: 126 张  [A:26, D:20, F:20, H:20, S:20, S:20]
    受试者 2:  60 张  [A:10, F:20, H:10, S:20]
    受试者 3:  90 张  [A:10, F:20, H:20, S:20, S:20]
    受试者 4:  60 张  [F:20, H:20, S:10, S:10]
    受试者 5: 120 张  [A:20, D:20, F:20, H:20, S:20, S:20]
    受试者 6: 120 张  [A:20, D:20, F:20, H:20, S:20, S:20]
    受试者 7: 100 张  [A:20, F:20, H:20, S:20, S:20]
    受试者 8: 110 张  [A:20, D:20, F:10, H:20, S:20, S:20]
    受试者 9:  70 张  [A:20, F:10, H:20, S:10, S:10]
    受试者 10:  80 张  [A:10, D:10, F:20, H:20, S:20]
    受试者 11: 100 张  [A:20, D:20, F:20, S:20, S:20]
    受试者 12:  70 张  [A:20, D:10, H:20, S:20]
============================================================

评估方法: LOSO (12 folds)
总轮次: 12

============================================================
  Fold 1/12: 1
  验证受试者: 1 (126 张)
  验证表情分布: {0: 26, 1: 20, 2: 20, 3: 20, 4: 20, 5: 20}
  训练: 980 张 | 验证: 126 张
============================================================
  🏗️  Backbone: resnet34 (imagenet)
       特征维度: 512
       Backbone 参数: 21.3M
Fold 1 Epoch  1 | Train Loss:0.8601 Acc:0.6837 | Val Loss:1.9367 Acc:0.6270 | Time:15s
Fold 1 Epoch  2 | Train Loss:0.3089 Acc:0.8980 | Val Loss:1.4296 Acc:0.6984 | Time:15s
Fold 1 Epoch  3 | Train Loss:0.2377 Acc:0.9184 | Val Loss:1.2215 Acc:0.7143 | Time:14s
Fold 1 Epoch  4 | Train Loss:0.1413 Acc:0.9541 | Val Loss:1.4612 Acc:0.6825 | Time:14s
Fold 1 Epoch  5 | Train Loss:0.1215 Acc:0.9612 | Val Loss:1.4873 Acc:0.7063 | Time:14s
Fold 1 Epoch  6 | Train Loss:0.0784 Acc:0.9704 | Val Loss:1.8173 Acc:0.6508 | Time:14s
Fold 1 Epoch  7 | Train Loss:0.0699 Acc:0.9776 | Val Loss:1.6112 Acc:0.6508 | Time:14s
Fold 1 Epoch  8 | Train Loss:0.0520 Acc:0.9898 | Val Loss:1.5454 Acc:0.6667 | Time:14s
Fold 1 Epoch  9 | Train Loss:0.0363 Acc:0.9908 | Val Loss:1.9752 Acc:0.6508 | Time:14s
Fold 1 Epoch 10 | Train Loss:0.0323 Acc:0.9918 | Val Loss:1.5299 Acc:0.6508 | Time:14s
Fold 1 Epoch 11 | Train Loss:0.0347 Acc:0.9857 | Val Loss:1.6480 Acc:0.6429 | Time:14s
Fold 1 Epoch 12 | Train Loss:0.0226 Acc:0.9959 | Val Loss:1.6510 Acc:0.6508 | Time:14s
Fold 1 Epoch 13 | Train Loss:0.0194 Acc:0.9959 | Val Loss:1.9093 Acc:0.6508 | Time:14s
  ⏹ 早停于 Epoch 13（10 轮未提升）
  ✅ Fold1 Best Val Acc: 0.7143

============================================================
  Fold 2/12: 2
  验证受试者: 2 (60 张)
  验证表情分布: {0: 10, 2: 20, 3: 10, 5: 20}
  训练: 1046 张 | 验证: 60 张
============================================================
  🏗️  Backbone: resnet34 (imagenet)
       特征维度: 512
       Backbone 参数: 21.3M
Fold 2 Epoch  1 | Train Loss:0.9450 Acc:0.6444 | Val Loss:0.9268 Acc:0.6500 | Time:15s
Fold 2 Epoch  2 | Train Loss:0.3620 Acc:0.8815 | Val Loss:0.8898 Acc:0.7333 | Time:15s
Fold 2 Epoch  3 | Train Loss:0.1944 Acc:0.9379 | Val Loss:0.8755 Acc:0.6667 | Time:15s
Fold 2 Epoch  4 | Train Loss:0.1410 Acc:0.9541 | Val Loss:1.0420 Acc:0.7500 | Time:15s
Fold 2 Epoch  5 | Train Loss:0.0817 Acc:0.9723 | Val Loss:1.7433 Acc:0.6167 | Time:15s
Fold 2 Epoch  6 | Train Loss:0.0741 Acc:0.9790 | Val Loss:2.1440 Acc:0.7000 | Time:15s
Fold 2 Epoch  7 | Train Loss:0.0524 Acc:0.9818 | Val Loss:1.6461 Acc:0.7000 | Time:15s
Fold 2 Epoch  8 | Train Loss:0.0794 Acc:0.9780 | Val Loss:1.6400 Acc:0.7000 | Time:16s
Fold 2 Epoch  9 | Train Loss:0.0479 Acc:0.9857 | Val Loss:1.4996 Acc:0.7000 | Time:15s
Fold 2 Epoch 10 | Train Loss:0.0314 Acc:0.9914 | Val Loss:1.4986 Acc:0.7000 | Time:15s
Fold 2 Epoch 11 | Train Loss:0.0224 Acc:0.9943 | Val Loss:1.6686 Acc:0.6833 | Time:16s
Fold 2 Epoch 12 | Train Loss:0.0174 Acc:0.9943 | Val Loss:1.4838 Acc:0.6333 | Time:15s
Fold 2 Epoch 13 | Train Loss:0.0146 Acc:0.9990 | Val Loss:1.4680 Acc:0.6667 | Time:15s
Fold 2 Epoch 14 | Train Loss:0.0093 Acc:0.9990 | Val Loss:1.3944 Acc:0.6667 | Time:15s
  ⏹ 早停于 Epoch 14（10 轮未提升）
  ✅ Fold2 Best Val Acc: 0.7500

============================================================
  Fold 3/12: 3
  验证受试者: 3 (90 张)
  验证表情分布: {0: 10, 2: 20, 3: 20, 4: 20, 5: 20}
  训练: 1016 张 | 验证: 90 张
============================================================
  🏗️  Backbone: resnet34 (imagenet)
       特征维度: 512
       Backbone 参数: 21.3M
Fold 3 Epoch  1 | Train Loss:0.9138 Acc:0.6496 | Val Loss:0.8759 Acc:0.6556 | Time:14s
Fold 3 Epoch  2 | Train Loss:0.3347 Acc:0.8898 | Val Loss:0.8765 Acc:0.7000 | Time:14s
Fold 3 Epoch  3 | Train Loss:0.1967 Acc:0.9409 | Val Loss:0.8059 Acc:0.7333 | Time:15s
Fold 3 Epoch  4 | Train Loss:0.1361 Acc:0.9616 | Val Loss:1.1220 Acc:0.6556 | Time:15s
Fold 3 Epoch  5 | Train Loss:0.0692 Acc:0.9774 | Val Loss:0.8145 Acc:0.8111 | Time:15s
Fold 3 Epoch  6 | Train Loss:0.0586 Acc:0.9852 | Val Loss:1.0948 Acc:0.6556 | Time:15s
Fold 3 Epoch  7 | Train Loss:0.0522 Acc:0.9862 | Val Loss:0.6931 Acc:0.8444 | Time:15s
Fold 3 Epoch  8 | Train Loss:0.0615 Acc:0.9813 | Val Loss:0.9347 Acc:0.7222 | Time:14s
Fold 3 Epoch  9 | Train Loss:0.0477 Acc:0.9833 | Val Loss:0.9871 Acc:0.7000 | Time:14s
Fold 3 Epoch 10 | Train Loss:0.0295 Acc:0.9941 | Val Loss:0.9033 Acc:0.7111 | Time:15s
Fold 3 Epoch 11 | Train Loss:0.0167 Acc:0.9970 | Val Loss:0.8690 Acc:0.8222 | Time:15s
Fold 3 Epoch 12 | Train Loss:0.0137 Acc:0.9980 | Val Loss:0.9300 Acc:0.7444 | Time:16s
Fold 3 Epoch 13 | Train Loss:0.0108 Acc:0.9980 | Val Loss:0.9304 Acc:0.7556 | Time:15s
Fold 3 Epoch 14 | Train Loss:0.0177 Acc:0.9941 | Val Loss:1.0945 Acc:0.7333 | Time:15s
Fold 3 Epoch 15 | Train Loss:0.0161 Acc:0.9970 | Val Loss:1.0838 Acc:0.7778 | Time:15s
Fold 3 Epoch 16 | Train Loss:0.0100 Acc:0.9970 | Val Loss:1.0361 Acc:0.7556 | Time:15s
Fold 3 Epoch 17 | Train Loss:0.0152 Acc:0.9970 | Val Loss:0.9343 Acc:0.7444 | Time:15s
  ⏹ 早停于 Epoch 17（10 轮未提升）
  ✅ Fold3 Best Val Acc: 0.8444

============================================================
  Fold 4/12: 4
  验证受试者: 4 (60 张)
  验证表情分布: {2: 20, 3: 20, 4: 10, 5: 10}
  训练: 1046 张 | 验证: 60 张
============================================================
  🏗️  Backbone: resnet34 (imagenet)
       特征维度: 512
       Backbone 参数: 21.3M
Fold 4 Epoch  1 | Train Loss:0.9089 Acc:0.6491 | Val Loss:1.0640 Acc:0.5833 | Time:14s
Fold 4 Epoch  2 | Train Loss:0.3161 Acc:0.8958 | Val Loss:1.6585 Acc:0.3333 | Time:15s
Fold 4 Epoch  3 | Train Loss:0.2019 Acc:0.9273 | Val Loss:0.4920 Acc:0.8000 | Time:15s
Fold 4 Epoch  4 | Train Loss:0.1279 Acc:0.9579 | Val Loss:1.0981 Acc:0.7000 | Time:15s
Fold 4 Epoch  5 | Train Loss:0.1207 Acc:0.9627 | Val Loss:1.7903 Acc:0.4333 | Time:15s
Fold 4 Epoch  6 | Train Loss:0.0888 Acc:0.9771 | Val Loss:1.4387 Acc:0.6000 | Time:15s
Fold 4 Epoch  7 | Train Loss:0.0563 Acc:0.9837 | Val Loss:1.0563 Acc:0.7500 | Time:15s
Fold 4 Epoch  8 | Train Loss:0.0637 Acc:0.9790 | Val Loss:0.9523 Acc:0.5333 | Time:15s
Fold 4 Epoch  9 | Train Loss:0.0467 Acc:0.9847 | Val Loss:0.8933 Acc:0.6833 | Time:15s
Fold 4 Epoch 10 | Train Loss:0.0267 Acc:0.9952 | Val Loss:1.0028 Acc:0.6833 | Time:15s
Fold 4 Epoch 11 | Train Loss:0.0276 Acc:0.9904 | Val Loss:0.9494 Acc:0.6833 | Time:15s
Fold 4 Epoch 12 | Train Loss:0.0277 Acc:0.9914 | Val Loss:0.8677 Acc:0.6833 | Time:15s
Fold 4 Epoch 13 | Train Loss:0.0178 Acc:0.9952 | Val Loss:0.7946 Acc:0.7000 | Time:15s
  ⏹ 早停于 Epoch 13（10 轮未提升）
  ✅ Fold4 Best Val Acc: 0.8000

============================================================
  Fold 5/12: 5
  验证受试者: 5 (120 张)
  验证表情分布: {0: 20, 1: 20, 2: 20, 3: 20, 4: 20, 5: 20}
  训练: 986 张 | 验证: 120 张
============================================================
  🏗️  Backbone: resnet34 (imagenet)
       特征维度: 512
       Backbone 参数: 21.3M
Fold 5 Epoch  1 | Train Loss:0.9360 Acc:0.6389 | Val Loss:0.6362 Acc:0.7917 | Time:14s
Fold 5 Epoch  2 | Train Loss:0.3350 Acc:0.8955 | Val Loss:1.1346 Acc:0.6250 | Time:14s
Fold 5 Epoch  3 | Train Loss:0.2284 Acc:0.9280 | Val Loss:1.6815 Acc:0.5917 | Time:15s
Fold 5 Epoch  4 | Train Loss:0.1891 Acc:0.9381 | Val Loss:0.8752 Acc:0.6083 | Time:14s
Fold 5 Epoch  5 | Train Loss:0.1203 Acc:0.9635 | Val Loss:0.8505 Acc:0.8083 | Time:14s
Fold 5 Epoch  6 | Train Loss:0.0958 Acc:0.9706 | Val Loss:0.7327 Acc:0.8000 | Time:14s
Fold 5 Epoch  7 | Train Loss:0.0623 Acc:0.9848 | Val Loss:1.0685 Acc:0.6167 | Time:14s
Fold 5 Epoch  8 | Train Loss:0.0406 Acc:0.9919 | Val Loss:0.8373 Acc:0.8167 | Time:14s
Fold 5 Epoch  9 | Train Loss:0.0285 Acc:0.9929 | Val Loss:0.8363 Acc:0.7583 | Time:14s
Fold 5 Epoch 10 | Train Loss:0.0209 Acc:0.9949 | Val Loss:0.7002 Acc:0.8917 | Time:14s
Fold 5 Epoch 11 | Train Loss:0.0127 Acc:0.9980 | Val Loss:0.6994 Acc:0.8167 | Time:14s
Fold 5 Epoch 12 | Train Loss:0.0130 Acc:0.9980 | Val Loss:0.7171 Acc:0.8833 | Time:14s
Fold 5 Epoch 13 | Train Loss:0.0106 Acc:0.9970 | Val Loss:0.7245 Acc:0.8500 | Time:15s
Fold 5 Epoch 14 | Train Loss:0.0166 Acc:0.9939 | Val Loss:0.8240 Acc:0.7083 | Time:15s
Fold 5 Epoch 15 | Train Loss:0.0098 Acc:0.9990 | Val Loss:0.8836 Acc:0.6250 | Time:14s
Fold 5 Epoch 16 | Train Loss:0.0122 Acc:0.9959 | Val Loss:0.8145 Acc:0.7250 | Time:14s
Fold 5 Epoch 17 | Train Loss:0.0187 Acc:0.9939 | Val Loss:0.7864 Acc:0.7833 | Time:14s
Fold 5 Epoch 18 | Train Loss:0.0087 Acc:1.0000 | Val Loss:0.7645 Acc:0.7833 | Time:14s
Fold 5 Epoch 19 | Train Loss:0.0100 Acc:0.9970 | Val Loss:0.7773 Acc:0.7833 | Time:14s
Fold 5 Epoch 20 | Train Loss:0.0061 Acc:0.9990 | Val Loss:0.7582 Acc:0.8417 | Time:14s
  ⏹ 早停于 Epoch 20（10 轮未提升）
  ✅ Fold5 Best Val Acc: 0.8917

============================================================
  Fold 6/12: 6
  验证受试者: 6 (120 张)
  验证表情分布: {0: 20, 1: 20, 2: 20, 3: 20, 4: 20, 5: 20}
  训练: 986 张 | 验证: 120 张
============================================================
  🏗️  Backbone: resnet34 (imagenet)
       特征维度: 512
       Backbone 参数: 21.3M
Fold 6 Epoch  1 | Train Loss:0.9616 Acc:0.6430 | Val Loss:1.1784 Acc:0.5250 | Time:14s
Fold 6 Epoch  2 | Train Loss:0.3154 Acc:0.9006 | Val Loss:0.8861 Acc:0.6417 | Time:14s
Fold 6 Epoch  3 | Train Loss:0.2092 Acc:0.9270 | Val Loss:1.3300 Acc:0.5250 | Time:14s
Fold 6 Epoch  4 | Train Loss:0.1769 Acc:0.9381 | Val Loss:1.8595 Acc:0.5583 | Time:14s
Fold 6 Epoch  5 | Train Loss:0.1043 Acc:0.9716 | Val Loss:1.4604 Acc:0.5417 | Time:14s
Fold 6 Epoch  6 | Train Loss:0.0723 Acc:0.9726 | Val Loss:1.3202 Acc:0.6000 | Time:14s
Fold 6 Epoch  7 | Train Loss:0.0553 Acc:0.9858 | Val Loss:0.9144 Acc:0.6667 | Time:15s
Fold 6 Epoch  8 | Train Loss:0.0597 Acc:0.9817 | Val Loss:1.3542 Acc:0.5833 | Time:14s
Fold 6 Epoch  9 | Train Loss:0.0336 Acc:0.9929 | Val Loss:1.1297 Acc:0.5333 | Time:14s
Fold 6 Epoch 10 | Train Loss:0.0348 Acc:0.9919 | Val Loss:1.3923 Acc:0.5500 | Time:15s
Fold 6 Epoch 11 | Train Loss:0.0157 Acc:0.9959 | Val Loss:1.3076 Acc:0.5667 | Time:14s
Fold 6 Epoch 12 | Train Loss:0.0174 Acc:0.9949 | Val Loss:1.1721 Acc:0.5750 | Time:14s
Fold 6 Epoch 13 | Train Loss:0.0116 Acc:0.9980 | Val Loss:1.2772 Acc:0.5250 | Time:14s
Fold 6 Epoch 14 | Train Loss:0.0120 Acc:0.9970 | Val Loss:1.3892 Acc:0.5250 | Time:15s
Fold 6 Epoch 15 | Train Loss:0.0087 Acc:0.9990 | Val Loss:1.1967 Acc:0.5917 | Time:14s
Fold 6 Epoch 16 | Train Loss:0.0108 Acc:0.9980 | Val Loss:1.0820 Acc:0.6250 | Time:14s
Fold 6 Epoch 17 | Train Loss:0.0069 Acc:0.9990 | Val Loss:1.2156 Acc:0.5667 | Time:14s
  ⏹ 早停于 Epoch 17（10 轮未提升）
  ✅ Fold6 Best Val Acc: 0.6667

============================================================
  Fold 7/12: 7
  验证受试者: 7 (100 张)
  验证表情分布: {0: 20, 2: 20, 3: 20, 4: 20, 5: 20}
  训练: 1006 张 | 验证: 100 张
============================================================
  🏗️  Backbone: resnet34 (imagenet)
       特征维度: 512
       Backbone 参数: 21.3M
Fold 7 Epoch  1 | Train Loss:0.8780 Acc:0.6799 | Val Loss:1.3686 Acc:0.6200 | Time:14s
Fold 7 Epoch  2 | Train Loss:0.3294 Acc:0.8936 | Val Loss:0.8427 Acc:0.6900 | Time:14s
Fold 7 Epoch  3 | Train Loss:0.2039 Acc:0.9314 | Val Loss:1.2277 Acc:0.7300 | Time:14s
Fold 7 Epoch  4 | Train Loss:0.1584 Acc:0.9433 | Val Loss:0.9820 Acc:0.6900 | Time:15s
Fold 7 Epoch  5 | Train Loss:0.1008 Acc:0.9702 | Val Loss:0.8513 Acc:0.7800 | Time:15s
Fold 7 Epoch  6 | Train Loss:0.0712 Acc:0.9771 | Val Loss:1.1316 Acc:0.7700 | Time:15s
Fold 7 Epoch  7 | Train Loss:0.0460 Acc:0.9881 | Val Loss:1.3886 Acc:0.7500 | Time:15s
Fold 7 Epoch  8 | Train Loss:0.0726 Acc:0.9761 | Val Loss:0.9608 Acc:0.7800 | Time:16s
Fold 7 Epoch  9 | Train Loss:0.0377 Acc:0.9930 | Val Loss:1.4318 Acc:0.7600 | Time:16s
Fold 7 Epoch 10 | Train Loss:0.0297 Acc:0.9911 | Val Loss:0.8864 Acc:0.7200 | Time:15s
Fold 7 Epoch 11 | Train Loss:0.0254 Acc:0.9930 | Val Loss:1.1448 Acc:0.7200 | Time:15s
Fold 7 Epoch 12 | Train Loss:0.0140 Acc:0.9970 | Val Loss:1.2030 Acc:0.6500 | Time:15s
Fold 7 Epoch 13 | Train Loss:0.0179 Acc:0.9950 | Val Loss:1.3571 Acc:0.7000 | Time:15s
Fold 7 Epoch 14 | Train Loss:0.0125 Acc:0.9970 | Val Loss:1.0916 Acc:0.7300 | Time:15s
Fold 7 Epoch 15 | Train Loss:0.0139 Acc:0.9980 | Val Loss:0.9019 Acc:0.7700 | Time:15s
  ⏹ 早停于 Epoch 15（10 轮未提升）
  ✅ Fold7 Best Val Acc: 0.7800

============================================================
  Fold 8/12: 8
  验证受试者: 8 (110 张)
  验证表情分布: {0: 20, 1: 20, 2: 10, 3: 20, 4: 20, 5: 20}
  训练: 996 张 | 验证: 110 张
============================================================
  🏗️  Backbone: resnet34 (imagenet)
       特征维度: 512
       Backbone 参数: 21.3M
Fold 8 Epoch  1 | Train Loss:0.8136 Acc:0.7058 | Val Loss:0.9109 Acc:0.7000 | Time:14s
Fold 8 Epoch  2 | Train Loss:0.3232 Acc:0.8835 | Val Loss:0.6642 Acc:0.7091 | Time:14s
Fold 8 Epoch  3 | Train Loss:0.1924 Acc:0.9378 | Val Loss:2.6831 Acc:0.3818 | Time:14s
Fold 8 Epoch  4 | Train Loss:0.2121 Acc:0.9418 | Val Loss:1.0518 Acc:0.7182 | Time:14s
Fold 8 Epoch  5 | Train Loss:0.1851 Acc:0.9438 | Val Loss:0.5789 Acc:0.7364 | Time:14s
Fold 8 Epoch  6 | Train Loss:0.1373 Acc:0.9548 | Val Loss:0.6435 Acc:0.7364 | Time:15s
Fold 8 Epoch  7 | Train Loss:0.0685 Acc:0.9839 | Val Loss:0.8049 Acc:0.7000 | Time:15s
Fold 8 Epoch  8 | Train Loss:0.0499 Acc:0.9849 | Val Loss:0.7312 Acc:0.7364 | Time:14s
Fold 8 Epoch  9 | Train Loss:0.0600 Acc:0.9819 | Val Loss:0.8393 Acc:0.7182 | Time:15s
Fold 8 Epoch 10 | Train Loss:0.0348 Acc:0.9940 | Val Loss:0.7709 Acc:0.7636 | Time:14s
Fold 8 Epoch 11 | Train Loss:0.0645 Acc:0.9920 | Val Loss:0.6301 Acc:0.7455 | Time:15s
Fold 8 Epoch 12 | Train Loss:0.0420 Acc:0.9869 | Val Loss:1.1518 Acc:0.7091 | Time:15s
Fold 8 Epoch 13 | Train Loss:0.0256 Acc:0.9940 | Val Loss:0.9078 Acc:0.7000 | Time:15s
Fold 8 Epoch 14 | Train Loss:0.0187 Acc:0.9960 | Val Loss:0.9495 Acc:0.7182 | Time:15s
Fold 8 Epoch 15 | Train Loss:0.0213 Acc:0.9960 | Val Loss:0.7891 Acc:0.7000 | Time:15s
Fold 8 Epoch 16 | Train Loss:0.0143 Acc:0.9950 | Val Loss:1.0040 Acc:0.7000 | Time:15s
Fold 8 Epoch 17 | Train Loss:0.0209 Acc:0.9920 | Val Loss:0.9675 Acc:0.7182 | Time:15s
Fold 8 Epoch 18 | Train Loss:0.0132 Acc:0.9960 | Val Loss:0.9148 Acc:0.7273 | Time:15s
Fold 8 Epoch 19 | Train Loss:0.0192 Acc:0.9950 | Val Loss:0.7834 Acc:0.7364 | Time:15s
Fold 8 Epoch 20 | Train Loss:0.0114 Acc:0.9980 | Val Loss:0.9424 Acc:0.6909 | Time:15s
  ⏹ 早停于 Epoch 20（10 轮未提升）
  ✅ Fold8 Best Val Acc: 0.7636

============================================================
  Fold 9/12: 9
  验证受试者: 9 (70 张)
  验证表情分布: {0: 20, 2: 10, 3: 20, 4: 10, 5: 10}
  训练: 1036 张 | 验证: 70 张
============================================================
  🏗️  Backbone: resnet34 (imagenet)
       特征维度: 512
       Backbone 参数: 21.3M
Fold 9 Epoch  1 | Train Loss:0.9129 Acc:0.6573 | Val Loss:0.8168 Acc:0.5714 | Time:14s
Fold 9 Epoch  2 | Train Loss:0.3391 Acc:0.8871 | Val Loss:0.8448 Acc:0.7000 | Time:14s
Fold 9 Epoch  3 | Train Loss:0.2042 Acc:0.9334 | Val Loss:1.2342 Acc:0.7000 | Time:15s
Fold 9 Epoch  4 | Train Loss:0.1490 Acc:0.9575 | Val Loss:0.8517 Acc:0.7286 | Time:15s
Fold 9 Epoch  5 | Train Loss:0.1284 Acc:0.9595 | Val Loss:0.7656 Acc:0.7714 | Time:17s
Fold 9 Epoch  6 | Train Loss:0.0788 Acc:0.9768 | Val Loss:0.6027 Acc:0.7571 | Time:16s
Fold 9 Epoch  7 | Train Loss:0.0644 Acc:0.9788 | Val Loss:1.4044 Acc:0.7429 | Time:15s
Fold 9 Epoch  8 | Train Loss:0.0515 Acc:0.9807 | Val Loss:1.3241 Acc:0.7143 | Time:15s
Fold 9 Epoch  9 | Train Loss:0.0265 Acc:0.9981 | Val Loss:1.3789 Acc:0.7429 | Time:15s
Fold 9 Epoch 10 | Train Loss:0.0197 Acc:0.9952 | Val Loss:1.0178 Acc:0.7143 | Time:15s
Fold 9 Epoch 11 | Train Loss:0.0270 Acc:0.9923 | Val Loss:1.3418 Acc:0.6857 | Time:15s
Fold 9 Epoch 12 | Train Loss:0.0159 Acc:0.9952 | Val Loss:1.1107 Acc:0.7429 | Time:15s
Fold 9 Epoch 13 | Train Loss:0.0184 Acc:0.9952 | Val Loss:1.3550 Acc:0.6857 | Time:15s
Fold 9 Epoch 14 | Train Loss:0.0236 Acc:0.9932 | Val Loss:0.9397 Acc:0.7286 | Time:15s
Fold 9 Epoch 15 | Train Loss:0.0193 Acc:0.9932 | Val Loss:1.1397 Acc:0.7429 | Time:15s
  ⏹ 早停于 Epoch 15（10 轮未提升）
  ✅ Fold9 Best Val Acc: 0.7714

============================================================
  Fold 10/12: 10
  验证受试者: 10 (80 张)
  验证表情分布: {0: 10, 1: 10, 2: 20, 3: 20, 5: 20}
  训练: 1026 张 | 验证: 80 张
============================================================
  🏗️  Backbone: resnet34 (imagenet)
       特征维度: 512
       Backbone 参数: 21.3M
Fold10 Epoch  1 | Train Loss:0.8587 Acc:0.6637 | Val Loss:1.4262 Acc:0.3750 | Time:14s
Fold10 Epoch  2 | Train Loss:0.4435 Acc:0.8772 | Val Loss:2.0787 Acc:0.4500 | Time:15s
Fold10 Epoch  3 | Train Loss:0.2311 Acc:0.9318 | Val Loss:2.5217 Acc:0.3750 | Time:15s
Fold10 Epoch  4 | Train Loss:0.2307 Acc:0.9240 | Val Loss:2.1769 Acc:0.3500 | Time:15s
Fold10 Epoch  5 | Train Loss:0.1897 Acc:0.9425 | Val Loss:1.5724 Acc:0.5375 | Time:15s
Fold10 Epoch  6 | Train Loss:0.1205 Acc:0.9600 | Val Loss:1.6380 Acc:0.6000 | Time:15s
Fold10 Epoch  7 | Train Loss:0.0946 Acc:0.9698 | Val Loss:2.0963 Acc:0.4750 | Time:15s
Fold10 Epoch  8 | Train Loss:0.1005 Acc:0.9756 | Val Loss:1.3844 Acc:0.5000 | Time:15s
Fold10 Epoch  9 | Train Loss:0.0865 Acc:0.9805 | Val Loss:1.7104 Acc:0.4625 | Time:15s
Fold10 Epoch 10 | Train Loss:0.0636 Acc:0.9854 | Val Loss:1.8653 Acc:0.4375 | Time:15s
Fold10 Epoch 11 | Train Loss:0.1161 Acc:0.9834 | Val Loss:2.3967 Acc:0.3375 | Time:15s
Fold10 Epoch 12 | Train Loss:0.0731 Acc:0.9805 | Val Loss:2.0283 Acc:0.3750 | Time:15s
Fold10 Epoch 13 | Train Loss:0.0892 Acc:0.9922 | Val Loss:2.0393 Acc:0.3250 | Time:15s
Fold10 Epoch 14 | Train Loss:0.0304 Acc:0.9942 | Val Loss:2.5413 Acc:0.3000 | Time:15s
Fold10 Epoch 15 | Train Loss:0.0237 Acc:0.9961 | Val Loss:2.2943 Acc:0.3500 | Time:15s
Fold10 Epoch 16 | Train Loss:0.0292 Acc:0.9912 | Val Loss:2.1715 Acc:0.3500 | Time:15s
  ⏹ 早停于 Epoch 16（10 轮未提升）
  ✅ Fold10 Best Val Acc: 0.6000

============================================================
  Fold 11/12: 11
  验证受试者: 11 (100 张)
  验证表情分布: {0: 20, 1: 20, 2: 20, 4: 20, 5: 20}
  训练: 1006 张 | 验证: 100 张
============================================================
  🏗️  Backbone: resnet34 (imagenet)
       特征维度: 512
       Backbone 参数: 21.3M
Fold11 Epoch  1 | Train Loss:0.8567 Acc:0.6839 | Val Loss:2.1945 Acc:0.4300 | Time:14s
Fold11 Epoch  2 | Train Loss:0.3223 Acc:0.8837 | Val Loss:2.3831 Acc:0.4300 | Time:14s
Fold11 Epoch  3 | Train Loss:0.2057 Acc:0.9354 | Val Loss:2.6054 Acc:0.4500 | Time:14s
Fold11 Epoch  4 | Train Loss:0.1036 Acc:0.9702 | Val Loss:2.6618 Acc:0.4600 | Time:14s
Fold11 Epoch  5 | Train Loss:0.0925 Acc:0.9732 | Val Loss:2.9507 Acc:0.4600 | Time:15s
Fold11 Epoch  6 | Train Loss:0.0803 Acc:0.9742 | Val Loss:1.6001 Acc:0.5900 | Time:16s
Fold11 Epoch  7 | Train Loss:0.0561 Acc:0.9801 | Val Loss:2.8464 Acc:0.4200 | Time:15s
Fold11 Epoch  8 | Train Loss:0.0450 Acc:0.9861 | Val Loss:2.5037 Acc:0.4700 | Time:15s
Fold11 Epoch  9 | Train Loss:0.0362 Acc:0.9891 | Val Loss:2.5852 Acc:0.4600 | Time:15s
Fold11 Epoch 10 | Train Loss:0.0361 Acc:0.9891 | Val Loss:2.0411 Acc:0.5000 | Time:15s
Fold11 Epoch 11 | Train Loss:0.0279 Acc:0.9940 | Val Loss:2.6152 Acc:0.4700 | Time:15s
Fold11 Epoch 12 | Train Loss:0.0216 Acc:0.9960 | Val Loss:2.5445 Acc:0.4500 | Time:15s
Fold11 Epoch 13 | Train Loss:0.0205 Acc:0.9960 | Val Loss:2.9391 Acc:0.4600 | Time:15s
Fold11 Epoch 14 | Train Loss:0.0168 Acc:0.9970 | Val Loss:3.6605 Acc:0.4400 | Time:15s
Fold11 Epoch 15 | Train Loss:0.0142 Acc:0.9960 | Val Loss:3.6322 Acc:0.4500 | Time:15s
Fold11 Epoch 16 | Train Loss:0.0140 Acc:0.9970 | Val Loss:3.6192 Acc:0.4500 | Time:15s
  ⏹ 早停于 Epoch 16（10 轮未提升）
  ✅ Fold11 Best Val Acc: 0.5900

============================================================
  Fold 12/12: 12
  验证受试者: 12 (70 张)
  验证表情分布: {0: 20, 1: 10, 3: 20, 4: 20}
  训练: 1036 张 | 验证: 70 张
============================================================
  🏗️  Backbone: resnet34 (imagenet)
       特征维度: 512
       Backbone 参数: 21.3M
Fold12 Epoch  1 | Train Loss:0.9054 Acc:0.6602 | Val Loss:2.7098 Acc:0.4571 | Time:14s
Fold12 Epoch  2 | Train Loss:0.3137 Acc:0.8986 | Val Loss:2.0639 Acc:0.5000 | Time:14s
Fold12 Epoch  3 | Train Loss:0.2175 Acc:0.9228 | Val Loss:2.2054 Acc:0.5143 | Time:15s
Fold12 Epoch  4 | Train Loss:0.1583 Acc:0.9546 | Val Loss:1.5813 Acc:0.5286 | Time:15s
Fold12 Epoch  5 | Train Loss:0.1271 Acc:0.9585 | Val Loss:1.6401 Acc:0.4714 | Time:15s
Fold12 Epoch  6 | Train Loss:0.0685 Acc:0.9778 | Val Loss:2.2508 Acc:0.4857 | Time:15s
Fold12 Epoch  7 | Train Loss:0.0697 Acc:0.9807 | Val Loss:1.9327 Acc:0.5429 | Time:15s
Fold12 Epoch  8 | Train Loss:0.0480 Acc:0.9894 | Val Loss:3.1090 Acc:0.5286 | Time:15s
Fold12 Epoch  9 | Train Loss:0.0271 Acc:0.9923 | Val Loss:3.0210 Acc:0.5714 | Time:15s
Fold12 Epoch 10 | Train Loss:0.0271 Acc:0.9903 | Val Loss:2.1104 Acc:0.5143 | Time:15s
Fold12 Epoch 11 | Train Loss:0.0246 Acc:0.9952 | Val Loss:2.7441 Acc:0.5571 | Time:15s
Fold12 Epoch 12 | Train Loss:0.0204 Acc:0.9981 | Val Loss:3.9156 Acc:0.5000 | Time:15s
Fold12 Epoch 13 | Train Loss:0.0151 Acc:0.9981 | Val Loss:3.2971 Acc:0.5000 | Time:15s
Fold12 Epoch 14 | Train Loss:0.0090 Acc:0.9990 | Val Loss:3.2460 Acc:0.5000 | Time:15s
Fold12 Epoch 15 | Train Loss:0.0095 Acc:0.9981 | Val Loss:2.9284 Acc:0.5286 | Time:15s
Fold12 Epoch 16 | Train Loss:0.0071 Acc:1.0000 | Val Loss:3.0940 Acc:0.5000 | Time:15s
Fold12 Epoch 17 | Train Loss:0.0071 Acc:0.9990 | Val Loss:2.7426 Acc:0.5000 | Time:15s
Fold12 Epoch 18 | Train Loss:0.0089 Acc:0.9971 | Val Loss:3.5540 Acc:0.5000 | Time:15s
Fold12 Epoch 19 | Train Loss:0.0110 Acc:0.9961 | Val Loss:3.5286 Acc:0.5000 | Time:15s
  ⏹ 早停于 Epoch 19（10 轮未提升）
  ✅ Fold12 Best Val Acc: 0.5714

============================================================
  交叉验证结果汇总
============================================================
  1: 0.7143
  2: 0.7500
  3: 0.8444
  4: 0.8000
  5: 0.8917
  6: 0.6667
  7: 0.7800
  8: 0.7636
  9: 0.7714
  10: 0.6000
  11: 0.5900
  12: 0.5714

  平均精度: 0.7286 +- 0.0982

  每位受试者准确率:
    subject_1: 0.7143 [#####################---------]
    subject_2: 0.7500 [######################--------]
    subject_3: 0.8444 [#########################-----]
    subject_4: 0.8000 [########################------]
    subject_5: 0.8917 [##########################----]
    subject_6: 0.6667 [####################----------]
    subject_7: 0.7800 [#######################-------]
    subject_8: 0.7636 [######################--------]
    subject_9: 0.7714 [#######################-------]
    subject_10: 0.6000 [##################------------]
    subject_11: 0.5900 [#################-------------]
    subject_12: 0.5714 [#################-------------]
  最低: subject_12 = 0.5714
  最高: subject_5 = 0.8917

📝 训练指标已保存: ../../KMU-FED/output_exp2_a2\training_metrics.json

⏱️  总耗时: 62.7 分钟
