🖥️  设备: cuda:0
✅ CLIP 模型加载成功: D:\MM_Emotion\2_FER\CAFE\CAFE\clip\ViT-B-32.pt
🔧 配置: Backbone=resnet50 | 预训练=imagenet | CLIP=无 CLIP | Dropout=0.0
🔧 优化器: adam | 调度器: exponential | LR=0.0002 | WD=0.0001 | LabelSmooth=0.0
📈 TensorBoard 日志: ../../KMU-FED/output_exp2_a3\tensorboard\20260716_005747
训练增强: RandomHorizontalFlip + RandomErasing
人脸检测: YOLO 已加载 (../../yolov8n.pt)
人脸检测: Haar Cascade 已加载

============================================================
  数据集分析
============================================================
  数据集: D:\MM_Emotion\2_FER\CAFE\CAFE\..\..\KMU-FED\KMU-FED
  受试者总数: 12
  图片总数: 1106
  类别数: 6
         angry (id=0):  196 ###################
       disgust (id=1):  120 ############
          fear (id=2):  200 ####################
         happy (id=3):  210 #####################
           sad (id=4):  180 ##################
      surprise (id=5):  200 ####################

  每受试者图片数:
    受试者 1: 126 张  [A:26, D:20, F:20, H:20, S:20, S:20]
    受试者 2:  60 张  [A:10, F:20, H:10, S:20]
    受试者 3:  90 张  [A:10, F:20, H:20, S:20, S:20]
    受试者 4:  60 张  [F:20, H:20, S:10, S:10]
    受试者 5: 120 张  [A:20, D:20, F:20, H:20, S:20, S:20]
    受试者 6: 120 张  [A:20, D:20, F:20, H:20, S:20, S:20]
    受试者 7: 100 张  [A:20, F:20, H:20, S:20, S:20]
    受试者 8: 110 张  [A:20, D:20, F:10, H:20, S:20, S:20]
    受试者 9:  70 张  [A:20, F:10, H:20, S:10, S:10]
    受试者 10:  80 张  [A:10, D:10, F:20, H:20, S:20]
    受试者 11: 100 张  [A:20, D:20, F:20, S:20, S:20]
    受试者 12:  70 张  [A:20, D:10, H:20, S:20]
============================================================

评估方法: LOSO (12 folds)
总轮次: 12

============================================================
  Fold 1/12: 1
  验证受试者: 1 (126 张)
  验证表情分布: {0: 26, 1: 20, 2: 20, 3: 20, 4: 20, 5: 20}
  训练: 980 张 | 验证: 126 张
============================================================
  🏗️  Backbone: resnet50 (imagenet)
       特征维度: 2048
       投影层: 2048 → 512 → 6
       Backbone 参数: 23.5M
Fold 1 Epoch  1 | Train Loss:0.8470 Acc:0.6990 | Val Loss:0.7510 Acc:0.7540 | Time:16s
Fold 1 Epoch  2 | Train Loss:0.3005 Acc:0.9051 | Val Loss:0.9653 Acc:0.6349 | Time:16s
Fold 1 Epoch  3 | Train Loss:0.2362 Acc:0.9235 | Val Loss:1.1591 Acc:0.6905 | Time:16s
Fold 1 Epoch  4 | Train Loss:0.1244 Acc:0.9673 | Val Loss:1.0953 Acc:0.6667 | Time:16s
Fold 1 Epoch  5 | Train Loss:0.1178 Acc:0.9622 | Val Loss:1.1083 Acc:0.6587 | Time:16s
Fold 1 Epoch  6 | Train Loss:0.0720 Acc:0.9827 | Val Loss:1.1172 Acc:0.6905 | Time:16s
Fold 1 Epoch  7 | Train Loss:0.0506 Acc:0.9888 | Val Loss:1.2300 Acc:0.6746 | Time:16s
Fold 1 Epoch  8 | Train Loss:0.0358 Acc:0.9949 | Val Loss:1.1373 Acc:0.7063 | Time:17s
Fold 1 Epoch  9 | Train Loss:0.0324 Acc:0.9939 | Val Loss:1.2426 Acc:0.6667 | Time:17s
Fold 1 Epoch 10 | Train Loss:0.0321 Acc:0.9929 | Val Loss:1.5911 Acc:0.6190 | Time:16s
Fold 1 Epoch 11 | Train Loss:0.0197 Acc:0.9980 | Val Loss:1.4495 Acc:0.6190 | Time:16s
  ⏹ 早停于 Epoch 11（10 轮未提升）
  ✅ Fold1 Best Val Acc: 0.7540

============================================================
  Fold 2/12: 2
  验证受试者: 2 (60 张)
  验证表情分布: {0: 10, 2: 20, 3: 10, 5: 20}
  训练: 1046 张 | 验证: 60 张
============================================================
  🏗️  Backbone: resnet50 (imagenet)
       特征维度: 2048
       投影层: 2048 → 512 → 6
       Backbone 参数: 23.5M
Fold 2 Epoch  1 | Train Loss:0.9032 Acc:0.6482 | Val Loss:0.8624 Acc:0.6500 | Time:16s
Fold 2 Epoch  2 | Train Loss:0.3283 Acc:0.8929 | Val Loss:1.1447 Acc:0.5667 | Time:18s
Fold 2 Epoch  3 | Train Loss:0.1934 Acc:0.9455 | Val Loss:1.6019 Acc:0.4167 | Time:17s
Fold 2 Epoch  4 | Train Loss:0.1444 Acc:0.9541 | Val Loss:1.0740 Acc:0.6167 | Time:17s
Fold 2 Epoch  5 | Train Loss:0.1168 Acc:0.9685 | Val Loss:1.8401 Acc:0.5000 | Time:18s
Fold 2 Epoch  6 | Train Loss:0.0603 Acc:0.9790 | Val Loss:0.8787 Acc:0.7167 | Time:18s
Fold 2 Epoch  7 | Train Loss:0.0494 Acc:0.9885 | Val Loss:0.9660 Acc:0.6167 | Time:18s
Fold 2 Epoch  8 | Train Loss:0.0386 Acc:0.9924 | Val Loss:1.0413 Acc:0.7667 | Time:18s
Fold 2 Epoch  9 | Train Loss:0.0382 Acc:0.9895 | Val Loss:1.2006 Acc:0.6833 | Time:18s
Fold 2 Epoch 10 | Train Loss:0.0304 Acc:0.9943 | Val Loss:1.0941 Acc:0.7000 | Time:17s
Fold 2 Epoch 11 | Train Loss:0.0203 Acc:0.9971 | Val Loss:1.1105 Acc:0.7167 | Time:18s
Fold 2 Epoch 12 | Train Loss:0.0162 Acc:0.9981 | Val Loss:0.9648 Acc:0.7833 | Time:18s
Fold 2 Epoch 13 | Train Loss:0.0123 Acc:0.9981 | Val Loss:0.8815 Acc:0.7667 | Time:17s
Fold 2 Epoch 14 | Train Loss:0.0186 Acc:0.9962 | Val Loss:1.0291 Acc:0.7500 | Time:18s
Fold 2 Epoch 15 | Train Loss:0.0151 Acc:0.9962 | Val Loss:0.9380 Acc:0.7500 | Time:17s
Fold 2 Epoch 16 | Train Loss:0.0122 Acc:0.9990 | Val Loss:0.9542 Acc:0.7333 | Time:17s
Fold 2 Epoch 17 | Train Loss:0.0123 Acc:0.9990 | Val Loss:1.0074 Acc:0.7333 | Time:18s
Fold 2 Epoch 18 | Train Loss:0.0169 Acc:0.9971 | Val Loss:0.9518 Acc:0.7500 | Time:18s
Fold 2 Epoch 19 | Train Loss:0.0091 Acc:1.0000 | Val Loss:0.9763 Acc:0.7000 | Time:18s
Fold 2 Epoch 20 | Train Loss:0.0123 Acc:0.9981 | Val Loss:0.9054 Acc:0.7167 | Time:18s
Fold 2 Epoch 21 | Train Loss:0.0083 Acc:0.9990 | Val Loss:1.0305 Acc:0.7000 | Time:18s
Fold 2 Epoch 22 | Train Loss:0.0066 Acc:1.0000 | Val Loss:1.0216 Acc:0.7167 | Time:18s
  ⏹ 早停于 Epoch 22（10 轮未提升）
  ✅ Fold2 Best Val Acc: 0.7833

============================================================
  Fold 3/12: 3
  验证受试者: 3 (90 张)
  验证表情分布: {0: 10, 2: 20, 3: 20, 4: 20, 5: 20}
  训练: 1016 张 | 验证: 90 张
============================================================
  🏗️  Backbone: resnet50 (imagenet)
       特征维度: 2048
       投影层: 2048 → 512 → 6
       Backbone 参数: 23.5M
Fold 3 Epoch  1 | Train Loss:0.8460 Acc:0.6890 | Val Loss:0.7219 Acc:0.6667 | Time:16s
Fold 3 Epoch  2 | Train Loss:0.3551 Acc:0.8898 | Val Loss:0.6571 Acc:0.7556 | Time:17s
Fold 3 Epoch  3 | Train Loss:0.1840 Acc:0.9459 | Val Loss:0.6459 Acc:0.7667 | Time:17s
Fold 3 Epoch  4 | Train Loss:0.1423 Acc:0.9567 | Val Loss:0.4046 Acc:0.9111 | Time:17s
Fold 3 Epoch  5 | Train Loss:0.1310 Acc:0.9577 | Val Loss:0.4154 Acc:0.8889 | Time:17s
Fold 3 Epoch  6 | Train Loss:0.0986 Acc:0.9764 | Val Loss:0.8287 Acc:0.7111 | Time:17s
Fold 3 Epoch  7 | Train Loss:0.0593 Acc:0.9892 | Val Loss:0.7870 Acc:0.8556 | Time:17s
Fold 3 Epoch  8 | Train Loss:0.0486 Acc:0.9892 | Val Loss:0.8936 Acc:0.7556 | Time:16s
Fold 3 Epoch  9 | Train Loss:0.0373 Acc:0.9921 | Val Loss:1.0555 Acc:0.7111 | Time:17s
Fold 3 Epoch 10 | Train Loss:0.0373 Acc:0.9911 | Val Loss:0.7774 Acc:0.8111 | Time:17s
Fold 3 Epoch 11 | Train Loss:0.0196 Acc:0.9980 | Val Loss:0.8729 Acc:0.7000 | Time:17s
Fold 3 Epoch 12 | Train Loss:0.0137 Acc:0.9990 | Val Loss:1.0714 Acc:0.6778 | Time:16s
Fold 3 Epoch 13 | Train Loss:0.0158 Acc:0.9970 | Val Loss:0.9067 Acc:0.7222 | Time:17s
Fold 3 Epoch 14 | Train Loss:0.0118 Acc:0.9990 | Val Loss:1.0580 Acc:0.7111 | Time:17s
  ⏹ 早停于 Epoch 14（10 轮未提升）
  ✅ Fold3 Best Val Acc: 0.9111

============================================================
  Fold 4/12: 4
  验证受试者: 4 (60 张)
  验证表情分布: {2: 20, 3: 20, 4: 10, 5: 10}
  训练: 1046 张 | 验证: 60 张
============================================================
  🏗️  Backbone: resnet50 (imagenet)
       特征维度: 2048
       投影层: 2048 → 512 → 6
       Backbone 参数: 23.5M
Fold 4 Epoch  1 | Train Loss:0.8529 Acc:0.6816 | Val Loss:0.7802 Acc:0.7833 | Time:17s
Fold 4 Epoch  2 | Train Loss:0.3376 Acc:0.8910 | Val Loss:1.3634 Acc:0.5500 | Time:17s
Fold 4 Epoch  3 | Train Loss:0.2241 Acc:0.9254 | Val Loss:0.7660 Acc:0.6333 | Time:17s
Fold 4 Epoch  4 | Train Loss:0.1749 Acc:0.9503 | Val Loss:0.6200 Acc:0.8333 | Time:17s
Fold 4 Epoch  5 | Train Loss:0.1140 Acc:0.9646 | Val Loss:1.0246 Acc:0.7000 | Time:17s
Fold 4 Epoch  6 | Train Loss:0.0873 Acc:0.9732 | Val Loss:0.4676 Acc:0.8667 | Time:17s
Fold 4 Epoch  7 | Train Loss:0.0729 Acc:0.9790 | Val Loss:0.4217 Acc:0.9167 | Time:17s
Fold 4 Epoch  8 | Train Loss:0.0520 Acc:0.9847 | Val Loss:0.4253 Acc:0.8500 | Time:17s
Fold 4 Epoch  9 | Train Loss:0.0464 Acc:0.9885 | Val Loss:0.4953 Acc:0.8167 | Time:18s
Fold 4 Epoch 10 | Train Loss:0.0221 Acc:0.9971 | Val Loss:0.2924 Acc:0.9500 | Time:18s
Fold 4 Epoch 11 | Train Loss:0.0229 Acc:0.9943 | Val Loss:0.4138 Acc:0.8667 | Time:18s
Fold 4 Epoch 12 | Train Loss:0.0158 Acc:0.9981 | Val Loss:0.3397 Acc:0.8667 | Time:18s
Fold 4 Epoch 13 | Train Loss:0.0145 Acc:0.9971 | Val Loss:0.3782 Acc:0.8667 | Time:18s
Fold 4 Epoch 14 | Train Loss:0.0176 Acc:0.9971 | Val Loss:0.6285 Acc:0.8000 | Time:18s
Fold 4 Epoch 15 | Train Loss:0.0244 Acc:0.9943 | Val Loss:0.7794 Acc:0.8000 | Time:17s
Fold 4 Epoch 16 | Train Loss:0.0160 Acc:0.9971 | Val Loss:0.3050 Acc:0.9000 | Time:17s
Fold 4 Epoch 17 | Train Loss:0.0158 Acc:0.9981 | Val Loss:0.3964 Acc:0.8167 | Time:17s
Fold 4 Epoch 18 | Train Loss:0.0093 Acc:1.0000 | Val Loss:0.3417 Acc:0.8833 | Time:17s
Fold 4 Epoch 19 | Train Loss:0.0106 Acc:0.9990 | Val Loss:0.2803 Acc:0.9500 | Time:17s
Fold 4 Epoch 20 | Train Loss:0.0100 Acc:0.9990 | Val Loss:0.3806 Acc:0.8167 | Time:17s
  ⏹ 早停于 Epoch 20（10 轮未提升）
  ✅ Fold4 Best Val Acc: 0.9500

============================================================
  Fold 5/12: 5
  验证受试者: 5 (120 张)
  验证表情分布: {0: 20, 1: 20, 2: 20, 3: 20, 4: 20, 5: 20}
  训练: 986 张 | 验证: 120 张
============================================================
  🏗️  Backbone: resnet50 (imagenet)
       特征维度: 2048
       投影层: 2048 → 512 → 6
       Backbone 参数: 23.5M
Fold 5 Epoch  1 | Train Loss:0.8493 Acc:0.6856 | Val Loss:0.9250 Acc:0.5667 | Time:15s
Fold 5 Epoch  2 | Train Loss:0.3378 Acc:0.8854 | Val Loss:0.8801 Acc:0.6833 | Time:15s
Fold 5 Epoch  3 | Train Loss:0.1997 Acc:0.9462 | Val Loss:0.8070 Acc:0.6667 | Time:16s
Fold 5 Epoch  4 | Train Loss:0.1651 Acc:0.9544 | Val Loss:0.7287 Acc:0.8083 | Time:16s
Fold 5 Epoch  5 | Train Loss:0.1249 Acc:0.9635 | Val Loss:0.6686 Acc:0.7500 | Time:16s
Fold 5 Epoch  6 | Train Loss:0.0951 Acc:0.9767 | Val Loss:1.1277 Acc:0.7333 | Time:16s
Fold 5 Epoch  7 | Train Loss:0.0868 Acc:0.9716 | Val Loss:1.0133 Acc:0.7167 | Time:16s
Fold 5 Epoch  8 | Train Loss:0.0696 Acc:0.9777 | Val Loss:1.0704 Acc:0.6667 | Time:16s
Fold 5 Epoch  9 | Train Loss:0.0449 Acc:0.9868 | Val Loss:1.0055 Acc:0.7667 | Time:16s
Fold 5 Epoch 10 | Train Loss:0.0341 Acc:0.9919 | Val Loss:1.1297 Acc:0.6917 | Time:16s
Fold 5 Epoch 11 | Train Loss:0.0298 Acc:0.9939 | Val Loss:1.0476 Acc:0.6167 | Time:16s
Fold 5 Epoch 12 | Train Loss:0.0293 Acc:0.9959 | Val Loss:0.8723 Acc:0.7333 | Time:16s
Fold 5 Epoch 13 | Train Loss:0.0207 Acc:0.9980 | Val Loss:0.9482 Acc:0.7167 | Time:16s
Fold 5 Epoch 14 | Train Loss:0.0180 Acc:0.9970 | Val Loss:1.0330 Acc:0.7417 | Time:16s
  ⏹ 早停于 Epoch 14（10 轮未提升）
  ✅ Fold5 Best Val Acc: 0.8083

============================================================
  Fold 6/12: 6
  验证受试者: 6 (120 张)
  验证表情分布: {0: 20, 1: 20, 2: 20, 3: 20, 4: 20, 5: 20}
  训练: 986 张 | 验证: 120 张
============================================================
  🏗️  Backbone: resnet50 (imagenet)
       特征维度: 2048
       投影层: 2048 → 512 → 6
       Backbone 参数: 23.5M
Fold 6 Epoch  1 | Train Loss:0.8721 Acc:0.6815 | Val Loss:0.9560 Acc:0.5917 | Time:16s
Fold 6 Epoch  2 | Train Loss:0.3184 Acc:0.8905 | Val Loss:0.5959 Acc:0.7667 | Time:16s
Fold 6 Epoch  3 | Train Loss:0.2232 Acc:0.9341 | Val Loss:0.9851 Acc:0.6500 | Time:16s
Fold 6 Epoch  4 | Train Loss:0.1476 Acc:0.9544 | Val Loss:0.7130 Acc:0.7250 | Time:17s
Fold 6 Epoch  5 | Train Loss:0.1136 Acc:0.9655 | Val Loss:0.6857 Acc:0.7167 | Time:17s
Fold 6 Epoch  6 | Train Loss:0.0528 Acc:0.9899 | Val Loss:0.8569 Acc:0.6833 | Time:17s
Fold 6 Epoch  7 | Train Loss:0.0564 Acc:0.9858 | Val Loss:0.9419 Acc:0.6500 | Time:17s
Fold 6 Epoch  8 | Train Loss:0.0438 Acc:0.9899 | Val Loss:1.4279 Acc:0.5500 | Time:16s
Fold 6 Epoch  9 | Train Loss:0.0509 Acc:0.9848 | Val Loss:1.1814 Acc:0.6417 | Time:17s
Fold 6 Epoch 10 | Train Loss:0.0438 Acc:0.9919 | Val Loss:0.8858 Acc:0.7667 | Time:16s
Fold 6 Epoch 11 | Train Loss:0.0310 Acc:0.9899 | Val Loss:1.2090 Acc:0.6250 | Time:16s
Fold 6 Epoch 12 | Train Loss:0.0151 Acc:1.0000 | Val Loss:1.2735 Acc:0.6417 | Time:16s
  ⏹ 早停于 Epoch 12（10 轮未提升）
  ✅ Fold6 Best Val Acc: 0.7667

============================================================
  Fold 7/12: 7
  验证受试者: 7 (100 张)
  验证表情分布: {0: 20, 2: 20, 3: 20, 4: 20, 5: 20}
  训练: 1006 张 | 验证: 100 张
============================================================
  🏗️  Backbone: resnet50 (imagenet)
       特征维度: 2048
       投影层: 2048 → 512 → 6
       Backbone 参数: 23.5M
Fold 7 Epoch  1 | Train Loss:0.8274 Acc:0.6918 | Val Loss:1.1276 Acc:0.6700 | Time:16s
Fold 7 Epoch  2 | Train Loss:0.3216 Acc:0.8986 | Val Loss:1.4880 Acc:0.6000 | Time:16s
Fold 7 Epoch  3 | Train Loss:0.2088 Acc:0.9334 | Val Loss:1.0015 Acc:0.7300 | Time:17s
Fold 7 Epoch  4 | Train Loss:0.1164 Acc:0.9662 | Val Loss:1.2166 Acc:0.6500 | Time:17s
Fold 7 Epoch  5 | Train Loss:0.1218 Acc:0.9583 | Val Loss:1.3681 Acc:0.7700 | Time:16s
Fold 7 Epoch  6 | Train Loss:0.0968 Acc:0.9751 | Val Loss:1.1750 Acc:0.7200 | Time:17s
Fold 7 Epoch  7 | Train Loss:0.0724 Acc:0.9791 | Val Loss:1.6191 Acc:0.7400 | Time:16s
Fold 7 Epoch  8 | Train Loss:0.0432 Acc:0.9891 | Val Loss:0.9374 Acc:0.7600 | Time:17s
Fold 7 Epoch  9 | Train Loss:0.0289 Acc:0.9940 | Val Loss:1.0923 Acc:0.7400 | Time:16s
Fold 7 Epoch 10 | Train Loss:0.0667 Acc:0.9821 | Val Loss:1.5328 Acc:0.6700 | Time:17s
Fold 7 Epoch 11 | Train Loss:0.0473 Acc:0.9871 | Val Loss:1.1815 Acc:0.6200 | Time:17s
Fold 7 Epoch 12 | Train Loss:0.0282 Acc:0.9950 | Val Loss:0.8833 Acc:0.7300 | Time:17s
Fold 7 Epoch 13 | Train Loss:0.0235 Acc:0.9990 | Val Loss:1.1520 Acc:0.7400 | Time:17s
Fold 7 Epoch 14 | Train Loss:0.0114 Acc:1.0000 | Val Loss:1.0985 Acc:0.7500 | Time:17s
Fold 7 Epoch 15 | Train Loss:0.0095 Acc:0.9990 | Val Loss:1.0764 Acc:0.7500 | Time:17s
  ⏹ 早停于 Epoch 15（10 轮未提升）
  ✅ Fold7 Best Val Acc: 0.7700

============================================================
  Fold 8/12: 8
  验证受试者: 8 (110 张)
  验证表情分布: {0: 20, 1: 20, 2: 10, 3: 20, 4: 20, 5: 20}
  训练: 996 张 | 验证: 110 张
============================================================
  🏗️  Backbone: resnet50 (imagenet)
       特征维度: 2048
       投影层: 2048 → 512 → 6
       Backbone 参数: 23.5M
Fold 8 Epoch  1 | Train Loss:0.8621 Acc:0.6787 | Val Loss:0.6174 Acc:0.6727 | Time:16s
Fold 8 Epoch  2 | Train Loss:0.4112 Acc:0.8845 | Val Loss:1.1952 Acc:0.5545 | Time:16s
Fold 8 Epoch  3 | Train Loss:0.2337 Acc:0.9307 | Val Loss:1.2574 Acc:0.5727 | Time:16s
Fold 8 Epoch  4 | Train Loss:0.1741 Acc:0.9498 | Val Loss:1.2297 Acc:0.5545 | Time:17s
Fold 8 Epoch  5 | Train Loss:0.1591 Acc:0.9588 | Val Loss:0.9082 Acc:0.5727 | Time:17s
Fold 8 Epoch  6 | Train Loss:0.0828 Acc:0.9789 | Val Loss:0.8462 Acc:0.7091 | Time:16s
Fold 8 Epoch  7 | Train Loss:0.0939 Acc:0.9829 | Val Loss:1.3000 Acc:0.6091 | Time:17s
Fold 8 Epoch  8 | Train Loss:0.1484 Acc:0.9608 | Val Loss:0.6179 Acc:0.7636 | Time:17s
Fold 8 Epoch  9 | Train Loss:0.0681 Acc:0.9819 | Val Loss:0.7195 Acc:0.6909 | Time:16s
Fold 8 Epoch 10 | Train Loss:0.0858 Acc:0.9900 | Val Loss:0.9539 Acc:0.7091 | Time:16s
Fold 8 Epoch 11 | Train Loss:0.0898 Acc:0.9769 | Val Loss:1.0887 Acc:0.6455 | Time:17s
Fold 8 Epoch 12 | Train Loss:0.0371 Acc:0.9950 | Val Loss:1.2594 Acc:0.7000 | Time:16s
Fold 8 Epoch 13 | Train Loss:0.0360 Acc:0.9950 | Val Loss:1.2505 Acc:0.6818 | Time:16s
Fold 8 Epoch 14 | Train Loss:0.0414 Acc:0.9900 | Val Loss:1.3592 Acc:0.7182 | Time:17s
Fold 8 Epoch 15 | Train Loss:0.0710 Acc:0.9930 | Val Loss:1.4042 Acc:0.6909 | Time:17s
Fold 8 Epoch 16 | Train Loss:0.0512 Acc:0.9880 | Val Loss:1.2216 Acc:0.6909 | Time:17s
Fold 8 Epoch 17 | Train Loss:0.0395 Acc:0.9900 | Val Loss:1.3361 Acc:0.6909 | Time:16s
Fold 8 Epoch 18 | Train Loss:0.0349 Acc:0.9980 | Val Loss:1.5408 Acc:0.6909 | Time:17s
  ⏹ 早停于 Epoch 18（10 轮未提升）
  ✅ Fold8 Best Val Acc: 0.7636

============================================================
  Fold 9/12: 9
  验证受试者: 9 (70 张)
  验证表情分布: {0: 20, 2: 10, 3: 20, 4: 10, 5: 10}
  训练: 1036 张 | 验证: 70 张
============================================================
  🏗️  Backbone: resnet50 (imagenet)
       特征维度: 2048
       投影层: 2048 → 512 → 6
       Backbone 参数: 23.5M
Fold 9 Epoch  1 | Train Loss:0.8651 Acc:0.6824 | Val Loss:1.1083 Acc:0.6571 | Time:16s
Fold 9 Epoch  2 | Train Loss:0.3267 Acc:0.8900 | Val Loss:1.0121 Acc:0.5143 | Time:17s
Fold 9 Epoch  3 | Train Loss:0.2213 Acc:0.9295 | Val Loss:0.9762 Acc:0.6714 | Time:17s
Fold 9 Epoch  4 | Train Loss:0.1315 Acc:0.9585 | Val Loss:1.1559 Acc:0.6571 | Time:17s
Fold 9 Epoch  5 | Train Loss:0.1251 Acc:0.9672 | Val Loss:1.2713 Acc:0.7000 | Time:18s
Fold 9 Epoch  6 | Train Loss:0.1131 Acc:0.9643 | Val Loss:0.9614 Acc:0.7714 | Time:17s
Fold 9 Epoch  7 | Train Loss:0.0529 Acc:0.9865 | Val Loss:0.8265 Acc:0.7000 | Time:17s
Fold 9 Epoch  8 | Train Loss:0.0460 Acc:0.9884 | Val Loss:0.6583 Acc:0.8286 | Time:17s
Fold 9 Epoch  9 | Train Loss:0.0462 Acc:0.9855 | Val Loss:0.5395 Acc:0.8286 | Time:17s
Fold 9 Epoch 10 | Train Loss:0.0347 Acc:0.9923 | Val Loss:0.5155 Acc:0.8571 | Time:17s
Fold 9 Epoch 11 | Train Loss:0.0273 Acc:0.9952 | Val Loss:0.6568 Acc:0.8429 | Time:17s
Fold 9 Epoch 12 | Train Loss:0.0182 Acc:0.9971 | Val Loss:0.6031 Acc:0.8714 | Time:17s
Fold 9 Epoch 13 | Train Loss:0.0153 Acc:0.9990 | Val Loss:0.6318 Acc:0.9000 | Time:17s
Fold 9 Epoch 14 | Train Loss:0.0153 Acc:0.9981 | Val Loss:0.5842 Acc:0.8714 | Time:17s
Fold 9 Epoch 15 | Train Loss:0.0154 Acc:0.9971 | Val Loss:0.6310 Acc:0.8714 | Time:17s
Fold 9 Epoch 16 | Train Loss:0.0135 Acc:0.9981 | Val Loss:0.6839 Acc:0.8429 | Time:17s
Fold 9 Epoch 17 | Train Loss:0.0131 Acc:0.9981 | Val Loss:0.5182 Acc:0.9000 | Time:17s
Fold 9 Epoch 18 | Train Loss:0.0088 Acc:1.0000 | Val Loss:0.5417 Acc:0.8571 | Time:17s
Fold 9 Epoch 19 | Train Loss:0.0147 Acc:0.9981 | Val Loss:0.5346 Acc:0.9143 | Time:17s
Fold 9 Epoch 20 | Train Loss:0.0081 Acc:0.9990 | Val Loss:0.5588 Acc:0.9143 | Time:18s
Fold 9 Epoch 21 | Train Loss:0.0089 Acc:1.0000 | Val Loss:0.5431 Acc:0.9286 | Time:17s
Fold 9 Epoch 22 | Train Loss:0.0089 Acc:0.9990 | Val Loss:0.5911 Acc:0.8714 | Time:17s
Fold 9 Epoch 23 | Train Loss:0.0093 Acc:0.9990 | Val Loss:0.5923 Acc:0.8571 | Time:17s
Fold 9 Epoch 24 | Train Loss:0.0112 Acc:0.9990 | Val Loss:0.5775 Acc:0.8857 | Time:17s
Fold 9 Epoch 25 | Train Loss:0.0082 Acc:0.9990 | Val Loss:0.5279 Acc:0.9143 | Time:17s
Fold 9 Epoch 26 | Train Loss:0.0068 Acc:0.9990 | Val Loss:0.5309 Acc:0.9143 | Time:17s
Fold 9 Epoch 27 | Train Loss:0.0075 Acc:1.0000 | Val Loss:0.5653 Acc:0.9143 | Time:17s
Fold 9 Epoch 28 | Train Loss:0.0078 Acc:1.0000 | Val Loss:0.5839 Acc:0.8714 | Time:17s
Fold 9 Epoch 29 | Train Loss:0.0075 Acc:1.0000 | Val Loss:0.5606 Acc:0.8571 | Time:17s
Fold 9 Epoch 30 | Train Loss:0.0050 Acc:1.0000 | Val Loss:0.5654 Acc:0.8714 | Time:17s
Fold 9 Epoch 31 | Train Loss:0.0068 Acc:1.0000 | Val Loss:0.5704 Acc:0.8571 | Time:17s
  ⏹ 早停于 Epoch 31（10 轮未提升）
  ✅ Fold9 Best Val Acc: 0.9286

============================================================
  Fold 10/12: 10
  验证受试者: 10 (80 张)
  验证表情分布: {0: 10, 1: 10, 2: 20, 3: 20, 5: 20}
  训练: 1026 张 | 验证: 80 张
============================================================
  🏗️  Backbone: resnet50 (imagenet)
       特征维度: 2048
       投影层: 2048 → 512 → 6
       Backbone 参数: 23.5M
Fold10 Epoch  1 | Train Loss:0.8640 Acc:0.7173 | Val Loss:2.7003 Acc:0.4375 | Time:16s
Fold10 Epoch  2 | Train Loss:0.4242 Acc:0.8665 | Val Loss:3.0517 Acc:0.4875 | Time:16s
Fold10 Epoch  3 | Train Loss:0.3557 Acc:0.8801 | Val Loss:2.0264 Acc:0.5250 | Time:17s
Fold10 Epoch  4 | Train Loss:0.2643 Acc:0.9259 | Val Loss:1.2532 Acc:0.6000 | Time:17s
Fold10 Epoch  5 | Train Loss:0.1608 Acc:0.9532 | Val Loss:1.8715 Acc:0.5250 | Time:17s
Fold10 Epoch  6 | Train Loss:0.1212 Acc:0.9669 | Val Loss:1.8280 Acc:0.4625 | Time:17s
Fold10 Epoch  7 | Train Loss:0.1081 Acc:0.9825 | Val Loss:1.9636 Acc:0.4750 | Time:17s
Fold10 Epoch  8 | Train Loss:0.0848 Acc:0.9795 | Val Loss:2.1921 Acc:0.5000 | Time:17s
Fold10 Epoch  9 | Train Loss:0.0720 Acc:0.9864 | Val Loss:1.7967 Acc:0.4875 | Time:16s
Fold10 Epoch 10 | Train Loss:0.1001 Acc:0.9776 | Val Loss:2.6182 Acc:0.4375 | Time:17s
Fold10 Epoch 11 | Train Loss:0.1167 Acc:0.9698 | Val Loss:2.1350 Acc:0.4875 | Time:17s
Fold10 Epoch 12 | Train Loss:0.1707 Acc:0.9805 | Val Loss:1.9187 Acc:0.5000 | Time:17s
Fold10 Epoch 13 | Train Loss:0.0999 Acc:0.9737 | Val Loss:2.6302 Acc:0.4750 | Time:17s
Fold10 Epoch 14 | Train Loss:0.1078 Acc:0.9766 | Val Loss:2.3787 Acc:0.4375 | Time:17s
  ⏹ 早停于 Epoch 14（10 轮未提升）
  ✅ Fold10 Best Val Acc: 0.6000

============================================================
  Fold 11/12: 11
  验证受试者: 11 (100 张)
  验证表情分布: {0: 20, 1: 20, 2: 20, 4: 20, 5: 20}
  训练: 1006 张 | 验证: 100 张
============================================================
  🏗️  Backbone: resnet50 (imagenet)
       特征维度: 2048
       投影层: 2048 → 512 → 6
       Backbone 参数: 23.5M
Fold11 Epoch  1 | Train Loss:0.8271 Acc:0.6958 | Val Loss:2.4653 Acc:0.3200 | Time:16s
Fold11 Epoch  2 | Train Loss:0.3166 Acc:0.8986 | Val Loss:2.5241 Acc:0.3700 | Time:16s
Fold11 Epoch  3 | Train Loss:0.2190 Acc:0.9314 | Val Loss:2.0284 Acc:0.5800 | Time:18s
Fold11 Epoch  4 | Train Loss:0.1519 Acc:0.9543 | Val Loss:2.2867 Acc:0.4500 | Time:18s
Fold11 Epoch  5 | Train Loss:0.0993 Acc:0.9702 | Val Loss:2.0868 Acc:0.3700 | Time:17s
Fold11 Epoch  6 | Train Loss:0.0791 Acc:0.9791 | Val Loss:2.4931 Acc:0.4700 | Time:16s
Fold11 Epoch  7 | Train Loss:0.0559 Acc:0.9871 | Val Loss:3.5284 Acc:0.4500 | Time:17s
Fold11 Epoch  8 | Train Loss:0.0641 Acc:0.9801 | Val Loss:2.1730 Acc:0.4400 | Time:17s
Fold11 Epoch  9 | Train Loss:0.0493 Acc:0.9861 | Val Loss:2.7781 Acc:0.3600 | Time:16s
Fold11 Epoch 10 | Train Loss:0.0467 Acc:0.9891 | Val Loss:2.5439 Acc:0.3700 | Time:17s
Fold11 Epoch 11 | Train Loss:0.0334 Acc:0.9901 | Val Loss:3.1163 Acc:0.3200 | Time:17s
Fold11 Epoch 12 | Train Loss:0.0311 Acc:0.9950 | Val Loss:3.1591 Acc:0.3700 | Time:17s
Fold11 Epoch 13 | Train Loss:0.0226 Acc:0.9960 | Val Loss:3.1124 Acc:0.3600 | Time:17s
  ⏹ 早停于 Epoch 13（10 轮未提升）
  ✅ Fold11 Best Val Acc: 0.5800

============================================================
  Fold 12/12: 12
  验证受试者: 12 (70 张)
  验证表情分布: {0: 20, 1: 10, 3: 20, 4: 20}
  训练: 1036 张 | 验证: 70 张
============================================================
  🏗️  Backbone: resnet50 (imagenet)
       特征维度: 2048
       投影层: 2048 → 512 → 6
       Backbone 参数: 23.5M
Fold12 Epoch  1 | Train Loss:0.8622 Acc:0.6766 | Val Loss:1.5156 Acc:0.4429 | Time:16s
Fold12 Epoch  2 | Train Loss:0.2638 Acc:0.9122 | Val Loss:2.4083 Acc:0.3000 | Time:17s
Fold12 Epoch  3 | Train Loss:0.1990 Acc:0.9402 | Val Loss:2.0897 Acc:0.4571 | Time:17s
Fold12 Epoch  4 | Train Loss:0.1631 Acc:0.9517 | Val Loss:2.6940 Acc:0.3857 | Time:17s
Fold12 Epoch  5 | Train Loss:0.1177 Acc:0.9672 | Val Loss:3.5623 Acc:0.5000 | Time:17s
Fold12 Epoch  6 | Train Loss:0.1367 Acc:0.9662 | Val Loss:2.4643 Acc:0.5571 | Time:18s
Fold12 Epoch  7 | Train Loss:0.0971 Acc:0.9749 | Val Loss:1.6118 Acc:0.6000 | Time:17s
Fold12 Epoch  8 | Train Loss:0.0705 Acc:0.9865 | Val Loss:3.7603 Acc:0.4571 | Time:17s
Fold12 Epoch  9 | Train Loss:0.0406 Acc:0.9942 | Val Loss:2.5516 Acc:0.6143 | Time:17s
Fold12 Epoch 10 | Train Loss:0.0412 Acc:0.9932 | Val Loss:3.5760 Acc:0.5000 | Time:17s
Fold12 Epoch 11 | Train Loss:0.0373 Acc:0.9903 | Val Loss:2.6220 Acc:0.5571 | Time:18s
Fold12 Epoch 12 | Train Loss:0.0369 Acc:0.9913 | Val Loss:2.5031 Acc:0.5714 | Time:18s
Fold12 Epoch 13 | Train Loss:0.0277 Acc:0.9923 | Val Loss:2.8294 Acc:0.4857 | Time:17s
Fold12 Epoch 14 | Train Loss:0.0205 Acc:0.9952 | Val Loss:3.5749 Acc:0.5143 | Time:17s
Fold12 Epoch 15 | Train Loss:0.0225 Acc:0.9961 | Val Loss:3.0144 Acc:0.5143 | Time:17s
Fold12 Epoch 16 | Train Loss:0.0123 Acc:0.9981 | Val Loss:3.1178 Acc:0.5000 | Time:17s
Fold12 Epoch 17 | Train Loss:0.0131 Acc:0.9961 | Val Loss:3.1693 Acc:0.5143 | Time:17s
Fold12 Epoch 18 | Train Loss:0.0118 Acc:0.9981 | Val Loss:3.4049 Acc:0.5000 | Time:17s
Fold12 Epoch 19 | Train Loss:0.0116 Acc:0.9990 | Val Loss:3.2488 Acc:0.5143 | Time:17s
  ⏹ 早停于 Epoch 19（10 轮未提升）
  ✅ Fold12 Best Val Acc: 0.6143

============================================================
  交叉验证结果汇总
============================================================
  1: 0.7540
  2: 0.7833
  3: 0.9111
  4: 0.9500
  5: 0.8083
  6: 0.7667
  7: 0.7700
  8: 0.7636
  9: 0.9286
  10: 0.6000
  11: 0.5800
  12: 0.6143

  平均精度: 0.7692 +- 0.1186

  每位受试者准确率:
    subject_1: 0.7540 [######################--------]
    subject_2: 0.7833 [#######################-------]
    subject_3: 0.9111 [###########################---]
    subject_4: 0.9500 [############################--]
    subject_5: 0.8083 [########################------]
    subject_6: 0.7667 [#######################-------]
    subject_7: 0.7700 [#######################-------]
    subject_8: 0.7636 [######################--------]
    subject_9: 0.9286 [###########################---]
    subject_10: 0.6000 [##################------------]
    subject_11: 0.5800 [#################-------------]
    subject_12: 0.6143 [##################------------]
  最低: subject_11 = 0.5800
  最高: subject_4 = 0.9500

📝 训练指标已保存: ../../KMU-FED/output_exp2_a3\training_metrics.json

⏱️  总耗时: 72.1 分钟
