🖥️  设备: cuda:0
✅ CLIP 模型加载成功: D:\MM_Emotion\2_FER\CAFE\CAFE\clip\ViT-B-32.pt
🔧 配置: Backbone=resnet18 | 预训练=imagenet | CLIP=无 CLIP | Dropout=0.0
🔧 优化器: adam | 调度器: exponential | LR=1e-05 | WD=0.0001 | LabelSmooth=0.0
📈 TensorBoard 日志: ../../KMU-FED/output_exp2_b1\tensorboard\20260715_134734
训练增强: RandomHorizontalFlip + RandomErasing
人脸检测: YOLO 已加载 (../../yolov8n.pt)
人脸检测: Haar Cascade 已加载

============================================================
  数据集分析
============================================================
  数据集: D:\MM_Emotion\2_FER\CAFE\CAFE\..\..\KMU-FED\KMU-FED
  受试者总数: 12
  图片总数: 1106
  类别数: 6
         angry (id=0):  196 ###################
       disgust (id=1):  120 ############
          fear (id=2):  200 ####################
         happy (id=3):  210 #####################
           sad (id=4):  180 ##################
      surprise (id=5):  200 ####################

  每受试者图片数:
    受试者 1: 126 张  [A:26, D:20, F:20, H:20, S:20, S:20]
    受试者 2:  60 张  [A:10, F:20, H:10, S:20]
    受试者 3:  90 张  [A:10, F:20, H:20, S:20, S:20]
    受试者 4:  60 张  [F:20, H:20, S:10, S:10]
    受试者 5: 120 张  [A:20, D:20, F:20, H:20, S:20, S:20]
    受试者 6: 120 张  [A:20, D:20, F:20, H:20, S:20, S:20]
    受试者 7: 100 张  [A:20, F:20, H:20, S:20, S:20]
    受试者 8: 110 张  [A:20, D:20, F:10, H:20, S:20, S:20]
    受试者 9:  70 张  [A:20, F:10, H:20, S:10, S:10]
    受试者 10:  80 张  [A:10, D:10, F:20, H:20, S:20]
    受试者 11: 100 张  [A:20, D:20, F:20, S:20, S:20]
    受试者 12:  70 张  [A:20, D:10, H:20, S:20]
============================================================

评估方法: 10-Fold CV
总轮次: 10

============================================================
  Fold 1/10: fold_1
  训练: 926 张 | 验证: 180 张
============================================================
  🏗️  Backbone: resnet18 (imagenet)
       特征维度: 512
       Backbone 参数: 11.2M
Fold 1 Epoch  1 | Train Loss:1.7453 Acc:0.2495 | Val Loss:1.7875 Acc:0.2611 | Time:13s
Fold 1 Epoch  2 | Train Loss:1.4687 Acc:0.4266 | Val Loss:1.7547 Acc:0.2444 | Time:12s
Fold 1 Epoch  3 | Train Loss:1.2494 Acc:0.5940 | Val Loss:1.7199 Acc:0.2444 | Time:12s
Fold 1 Epoch  4 | Train Loss:1.1023 Acc:0.6879 | Val Loss:1.6797 Acc:0.3167 | Time:12s
Fold 1 Epoch  5 | Train Loss:0.9816 Acc:0.7354 | Val Loss:1.6487 Acc:0.3389 | Time:12s
Fold 1 Epoch  6 | Train Loss:0.8966 Acc:0.7711 | Val Loss:1.6067 Acc:0.3556 | Time:12s
Fold 1 Epoch  7 | Train Loss:0.7845 Acc:0.8369 | Val Loss:1.5884 Acc:0.3611 | Time:12s
Fold 1 Epoch  8 | Train Loss:0.7293 Acc:0.8445 | Val Loss:1.5687 Acc:0.3778 | Time:12s
Fold 1 Epoch  9 | Train Loss:0.7128 Acc:0.8445 | Val Loss:1.5474 Acc:0.3833 | Time:12s
Fold 1 Epoch 10 | Train Loss:0.6405 Acc:0.8715 | Val Loss:1.5406 Acc:0.3833 | Time:12s
Fold 1 Epoch 11 | Train Loss:0.6216 Acc:0.8801 | Val Loss:1.5267 Acc:0.4000 | Time:12s
Fold 1 Epoch 12 | Train Loss:0.5904 Acc:0.8844 | Val Loss:1.5082 Acc:0.4056 | Time:12s
Fold 1 Epoch 13 | Train Loss:0.5621 Acc:0.8952 | Val Loss:1.5265 Acc:0.4000 | Time:12s
Fold 1 Epoch 14 | Train Loss:0.5502 Acc:0.8996 | Val Loss:1.5150 Acc:0.3944 | Time:13s
Fold 1 Epoch 15 | Train Loss:0.5160 Acc:0.9050 | Val Loss:1.5058 Acc:0.4167 | Time:12s
Fold 1 Epoch 16 | Train Loss:0.5296 Acc:0.9071 | Val Loss:1.4993 Acc:0.4222 | Time:13s
Fold 1 Epoch 17 | Train Loss:0.4805 Acc:0.9125 | Val Loss:1.5033 Acc:0.4111 | Time:13s
Fold 1 Epoch 18 | Train Loss:0.4697 Acc:0.9244 | Val Loss:1.5063 Acc:0.4056 | Time:13s
Fold 1 Epoch 19 | Train Loss:0.4836 Acc:0.9114 | Val Loss:1.4984 Acc:0.4222 | Time:13s
Fold 1 Epoch 20 | Train Loss:0.4670 Acc:0.9222 | Val Loss:1.4953 Acc:0.4111 | Time:13s
Fold 1 Epoch 21 | Train Loss:0.4424 Acc:0.9244 | Val Loss:1.4862 Acc:0.4000 | Time:13s
Fold 1 Epoch 22 | Train Loss:0.4640 Acc:0.9168 | Val Loss:1.4886 Acc:0.3944 | Time:13s
Fold 1 Epoch 23 | Train Loss:0.4511 Acc:0.9168 | Val Loss:1.4911 Acc:0.3889 | Time:13s
Fold 1 Epoch 24 | Train Loss:0.4275 Acc:0.9309 | Val Loss:1.4757 Acc:0.4278 | Time:13s
Fold 1 Epoch 25 | Train Loss:0.4241 Acc:0.9309 | Val Loss:1.4955 Acc:0.4000 | Time:13s
Fold 1 Epoch 26 | Train Loss:0.4412 Acc:0.9255 | Val Loss:1.4934 Acc:0.4333 | Time:13s
Fold 1 Epoch 27 | Train Loss:0.4332 Acc:0.9222 | Val Loss:1.5011 Acc:0.4111 | Time:13s
Fold 1 Epoch 28 | Train Loss:0.4320 Acc:0.9222 | Val Loss:1.4855 Acc:0.4167 | Time:13s
Fold 1 Epoch 29 | Train Loss:0.4169 Acc:0.9276 | Val Loss:1.4977 Acc:0.3833 | Time:13s
Fold 1 Epoch 30 | Train Loss:0.4306 Acc:0.9298 | Val Loss:1.4786 Acc:0.4167 | Time:13s
Fold 1 Epoch 31 | Train Loss:0.4067 Acc:0.9363 | Val Loss:1.4844 Acc:0.4056 | Time:13s
Fold 1 Epoch 32 | Train Loss:0.4124 Acc:0.9320 | Val Loss:1.4815 Acc:0.4000 | Time:13s
Fold 1 Epoch 33 | Train Loss:0.4094 Acc:0.9309 | Val Loss:1.4903 Acc:0.4056 | Time:13s
Fold 1 Epoch 34 | Train Loss:0.4238 Acc:0.9255 | Val Loss:1.4770 Acc:0.4167 | Time:13s
Fold 1 Epoch 35 | Train Loss:0.4244 Acc:0.9276 | Val Loss:1.4940 Acc:0.4000 | Time:13s
Fold 1 Epoch 36 | Train Loss:0.3988 Acc:0.9341 | Val Loss:1.4786 Acc:0.3944 | Time:13s
  ⏹ 早停于 Epoch 36（10 轮未提升）
  ✅ Fold1 Best Val Acc: 0.4333

============================================================
  Fold 2/10: fold_2
  训练: 910 张 | 验证: 196 张
============================================================
  🏗️  Backbone: resnet18 (imagenet)
       特征维度: 512
       Backbone 参数: 11.2M
Fold 2 Epoch  1 | Train Loss:1.8053 Acc:0.2527 | Val Loss:1.7661 Acc:0.2143 | Time:12s
Fold 2 Epoch  2 | Train Loss:1.5142 Acc:0.4505 | Val Loss:1.5924 Acc:0.3776 | Time:12s
Fold 2 Epoch  3 | Train Loss:1.3102 Acc:0.6110 | Val Loss:1.4736 Acc:0.4592 | Time:12s
Fold 2 Epoch  4 | Train Loss:1.1529 Acc:0.6923 | Val Loss:1.3958 Acc:0.4796 | Time:12s
Fold 2 Epoch  5 | Train Loss:0.9854 Acc:0.7725 | Val Loss:1.3205 Acc:0.5153 | Time:12s
Fold 2 Epoch  6 | Train Loss:0.8977 Acc:0.8088 | Val Loss:1.2607 Acc:0.5357 | Time:12s
Fold 2 Epoch  7 | Train Loss:0.8405 Acc:0.8121 | Val Loss:1.2128 Acc:0.5510 | Time:12s
Fold 2 Epoch  8 | Train Loss:0.7639 Acc:0.8352 | Val Loss:1.1808 Acc:0.5714 | Time:12s
Fold 2 Epoch  9 | Train Loss:0.7147 Acc:0.8604 | Val Loss:1.1514 Acc:0.6071 | Time:13s
Fold 2 Epoch 10 | Train Loss:0.6661 Acc:0.8802 | Val Loss:1.1367 Acc:0.6327 | Time:13s
Fold 2 Epoch 11 | Train Loss:0.6508 Acc:0.8758 | Val Loss:1.1159 Acc:0.6122 | Time:12s
Fold 2 Epoch 12 | Train Loss:0.6203 Acc:0.8780 | Val Loss:1.0930 Acc:0.6378 | Time:12s
Fold 2 Epoch 13 | Train Loss:0.5834 Acc:0.8967 | Val Loss:1.0708 Acc:0.6888 | Time:12s
Fold 2 Epoch 14 | Train Loss:0.5583 Acc:0.9011 | Val Loss:1.0748 Acc:0.6786 | Time:12s
Fold 2 Epoch 15 | Train Loss:0.5537 Acc:0.8956 | Val Loss:1.0580 Acc:0.6888 | Time:12s
Fold 2 Epoch 16 | Train Loss:0.5134 Acc:0.9121 | Val Loss:1.0585 Acc:0.6888 | Time:12s
Fold 2 Epoch 17 | Train Loss:0.5293 Acc:0.9022 | Val Loss:1.0473 Acc:0.6888 | Time:12s
Fold 2 Epoch 18 | Train Loss:0.5268 Acc:0.9088 | Val Loss:1.0509 Acc:0.6837 | Time:12s
Fold 2 Epoch 19 | Train Loss:0.5139 Acc:0.9055 | Val Loss:1.0287 Acc:0.6888 | Time:12s
Fold 2 Epoch 20 | Train Loss:0.5126 Acc:0.8956 | Val Loss:1.0305 Acc:0.6888 | Time:12s
Fold 2 Epoch 21 | Train Loss:0.4797 Acc:0.9132 | Val Loss:1.0296 Acc:0.6837 | Time:12s
Fold 2 Epoch 22 | Train Loss:0.4786 Acc:0.9154 | Val Loss:1.0261 Acc:0.6786 | Time:12s
Fold 2 Epoch 23 | Train Loss:0.4729 Acc:0.9143 | Val Loss:1.0269 Acc:0.6735 | Time:13s
  ⏹ 早停于 Epoch 23（10 轮未提升）
  ✅ Fold2 Best Val Acc: 0.6888

============================================================
  Fold 3/10: fold_3
  训练: 986 张 | 验证: 120 张
============================================================
  🏗️  Backbone: resnet18 (imagenet)
       特征维度: 512
       Backbone 参数: 11.2M
Fold 3 Epoch  1 | Train Loss:1.8502 Acc:0.1998 | Val Loss:1.9040 Acc:0.1917 | Time:14s
Fold 3 Epoch  2 | Train Loss:1.5678 Acc:0.3590 | Val Loss:1.6801 Acc:0.4000 | Time:15s
Fold 3 Epoch  3 | Train Loss:1.3305 Acc:0.5365 | Val Loss:1.5450 Acc:0.4750 | Time:15s
Fold 3 Epoch  4 | Train Loss:1.1501 Acc:0.6714 | Val Loss:1.4230 Acc:0.5500 | Time:16s
Fold 3 Epoch  5 | Train Loss:1.0041 Acc:0.7434 | Val Loss:1.3345 Acc:0.6167 | Time:14s
Fold 3 Epoch  6 | Train Loss:0.9169 Acc:0.7890 | Val Loss:1.2609 Acc:0.6250 | Time:14s
Fold 3 Epoch  7 | Train Loss:0.8264 Acc:0.8256 | Val Loss:1.2240 Acc:0.5833 | Time:14s
Fold 3 Epoch  8 | Train Loss:0.7621 Acc:0.8408 | Val Loss:1.1757 Acc:0.6250 | Time:14s
Fold 3 Epoch  9 | Train Loss:0.7039 Acc:0.8661 | Val Loss:1.1354 Acc:0.6417 | Time:14s
Fold 3 Epoch 10 | Train Loss:0.6596 Acc:0.8763 | Val Loss:1.1127 Acc:0.6417 | Time:14s
Fold 3 Epoch 11 | Train Loss:0.6378 Acc:0.8793 | Val Loss:1.0743 Acc:0.6583 | Time:14s
Fold 3 Epoch 12 | Train Loss:0.5960 Acc:0.8824 | Val Loss:1.0785 Acc:0.6250 | Time:14s
Fold 3 Epoch 13 | Train Loss:0.5660 Acc:0.8955 | Val Loss:1.0664 Acc:0.6417 | Time:14s
Fold 3 Epoch 14 | Train Loss:0.5546 Acc:0.8884 | Val Loss:1.0423 Acc:0.6583 | Time:14s
Fold 3 Epoch 15 | Train Loss:0.5347 Acc:0.8955 | Val Loss:1.0368 Acc:0.6333 | Time:14s
Fold 3 Epoch 16 | Train Loss:0.5059 Acc:0.9077 | Val Loss:1.0452 Acc:0.6333 | Time:14s
Fold 3 Epoch 17 | Train Loss:0.5047 Acc:0.9067 | Val Loss:1.0233 Acc:0.6333 | Time:14s
Fold 3 Epoch 18 | Train Loss:0.4850 Acc:0.9087 | Val Loss:1.0285 Acc:0.6333 | Time:14s
Fold 3 Epoch 19 | Train Loss:0.4976 Acc:0.8935 | Val Loss:1.0099 Acc:0.6500 | Time:14s
Fold 3 Epoch 20 | Train Loss:0.4747 Acc:0.9168 | Val Loss:1.0017 Acc:0.6417 | Time:14s
Fold 3 Epoch 21 | Train Loss:0.4762 Acc:0.9097 | Val Loss:0.9913 Acc:0.6500 | Time:14s
  ⏹ 早停于 Epoch 21（10 轮未提升）
  ✅ Fold3 Best Val Acc: 0.6583

============================================================
  Fold 4/10: fold_4
  训练: 1016 张 | 验证: 90 张
============================================================
  🏗️  Backbone: resnet18 (imagenet)
       特征维度: 512
       Backbone 参数: 11.2M
Fold 4 Epoch  1 | Train Loss:1.7366 Acc:0.2539 | Val Loss:1.6244 Acc:0.4556 | Time:13s
Fold 4 Epoch  2 | Train Loss:1.4391 Acc:0.5236 | Val Loss:1.4019 Acc:0.5000 | Time:13s
Fold 4 Epoch  3 | Train Loss:1.2312 Acc:0.6565 | Val Loss:1.2814 Acc:0.5111 | Time:14s
Fold 4 Epoch  4 | Train Loss:1.0851 Acc:0.7362 | Val Loss:1.1910 Acc:0.4889 | Time:14s
Fold 4 Epoch  5 | Train Loss:0.9613 Acc:0.7943 | Val Loss:1.1036 Acc:0.5000 | Time:14s
Fold 4 Epoch  6 | Train Loss:0.8538 Acc:0.8445 | Val Loss:1.0523 Acc:0.5222 | Time:14s
Fold 4 Epoch  7 | Train Loss:0.7800 Acc:0.8415 | Val Loss:0.9910 Acc:0.5778 | Time:14s
Fold 4 Epoch  8 | Train Loss:0.7363 Acc:0.8622 | Val Loss:0.9445 Acc:0.6222 | Time:14s
Fold 4 Epoch  9 | Train Loss:0.6999 Acc:0.8740 | Val Loss:0.9216 Acc:0.6333 | Time:14s
Fold 4 Epoch 10 | Train Loss:0.6326 Acc:0.8829 | Val Loss:0.8926 Acc:0.6889 | Time:14s
Fold 4 Epoch 11 | Train Loss:0.6006 Acc:0.9045 | Val Loss:0.8931 Acc:0.6667 | Time:14s
Fold 4 Epoch 12 | Train Loss:0.5728 Acc:0.8907 | Val Loss:0.9001 Acc:0.6333 | Time:14s
Fold 4 Epoch 13 | Train Loss:0.5756 Acc:0.8799 | Val Loss:0.8466 Acc:0.7111 | Time:14s
Fold 4 Epoch 14 | Train Loss:0.5155 Acc:0.9232 | Val Loss:0.8435 Acc:0.6444 | Time:14s
Fold 4 Epoch 15 | Train Loss:0.5279 Acc:0.8957 | Val Loss:0.8494 Acc:0.7111 | Time:14s
Fold 4 Epoch 16 | Train Loss:0.5165 Acc:0.9114 | Val Loss:0.8345 Acc:0.6778 | Time:14s
Fold 4 Epoch 17 | Train Loss:0.4914 Acc:0.9124 | Val Loss:0.8303 Acc:0.6889 | Time:14s
Fold 4 Epoch 18 | Train Loss:0.4833 Acc:0.9134 | Val Loss:0.8459 Acc:0.7000 | Time:14s
Fold 4 Epoch 19 | Train Loss:0.4679 Acc:0.9124 | Val Loss:0.8399 Acc:0.6889 | Time:14s
Fold 4 Epoch 20 | Train Loss:0.4576 Acc:0.9281 | Val Loss:0.8041 Acc:0.7222 | Time:14s
Fold 4 Epoch 21 | Train Loss:0.4386 Acc:0.9232 | Val Loss:0.8088 Acc:0.7222 | Time:14s
Fold 4 Epoch 22 | Train Loss:0.4279 Acc:0.9242 | Val Loss:0.8024 Acc:0.7444 | Time:14s
Fold 4 Epoch 23 | Train Loss:0.4303 Acc:0.9311 | Val Loss:0.8264 Acc:0.7111 | Time:14s
Fold 4 Epoch 24 | Train Loss:0.4281 Acc:0.9301 | Val Loss:0.8230 Acc:0.7111 | Time:14s
Fold 4 Epoch 25 | Train Loss:0.4273 Acc:0.9272 | Val Loss:0.7886 Acc:0.7333 | Time:14s
Fold 4 Epoch 26 | Train Loss:0.4196 Acc:0.9291 | Val Loss:0.8150 Acc:0.7222 | Time:14s
Fold 4 Epoch 27 | Train Loss:0.4020 Acc:0.9390 | Val Loss:0.8076 Acc:0.7111 | Time:14s
Fold 4 Epoch 28 | Train Loss:0.4323 Acc:0.9213 | Val Loss:0.8182 Acc:0.7444 | Time:14s
Fold 4 Epoch 29 | Train Loss:0.4207 Acc:0.9262 | Val Loss:0.8047 Acc:0.7444 | Time:14s
Fold 4 Epoch 30 | Train Loss:0.4190 Acc:0.9203 | Val Loss:0.7873 Acc:0.7333 | Time:14s
Fold 4 Epoch 31 | Train Loss:0.3975 Acc:0.9380 | Val Loss:0.8001 Acc:0.7000 | Time:14s
Fold 4 Epoch 32 | Train Loss:0.4167 Acc:0.9252 | Val Loss:0.8100 Acc:0.7333 | Time:14s
  ⏹ 早停于 Epoch 32（10 轮未提升）
  ✅ Fold4 Best Val Acc: 0.7444

============================================================
  Fold 5/10: fold_5
  训练: 1046 张 | 验证: 60 张
============================================================
  🏗️  Backbone: resnet18 (imagenet)
       特征维度: 512
       Backbone 参数: 11.2M
Fold 5 Epoch  1 | Train Loss:1.7675 Acc:0.2715 | Val Loss:1.8516 Acc:0.2833 | Time:14s
Fold 5 Epoch  2 | Train Loss:1.4551 Acc:0.4751 | Val Loss:1.7029 Acc:0.3500 | Time:14s
Fold 5 Epoch  3 | Train Loss:1.2371 Acc:0.6252 | Val Loss:1.5442 Acc:0.4667 | Time:14s
Fold 5 Epoch  4 | Train Loss:1.0714 Acc:0.7008 | Val Loss:1.4499 Acc:0.5667 | Time:14s
Fold 5 Epoch  5 | Train Loss:0.9355 Acc:0.7878 | Val Loss:1.3523 Acc:0.6500 | Time:14s
Fold 5 Epoch  6 | Train Loss:0.8366 Acc:0.8270 | Val Loss:1.3113 Acc:0.6500 | Time:14s
Fold 5 Epoch  7 | Train Loss:0.7533 Acc:0.8556 | Val Loss:1.2412 Acc:0.6500 | Time:14s
Fold 5 Epoch  8 | Train Loss:0.7219 Acc:0.8470 | Val Loss:1.2279 Acc:0.6500 | Time:14s
Fold 5 Epoch  9 | Train Loss:0.6504 Acc:0.8948 | Val Loss:1.1960 Acc:0.6667 | Time:15s
Fold 5 Epoch 10 | Train Loss:0.6104 Acc:0.8843 | Val Loss:1.1987 Acc:0.6500 | Time:14s
Fold 5 Epoch 11 | Train Loss:0.5708 Acc:0.8910 | Val Loss:1.1682 Acc:0.6167 | Time:15s
Fold 5 Epoch 12 | Train Loss:0.5396 Acc:0.9063 | Val Loss:1.1614 Acc:0.6500 | Time:15s
Fold 5 Epoch 13 | Train Loss:0.5274 Acc:0.9073 | Val Loss:1.1796 Acc:0.6667 | Time:15s
Fold 5 Epoch 14 | Train Loss:0.5119 Acc:0.8996 | Val Loss:1.1427 Acc:0.6500 | Time:14s
Fold 5 Epoch 15 | Train Loss:0.4939 Acc:0.9187 | Val Loss:1.1492 Acc:0.6667 | Time:15s
Fold 5 Epoch 16 | Train Loss:0.4877 Acc:0.9054 | Val Loss:1.1530 Acc:0.6667 | Time:15s
Fold 5 Epoch 17 | Train Loss:0.4588 Acc:0.9245 | Val Loss:1.1226 Acc:0.6667 | Time:16s
Fold 5 Epoch 18 | Train Loss:0.4440 Acc:0.9264 | Val Loss:1.1300 Acc:0.6500 | Time:17s
Fold 5 Epoch 19 | Train Loss:0.4596 Acc:0.9283 | Val Loss:1.1484 Acc:0.6667 | Time:15s
  ⏹ 早停于 Epoch 19（10 轮未提升）
  ✅ Fold5 Best Val Acc: 0.6667

============================================================
  Fold 6/10: fold_6
  训练: 1036 张 | 验证: 70 张
============================================================
  🏗️  Backbone: resnet18 (imagenet)
       特征维度: 512
       Backbone 参数: 11.2M
Fold 6 Epoch  1 | Train Loss:1.8366 Acc:0.2066 | Val Loss:1.6987 Acc:0.1714 | Time:14s
Fold 6 Epoch  2 | Train Loss:1.5393 Acc:0.4334 | Val Loss:1.6629 Acc:0.1857 | Time:15s
Fold 6 Epoch  3 | Train Loss:1.3170 Acc:0.5888 | Val Loss:1.6445 Acc:0.1714 | Time:16s
Fold 6 Epoch  4 | Train Loss:1.1289 Acc:0.7317 | Val Loss:1.5626 Acc:0.3286 | Time:16s
Fold 6 Epoch  5 | Train Loss:1.0168 Acc:0.7876 | Val Loss:1.5543 Acc:0.3571 | Time:15s
Fold 6 Epoch  6 | Train Loss:0.8838 Acc:0.8340 | Val Loss:1.5426 Acc:0.3714 | Time:14s
Fold 6 Epoch  7 | Train Loss:0.8025 Acc:0.8446 | Val Loss:1.5746 Acc:0.4000 | Time:14s
Fold 6 Epoch  8 | Train Loss:0.7476 Acc:0.8629 | Val Loss:1.4903 Acc:0.4286 | Time:15s
Fold 6 Epoch  9 | Train Loss:0.6938 Acc:0.8629 | Val Loss:1.5440 Acc:0.4286 | Time:15s
Fold 6 Epoch 10 | Train Loss:0.6546 Acc:0.8813 | Val Loss:1.5008 Acc:0.4286 | Time:15s
Fold 6 Epoch 11 | Train Loss:0.6275 Acc:0.8803 | Val Loss:1.5062 Acc:0.4429 | Time:14s
Fold 6 Epoch 12 | Train Loss:0.5805 Acc:0.9025 | Val Loss:1.4947 Acc:0.4286 | Time:14s
Fold 6 Epoch 13 | Train Loss:0.5781 Acc:0.8938 | Val Loss:1.4724 Acc:0.4429 | Time:14s
Fold 6 Epoch 14 | Train Loss:0.5344 Acc:0.9035 | Val Loss:1.5005 Acc:0.4429 | Time:14s
Fold 6 Epoch 15 | Train Loss:0.5150 Acc:0.9035 | Val Loss:1.4860 Acc:0.4429 | Time:14s
Fold 6 Epoch 16 | Train Loss:0.4939 Acc:0.9208 | Val Loss:1.4793 Acc:0.4571 | Time:14s
Fold 6 Epoch 17 | Train Loss:0.4884 Acc:0.9151 | Val Loss:1.4873 Acc:0.4286 | Time:14s
Fold 6 Epoch 18 | Train Loss:0.4788 Acc:0.9180 | Val Loss:1.4932 Acc:0.4429 | Time:14s
Fold 6 Epoch 19 | Train Loss:0.4547 Acc:0.9160 | Val Loss:1.5075 Acc:0.4571 | Time:14s
Fold 6 Epoch 20 | Train Loss:0.4579 Acc:0.9064 | Val Loss:1.4938 Acc:0.4571 | Time:14s
Fold 6 Epoch 21 | Train Loss:0.4579 Acc:0.9112 | Val Loss:1.4984 Acc:0.4571 | Time:15s
Fold 6 Epoch 22 | Train Loss:0.4181 Acc:0.9228 | Val Loss:1.5076 Acc:0.4571 | Time:15s
Fold 6 Epoch 23 | Train Loss:0.4535 Acc:0.9180 | Val Loss:1.4962 Acc:0.4571 | Time:14s
Fold 6 Epoch 24 | Train Loss:0.4463 Acc:0.9151 | Val Loss:1.5138 Acc:0.4429 | Time:14s
Fold 6 Epoch 25 | Train Loss:0.4162 Acc:0.9228 | Val Loss:1.4997 Acc:0.4571 | Time:15s
Fold 6 Epoch 26 | Train Loss:0.4365 Acc:0.9218 | Val Loss:1.4953 Acc:0.4571 | Time:15s
  ⏹ 早停于 Epoch 26（10 轮未提升）
  ✅ Fold6 Best Val Acc: 0.4571

============================================================
  Fold 7/10: fold_7
  训练: 986 张 | 验证: 120 张
============================================================
  🏗️  Backbone: resnet18 (imagenet)
       特征维度: 512
       Backbone 参数: 11.2M
Fold 7 Epoch  1 | Train Loss:1.7832 Acc:0.2383 | Val Loss:1.9572 Acc:0.1833 | Time:14s
Fold 7 Epoch  2 | Train Loss:1.5023 Acc:0.4594 | Val Loss:1.7682 Acc:0.3333 | Time:14s
Fold 7 Epoch  3 | Train Loss:1.2741 Acc:0.6217 | Val Loss:1.6544 Acc:0.4417 | Time:14s
Fold 7 Epoch  4 | Train Loss:1.0957 Acc:0.7465 | Val Loss:1.5480 Acc:0.4667 | Time:14s
Fold 7 Epoch  5 | Train Loss:0.9869 Acc:0.7890 | Val Loss:1.4560 Acc:0.5917 | Time:13s
Fold 7 Epoch  6 | Train Loss:0.8919 Acc:0.8205 | Val Loss:1.4188 Acc:0.5750 | Time:13s
Fold 7 Epoch  7 | Train Loss:0.7961 Acc:0.8469 | Val Loss:1.3632 Acc:0.6500 | Time:13s
Fold 7 Epoch  8 | Train Loss:0.7405 Acc:0.8560 | Val Loss:1.3031 Acc:0.6417 | Time:13s
Fold 7 Epoch  9 | Train Loss:0.6795 Acc:0.8803 | Val Loss:1.2926 Acc:0.6333 | Time:13s
Fold 7 Epoch 10 | Train Loss:0.6723 Acc:0.8682 | Val Loss:1.2569 Acc:0.6333 | Time:13s
Fold 7 Epoch 11 | Train Loss:0.6230 Acc:0.8854 | Val Loss:1.2374 Acc:0.6667 | Time:13s
Fold 7 Epoch 12 | Train Loss:0.5979 Acc:0.8884 | Val Loss:1.2306 Acc:0.6833 | Time:13s
Fold 7 Epoch 13 | Train Loss:0.5644 Acc:0.8864 | Val Loss:1.1985 Acc:0.6667 | Time:13s
Fold 7 Epoch 14 | Train Loss:0.5320 Acc:0.9047 | Val Loss:1.2000 Acc:0.6667 | Time:13s
Fold 7 Epoch 15 | Train Loss:0.5404 Acc:0.8986 | Val Loss:1.2196 Acc:0.6500 | Time:13s
Fold 7 Epoch 16 | Train Loss:0.5008 Acc:0.9158 | Val Loss:1.1812 Acc:0.6667 | Time:13s
Fold 7 Epoch 17 | Train Loss:0.5065 Acc:0.9087 | Val Loss:1.1656 Acc:0.6667 | Time:13s
Fold 7 Epoch 18 | Train Loss:0.4816 Acc:0.9138 | Val Loss:1.1708 Acc:0.6667 | Time:13s
Fold 7 Epoch 19 | Train Loss:0.4851 Acc:0.9249 | Val Loss:1.1595 Acc:0.6583 | Time:13s
Fold 7 Epoch 20 | Train Loss:0.4568 Acc:0.9280 | Val Loss:1.1491 Acc:0.6667 | Time:13s
Fold 7 Epoch 21 | Train Loss:0.4447 Acc:0.9239 | Val Loss:1.1508 Acc:0.6583 | Time:13s
Fold 7 Epoch 22 | Train Loss:0.4327 Acc:0.9320 | Val Loss:1.1120 Acc:0.6667 | Time:13s
  ⏹ 早停于 Epoch 22（10 轮未提升）
  ✅ Fold7 Best Val Acc: 0.6833

============================================================
  Fold 8/10: fold_8
  训练: 996 张 | 验证: 110 张
============================================================
  🏗️  Backbone: resnet18 (imagenet)
       特征维度: 512
       Backbone 参数: 11.2M
Fold 8 Epoch  1 | Train Loss:1.8907 Acc:0.1777 | Val Loss:1.7756 Acc:0.1455 | Time:13s
Fold 8 Epoch  2 | Train Loss:1.5570 Acc:0.3986 | Val Loss:1.6300 Acc:0.2455 | Time:13s
Fold 8 Epoch  3 | Train Loss:1.3185 Acc:0.5863 | Val Loss:1.4690 Acc:0.3727 | Time:13s
Fold 8 Epoch  4 | Train Loss:1.1326 Acc:0.7470 | Val Loss:1.2996 Acc:0.5091 | Time:13s
Fold 8 Epoch  5 | Train Loss:1.0173 Acc:0.7882 | Val Loss:1.1936 Acc:0.5909 | Time:14s
Fold 8 Epoch  6 | Train Loss:0.8856 Acc:0.8554 | Val Loss:1.1414 Acc:0.6000 | Time:14s
Fold 8 Epoch  7 | Train Loss:0.8192 Acc:0.8614 | Val Loss:1.0279 Acc:0.6455 | Time:14s
Fold 8 Epoch  8 | Train Loss:0.7412 Acc:0.8765 | Val Loss:0.9970 Acc:0.6364 | Time:14s
Fold 8 Epoch  9 | Train Loss:0.7284 Acc:0.8795 | Val Loss:0.9667 Acc:0.6273 | Time:15s
Fold 8 Epoch 10 | Train Loss:0.6581 Acc:0.8855 | Val Loss:0.9024 Acc:0.6455 | Time:14s
Fold 8 Epoch 11 | Train Loss:0.6332 Acc:0.8946 | Val Loss:0.8806 Acc:0.6455 | Time:15s
Fold 8 Epoch 12 | Train Loss:0.6134 Acc:0.8956 | Val Loss:0.8623 Acc:0.6727 | Time:14s
Fold 8 Epoch 13 | Train Loss:0.5646 Acc:0.9086 | Val Loss:0.8469 Acc:0.6727 | Time:14s
Fold 8 Epoch 14 | Train Loss:0.5375 Acc:0.9137 | Val Loss:0.8387 Acc:0.6545 | Time:15s
Fold 8 Epoch 15 | Train Loss:0.5181 Acc:0.9157 | Val Loss:0.8410 Acc:0.6455 | Time:14s
Fold 8 Epoch 16 | Train Loss:0.5037 Acc:0.9157 | Val Loss:0.8504 Acc:0.6545 | Time:14s
Fold 8 Epoch 17 | Train Loss:0.5091 Acc:0.9036 | Val Loss:0.8305 Acc:0.6273 | Time:14s
Fold 8 Epoch 18 | Train Loss:0.4818 Acc:0.9277 | Val Loss:0.8184 Acc:0.6455 | Time:16s
Fold 8 Epoch 19 | Train Loss:0.4862 Acc:0.9287 | Val Loss:0.8069 Acc:0.6545 | Time:17s
Fold 8 Epoch 20 | Train Loss:0.4782 Acc:0.9127 | Val Loss:0.8079 Acc:0.6636 | Time:17s
Fold 8 Epoch 21 | Train Loss:0.4733 Acc:0.9197 | Val Loss:0.8070 Acc:0.6545 | Time:14s
Fold 8 Epoch 22 | Train Loss:0.4779 Acc:0.9257 | Val Loss:0.8224 Acc:0.6364 | Time:13s
  ⏹ 早停于 Epoch 22（10 轮未提升）
  ✅ Fold8 Best Val Acc: 0.6727

============================================================
  Fold 9/10: fold_9
  训练: 1046 张 | 验证: 60 张
============================================================
  🏗️  Backbone: resnet18 (imagenet)
       特征维度: 512
       Backbone 参数: 11.2M
Fold 9 Epoch  1 | Train Loss:1.7781 Acc:0.2323 | Val Loss:1.9589 Acc:0.0333 | Time:13s
Fold 9 Epoch  2 | Train Loss:1.4810 Acc:0.4656 | Val Loss:1.8170 Acc:0.1500 | Time:13s
Fold 9 Epoch  3 | Train Loss:1.2433 Acc:0.6482 | Val Loss:1.7135 Acc:0.2667 | Time:14s
Fold 9 Epoch  4 | Train Loss:1.0748 Acc:0.7629 | Val Loss:1.6171 Acc:0.4167 | Time:14s
Fold 9 Epoch  5 | Train Loss:0.9136 Acc:0.8241 | Val Loss:1.5897 Acc:0.4167 | Time:14s
Fold 9 Epoch  6 | Train Loss:0.8428 Acc:0.8317 | Val Loss:1.5543 Acc:0.4167 | Time:14s
Fold 9 Epoch  7 | Train Loss:0.7582 Acc:0.8566 | Val Loss:1.5285 Acc:0.4500 | Time:14s
Fold 9 Epoch  8 | Train Loss:0.6948 Acc:0.8671 | Val Loss:1.4911 Acc:0.4500 | Time:14s
Fold 9 Epoch  9 | Train Loss:0.6526 Acc:0.8748 | Val Loss:1.4824 Acc:0.4500 | Time:14s
Fold 9 Epoch 10 | Train Loss:0.6295 Acc:0.8795 | Val Loss:1.5035 Acc:0.4500 | Time:15s
Fold 9 Epoch 11 | Train Loss:0.5758 Acc:0.8824 | Val Loss:1.4789 Acc:0.4500 | Time:14s
Fold 9 Epoch 12 | Train Loss:0.5468 Acc:0.8967 | Val Loss:1.4593 Acc:0.4667 | Time:14s
Fold 9 Epoch 13 | Train Loss:0.5337 Acc:0.9025 | Val Loss:1.4781 Acc:0.4500 | Time:14s
Fold 9 Epoch 14 | Train Loss:0.5091 Acc:0.9054 | Val Loss:1.4312 Acc:0.4667 | Time:15s
Fold 9 Epoch 15 | Train Loss:0.4826 Acc:0.9168 | Val Loss:1.4451 Acc:0.4667 | Time:14s
Fold 9 Epoch 16 | Train Loss:0.4680 Acc:0.9293 | Val Loss:1.4149 Acc:0.4667 | Time:14s
Fold 9 Epoch 17 | Train Loss:0.4549 Acc:0.9254 | Val Loss:1.4428 Acc:0.4667 | Time:14s
Fold 9 Epoch 18 | Train Loss:0.4516 Acc:0.9187 | Val Loss:1.3621 Acc:0.4667 | Time:14s
Fold 9 Epoch 19 | Train Loss:0.4484 Acc:0.9178 | Val Loss:1.3924 Acc:0.4667 | Time:14s
Fold 9 Epoch 20 | Train Loss:0.4320 Acc:0.9149 | Val Loss:1.3495 Acc:0.5333 | Time:14s
Fold 9 Epoch 21 | Train Loss:0.4113 Acc:0.9111 | Val Loss:1.4029 Acc:0.4667 | Time:14s
Fold 9 Epoch 22 | Train Loss:0.4084 Acc:0.9168 | Val Loss:1.3977 Acc:0.4667 | Time:14s
Fold 9 Epoch 23 | Train Loss:0.4210 Acc:0.9207 | Val Loss:1.3816 Acc:0.4667 | Time:14s
Fold 9 Epoch 24 | Train Loss:0.4105 Acc:0.9168 | Val Loss:1.3759 Acc:0.4667 | Time:14s
Fold 9 Epoch 25 | Train Loss:0.4191 Acc:0.9082 | Val Loss:1.3763 Acc:0.4667 | Time:14s
Fold 9 Epoch 26 | Train Loss:0.4183 Acc:0.9101 | Val Loss:1.3829 Acc:0.4667 | Time:14s
Fold 9 Epoch 27 | Train Loss:0.3769 Acc:0.9350 | Val Loss:1.3877 Acc:0.4667 | Time:14s
Fold 9 Epoch 28 | Train Loss:0.3868 Acc:0.9302 | Val Loss:1.3627 Acc:0.5000 | Time:14s
Fold 9 Epoch 29 | Train Loss:0.3903 Acc:0.9254 | Val Loss:1.3699 Acc:0.5000 | Time:15s
Fold 9 Epoch 30 | Train Loss:0.3916 Acc:0.9369 | Val Loss:1.3545 Acc:0.5167 | Time:15s
  ⏹ 早停于 Epoch 30（10 轮未提升）
  ✅ Fold9 Best Val Acc: 0.5333

============================================================
  Fold 10/10: fold_10
  训练: 1006 张 | 验证: 100 张
============================================================
  🏗️  Backbone: resnet18 (imagenet)
       特征维度: 512
       Backbone 参数: 11.2M
Fold10 Epoch  1 | Train Loss:1.7712 Acc:0.2416 | Val Loss:1.7242 Acc:0.2100 | Time:13s
Fold10 Epoch  2 | Train Loss:1.4897 Acc:0.5159 | Val Loss:1.5668 Acc:0.2900 | Time:13s
Fold10 Epoch  3 | Train Loss:1.2773 Acc:0.6491 | Val Loss:1.4012 Acc:0.3800 | Time:14s
Fold10 Epoch  4 | Train Loss:1.1091 Acc:0.7475 | Val Loss:1.2792 Acc:0.5000 | Time:14s
Fold10 Epoch  5 | Train Loss:0.9777 Acc:0.7942 | Val Loss:1.1795 Acc:0.6400 | Time:14s
Fold10 Epoch  6 | Train Loss:0.8703 Acc:0.8250 | Val Loss:1.1267 Acc:0.6600 | Time:14s
Fold10 Epoch  7 | Train Loss:0.7993 Acc:0.8429 | Val Loss:1.0719 Acc:0.6700 | Time:14s
Fold10 Epoch  8 | Train Loss:0.7298 Acc:0.8608 | Val Loss:1.0395 Acc:0.7000 | Time:13s
Fold10 Epoch  9 | Train Loss:0.6679 Acc:0.8926 | Val Loss:1.0088 Acc:0.6700 | Time:14s
Fold10 Epoch 10 | Train Loss:0.6267 Acc:0.8877 | Val Loss:0.9924 Acc:0.7200 | Time:14s
Fold10 Epoch 11 | Train Loss:0.5783 Acc:0.9076 | Val Loss:0.9854 Acc:0.6700 | Time:14s
Fold10 Epoch 12 | Train Loss:0.5903 Acc:0.9066 | Val Loss:0.9538 Acc:0.6900 | Time:14s
Fold10 Epoch 13 | Train Loss:0.5674 Acc:0.8946 | Val Loss:0.9553 Acc:0.6800 | Time:14s
Fold10 Epoch 14 | Train Loss:0.5233 Acc:0.9185 | Val Loss:0.9666 Acc:0.6600 | Time:14s
Fold10 Epoch 15 | Train Loss:0.5201 Acc:0.9056 | Val Loss:0.9579 Acc:0.6700 | Time:14s
Fold10 Epoch 16 | Train Loss:0.5039 Acc:0.9185 | Val Loss:0.9392 Acc:0.6800 | Time:14s
Fold10 Epoch 17 | Train Loss:0.5135 Acc:0.9066 | Val Loss:0.9706 Acc:0.6400 | Time:15s
Fold10 Epoch 18 | Train Loss:0.4800 Acc:0.9165 | Val Loss:0.9192 Acc:0.7000 | Time:15s
Fold10 Epoch 19 | Train Loss:0.4671 Acc:0.9264 | Val Loss:0.9409 Acc:0.6600 | Time:14s
Fold10 Epoch 20 | Train Loss:0.4508 Acc:0.9274 | Val Loss:0.9370 Acc:0.6600 | Time:14s
  ⏹ 早停于 Epoch 20（10 轮未提升）
  ✅ Fold10 Best Val Acc: 0.7200

============================================================
  交叉验证结果汇总
============================================================
  fold_1: 0.4333
  fold_2: 0.6888
  fold_3: 0.6583
  fold_4: 0.7444
  fold_5: 0.6667
  fold_6: 0.4571
  fold_7: 0.6833
  fold_8: 0.6727
  fold_9: 0.5333
  fold_10: 0.7200

  平均精度: 0.6258 +- 0.1045

📝 训练指标已保存: ../../KMU-FED/output_exp2_b1\training_metrics.json

⏱️  总耗时: 73.0 分钟
