🖥️  设备: cuda:0
✅ CLIP 模型加载成功: D:\MM_Emotion\2_FER\CAFE\CAFE\clip\ViT-B-32.pt
🔧 配置: Backbone=resnet18 | 预训练=imagenet | CLIP=无 CLIP | Dropout=0.0
🔧 优化器: adam | 调度器: exponential | LR=0.0005 | WD=0.0001 | LabelSmooth=0.0
📈 TensorBoard 日志: ../../KMU-FED/output_exp2_b4\tensorboard\20260715_204229
训练增强: RandomHorizontalFlip + RandomErasing
人脸检测: YOLO 已加载 (../../yolov8n.pt)
人脸检测: Haar Cascade 已加载

============================================================
  数据集分析
============================================================
  数据集: D:\MM_Emotion\2_FER\CAFE\CAFE\..\..\KMU-FED\KMU-FED
  受试者总数: 12
  图片总数: 1106
  类别数: 6
         angry (id=0):  196 ###################
       disgust (id=1):  120 ############
          fear (id=2):  200 ####################
         happy (id=3):  210 #####################
           sad (id=4):  180 ##################
      surprise (id=5):  200 ####################

  每受试者图片数:
    受试者 1: 126 张  [A:26, D:20, F:20, H:20, S:20, S:20]
    受试者 2:  60 张  [A:10, F:20, H:10, S:20]
    受试者 3:  90 张  [A:10, F:20, H:20, S:20, S:20]
    受试者 4:  60 张  [F:20, H:20, S:10, S:10]
    受试者 5: 120 张  [A:20, D:20, F:20, H:20, S:20, S:20]
    受试者 6: 120 张  [A:20, D:20, F:20, H:20, S:20, S:20]
    受试者 7: 100 张  [A:20, F:20, H:20, S:20, S:20]
    受试者 8: 110 张  [A:20, D:20, F:10, H:20, S:20, S:20]
    受试者 9:  70 张  [A:20, F:10, H:20, S:10, S:10]
    受试者 10:  80 张  [A:10, D:10, F:20, H:20, S:20]
    受试者 11: 100 张  [A:20, D:20, F:20, S:20, S:20]
    受试者 12:  70 张  [A:20, D:10, H:20, S:20]
============================================================

评估方法: LOSO (12 folds)
总轮次: 12

============================================================
  Fold 1/12: 1
  验证受试者: 1 (126 张)
  验证表情分布: {0: 26, 1: 20, 2: 20, 3: 20, 4: 20, 5: 20}
  训练: 980 张 | 验证: 126 张
============================================================
  🏗️  Backbone: resnet18 (imagenet)
       特征维度: 512
       Backbone 参数: 11.2M
Fold 1 Epoch  1 | Train Loss:0.8346 Acc:0.6898 | Val Loss:1.4364 Acc:0.6111 | Time:15s
Fold 1 Epoch  2 | Train Loss:0.3549 Acc:0.8714 | Val Loss:1.0256 Acc:0.6270 | Time:14s
Fold 1 Epoch  3 | Train Loss:0.3080 Acc:0.8898 | Val Loss:1.2489 Acc:0.5873 | Time:13s
Fold 1 Epoch  4 | Train Loss:0.1866 Acc:0.9306 | Val Loss:1.5769 Acc:0.6587 | Time:14s
Fold 1 Epoch  5 | Train Loss:0.1599 Acc:0.9449 | Val Loss:1.2447 Acc:0.6508 | Time:14s
Fold 1 Epoch  6 | Train Loss:0.0859 Acc:0.9735 | Val Loss:2.2270 Acc:0.5794 | Time:13s
Fold 1 Epoch  7 | Train Loss:0.0992 Acc:0.9653 | Val Loss:1.8531 Acc:0.5952 | Time:13s
Fold 1 Epoch  8 | Train Loss:0.0477 Acc:0.9888 | Val Loss:2.0116 Acc:0.5873 | Time:13s
Fold 1 Epoch  9 | Train Loss:0.0572 Acc:0.9837 | Val Loss:1.7535 Acc:0.6508 | Time:13s
Fold 1 Epoch 10 | Train Loss:0.0488 Acc:0.9827 | Val Loss:1.7641 Acc:0.6429 | Time:14s
Fold 1 Epoch 11 | Train Loss:0.0317 Acc:0.9918 | Val Loss:2.0497 Acc:0.6508 | Time:13s
Fold 1 Epoch 12 | Train Loss:0.0258 Acc:0.9929 | Val Loss:1.9504 Acc:0.6429 | Time:14s
Fold 1 Epoch 13 | Train Loss:0.0146 Acc:0.9969 | Val Loss:1.8181 Acc:0.6587 | Time:14s
Fold 1 Epoch 14 | Train Loss:0.0201 Acc:0.9959 | Val Loss:1.8121 Acc:0.6190 | Time:14s
  ⏹ 早停于 Epoch 14（10 轮未提升）
  ✅ Fold1 Best Val Acc: 0.6587

============================================================
  Fold 2/12: 2
  验证受试者: 2 (60 张)
  验证表情分布: {0: 10, 2: 20, 3: 10, 5: 20}
  训练: 1046 张 | 验证: 60 张
============================================================
  🏗️  Backbone: resnet18 (imagenet)
       特征维度: 512
       Backbone 参数: 11.2M
Fold 2 Epoch  1 | Train Loss:0.8825 Acc:0.6721 | Val Loss:2.5942 Acc:0.4833 | Time:14s
Fold 2 Epoch  2 | Train Loss:0.3879 Acc:0.8614 | Val Loss:2.5786 Acc:0.3667 | Time:14s
Fold 2 Epoch  3 | Train Loss:0.2539 Acc:0.9120 | Val Loss:1.2121 Acc:0.5333 | Time:14s
Fold 2 Epoch  4 | Train Loss:0.1599 Acc:0.9541 | Val Loss:2.1273 Acc:0.5833 | Time:15s
Fold 2 Epoch  5 | Train Loss:0.1532 Acc:0.9417 | Val Loss:1.9458 Acc:0.5000 | Time:14s
Fold 2 Epoch  6 | Train Loss:0.1201 Acc:0.9570 | Val Loss:1.6628 Acc:0.5667 | Time:15s
Fold 2 Epoch  7 | Train Loss:0.0959 Acc:0.9704 | Val Loss:1.3147 Acc:0.6167 | Time:15s
Fold 2 Epoch  8 | Train Loss:0.0951 Acc:0.9665 | Val Loss:2.0860 Acc:0.5000 | Time:16s
Fold 2 Epoch  9 | Train Loss:0.0574 Acc:0.9885 | Val Loss:1.5679 Acc:0.6500 | Time:15s
Fold 2 Epoch 10 | Train Loss:0.0398 Acc:0.9885 | Val Loss:1.9834 Acc:0.5333 | Time:15s
Fold 2 Epoch 11 | Train Loss:0.0183 Acc:0.9962 | Val Loss:1.6954 Acc:0.6000 | Time:15s
Fold 2 Epoch 12 | Train Loss:0.0259 Acc:0.9914 | Val Loss:1.9387 Acc:0.6000 | Time:16s
Fold 2 Epoch 13 | Train Loss:0.0312 Acc:0.9904 | Val Loss:1.7327 Acc:0.6333 | Time:16s
Fold 2 Epoch 14 | Train Loss:0.0152 Acc:0.9952 | Val Loss:1.5592 Acc:0.7167 | Time:16s
Fold 2 Epoch 15 | Train Loss:0.0143 Acc:0.9971 | Val Loss:1.8276 Acc:0.5833 | Time:16s
Fold 2 Epoch 16 | Train Loss:0.0103 Acc:0.9981 | Val Loss:1.7821 Acc:0.6500 | Time:15s
Fold 2 Epoch 17 | Train Loss:0.0077 Acc:1.0000 | Val Loss:1.7057 Acc:0.6500 | Time:15s
Fold 2 Epoch 18 | Train Loss:0.0076 Acc:0.9990 | Val Loss:1.8834 Acc:0.6000 | Time:16s
Fold 2 Epoch 19 | Train Loss:0.0077 Acc:0.9990 | Val Loss:1.8377 Acc:0.6000 | Time:15s
Fold 2 Epoch 20 | Train Loss:0.0068 Acc:0.9990 | Val Loss:1.8895 Acc:0.6333 | Time:15s
Fold 2 Epoch 21 | Train Loss:0.0143 Acc:0.9952 | Val Loss:1.9805 Acc:0.6167 | Time:15s
Fold 2 Epoch 22 | Train Loss:0.0060 Acc:0.9981 | Val Loss:1.9499 Acc:0.6000 | Time:15s
Fold 2 Epoch 23 | Train Loss:0.0037 Acc:1.0000 | Val Loss:1.9318 Acc:0.5833 | Time:15s
Fold 2 Epoch 24 | Train Loss:0.0082 Acc:0.9981 | Val Loss:1.9431 Acc:0.6333 | Time:15s
  ⏹ 早停于 Epoch 24（10 轮未提升）
  ✅ Fold2 Best Val Acc: 0.7167

============================================================
  Fold 3/12: 3
  验证受试者: 3 (90 张)
  验证表情分布: {0: 10, 2: 20, 3: 20, 4: 20, 5: 20}
  训练: 1016 张 | 验证: 90 张
============================================================
  🏗️  Backbone: resnet18 (imagenet)
       特征维度: 512
       Backbone 参数: 11.2M
Fold 3 Epoch  1 | Train Loss:0.8479 Acc:0.6831 | Val Loss:1.2955 Acc:0.5889 | Time:13s
Fold 3 Epoch  2 | Train Loss:0.3409 Acc:0.8858 | Val Loss:0.9172 Acc:0.6667 | Time:15s
Fold 3 Epoch  3 | Train Loss:0.2481 Acc:0.9173 | Val Loss:1.0700 Acc:0.6222 | Time:15s
Fold 3 Epoch  4 | Train Loss:0.1716 Acc:0.9439 | Val Loss:1.7310 Acc:0.4778 | Time:14s
Fold 3 Epoch  5 | Train Loss:0.1385 Acc:0.9567 | Val Loss:0.6877 Acc:0.8333 | Time:14s
Fold 3 Epoch  6 | Train Loss:0.0629 Acc:0.9783 | Val Loss:1.0673 Acc:0.7778 | Time:14s
Fold 3 Epoch  7 | Train Loss:0.0800 Acc:0.9705 | Val Loss:1.4002 Acc:0.6778 | Time:14s
Fold 3 Epoch  8 | Train Loss:0.0697 Acc:0.9754 | Val Loss:1.0372 Acc:0.7556 | Time:14s
Fold 3 Epoch  9 | Train Loss:0.0420 Acc:0.9862 | Val Loss:1.2546 Acc:0.7000 | Time:14s
Fold 3 Epoch 10 | Train Loss:0.0361 Acc:0.9892 | Val Loss:1.2271 Acc:0.6667 | Time:14s
Fold 3 Epoch 11 | Train Loss:0.0260 Acc:0.9902 | Val Loss:1.3178 Acc:0.7000 | Time:14s
Fold 3 Epoch 12 | Train Loss:0.0233 Acc:0.9902 | Val Loss:1.3582 Acc:0.7222 | Time:14s
Fold 3 Epoch 13 | Train Loss:0.0145 Acc:0.9961 | Val Loss:1.4804 Acc:0.7111 | Time:14s
Fold 3 Epoch 14 | Train Loss:0.0177 Acc:0.9951 | Val Loss:1.3948 Acc:0.6889 | Time:14s
Fold 3 Epoch 15 | Train Loss:0.0142 Acc:0.9970 | Val Loss:1.2276 Acc:0.7333 | Time:14s
  ⏹ 早停于 Epoch 15（10 轮未提升）
  ✅ Fold3 Best Val Acc: 0.8333

============================================================
  Fold 4/12: 4
  验证受试者: 4 (60 张)
  验证表情分布: {2: 20, 3: 20, 4: 10, 5: 10}
  训练: 1046 张 | 验证: 60 张
============================================================
  🏗️  Backbone: resnet18 (imagenet)
       特征维度: 512
       Backbone 参数: 11.2M
Fold 4 Epoch  1 | Train Loss:0.8696 Acc:0.6692 | Val Loss:1.9231 Acc:0.2500 | Time:14s
Fold 4 Epoch  2 | Train Loss:0.4149 Acc:0.8547 | Val Loss:1.7119 Acc:0.5333 | Time:14s
Fold 4 Epoch  3 | Train Loss:0.3080 Acc:0.8948 | Val Loss:2.4925 Acc:0.4667 | Time:14s
Fold 4 Epoch  4 | Train Loss:0.2508 Acc:0.9101 | Val Loss:1.4971 Acc:0.5333 | Time:15s
Fold 4 Epoch  5 | Train Loss:0.1546 Acc:0.9532 | Val Loss:2.1361 Acc:0.5000 | Time:14s
Fold 4 Epoch  6 | Train Loss:0.1329 Acc:0.9503 | Val Loss:1.9424 Acc:0.4333 | Time:14s
Fold 4 Epoch  7 | Train Loss:0.1012 Acc:0.9627 | Val Loss:1.9888 Acc:0.6000 | Time:14s
Fold 4 Epoch  8 | Train Loss:0.0717 Acc:0.9828 | Val Loss:1.7021 Acc:0.5667 | Time:15s
Fold 4 Epoch  9 | Train Loss:0.0468 Acc:0.9809 | Val Loss:2.5953 Acc:0.6667 | Time:15s
Fold 4 Epoch 10 | Train Loss:0.0183 Acc:0.9952 | Val Loss:1.7872 Acc:0.6333 | Time:15s
Fold 4 Epoch 11 | Train Loss:0.0240 Acc:0.9943 | Val Loss:2.3302 Acc:0.5000 | Time:15s
Fold 4 Epoch 12 | Train Loss:0.0262 Acc:0.9914 | Val Loss:1.8009 Acc:0.6667 | Time:14s
Fold 4 Epoch 13 | Train Loss:0.0180 Acc:0.9962 | Val Loss:1.3617 Acc:0.6667 | Time:14s
Fold 4 Epoch 14 | Train Loss:0.0233 Acc:0.9924 | Val Loss:1.5643 Acc:0.6500 | Time:14s
Fold 4 Epoch 15 | Train Loss:0.0158 Acc:0.9952 | Val Loss:1.3203 Acc:0.7667 | Time:15s
Fold 4 Epoch 16 | Train Loss:0.0086 Acc:0.9981 | Val Loss:1.6498 Acc:0.6167 | Time:14s
Fold 4 Epoch 17 | Train Loss:0.0093 Acc:0.9981 | Val Loss:1.3583 Acc:0.7667 | Time:14s
Fold 4 Epoch 18 | Train Loss:0.0151 Acc:0.9971 | Val Loss:1.5730 Acc:0.7000 | Time:14s
Fold 4 Epoch 19 | Train Loss:0.0102 Acc:0.9990 | Val Loss:1.5668 Acc:0.6833 | Time:14s
Fold 4 Epoch 20 | Train Loss:0.0127 Acc:0.9971 | Val Loss:1.7333 Acc:0.7000 | Time:14s
Fold 4 Epoch 21 | Train Loss:0.0077 Acc:0.9990 | Val Loss:1.4117 Acc:0.7667 | Time:14s
Fold 4 Epoch 22 | Train Loss:0.0091 Acc:0.9971 | Val Loss:1.5279 Acc:0.7667 | Time:15s
Fold 4 Epoch 23 | Train Loss:0.0122 Acc:0.9971 | Val Loss:1.5022 Acc:0.8000 | Time:16s
Fold 4 Epoch 24 | Train Loss:0.0056 Acc:1.0000 | Val Loss:1.3884 Acc:0.8000 | Time:16s
Fold 4 Epoch 25 | Train Loss:0.0049 Acc:1.0000 | Val Loss:1.3130 Acc:0.8000 | Time:15s
Fold 4 Epoch 26 | Train Loss:0.0038 Acc:1.0000 | Val Loss:1.4978 Acc:0.8000 | Time:15s
Fold 4 Epoch 27 | Train Loss:0.0042 Acc:0.9990 | Val Loss:1.4371 Acc:0.8000 | Time:15s
Fold 4 Epoch 28 | Train Loss:0.0089 Acc:0.9962 | Val Loss:1.3649 Acc:0.8000 | Time:15s
Fold 4 Epoch 29 | Train Loss:0.0037 Acc:0.9990 | Val Loss:1.3962 Acc:0.8000 | Time:15s
Fold 4 Epoch 30 | Train Loss:0.0105 Acc:0.9981 | Val Loss:1.2936 Acc:0.8000 | Time:14s
Fold 4 Epoch 31 | Train Loss:0.0035 Acc:0.9990 | Val Loss:1.2984 Acc:0.8000 | Time:15s
Fold 4 Epoch 32 | Train Loss:0.0052 Acc:0.9981 | Val Loss:1.4505 Acc:0.8000 | Time:15s
Fold 4 Epoch 33 | Train Loss:0.0035 Acc:0.9990 | Val Loss:1.3364 Acc:0.8000 | Time:15s
  ⏹ 早停于 Epoch 33（10 轮未提升）
  ✅ Fold4 Best Val Acc: 0.8000

============================================================
  Fold 5/12: 5
  验证受试者: 5 (120 张)
  验证表情分布: {0: 20, 1: 20, 2: 20, 3: 20, 4: 20, 5: 20}
  训练: 986 张 | 验证: 120 张
============================================================
  🏗️  Backbone: resnet18 (imagenet)
       特征维度: 512
       Backbone 参数: 11.2M
Fold 5 Epoch  1 | Train Loss:0.8904 Acc:0.6673 | Val Loss:1.8428 Acc:0.5583 | Time:13s
Fold 5 Epoch  2 | Train Loss:0.4200 Acc:0.8560 | Val Loss:1.0977 Acc:0.7417 | Time:13s
Fold 5 Epoch  3 | Train Loss:0.3388 Acc:0.8783 | Val Loss:2.0928 Acc:0.5417 | Time:13s
Fold 5 Epoch  4 | Train Loss:0.2384 Acc:0.9138 | Val Loss:0.8072 Acc:0.7667 | Time:14s
Fold 5 Epoch  5 | Train Loss:0.1443 Acc:0.9523 | Val Loss:1.3177 Acc:0.6333 | Time:14s
Fold 5 Epoch  6 | Train Loss:0.1202 Acc:0.9604 | Val Loss:1.5935 Acc:0.5917 | Time:14s
Fold 5 Epoch  7 | Train Loss:0.0847 Acc:0.9726 | Val Loss:1.1594 Acc:0.6667 | Time:13s
Fold 5 Epoch  8 | Train Loss:0.0659 Acc:0.9797 | Val Loss:1.8423 Acc:0.5833 | Time:13s
Fold 5 Epoch  9 | Train Loss:0.0984 Acc:0.9726 | Val Loss:1.4660 Acc:0.6250 | Time:14s
Fold 5 Epoch 10 | Train Loss:0.0574 Acc:0.9848 | Val Loss:1.0766 Acc:0.6583 | Time:13s
Fold 5 Epoch 11 | Train Loss:0.0424 Acc:0.9858 | Val Loss:1.2646 Acc:0.6250 | Time:13s
Fold 5 Epoch 12 | Train Loss:0.0303 Acc:0.9909 | Val Loss:1.0181 Acc:0.7417 | Time:13s
Fold 5 Epoch 13 | Train Loss:0.0178 Acc:0.9949 | Val Loss:1.2496 Acc:0.6917 | Time:13s
Fold 5 Epoch 14 | Train Loss:0.0127 Acc:0.9959 | Val Loss:1.2337 Acc:0.6750 | Time:13s
  ⏹ 早停于 Epoch 14（10 轮未提升）
  ✅ Fold5 Best Val Acc: 0.7667

============================================================
  Fold 6/12: 6
  验证受试者: 6 (120 张)
  验证表情分布: {0: 20, 1: 20, 2: 20, 3: 20, 4: 20, 5: 20}
  训练: 986 张 | 验证: 120 张
============================================================
  🏗️  Backbone: resnet18 (imagenet)
       特征维度: 512
       Backbone 参数: 11.2M
Fold 6 Epoch  1 | Train Loss:0.9389 Acc:0.6673 | Val Loss:0.7263 Acc:0.6917 | Time:13s
Fold 6 Epoch  2 | Train Loss:0.3741 Acc:0.8651 | Val Loss:1.2064 Acc:0.5500 | Time:13s
Fold 6 Epoch  3 | Train Loss:0.2836 Acc:0.9087 | Val Loss:1.4081 Acc:0.5667 | Time:13s
Fold 6 Epoch  4 | Train Loss:0.1894 Acc:0.9381 | Val Loss:2.2698 Acc:0.4083 | Time:14s
Fold 6 Epoch  5 | Train Loss:0.1631 Acc:0.9473 | Val Loss:1.4228 Acc:0.7083 | Time:14s
Fold 6 Epoch  6 | Train Loss:0.1046 Acc:0.9696 | Val Loss:0.7184 Acc:0.6583 | Time:14s
Fold 6 Epoch  7 | Train Loss:0.0628 Acc:0.9848 | Val Loss:1.2352 Acc:0.5333 | Time:14s
Fold 6 Epoch  8 | Train Loss:0.0717 Acc:0.9817 | Val Loss:0.6099 Acc:0.7250 | Time:14s
Fold 6 Epoch  9 | Train Loss:0.0407 Acc:0.9888 | Val Loss:0.8627 Acc:0.7500 | Time:14s
Fold 6 Epoch 10 | Train Loss:0.0329 Acc:0.9949 | Val Loss:0.8620 Acc:0.7000 | Time:14s
Fold 6 Epoch 11 | Train Loss:0.0376 Acc:0.9888 | Val Loss:0.7235 Acc:0.7833 | Time:14s
Fold 6 Epoch 12 | Train Loss:0.0177 Acc:0.9949 | Val Loss:0.9750 Acc:0.6500 | Time:14s
Fold 6 Epoch 13 | Train Loss:0.0227 Acc:0.9929 | Val Loss:0.9312 Acc:0.6167 | Time:14s
Fold 6 Epoch 14 | Train Loss:0.0271 Acc:0.9919 | Val Loss:0.6183 Acc:0.7250 | Time:14s
Fold 6 Epoch 15 | Train Loss:0.0192 Acc:0.9959 | Val Loss:0.6572 Acc:0.7833 | Time:14s
Fold 6 Epoch 16 | Train Loss:0.0100 Acc:0.9980 | Val Loss:0.7379 Acc:0.7083 | Time:14s
Fold 6 Epoch 17 | Train Loss:0.0119 Acc:0.9980 | Val Loss:0.8483 Acc:0.7000 | Time:14s
Fold 6 Epoch 18 | Train Loss:0.0053 Acc:1.0000 | Val Loss:0.8551 Acc:0.7167 | Time:14s
Fold 6 Epoch 19 | Train Loss:0.0033 Acc:1.0000 | Val Loss:0.9235 Acc:0.6833 | Time:14s
Fold 6 Epoch 20 | Train Loss:0.0069 Acc:0.9990 | Val Loss:0.8435 Acc:0.7500 | Time:14s
Fold 6 Epoch 21 | Train Loss:0.0075 Acc:0.9980 | Val Loss:0.6704 Acc:0.7833 | Time:14s
  ⏹ 早停于 Epoch 21（10 轮未提升）
  ✅ Fold6 Best Val Acc: 0.7833

============================================================
  Fold 7/12: 7
  验证受试者: 7 (100 张)
  验证表情分布: {0: 20, 2: 20, 3: 20, 4: 20, 5: 20}
  训练: 1006 张 | 验证: 100 张
============================================================
  🏗️  Backbone: resnet18 (imagenet)
       特征维度: 512
       Backbone 参数: 11.2M
Fold 7 Epoch  1 | Train Loss:0.8889 Acc:0.6541 | Val Loss:1.0822 Acc:0.6600 | Time:13s
Fold 7 Epoch  2 | Train Loss:0.4181 Acc:0.8569 | Val Loss:1.0679 Acc:0.6600 | Time:13s
Fold 7 Epoch  3 | Train Loss:0.2812 Acc:0.8956 | Val Loss:1.0698 Acc:0.6700 | Time:14s
Fold 7 Epoch  4 | Train Loss:0.1991 Acc:0.9344 | Val Loss:1.3221 Acc:0.6300 | Time:14s
Fold 7 Epoch  5 | Train Loss:0.1506 Acc:0.9553 | Val Loss:1.4362 Acc:0.7000 | Time:15s
Fold 7 Epoch  6 | Train Loss:0.1360 Acc:0.9463 | Val Loss:1.2161 Acc:0.6400 | Time:14s
Fold 7 Epoch  7 | Train Loss:0.1100 Acc:0.9722 | Val Loss:0.6603 Acc:0.8600 | Time:14s
Fold 7 Epoch  8 | Train Loss:0.0770 Acc:0.9771 | Val Loss:1.5391 Acc:0.5500 | Time:14s
Fold 7 Epoch  9 | Train Loss:0.0755 Acc:0.9761 | Val Loss:1.9478 Acc:0.6500 | Time:14s
Fold 7 Epoch 10 | Train Loss:0.0331 Acc:0.9950 | Val Loss:0.7425 Acc:0.7700 | Time:14s
Fold 7 Epoch 11 | Train Loss:0.0389 Acc:0.9851 | Val Loss:1.4694 Acc:0.6000 | Time:14s
Fold 7 Epoch 12 | Train Loss:0.0409 Acc:0.9851 | Val Loss:1.2086 Acc:0.6200 | Time:14s
Fold 7 Epoch 13 | Train Loss:0.0217 Acc:0.9960 | Val Loss:1.3559 Acc:0.6400 | Time:14s
Fold 7 Epoch 14 | Train Loss:0.0207 Acc:0.9930 | Val Loss:1.5861 Acc:0.5300 | Time:14s
Fold 7 Epoch 15 | Train Loss:0.0130 Acc:0.9970 | Val Loss:1.6430 Acc:0.4900 | Time:14s
Fold 7 Epoch 16 | Train Loss:0.0086 Acc:1.0000 | Val Loss:1.4312 Acc:0.5700 | Time:14s
Fold 7 Epoch 17 | Train Loss:0.0066 Acc:0.9990 | Val Loss:1.1756 Acc:0.5500 | Time:14s
  ⏹ 早停于 Epoch 17（10 轮未提升）
  ✅ Fold7 Best Val Acc: 0.8600

============================================================
  Fold 8/12: 8
  验证受试者: 8 (110 张)
  验证表情分布: {0: 20, 1: 20, 2: 10, 3: 20, 4: 20, 5: 20}
  训练: 996 张 | 验证: 110 张
============================================================
  🏗️  Backbone: resnet18 (imagenet)
       特征维度: 512
       Backbone 参数: 11.2M
Fold 8 Epoch  1 | Train Loss:0.9634 Acc:0.6436 | Val Loss:1.2875 Acc:0.5091 | Time:13s
Fold 8 Epoch  2 | Train Loss:0.4206 Acc:0.8624 | Val Loss:0.5641 Acc:0.7909 | Time:13s
Fold 8 Epoch  3 | Train Loss:0.3535 Acc:0.8845 | Val Loss:0.5737 Acc:0.7364 | Time:14s
Fold 8 Epoch  4 | Train Loss:0.2661 Acc:0.9106 | Val Loss:0.6738 Acc:0.7273 | Time:14s
Fold 8 Epoch  5 | Train Loss:0.1798 Acc:0.9468 | Val Loss:0.4309 Acc:0.8727 | Time:14s
Fold 8 Epoch  6 | Train Loss:0.1653 Acc:0.9458 | Val Loss:0.4978 Acc:0.8091 | Time:14s
Fold 8 Epoch  7 | Train Loss:0.1011 Acc:0.9669 | Val Loss:0.8487 Acc:0.6182 | Time:14s
Fold 8 Epoch  8 | Train Loss:0.0730 Acc:0.9759 | Val Loss:0.6541 Acc:0.6636 | Time:14s
Fold 8 Epoch  9 | Train Loss:0.0505 Acc:0.9839 | Val Loss:0.5486 Acc:0.7273 | Time:14s
Fold 8 Epoch 10 | Train Loss:0.0411 Acc:0.9880 | Val Loss:0.6430 Acc:0.6636 | Time:14s
Fold 8 Epoch 11 | Train Loss:0.0234 Acc:0.9960 | Val Loss:0.6018 Acc:0.7727 | Time:14s
Fold 8 Epoch 12 | Train Loss:0.0259 Acc:0.9920 | Val Loss:0.9178 Acc:0.7182 | Time:14s
Fold 8 Epoch 13 | Train Loss:0.0224 Acc:0.9900 | Val Loss:0.7320 Acc:0.7182 | Time:14s
Fold 8 Epoch 14 | Train Loss:0.0205 Acc:0.9950 | Val Loss:0.6602 Acc:0.7000 | Time:14s
Fold 8 Epoch 15 | Train Loss:0.0293 Acc:0.9950 | Val Loss:0.8236 Acc:0.7273 | Time:14s
  ⏹ 早停于 Epoch 15（10 轮未提升）
  ✅ Fold8 Best Val Acc: 0.8727

============================================================
  Fold 9/12: 9
  验证受试者: 9 (70 张)
  验证表情分布: {0: 20, 2: 10, 3: 20, 4: 10, 5: 10}
  训练: 1036 张 | 验证: 70 张
============================================================
  🏗️  Backbone: resnet18 (imagenet)
       特征维度: 512
       Backbone 参数: 11.2M
Fold 9 Epoch  1 | Train Loss:0.9541 Acc:0.6342 | Val Loss:1.1472 Acc:0.5571 | Time:14s
Fold 9 Epoch  2 | Train Loss:0.4228 Acc:0.8571 | Val Loss:1.3636 Acc:0.6857 | Time:14s
Fold 9 Epoch  3 | Train Loss:0.2816 Acc:0.9025 | Val Loss:0.8007 Acc:0.7714 | Time:14s
Fold 9 Epoch  4 | Train Loss:0.1938 Acc:0.9469 | Val Loss:0.9824 Acc:0.6143 | Time:15s
Fold 9 Epoch  5 | Train Loss:0.1324 Acc:0.9604 | Val Loss:1.1814 Acc:0.6857 | Time:15s
Fold 9 Epoch  6 | Train Loss:0.1070 Acc:0.9691 | Val Loss:1.0330 Acc:0.7000 | Time:14s
Fold 9 Epoch  7 | Train Loss:0.0800 Acc:0.9739 | Val Loss:1.2086 Acc:0.6000 | Time:14s
Fold 9 Epoch  8 | Train Loss:0.0652 Acc:0.9807 | Val Loss:1.1990 Acc:0.6000 | Time:15s
Fold 9 Epoch  9 | Train Loss:0.0520 Acc:0.9836 | Val Loss:0.7255 Acc:0.8143 | Time:15s
Fold 9 Epoch 10 | Train Loss:0.0283 Acc:0.9932 | Val Loss:0.8328 Acc:0.7143 | Time:15s
Fold 9 Epoch 11 | Train Loss:0.0202 Acc:0.9932 | Val Loss:1.0913 Acc:0.5429 | Time:15s
Fold 9 Epoch 12 | Train Loss:0.0122 Acc:0.9971 | Val Loss:0.9835 Acc:0.5714 | Time:14s
Fold 9 Epoch 13 | Train Loss:0.0148 Acc:0.9981 | Val Loss:0.7457 Acc:0.7143 | Time:14s
Fold 9 Epoch 14 | Train Loss:0.0227 Acc:0.9952 | Val Loss:0.7600 Acc:0.7286 | Time:14s
Fold 9 Epoch 15 | Train Loss:0.0206 Acc:0.9952 | Val Loss:1.1878 Acc:0.5571 | Time:14s
Fold 9 Epoch 16 | Train Loss:0.0220 Acc:0.9942 | Val Loss:1.2235 Acc:0.5429 | Time:14s
Fold 9 Epoch 17 | Train Loss:0.0136 Acc:0.9961 | Val Loss:1.1975 Acc:0.5429 | Time:14s
Fold 9 Epoch 18 | Train Loss:0.0134 Acc:0.9971 | Val Loss:1.2299 Acc:0.5571 | Time:14s
Fold 9 Epoch 19 | Train Loss:0.0081 Acc:0.9981 | Val Loss:1.0303 Acc:0.5857 | Time:14s
  ⏹ 早停于 Epoch 19（10 轮未提升）
  ✅ Fold9 Best Val Acc: 0.8143

============================================================
  Fold 10/12: 10
  验证受试者: 10 (80 张)
  验证表情分布: {0: 10, 1: 10, 2: 20, 3: 20, 5: 20}
  训练: 1026 张 | 验证: 80 张
============================================================
  🏗️  Backbone: resnet18 (imagenet)
       特征维度: 512
       Backbone 参数: 11.2M
Fold10 Epoch  1 | Train Loss:0.9461 Acc:0.6520 | Val Loss:3.0057 Acc:0.5250 | Time:13s
Fold10 Epoch  2 | Train Loss:0.5235 Acc:0.8392 | Val Loss:2.4510 Acc:0.3000 | Time:13s
Fold10 Epoch  3 | Train Loss:0.3919 Acc:0.8752 | Val Loss:4.4133 Acc:0.3875 | Time:14s
Fold10 Epoch  4 | Train Loss:0.3324 Acc:0.8782 | Val Loss:2.3029 Acc:0.4250 | Time:14s
Fold10 Epoch  5 | Train Loss:0.2491 Acc:0.9318 | Val Loss:2.6216 Acc:0.2625 | Time:14s
Fold10 Epoch  6 | Train Loss:0.2784 Acc:0.9094 | Val Loss:2.4174 Acc:0.3500 | Time:14s
Fold10 Epoch  7 | Train Loss:0.2163 Acc:0.9405 | Val Loss:3.0572 Acc:0.4250 | Time:14s
Fold10 Epoch  8 | Train Loss:0.1735 Acc:0.9522 | Val Loss:1.8381 Acc:0.4625 | Time:14s
Fold10 Epoch  9 | Train Loss:0.1190 Acc:0.9620 | Val Loss:1.9172 Acc:0.4500 | Time:14s
Fold10 Epoch 10 | Train Loss:0.0637 Acc:0.9815 | Val Loss:1.9304 Acc:0.4250 | Time:14s
Fold10 Epoch 11 | Train Loss:0.0547 Acc:0.9854 | Val Loss:1.9643 Acc:0.3875 | Time:14s
  ⏹ 早停于 Epoch 11（10 轮未提升）
  ✅ Fold10 Best Val Acc: 0.5250

============================================================
  Fold 11/12: 11
  验证受试者: 11 (100 张)
  验证表情分布: {0: 20, 1: 20, 2: 20, 4: 20, 5: 20}
  训练: 1006 张 | 验证: 100 张
============================================================
  🏗️  Backbone: resnet18 (imagenet)
       特征维度: 512
       Backbone 参数: 11.2M
Fold11 Epoch  1 | Train Loss:0.9157 Acc:0.6451 | Val Loss:2.5991 Acc:0.2800 | Time:13s
Fold11 Epoch  2 | Train Loss:0.3790 Acc:0.8618 | Val Loss:1.7908 Acc:0.4800 | Time:13s
Fold11 Epoch  3 | Train Loss:0.2831 Acc:0.8966 | Val Loss:1.9320 Acc:0.5900 | Time:14s
Fold11 Epoch  4 | Train Loss:0.2448 Acc:0.9135 | Val Loss:1.7388 Acc:0.4700 | Time:14s
Fold11 Epoch  5 | Train Loss:0.1363 Acc:0.9612 | Val Loss:3.0466 Acc:0.4500 | Time:14s
Fold11 Epoch  6 | Train Loss:0.1358 Acc:0.9493 | Val Loss:2.1716 Acc:0.3400 | Time:14s
Fold11 Epoch  7 | Train Loss:0.0979 Acc:0.9662 | Val Loss:3.7127 Acc:0.2300 | Time:14s
Fold11 Epoch  8 | Train Loss:0.0710 Acc:0.9791 | Val Loss:3.1300 Acc:0.4300 | Time:14s
Fold11 Epoch  9 | Train Loss:0.0369 Acc:0.9901 | Val Loss:1.7625 Acc:0.4300 | Time:14s
Fold11 Epoch 10 | Train Loss:0.0421 Acc:0.9891 | Val Loss:3.2301 Acc:0.4200 | Time:14s
Fold11 Epoch 11 | Train Loss:0.0358 Acc:0.9911 | Val Loss:2.6609 Acc:0.4600 | Time:14s
Fold11 Epoch 12 | Train Loss:0.0283 Acc:0.9901 | Val Loss:4.5171 Acc:0.3300 | Time:14s
Fold11 Epoch 13 | Train Loss:0.0195 Acc:0.9930 | Val Loss:3.8714 Acc:0.3700 | Time:14s
  ⏹ 早停于 Epoch 13（10 轮未提升）
  ✅ Fold11 Best Val Acc: 0.5900

============================================================
  Fold 12/12: 12
  验证受试者: 12 (70 张)
  验证表情分布: {0: 20, 1: 10, 3: 20, 4: 20}
  训练: 1036 张 | 验证: 70 张
============================================================
  🏗️  Backbone: resnet18 (imagenet)
       特征维度: 512
       Backbone 参数: 11.2M
Fold12 Epoch  1 | Train Loss:0.9315 Acc:0.6486 | Val Loss:6.1692 Acc:0.1143 | Time:13s
Fold12 Epoch  2 | Train Loss:0.3253 Acc:0.8871 | Val Loss:4.5318 Acc:0.3857 | Time:13s
Fold12 Epoch  3 | Train Loss:0.3090 Acc:0.8929 | Val Loss:3.5798 Acc:0.2857 | Time:14s
Fold12 Epoch  4 | Train Loss:0.2594 Acc:0.9151 | Val Loss:2.3412 Acc:0.2714 | Time:14s
Fold12 Epoch  5 | Train Loss:0.1446 Acc:0.9508 | Val Loss:3.5017 Acc:0.5429 | Time:14s
Fold12 Epoch  6 | Train Loss:0.1297 Acc:0.9585 | Val Loss:2.8291 Acc:0.3714 | Time:14s
Fold12 Epoch  7 | Train Loss:0.0883 Acc:0.9730 | Val Loss:3.1948 Acc:0.3429 | Time:14s
Fold12 Epoch  8 | Train Loss:0.0621 Acc:0.9817 | Val Loss:4.2322 Acc:0.4286 | Time:14s
Fold12 Epoch  9 | Train Loss:0.0369 Acc:0.9884 | Val Loss:4.6135 Acc:0.2857 | Time:14s
Fold12 Epoch 10 | Train Loss:0.0336 Acc:0.9913 | Val Loss:4.0331 Acc:0.3143 | Time:14s
Fold12 Epoch 11 | Train Loss:0.0269 Acc:0.9932 | Val Loss:3.0578 Acc:0.5429 | Time:14s
Fold12 Epoch 12 | Train Loss:0.0203 Acc:0.9971 | Val Loss:3.1960 Acc:0.4857 | Time:14s
Fold12 Epoch 13 | Train Loss:0.0178 Acc:0.9932 | Val Loss:4.1607 Acc:0.3286 | Time:14s
Fold12 Epoch 14 | Train Loss:0.0315 Acc:0.9932 | Val Loss:3.2251 Acc:0.4714 | Time:14s
Fold12 Epoch 15 | Train Loss:0.0155 Acc:0.9952 | Val Loss:3.6546 Acc:0.4000 | Time:14s
  ⏹ 早停于 Epoch 15（10 轮未提升）
  ✅ Fold12 Best Val Acc: 0.5429

============================================================
  交叉验证结果汇总
============================================================
  1: 0.6587
  2: 0.7167
  3: 0.8333
  4: 0.8000
  5: 0.7667
  6: 0.7833
  7: 0.8600
  8: 0.8727
  9: 0.8143
  10: 0.5250
  11: 0.5900
  12: 0.5429

  平均精度: 0.7303 +- 0.1176

  每位受试者准确率:
    subject_1: 0.6587 [###################-----------]
    subject_2: 0.7167 [#####################---------]
    subject_3: 0.8333 [########################------]
    subject_4: 0.8000 [########################------]
    subject_5: 0.7667 [#######################-------]
    subject_6: 0.7833 [#######################-------]
    subject_7: 0.8600 [#########################-----]
    subject_8: 0.8727 [##########################----]
    subject_9: 0.8143 [########################------]
    subject_10: 0.5250 [###############---------------]
    subject_11: 0.5900 [#################-------------]
    subject_12: 0.5429 [################--------------]
  最低: subject_10 = 0.5250
  最高: subject_8 = 0.8727

📝 训练指标已保存: ../../KMU-FED/output_exp2_b4\training_metrics.json

⏱️  总耗时: 65.0 分钟
