🖥️  设备: cuda:0
✅ CLIP 模型加载成功: D:\MM_Emotion\2_FER\CAFE\CAFE\clip\ViT-B-32.pt
🔧 配置: Backbone=resnet50 | 预训练=imagenet | CLIP=无 CLIP | Dropout=0.0
🔧 优化器: adamw | 调度器: exponential | LR=0.0002 | WD=0.0001 | LabelSmooth=0.0
📈 TensorBoard 日志: ../../KMU-FED/output_exp2_c1\tensorboard\20260716_075232
训练增强: RandomHorizontalFlip + RandomErasing
人脸检测: YOLO 已加载 (../../yolov8n.pt)
人脸检测: Haar Cascade 已加载

============================================================
  数据集分析
============================================================
  数据集: D:\MM_Emotion\2_FER\CAFE\CAFE\..\..\KMU-FED\KMU-FED
  受试者总数: 12
  图片总数: 1106
  类别数: 6
         angry (id=0):  196 ###################
       disgust (id=1):  120 ############
          fear (id=2):  200 ####################
         happy (id=3):  210 #####################
           sad (id=4):  180 ##################
      surprise (id=5):  200 ####################

  每受试者图片数:
    受试者 1: 126 张  [A:26, D:20, F:20, H:20, S:20, S:20]
    受试者 2:  60 张  [A:10, F:20, H:10, S:20]
    受试者 3:  90 张  [A:10, F:20, H:20, S:20, S:20]
    受试者 4:  60 张  [F:20, H:20, S:10, S:10]
    受试者 5: 120 张  [A:20, D:20, F:20, H:20, S:20, S:20]
    受试者 6: 120 张  [A:20, D:20, F:20, H:20, S:20, S:20]
    受试者 7: 100 张  [A:20, F:20, H:20, S:20, S:20]
    受试者 8: 110 张  [A:20, D:20, F:10, H:20, S:20, S:20]
    受试者 9:  70 张  [A:20, F:10, H:20, S:10, S:10]
    受试者 10:  80 张  [A:10, D:10, F:20, H:20, S:20]
    受试者 11: 100 张  [A:20, D:20, F:20, S:20, S:20]
    受试者 12:  70 张  [A:20, D:10, H:20, S:20]
============================================================

评估方法: LOSO (12 folds)
总轮次: 12

============================================================
  Fold 1/12: 1
  验证受试者: 1 (126 张)
  验证表情分布: {0: 26, 1: 20, 2: 20, 3: 20, 4: 20, 5: 20}
  训练: 980 张 | 验证: 126 张
============================================================
  🏗️  Backbone: resnet50 (imagenet)
       特征维度: 2048
       投影层: 2048 → 512 → 6
       Backbone 参数: 23.5M
Fold 1 Epoch  1 | Train Loss:0.8452 Acc:0.7020 | Val Loss:1.0142 Acc:0.6984 | Time:16s
Fold 1 Epoch  2 | Train Loss:0.2966 Acc:0.9092 | Val Loss:1.3101 Acc:0.6270 | Time:15s
Fold 1 Epoch  3 | Train Loss:0.1893 Acc:0.9429 | Val Loss:1.5437 Acc:0.5556 | Time:16s
Fold 1 Epoch  4 | Train Loss:0.1497 Acc:0.9561 | Val Loss:1.4459 Acc:0.6349 | Time:16s
Fold 1 Epoch  5 | Train Loss:0.0963 Acc:0.9704 | Val Loss:1.2548 Acc:0.6429 | Time:16s
Fold 1 Epoch  6 | Train Loss:0.0664 Acc:0.9806 | Val Loss:1.4056 Acc:0.6270 | Time:16s
Fold 1 Epoch  7 | Train Loss:0.0417 Acc:0.9918 | Val Loss:1.6676 Acc:0.6349 | Time:16s
Fold 1 Epoch  8 | Train Loss:0.0506 Acc:0.9816 | Val Loss:1.6201 Acc:0.6190 | Time:16s
Fold 1 Epoch  9 | Train Loss:0.0544 Acc:0.9837 | Val Loss:1.4013 Acc:0.6825 | Time:16s
Fold 1 Epoch 10 | Train Loss:0.0412 Acc:0.9898 | Val Loss:1.2040 Acc:0.6587 | Time:15s
Fold 1 Epoch 11 | Train Loss:0.0235 Acc:0.9949 | Val Loss:1.0457 Acc:0.7143 | Time:16s
Fold 1 Epoch 12 | Train Loss:0.0210 Acc:0.9959 | Val Loss:1.2029 Acc:0.6587 | Time:16s
Fold 1 Epoch 13 | Train Loss:0.0136 Acc:0.9990 | Val Loss:1.2444 Acc:0.6825 | Time:16s
Fold 1 Epoch 14 | Train Loss:0.0201 Acc:0.9939 | Val Loss:1.1581 Acc:0.6905 | Time:16s
Fold 1 Epoch 15 | Train Loss:0.0130 Acc:0.9990 | Val Loss:1.1468 Acc:0.6667 | Time:16s
Fold 1 Epoch 16 | Train Loss:0.0206 Acc:0.9929 | Val Loss:1.0413 Acc:0.6746 | Time:16s
Fold 1 Epoch 17 | Train Loss:0.0105 Acc:0.9980 | Val Loss:1.1161 Acc:0.6667 | Time:16s
Fold 1 Epoch 18 | Train Loss:0.0102 Acc:0.9990 | Val Loss:1.1024 Acc:0.7222 | Time:16s
Fold 1 Epoch 19 | Train Loss:0.0107 Acc:0.9980 | Val Loss:1.1606 Acc:0.7143 | Time:15s
Fold 1 Epoch 20 | Train Loss:0.0079 Acc:0.9990 | Val Loss:1.1975 Acc:0.6825 | Time:16s
Fold 1 Epoch 21 | Train Loss:0.0076 Acc:1.0000 | Val Loss:1.2098 Acc:0.6667 | Time:16s
Fold 1 Epoch 22 | Train Loss:0.0065 Acc:0.9990 | Val Loss:1.2008 Acc:0.6746 | Time:17s
Fold 1 Epoch 23 | Train Loss:0.0070 Acc:1.0000 | Val Loss:1.0830 Acc:0.7143 | Time:16s
Fold 1 Epoch 24 | Train Loss:0.0106 Acc:0.9980 | Val Loss:1.0890 Acc:0.6984 | Time:16s
Fold 1 Epoch 25 | Train Loss:0.0056 Acc:1.0000 | Val Loss:1.0837 Acc:0.7063 | Time:17s
Fold 1 Epoch 26 | Train Loss:0.0055 Acc:1.0000 | Val Loss:1.1092 Acc:0.6746 | Time:16s
Fold 1 Epoch 27 | Train Loss:0.0078 Acc:0.9980 | Val Loss:1.1225 Acc:0.6905 | Time:16s
Fold 1 Epoch 28 | Train Loss:0.0092 Acc:0.9980 | Val Loss:1.2134 Acc:0.6667 | Time:16s
  ⏹ 早停于 Epoch 28（10 轮未提升）
  ✅ Fold1 Best Val Acc: 0.7222

============================================================
  Fold 2/12: 2
  验证受试者: 2 (60 张)
  验证表情分布: {0: 10, 2: 20, 3: 10, 5: 20}
  训练: 1046 张 | 验证: 60 张
============================================================
  🏗️  Backbone: resnet50 (imagenet)
       特征维度: 2048
       投影层: 2048 → 512 → 6
       Backbone 参数: 23.5M
Fold 2 Epoch  1 | Train Loss:0.8726 Acc:0.6759 | Val Loss:1.3290 Acc:0.4167 | Time:17s
Fold 2 Epoch  2 | Train Loss:0.3030 Acc:0.9092 | Val Loss:1.2810 Acc:0.6167 | Time:18s
Fold 2 Epoch  3 | Train Loss:0.2042 Acc:0.9388 | Val Loss:1.4899 Acc:0.5000 | Time:19s
Fold 2 Epoch  4 | Train Loss:0.1375 Acc:0.9608 | Val Loss:1.0181 Acc:0.6333 | Time:19s
Fold 2 Epoch  5 | Train Loss:0.0888 Acc:0.9780 | Val Loss:1.0396 Acc:0.6500 | Time:17s
Fold 2 Epoch  6 | Train Loss:0.0877 Acc:0.9771 | Val Loss:1.3390 Acc:0.5833 | Time:17s
Fold 2 Epoch  7 | Train Loss:0.0552 Acc:0.9876 | Val Loss:1.7293 Acc:0.6667 | Time:17s
Fold 2 Epoch  8 | Train Loss:0.0374 Acc:0.9904 | Val Loss:1.3117 Acc:0.6000 | Time:17s
Fold 2 Epoch  9 | Train Loss:0.0360 Acc:0.9943 | Val Loss:1.2856 Acc:0.6833 | Time:18s
Fold 2 Epoch 10 | Train Loss:0.0289 Acc:0.9924 | Val Loss:1.5462 Acc:0.6500 | Time:18s
Fold 2 Epoch 11 | Train Loss:0.0234 Acc:0.9952 | Val Loss:1.5900 Acc:0.6333 | Time:18s
Fold 2 Epoch 12 | Train Loss:0.0234 Acc:0.9952 | Val Loss:1.4399 Acc:0.6333 | Time:18s
Fold 2 Epoch 13 | Train Loss:0.0185 Acc:0.9981 | Val Loss:1.4158 Acc:0.6167 | Time:17s
Fold 2 Epoch 14 | Train Loss:0.0107 Acc:1.0000 | Val Loss:1.4361 Acc:0.6000 | Time:17s
Fold 2 Epoch 15 | Train Loss:0.0118 Acc:0.9981 | Val Loss:1.5142 Acc:0.5667 | Time:17s
Fold 2 Epoch 16 | Train Loss:0.0162 Acc:0.9971 | Val Loss:1.3494 Acc:0.6167 | Time:17s
Fold 2 Epoch 17 | Train Loss:0.0105 Acc:1.0000 | Val Loss:1.1450 Acc:0.6500 | Time:17s
Fold 2 Epoch 18 | Train Loss:0.0115 Acc:0.9990 | Val Loss:1.2639 Acc:0.5833 | Time:17s
Fold 2 Epoch 19 | Train Loss:0.0097 Acc:0.9990 | Val Loss:1.2154 Acc:0.6167 | Time:18s
  ⏹ 早停于 Epoch 19（10 轮未提升）
  ✅ Fold2 Best Val Acc: 0.6833

============================================================
  Fold 3/12: 3
  验证受试者: 3 (90 张)
  验证表情分布: {0: 10, 2: 20, 3: 20, 4: 20, 5: 20}
  训练: 1016 张 | 验证: 90 张
============================================================
  🏗️  Backbone: resnet50 (imagenet)
       特征维度: 2048
       投影层: 2048 → 512 → 6
       Backbone 参数: 23.5M
Fold 3 Epoch  1 | Train Loss:0.8678 Acc:0.6752 | Val Loss:0.4908 Acc:0.7333 | Time:16s
Fold 3 Epoch  2 | Train Loss:0.3020 Acc:0.9104 | Val Loss:0.7252 Acc:0.7667 | Time:16s
Fold 3 Epoch  3 | Train Loss:0.2014 Acc:0.9370 | Val Loss:1.0774 Acc:0.7222 | Time:17s
Fold 3 Epoch  4 | Train Loss:0.1294 Acc:0.9656 | Val Loss:0.4396 Acc:0.8111 | Time:17s
Fold 3 Epoch  5 | Train Loss:0.1004 Acc:0.9715 | Val Loss:0.9264 Acc:0.7222 | Time:17s
Fold 3 Epoch  6 | Train Loss:0.0839 Acc:0.9803 | Val Loss:0.8272 Acc:0.6556 | Time:17s
Fold 3 Epoch  7 | Train Loss:0.0549 Acc:0.9852 | Val Loss:0.6100 Acc:0.7667 | Time:17s
Fold 3 Epoch  8 | Train Loss:0.0374 Acc:0.9911 | Val Loss:0.6215 Acc:0.8000 | Time:16s
Fold 3 Epoch  9 | Train Loss:0.0511 Acc:0.9872 | Val Loss:0.8155 Acc:0.8333 | Time:17s
Fold 3 Epoch 10 | Train Loss:0.0369 Acc:0.9931 | Val Loss:0.5754 Acc:0.8000 | Time:17s
Fold 3 Epoch 11 | Train Loss:0.0341 Acc:0.9921 | Val Loss:0.6768 Acc:0.7222 | Time:17s
Fold 3 Epoch 12 | Train Loss:0.0197 Acc:0.9970 | Val Loss:0.6711 Acc:0.7889 | Time:16s
Fold 3 Epoch 13 | Train Loss:0.0179 Acc:0.9970 | Val Loss:0.7728 Acc:0.7556 | Time:16s
Fold 3 Epoch 14 | Train Loss:0.0161 Acc:0.9951 | Val Loss:0.6002 Acc:0.8333 | Time:17s
Fold 3 Epoch 15 | Train Loss:0.0149 Acc:0.9990 | Val Loss:0.5746 Acc:0.8556 | Time:17s
Fold 3 Epoch 16 | Train Loss:0.0128 Acc:0.9990 | Val Loss:0.6205 Acc:0.8556 | Time:18s
Fold 3 Epoch 17 | Train Loss:0.0085 Acc:0.9990 | Val Loss:0.6057 Acc:0.8444 | Time:17s
Fold 3 Epoch 18 | Train Loss:0.0120 Acc:0.9970 | Val Loss:0.5708 Acc:0.8556 | Time:16s
Fold 3 Epoch 19 | Train Loss:0.0094 Acc:0.9990 | Val Loss:0.5516 Acc:0.8556 | Time:17s
Fold 3 Epoch 20 | Train Loss:0.0157 Acc:0.9970 | Val Loss:0.5034 Acc:0.8444 | Time:18s
Fold 3 Epoch 21 | Train Loss:0.0082 Acc:1.0000 | Val Loss:0.5765 Acc:0.8444 | Time:18s
Fold 3 Epoch 22 | Train Loss:0.0069 Acc:0.9980 | Val Loss:0.5959 Acc:0.8333 | Time:17s
Fold 3 Epoch 23 | Train Loss:0.0087 Acc:0.9990 | Val Loss:0.5995 Acc:0.8444 | Time:17s
Fold 3 Epoch 24 | Train Loss:0.0077 Acc:0.9990 | Val Loss:0.6008 Acc:0.8333 | Time:17s
Fold 3 Epoch 25 | Train Loss:0.0056 Acc:1.0000 | Val Loss:0.5981 Acc:0.7889 | Time:17s
  ⏹ 早停于 Epoch 25（10 轮未提升）
  ✅ Fold3 Best Val Acc: 0.8556

============================================================
  Fold 4/12: 4
  验证受试者: 4 (60 张)
  验证表情分布: {2: 20, 3: 20, 4: 10, 5: 10}
  训练: 1046 张 | 验证: 60 张
============================================================
  🏗️  Backbone: resnet50 (imagenet)
       特征维度: 2048
       投影层: 2048 → 512 → 6
       Backbone 参数: 23.5M
Fold 4 Epoch  1 | Train Loss:0.8607 Acc:0.6759 | Val Loss:1.1580 Acc:0.5667 | Time:16s
Fold 4 Epoch  2 | Train Loss:0.3472 Acc:0.8853 | Val Loss:1.9460 Acc:0.4667 | Time:17s
Fold 4 Epoch  3 | Train Loss:0.2446 Acc:0.9197 | Val Loss:1.5737 Acc:0.5000 | Time:18s
Fold 4 Epoch  4 | Train Loss:0.1843 Acc:0.9455 | Val Loss:2.0034 Acc:0.4167 | Time:18s
Fold 4 Epoch  5 | Train Loss:0.0848 Acc:0.9751 | Val Loss:1.5407 Acc:0.4833 | Time:17s
Fold 4 Epoch  6 | Train Loss:0.0551 Acc:0.9885 | Val Loss:2.1486 Acc:0.4667 | Time:17s
Fold 4 Epoch  7 | Train Loss:0.0569 Acc:0.9885 | Val Loss:2.4869 Acc:0.2667 | Time:18s
Fold 4 Epoch  8 | Train Loss:0.0407 Acc:0.9933 | Val Loss:1.9748 Acc:0.5000 | Time:18s
Fold 4 Epoch  9 | Train Loss:0.0447 Acc:0.9914 | Val Loss:2.4532 Acc:0.3167 | Time:17s
Fold 4 Epoch 10 | Train Loss:0.0275 Acc:0.9943 | Val Loss:2.6688 Acc:0.3000 | Time:17s
Fold 4 Epoch 11 | Train Loss:0.0235 Acc:0.9952 | Val Loss:2.3534 Acc:0.3333 | Time:17s
  ⏹ 早停于 Epoch 11（10 轮未提升）
  ✅ Fold4 Best Val Acc: 0.5667

============================================================
  Fold 5/12: 5
  验证受试者: 5 (120 张)
  验证表情分布: {0: 20, 1: 20, 2: 20, 3: 20, 4: 20, 5: 20}
  训练: 986 张 | 验证: 120 张
============================================================
  🏗️  Backbone: resnet50 (imagenet)
       特征维度: 2048
       投影层: 2048 → 512 → 6
       Backbone 参数: 23.5M
Fold 5 Epoch  1 | Train Loss:0.8204 Acc:0.6876 | Val Loss:0.7952 Acc:0.7667 | Time:15s
Fold 5 Epoch  2 | Train Loss:0.3250 Acc:0.8925 | Val Loss:1.1423 Acc:0.6250 | Time:15s
Fold 5 Epoch  3 | Train Loss:0.1910 Acc:0.9462 | Val Loss:1.1552 Acc:0.6667 | Time:17s
Fold 5 Epoch  4 | Train Loss:0.1544 Acc:0.9564 | Val Loss:1.1996 Acc:0.7000 | Time:16s
Fold 5 Epoch  5 | Train Loss:0.1037 Acc:0.9696 | Val Loss:0.8919 Acc:0.7167 | Time:16s
Fold 5 Epoch  6 | Train Loss:0.0791 Acc:0.9797 | Val Loss:1.1139 Acc:0.6083 | Time:16s
Fold 5 Epoch  7 | Train Loss:0.0592 Acc:0.9868 | Val Loss:1.0178 Acc:0.6833 | Time:17s
Fold 5 Epoch  8 | Train Loss:0.0488 Acc:0.9868 | Val Loss:0.9608 Acc:0.7167 | Time:16s
Fold 5 Epoch  9 | Train Loss:0.0383 Acc:0.9929 | Val Loss:1.0736 Acc:0.5583 | Time:16s
Fold 5 Epoch 10 | Train Loss:0.0297 Acc:0.9949 | Val Loss:0.9808 Acc:0.7167 | Time:18s
Fold 5 Epoch 11 | Train Loss:0.0193 Acc:0.9959 | Val Loss:1.0200 Acc:0.6750 | Time:16s
  ⏹ 早停于 Epoch 11（10 轮未提升）
  ✅ Fold5 Best Val Acc: 0.7667

============================================================
  Fold 6/12: 6
  验证受试者: 6 (120 张)
  验证表情分布: {0: 20, 1: 20, 2: 20, 3: 20, 4: 20, 5: 20}
  训练: 986 张 | 验证: 120 张
============================================================
  🏗️  Backbone: resnet50 (imagenet)
       特征维度: 2048
       投影层: 2048 → 512 → 6
       Backbone 参数: 23.5M
Fold 6 Epoch  1 | Train Loss:0.8759 Acc:0.6704 | Val Loss:1.1585 Acc:0.7167 | Time:15s
Fold 6 Epoch  2 | Train Loss:0.3025 Acc:0.9006 | Val Loss:1.0100 Acc:0.6583 | Time:16s
Fold 6 Epoch  3 | Train Loss:0.2183 Acc:0.9320 | Val Loss:1.3046 Acc:0.5500 | Time:16s
Fold 6 Epoch  4 | Train Loss:0.1656 Acc:0.9483 | Val Loss:1.3161 Acc:0.6167 | Time:16s
Fold 6 Epoch  5 | Train Loss:0.0948 Acc:0.9787 | Val Loss:0.8580 Acc:0.6167 | Time:16s
Fold 6 Epoch  6 | Train Loss:0.0686 Acc:0.9848 | Val Loss:0.9008 Acc:0.5667 | Time:16s
Fold 6 Epoch  7 | Train Loss:0.0459 Acc:0.9858 | Val Loss:1.0365 Acc:0.5500 | Time:16s
Fold 6 Epoch  8 | Train Loss:0.0384 Acc:0.9919 | Val Loss:0.9100 Acc:0.6167 | Time:16s
Fold 6 Epoch  9 | Train Loss:0.0276 Acc:0.9949 | Val Loss:1.0097 Acc:0.5583 | Time:16s
Fold 6 Epoch 10 | Train Loss:0.0280 Acc:0.9929 | Val Loss:1.0062 Acc:0.5083 | Time:17s
Fold 6 Epoch 11 | Train Loss:0.0226 Acc:0.9949 | Val Loss:1.6494 Acc:0.5083 | Time:17s
  ⏹ 早停于 Epoch 11（10 轮未提升）
  ✅ Fold6 Best Val Acc: 0.7167

============================================================
  Fold 7/12: 7
  验证受试者: 7 (100 张)
  验证表情分布: {0: 20, 2: 20, 3: 20, 4: 20, 5: 20}
  训练: 1006 张 | 验证: 100 张
============================================================
  🏗️  Backbone: resnet50 (imagenet)
       特征维度: 2048
       投影层: 2048 → 512 → 6
       Backbone 参数: 23.5M
Fold 7 Epoch  1 | Train Loss:0.8564 Acc:0.6670 | Val Loss:0.8502 Acc:0.6700 | Time:16s
Fold 7 Epoch  2 | Train Loss:0.3198 Acc:0.8996 | Val Loss:1.6209 Acc:0.6200 | Time:16s
Fold 7 Epoch  3 | Train Loss:0.2348 Acc:0.9354 | Val Loss:1.0520 Acc:0.7100 | Time:17s
Fold 7 Epoch  4 | Train Loss:0.1657 Acc:0.9463 | Val Loss:1.4991 Acc:0.5200 | Time:16s
Fold 7 Epoch  5 | Train Loss:0.0961 Acc:0.9781 | Val Loss:1.4795 Acc:0.6400 | Time:17s
Fold 7 Epoch  6 | Train Loss:0.0759 Acc:0.9751 | Val Loss:1.0879 Acc:0.8700 | Time:17s
Fold 7 Epoch  7 | Train Loss:0.0546 Acc:0.9851 | Val Loss:1.2700 Acc:0.6200 | Time:16s
Fold 7 Epoch  8 | Train Loss:0.0507 Acc:0.9891 | Val Loss:1.1907 Acc:0.6400 | Time:18s
Fold 7 Epoch  9 | Train Loss:0.0389 Acc:0.9920 | Val Loss:1.5130 Acc:0.5900 | Time:19s
Fold 7 Epoch 10 | Train Loss:0.0336 Acc:0.9901 | Val Loss:1.6470 Acc:0.6300 | Time:16s
Fold 7 Epoch 11 | Train Loss:0.0280 Acc:0.9950 | Val Loss:0.9136 Acc:0.7800 | Time:16s
Fold 7 Epoch 12 | Train Loss:0.0289 Acc:0.9930 | Val Loss:1.1813 Acc:0.7200 | Time:17s
Fold 7 Epoch 13 | Train Loss:0.0177 Acc:0.9960 | Val Loss:1.5119 Acc:0.6400 | Time:17s
Fold 7 Epoch 14 | Train Loss:0.0205 Acc:0.9970 | Val Loss:1.0591 Acc:0.7000 | Time:17s
Fold 7 Epoch 15 | Train Loss:0.0117 Acc:0.9980 | Val Loss:1.0011 Acc:0.6900 | Time:17s
Fold 7 Epoch 16 | Train Loss:0.0146 Acc:0.9990 | Val Loss:1.1323 Acc:0.6700 | Time:17s
  ⏹ 早停于 Epoch 16（10 轮未提升）
  ✅ Fold7 Best Val Acc: 0.8700

============================================================
  Fold 8/12: 8
  验证受试者: 8 (110 张)
  验证表情分布: {0: 20, 1: 20, 2: 10, 3: 20, 4: 20, 5: 20}
  训练: 996 张 | 验证: 110 张
============================================================
  🏗️  Backbone: resnet50 (imagenet)
       特征维度: 2048
       投影层: 2048 → 512 → 6
       Backbone 参数: 23.5M
Fold 8 Epoch  1 | Train Loss:0.8480 Acc:0.6948 | Val Loss:0.7517 Acc:0.6364 | Time:16s
Fold 8 Epoch  2 | Train Loss:0.3104 Acc:0.9116 | Val Loss:0.9783 Acc:0.6000 | Time:16s
Fold 8 Epoch  3 | Train Loss:0.1634 Acc:0.9568 | Val Loss:0.8210 Acc:0.6909 | Time:17s
Fold 8 Epoch  4 | Train Loss:0.1476 Acc:0.9639 | Val Loss:0.8994 Acc:0.6818 | Time:17s
Fold 8 Epoch  5 | Train Loss:0.1345 Acc:0.9618 | Val Loss:0.7122 Acc:0.7455 | Time:16s
Fold 8 Epoch  6 | Train Loss:0.1170 Acc:0.9709 | Val Loss:1.1354 Acc:0.7000 | Time:16s
Fold 8 Epoch  7 | Train Loss:0.1134 Acc:0.9709 | Val Loss:0.9244 Acc:0.7000 | Time:17s
Fold 8 Epoch  8 | Train Loss:0.1357 Acc:0.9739 | Val Loss:1.0738 Acc:0.6364 | Time:18s
Fold 8 Epoch  9 | Train Loss:0.1700 Acc:0.9608 | Val Loss:0.9327 Acc:0.6909 | Time:17s
Fold 8 Epoch 10 | Train Loss:0.0807 Acc:0.9859 | Val Loss:1.3866 Acc:0.6727 | Time:17s
Fold 8 Epoch 11 | Train Loss:0.0507 Acc:0.9859 | Val Loss:1.3964 Acc:0.6818 | Time:17s
Fold 8 Epoch 12 | Train Loss:0.0467 Acc:0.9920 | Val Loss:1.1953 Acc:0.6909 | Time:17s
Fold 8 Epoch 13 | Train Loss:0.0577 Acc:0.9960 | Val Loss:0.9665 Acc:0.6909 | Time:17s
Fold 8 Epoch 14 | Train Loss:0.0490 Acc:0.9900 | Val Loss:1.1525 Acc:0.6727 | Time:16s
Fold 8 Epoch 15 | Train Loss:0.0351 Acc:0.9940 | Val Loss:1.0774 Acc:0.7091 | Time:16s
  ⏹ 早停于 Epoch 15（10 轮未提升）
  ✅ Fold8 Best Val Acc: 0.7455

============================================================
  Fold 9/12: 9
  验证受试者: 9 (70 张)
  验证表情分布: {0: 20, 2: 10, 3: 20, 4: 10, 5: 10}
  训练: 1036 张 | 验证: 70 张
============================================================
  🏗️  Backbone: resnet50 (imagenet)
       特征维度: 2048
       投影层: 2048 → 512 → 6
       Backbone 参数: 23.5M
Fold 9 Epoch  1 | Train Loss:0.8536 Acc:0.6815 | Val Loss:2.4527 Acc:0.2286 | Time:16s
Fold 9 Epoch  2 | Train Loss:0.3133 Acc:0.9073 | Val Loss:0.8348 Acc:0.5714 | Time:17s
Fold 9 Epoch  3 | Train Loss:0.2073 Acc:0.9402 | Val Loss:0.4165 Acc:0.8429 | Time:17s
Fold 9 Epoch  4 | Train Loss:0.1607 Acc:0.9517 | Val Loss:1.1873 Acc:0.6714 | Time:17s
Fold 9 Epoch  5 | Train Loss:0.1294 Acc:0.9643 | Val Loss:1.3320 Acc:0.6143 | Time:17s
Fold 9 Epoch  6 | Train Loss:0.0960 Acc:0.9739 | Val Loss:0.8799 Acc:0.7714 | Time:17s
Fold 9 Epoch  7 | Train Loss:0.0877 Acc:0.9778 | Val Loss:0.7811 Acc:0.8857 | Time:17s
Fold 9 Epoch  8 | Train Loss:0.0555 Acc:0.9846 | Val Loss:1.5418 Acc:0.6000 | Time:17s
Fold 9 Epoch  9 | Train Loss:0.0345 Acc:0.9942 | Val Loss:0.8768 Acc:0.8571 | Time:18s
Fold 9 Epoch 10 | Train Loss:0.0158 Acc:0.9990 | Val Loss:1.0675 Acc:0.7571 | Time:17s
Fold 9 Epoch 11 | Train Loss:0.0188 Acc:0.9961 | Val Loss:1.0142 Acc:0.8857 | Time:17s
Fold 9 Epoch 12 | Train Loss:0.0169 Acc:0.9990 | Val Loss:1.0898 Acc:0.6286 | Time:17s
Fold 9 Epoch 13 | Train Loss:0.0176 Acc:0.9981 | Val Loss:1.0502 Acc:0.6857 | Time:17s
Fold 9 Epoch 14 | Train Loss:0.0141 Acc:0.9981 | Val Loss:0.8240 Acc:0.8571 | Time:18s
Fold 9 Epoch 15 | Train Loss:0.0097 Acc:0.9990 | Val Loss:0.8293 Acc:0.8714 | Time:18s
Fold 9 Epoch 16 | Train Loss:0.0174 Acc:0.9990 | Val Loss:0.8614 Acc:0.7000 | Time:18s
Fold 9 Epoch 17 | Train Loss:0.0090 Acc:0.9990 | Val Loss:0.8934 Acc:0.8429 | Time:17s
  ⏹ 早停于 Epoch 17（10 轮未提升）
  ✅ Fold9 Best Val Acc: 0.8857

============================================================
  Fold 10/12: 10
  验证受试者: 10 (80 张)
  验证表情分布: {0: 10, 1: 10, 2: 20, 3: 20, 5: 20}
  训练: 1026 张 | 验证: 80 张
============================================================
  🏗️  Backbone: resnet50 (imagenet)
       特征维度: 2048
       投影层: 2048 → 512 → 6
       Backbone 参数: 23.5M
Fold10 Epoch  1 | Train Loss:0.8201 Acc:0.6871 | Val Loss:1.8882 Acc:0.4375 | Time:16s
Fold10 Epoch  2 | Train Loss:0.4207 Acc:0.8684 | Val Loss:1.9361 Acc:0.4000 | Time:17s
Fold10 Epoch  3 | Train Loss:0.2353 Acc:0.9250 | Val Loss:1.7461 Acc:0.3625 | Time:17s
Fold10 Epoch  4 | Train Loss:0.2397 Acc:0.9532 | Val Loss:1.3597 Acc:0.6375 | Time:17s
Fold10 Epoch  5 | Train Loss:0.1670 Acc:0.9571 | Val Loss:1.7773 Acc:0.4500 | Time:17s
Fold10 Epoch  6 | Train Loss:0.1327 Acc:0.9571 | Val Loss:2.0258 Acc:0.3625 | Time:18s
Fold10 Epoch  7 | Train Loss:0.0686 Acc:0.9854 | Val Loss:1.8661 Acc:0.4250 | Time:17s
Fold10 Epoch  8 | Train Loss:0.0873 Acc:0.9766 | Val Loss:2.1170 Acc:0.3000 | Time:17s
Fold10 Epoch  9 | Train Loss:0.0950 Acc:0.9795 | Val Loss:2.1988 Acc:0.4375 | Time:17s
Fold10 Epoch 10 | Train Loss:0.1690 Acc:0.9717 | Val Loss:2.4847 Acc:0.3625 | Time:17s
Fold10 Epoch 11 | Train Loss:0.0994 Acc:0.9756 | Val Loss:1.7494 Acc:0.3750 | Time:18s
Fold10 Epoch 12 | Train Loss:0.1608 Acc:0.9805 | Val Loss:1.8435 Acc:0.4375 | Time:17s
Fold10 Epoch 13 | Train Loss:0.0759 Acc:0.9864 | Val Loss:1.7826 Acc:0.3875 | Time:17s
Fold10 Epoch 14 | Train Loss:0.0509 Acc:0.9932 | Val Loss:1.7379 Acc:0.3750 | Time:17s
  ⏹ 早停于 Epoch 14（10 轮未提升）
  ✅ Fold10 Best Val Acc: 0.6375

============================================================
  Fold 11/12: 11
  验证受试者: 11 (100 张)
  验证表情分布: {0: 20, 1: 20, 2: 20, 4: 20, 5: 20}
  训练: 1006 张 | 验证: 100 张
============================================================
  🏗️  Backbone: resnet50 (imagenet)
       特征维度: 2048
       投影层: 2048 → 512 → 6
       Backbone 参数: 23.5M
Fold11 Epoch  1 | Train Loss:0.8811 Acc:0.6670 | Val Loss:1.9083 Acc:0.4800 | Time:16s
Fold11 Epoch  2 | Train Loss:0.3013 Acc:0.9105 | Val Loss:1.1985 Acc:0.5900 | Time:16s
Fold11 Epoch  3 | Train Loss:0.2216 Acc:0.9235 | Val Loss:1.1738 Acc:0.5300 | Time:17s
Fold11 Epoch  4 | Train Loss:0.1495 Acc:0.9612 | Val Loss:2.1945 Acc:0.4300 | Time:17s
Fold11 Epoch  5 | Train Loss:0.0990 Acc:0.9702 | Val Loss:2.4114 Acc:0.4700 | Time:17s
Fold11 Epoch  6 | Train Loss:0.0780 Acc:0.9821 | Val Loss:2.3092 Acc:0.5000 | Time:17s
Fold11 Epoch  7 | Train Loss:0.0521 Acc:0.9881 | Val Loss:2.3211 Acc:0.4200 | Time:17s
Fold11 Epoch  8 | Train Loss:0.0357 Acc:0.9940 | Val Loss:2.0391 Acc:0.3900 | Time:16s
Fold11 Epoch  9 | Train Loss:0.0335 Acc:0.9911 | Val Loss:2.4803 Acc:0.4300 | Time:17s
Fold11 Epoch 10 | Train Loss:0.0228 Acc:0.9970 | Val Loss:2.4114 Acc:0.5500 | Time:17s
Fold11 Epoch 11 | Train Loss:0.0197 Acc:0.9970 | Val Loss:2.0697 Acc:0.5400 | Time:17s
Fold11 Epoch 12 | Train Loss:0.0141 Acc:0.9990 | Val Loss:2.1602 Acc:0.5600 | Time:17s
  ⏹ 早停于 Epoch 12（10 轮未提升）
  ✅ Fold11 Best Val Acc: 0.5900

============================================================
  Fold 12/12: 12
  验证受试者: 12 (70 张)
  验证表情分布: {0: 20, 1: 10, 3: 20, 4: 20}
  训练: 1036 张 | 验证: 70 张
============================================================
  🏗️  Backbone: resnet50 (imagenet)
       特征维度: 2048
       投影层: 2048 → 512 → 6
       Backbone 参数: 23.5M
Fold12 Epoch  1 | Train Loss:0.8612 Acc:0.6979 | Val Loss:4.0716 Acc:0.4000 | Time:16s
Fold12 Epoch  2 | Train Loss:0.3154 Acc:0.8977 | Val Loss:3.6716 Acc:0.4571 | Time:17s
Fold12 Epoch  3 | Train Loss:0.1916 Acc:0.9450 | Val Loss:3.6070 Acc:0.2857 | Time:17s
Fold12 Epoch  4 | Train Loss:0.1797 Acc:0.9440 | Val Loss:2.5804 Acc:0.4429 | Time:17s
Fold12 Epoch  5 | Train Loss:0.1068 Acc:0.9720 | Val Loss:1.8434 Acc:0.2571 | Time:18s
Fold12 Epoch  6 | Train Loss:0.1008 Acc:0.9759 | Val Loss:2.5963 Acc:0.4286 | Time:17s
Fold12 Epoch  7 | Train Loss:0.0547 Acc:0.9846 | Val Loss:2.8893 Acc:0.1857 | Time:17s
Fold12 Epoch  8 | Train Loss:0.0461 Acc:0.9894 | Val Loss:2.5911 Acc:0.1571 | Time:18s
Fold12 Epoch  9 | Train Loss:0.0588 Acc:0.9884 | Val Loss:2.6559 Acc:0.3143 | Time:18s
Fold12 Epoch 10 | Train Loss:0.0329 Acc:0.9942 | Val Loss:2.7295 Acc:0.3429 | Time:17s
Fold12 Epoch 11 | Train Loss:0.0227 Acc:0.9942 | Val Loss:2.1496 Acc:0.4143 | Time:17s
Fold12 Epoch 12 | Train Loss:0.0227 Acc:0.9952 | Val Loss:2.6397 Acc:0.4571 | Time:17s
  ⏹ 早停于 Epoch 12（10 轮未提升）
  ✅ Fold12 Best Val Acc: 0.4571

============================================================
  交叉验证结果汇总
============================================================
  1: 0.7222
  2: 0.6833
  3: 0.8556
  4: 0.5667
  5: 0.7667
  6: 0.7167
  7: 0.8700
  8: 0.7455
  9: 0.8857
  10: 0.6375
  11: 0.5900
  12: 0.4571

  平均精度: 0.7081 +- 0.1249

  每位受试者准确率:
    subject_1: 0.7222 [#####################---------]
    subject_2: 0.6833 [####################----------]
    subject_3: 0.8556 [#########################-----]
    subject_4: 0.5667 [#################-------------]
    subject_5: 0.7667 [#######################-------]
    subject_6: 0.7167 [#####################---------]
    subject_7: 0.8700 [##########################----]
    subject_8: 0.7455 [######################--------]
    subject_9: 0.8857 [##########################----]
    subject_10: 0.6375 [###################-----------]
    subject_11: 0.5900 [#################-------------]
    subject_12: 0.4571 [#############-----------------]
  最低: subject_12 = 0.4571
  最高: subject_9 = 0.8857

📝 训练指标已保存: ../../KMU-FED/output_exp2_c1\training_metrics.json

⏱️  总耗时: 68.7 分钟
