🖥️  设备: cuda:0
✅ CLIP 模型加载成功: D:\MM_Emotion\2_FER\CAFE\CAFE\clip\ViT-B-32.pt
🔧 配置: Backbone=resnet50 | 预训练=imagenet | CLIP=无 CLIP | Dropout=0.0
🔧 优化器: sgd | 调度器: cosine | LR=0.01 | WD=0.0001 | LabelSmooth=0.0
📈 TensorBoard 日志: ../../KMU-FED/output_exp2_c2b\tensorboard\20260717_012929
训练增强: RandomHorizontalFlip + RandomErasing
人脸检测: YOLO 已加载 (../../yolov8n.pt)
人脸检测: YOLO-only 模式 (不加载 Haar)

============================================================
  数据集分析
============================================================
  数据集: D:\MM_Emotion\2_FER\CAFE\CAFE\..\..\KMU-FED\KMU-FED
  受试者总数: 12
  图片总数: 1106
  类别数: 6
         angry (id=0):  196 ###################
       disgust (id=1):  120 ############
          fear (id=2):  200 ####################
         happy (id=3):  210 #####################
           sad (id=4):  180 ##################
      surprise (id=5):  200 ####################

  每受试者图片数:
    受试者 1: 126 张  [A:26, D:20, F:20, H:20, S:20, S:20]
    受试者 2:  60 张  [A:10, F:20, H:10, S:20]
    受试者 3:  90 张  [A:10, F:20, H:20, S:20, S:20]
    受试者 4:  60 张  [F:20, H:20, S:10, S:10]
    受试者 5: 120 张  [A:20, D:20, F:20, H:20, S:20, S:20]
    受试者 6: 120 张  [A:20, D:20, F:20, H:20, S:20, S:20]
    受试者 7: 100 张  [A:20, F:20, H:20, S:20, S:20]
    受试者 8: 110 张  [A:20, D:20, F:10, H:20, S:20, S:20]
    受试者 9:  70 张  [A:20, F:10, H:20, S:10, S:10]
    受试者 10:  80 张  [A:10, D:10, F:20, H:20, S:20]
    受试者 11: 100 张  [A:20, D:20, F:20, S:20, S:20]
    受试者 12:  70 张  [A:20, D:10, H:20, S:20]
============================================================

评估方法: LOSO (12 folds)
总轮次: 12

============================================================
  Fold 1/12: 1
  验证受试者: 1 (126 张)
  验证表情分布: {0: 26, 1: 20, 2: 20, 3: 20, 4: 20, 5: 20}
  训练: 980 张 | 验证: 126 张
============================================================
  🏗️  Backbone: resnet50 (imagenet)
       特征维度: 2048
       投影层: 2048 → 512 → 6
       Backbone 参数: 23.5M
Fold 1 Epoch  1 | Train Loss:0.7804 Acc:0.7276 | Val Loss:1.2817 Acc:0.5556 | Time:20s
Fold 1 Epoch  2 | Train Loss:0.2747 Acc:0.9000 | Val Loss:0.7942 Acc:0.7619 | Time:22s
Fold 1 Epoch  3 | Train Loss:0.1622 Acc:0.9531 | Val Loss:1.4470 Acc:0.3889 | Time:22s
Fold 1 Epoch  4 | Train Loss:0.1755 Acc:0.9408 | Val Loss:2.1989 Acc:0.5635 | Time:21s
Fold 1 Epoch  5 | Train Loss:0.1128 Acc:0.9602 | Val Loss:1.7835 Acc:0.4683 | Time:21s
Fold 1 Epoch  6 | Train Loss:0.0754 Acc:0.9745 | Val Loss:0.8423 Acc:0.7143 | Time:21s
Fold 1 Epoch  7 | Train Loss:0.0655 Acc:0.9796 | Val Loss:1.0278 Acc:0.6032 | Time:21s
Fold 1 Epoch  8 | Train Loss:0.0756 Acc:0.9694 | Val Loss:1.7979 Acc:0.4286 | Time:20s
Fold 1 Epoch  9 | Train Loss:0.0533 Acc:0.9847 | Val Loss:1.8555 Acc:0.5794 | Time:20s
Fold 1 Epoch 10 | Train Loss:0.0584 Acc:0.9776 | Val Loss:2.0938 Acc:0.6111 | Time:20s
Fold 1 Epoch 11 | Train Loss:0.0523 Acc:0.9847 | Val Loss:1.7406 Acc:0.4444 | Time:20s
Fold 1 Epoch 12 | Train Loss:0.0403 Acc:0.9878 | Val Loss:1.6390 Acc:0.5079 | Time:20s
  ⏹ 早停于 Epoch 12（10 轮未提升）
  ✅ Fold1 Best Val Acc: 0.7619

============================================================
  Fold 2/12: 2
  验证受试者: 2 (60 张)
  验证表情分布: {0: 10, 2: 20, 3: 10, 5: 20}
  训练: 1046 张 | 验证: 60 张
============================================================
  🏗️  Backbone: resnet50 (imagenet)
       特征维度: 2048
       投影层: 2048 → 512 → 6
       Backbone 参数: 23.5M
Fold 2 Epoch  1 | Train Loss:0.7682 Acc:0.7208 | Val Loss:2.1965 Acc:0.6667 | Time:21s
Fold 2 Epoch  2 | Train Loss:0.3366 Acc:0.8795 | Val Loss:2.5434 Acc:0.2000 | Time:22s
Fold 2 Epoch  3 | Train Loss:0.2165 Acc:0.9273 | Val Loss:1.2251 Acc:0.5333 | Time:21s
Fold 2 Epoch  4 | Train Loss:0.1205 Acc:0.9637 | Val Loss:1.5238 Acc:0.6500 | Time:22s
Fold 2 Epoch  5 | Train Loss:0.1302 Acc:0.9503 | Val Loss:1.4341 Acc:0.5667 | Time:22s
Fold 2 Epoch  6 | Train Loss:0.1109 Acc:0.9656 | Val Loss:3.5318 Acc:0.4667 | Time:22s
Fold 2 Epoch  7 | Train Loss:0.1105 Acc:0.9608 | Val Loss:1.2907 Acc:0.4500 | Time:21s
Fold 2 Epoch  8 | Train Loss:0.0764 Acc:0.9704 | Val Loss:2.7028 Acc:0.3500 | Time:21s
Fold 2 Epoch  9 | Train Loss:0.0621 Acc:0.9809 | Val Loss:1.8546 Acc:0.5000 | Time:22s
Fold 2 Epoch 10 | Train Loss:0.0357 Acc:0.9876 | Val Loss:2.3775 Acc:0.3333 | Time:22s
Fold 2 Epoch 11 | Train Loss:0.0282 Acc:0.9924 | Val Loss:2.1736 Acc:0.4500 | Time:21s
  ⏹ 早停于 Epoch 11（10 轮未提升）
  ✅ Fold2 Best Val Acc: 0.6667

============================================================
  Fold 3/12: 3
  验证受试者: 3 (90 张)
  验证表情分布: {0: 10, 2: 20, 3: 20, 4: 20, 5: 20}
  训练: 1016 张 | 验证: 90 张
============================================================
  🏗️  Backbone: resnet50 (imagenet)
       特征维度: 2048
       投影层: 2048 → 512 → 6
       Backbone 参数: 23.5M
Fold 3 Epoch  1 | Train Loss:0.8018 Acc:0.6929 | Val Loss:0.8685 Acc:0.6333 | Time:21s
Fold 3 Epoch  2 | Train Loss:0.2301 Acc:0.9193 | Val Loss:1.0793 Acc:0.6667 | Time:21s
Fold 3 Epoch  3 | Train Loss:0.1514 Acc:0.9449 | Val Loss:1.9662 Acc:0.5333 | Time:21s
Fold 3 Epoch  4 | Train Loss:0.1406 Acc:0.9518 | Val Loss:1.0024 Acc:0.7778 | Time:21s
Fold 3 Epoch  5 | Train Loss:0.1097 Acc:0.9596 | Val Loss:0.6369 Acc:0.7556 | Time:22s
Fold 3 Epoch  6 | Train Loss:0.0904 Acc:0.9705 | Val Loss:0.6485 Acc:0.6778 | Time:22s
Fold 3 Epoch  7 | Train Loss:0.0886 Acc:0.9695 | Val Loss:0.2777 Acc:0.8556 | Time:21s
Fold 3 Epoch  8 | Train Loss:0.0743 Acc:0.9783 | Val Loss:1.4641 Acc:0.5444 | Time:20s
Fold 3 Epoch  9 | Train Loss:0.0517 Acc:0.9813 | Val Loss:1.1095 Acc:0.7889 | Time:21s
Fold 3 Epoch 10 | Train Loss:0.0357 Acc:0.9872 | Val Loss:0.7346 Acc:0.7111 | Time:21s
Fold 3 Epoch 11 | Train Loss:0.0371 Acc:0.9872 | Val Loss:0.1858 Acc:0.9667 | Time:22s
Fold 3 Epoch 12 | Train Loss:0.0485 Acc:0.9823 | Val Loss:1.3848 Acc:0.6889 | Time:20s
Fold 3 Epoch 13 | Train Loss:0.0308 Acc:0.9911 | Val Loss:0.4112 Acc:0.8444 | Time:21s
Fold 3 Epoch 14 | Train Loss:0.0198 Acc:0.9951 | Val Loss:0.7790 Acc:0.7000 | Time:21s
Fold 3 Epoch 15 | Train Loss:0.0184 Acc:0.9951 | Val Loss:1.0150 Acc:0.7778 | Time:21s
Fold 3 Epoch 16 | Train Loss:0.0089 Acc:0.9980 | Val Loss:0.7953 Acc:0.8000 | Time:21s
Fold 3 Epoch 17 | Train Loss:0.0230 Acc:0.9911 | Val Loss:0.8066 Acc:0.7889 | Time:21s
Fold 3 Epoch 18 | Train Loss:0.0127 Acc:0.9961 | Val Loss:0.6524 Acc:0.8000 | Time:21s
Fold 3 Epoch 19 | Train Loss:0.0145 Acc:0.9961 | Val Loss:1.0133 Acc:0.7444 | Time:21s
Fold 3 Epoch 20 | Train Loss:0.0123 Acc:0.9961 | Val Loss:0.9641 Acc:0.7667 | Time:21s
Fold 3 Epoch 21 | Train Loss:0.0282 Acc:0.9911 | Val Loss:1.1497 Acc:0.7778 | Time:21s
  ⏹ 早停于 Epoch 21（10 轮未提升）
  ✅ Fold3 Best Val Acc: 0.9667

============================================================
  Fold 4/12: 4
  验证受试者: 4 (60 张)
  验证表情分布: {2: 20, 3: 20, 4: 10, 5: 10}
  训练: 1046 张 | 验证: 60 张
============================================================
  🏗️  Backbone: resnet50 (imagenet)
       特征维度: 2048
       投影层: 2048 → 512 → 6
       Backbone 参数: 23.5M
Fold 4 Epoch  1 | Train Loss:0.7965 Acc:0.6960 | Val Loss:2.0118 Acc:0.4333 | Time:22s
Fold 4 Epoch  2 | Train Loss:0.2959 Acc:0.9006 | Val Loss:0.2723 Acc:0.8833 | Time:22s
Fold 4 Epoch  3 | Train Loss:0.2716 Acc:0.9120 | Val Loss:1.7074 Acc:0.3333 | Time:22s
Fold 4 Epoch  4 | Train Loss:0.1879 Acc:0.9312 | Val Loss:0.7692 Acc:0.6833 | Time:22s
Fold 4 Epoch  5 | Train Loss:0.0970 Acc:0.9704 | Val Loss:0.3362 Acc:0.9000 | Time:22s
Fold 4 Epoch  6 | Train Loss:0.0649 Acc:0.9742 | Val Loss:0.5355 Acc:0.8333 | Time:22s
Fold 4 Epoch  7 | Train Loss:0.0752 Acc:0.9751 | Val Loss:3.3513 Acc:0.2833 | Time:21s
Fold 4 Epoch  8 | Train Loss:0.0959 Acc:0.9771 | Val Loss:0.7538 Acc:0.6833 | Time:21s
Fold 4 Epoch  9 | Train Loss:0.0568 Acc:0.9828 | Val Loss:0.5033 Acc:0.8333 | Time:22s
Fold 4 Epoch 10 | Train Loss:0.0391 Acc:0.9876 | Val Loss:0.5741 Acc:0.7500 | Time:22s
Fold 4 Epoch 11 | Train Loss:0.0422 Acc:0.9885 | Val Loss:0.2094 Acc:0.8833 | Time:21s
Fold 4 Epoch 12 | Train Loss:0.0328 Acc:0.9885 | Val Loss:0.2211 Acc:0.8500 | Time:22s
Fold 4 Epoch 13 | Train Loss:0.0353 Acc:0.9933 | Val Loss:0.2913 Acc:0.8167 | Time:21s
Fold 4 Epoch 14 | Train Loss:0.0257 Acc:0.9895 | Val Loss:0.3949 Acc:0.8500 | Time:22s
Fold 4 Epoch 15 | Train Loss:0.0309 Acc:0.9904 | Val Loss:0.6355 Acc:0.6833 | Time:22s
  ⏹ 早停于 Epoch 15（10 轮未提升）
  ✅ Fold4 Best Val Acc: 0.9000

============================================================
  Fold 5/12: 5
  验证受试者: 5 (120 张)
  验证表情分布: {0: 20, 1: 20, 2: 20, 3: 20, 4: 20, 5: 20}
  训练: 986 张 | 验证: 120 张
============================================================
  🏗️  Backbone: resnet50 (imagenet)
       特征维度: 2048
       投影层: 2048 → 512 → 6
       Backbone 参数: 23.5M
Fold 5 Epoch  1 | Train Loss:0.8332 Acc:0.6917 | Val Loss:1.7973 Acc:0.4167 | Time:21s
Fold 5 Epoch  2 | Train Loss:0.3093 Acc:0.8824 | Val Loss:0.4704 Acc:0.8000 | Time:22s
Fold 5 Epoch  3 | Train Loss:0.1944 Acc:0.9310 | Val Loss:0.9134 Acc:0.7500 | Time:21s
Fold 5 Epoch  4 | Train Loss:0.1700 Acc:0.9493 | Val Loss:0.8134 Acc:0.7333 | Time:21s
Fold 5 Epoch  5 | Train Loss:0.0723 Acc:0.9736 | Val Loss:0.5611 Acc:0.7500 | Time:20s
Fold 5 Epoch  6 | Train Loss:0.0518 Acc:0.9838 | Val Loss:0.2855 Acc:0.8333 | Time:20s
Fold 5 Epoch  7 | Train Loss:0.0606 Acc:0.9807 | Val Loss:0.4548 Acc:0.8250 | Time:20s
Fold 5 Epoch  8 | Train Loss:0.0619 Acc:0.9757 | Val Loss:0.4670 Acc:0.8667 | Time:20s
Fold 5 Epoch  9 | Train Loss:0.0654 Acc:0.9828 | Val Loss:1.2669 Acc:0.7583 | Time:20s
Fold 5 Epoch 10 | Train Loss:0.0589 Acc:0.9797 | Val Loss:0.7883 Acc:0.7083 | Time:20s
Fold 5 Epoch 11 | Train Loss:0.0606 Acc:0.9797 | Val Loss:0.6915 Acc:0.6833 | Time:20s
Fold 5 Epoch 12 | Train Loss:0.0406 Acc:0.9858 | Val Loss:0.9228 Acc:0.7417 | Time:21s
Fold 5 Epoch 13 | Train Loss:0.0461 Acc:0.9878 | Val Loss:0.6475 Acc:0.8333 | Time:20s
Fold 5 Epoch 14 | Train Loss:0.0230 Acc:0.9949 | Val Loss:0.4293 Acc:0.8667 | Time:21s
Fold 5 Epoch 15 | Train Loss:0.0094 Acc:0.9990 | Val Loss:0.9909 Acc:0.6417 | Time:20s
Fold 5 Epoch 16 | Train Loss:0.0101 Acc:0.9970 | Val Loss:0.7613 Acc:0.8000 | Time:20s
Fold 5 Epoch 17 | Train Loss:0.0070 Acc:0.9980 | Val Loss:1.0107 Acc:0.7667 | Time:21s
Fold 5 Epoch 18 | Train Loss:0.0309 Acc:0.9909 | Val Loss:0.6955 Acc:0.7417 | Time:21s
  ⏹ 早停于 Epoch 18（10 轮未提升）
  ✅ Fold5 Best Val Acc: 0.8667

============================================================
  Fold 6/12: 6
  验证受试者: 6 (120 张)
  验证表情分布: {0: 20, 1: 20, 2: 20, 3: 20, 4: 20, 5: 20}
  训练: 986 张 | 验证: 120 张
============================================================
  🏗️  Backbone: resnet50 (imagenet)
       特征维度: 2048
       投影层: 2048 → 512 → 6
       Backbone 参数: 23.5M
Fold 6 Epoch  1 | Train Loss:0.7145 Acc:0.7373 | Val Loss:1.7342 Acc:0.4083 | Time:21s
Fold 6 Epoch  2 | Train Loss:0.3365 Acc:0.8935 | Val Loss:2.0246 Acc:0.5000 | Time:21s
Fold 6 Epoch  3 | Train Loss:0.1667 Acc:0.9422 | Val Loss:1.7619 Acc:0.5333 | Time:21s
Fold 6 Epoch  4 | Train Loss:0.1249 Acc:0.9594 | Val Loss:1.5165 Acc:0.5333 | Time:21s
Fold 6 Epoch  5 | Train Loss:0.0971 Acc:0.9665 | Val Loss:1.6357 Acc:0.5417 | Time:20s
Fold 6 Epoch  6 | Train Loss:0.0927 Acc:0.9696 | Val Loss:2.3432 Acc:0.4250 | Time:21s
Fold 6 Epoch  7 | Train Loss:0.0568 Acc:0.9828 | Val Loss:1.4371 Acc:0.6417 | Time:21s
Fold 6 Epoch  8 | Train Loss:0.0376 Acc:0.9888 | Val Loss:1.1554 Acc:0.5917 | Time:21s
Fold 6 Epoch  9 | Train Loss:0.0335 Acc:0.9888 | Val Loss:1.9045 Acc:0.6333 | Time:21s
Fold 6 Epoch 10 | Train Loss:0.0341 Acc:0.9899 | Val Loss:1.3926 Acc:0.6000 | Time:21s
Fold 6 Epoch 11 | Train Loss:0.0231 Acc:0.9929 | Val Loss:1.3081 Acc:0.4667 | Time:20s
Fold 6 Epoch 12 | Train Loss:0.0424 Acc:0.9828 | Val Loss:1.3842 Acc:0.6417 | Time:21s
Fold 6 Epoch 13 | Train Loss:0.0253 Acc:0.9929 | Val Loss:1.5680 Acc:0.6333 | Time:21s
Fold 6 Epoch 14 | Train Loss:0.0271 Acc:0.9888 | Val Loss:1.5022 Acc:0.6750 | Time:21s
Fold 6 Epoch 15 | Train Loss:0.0373 Acc:0.9878 | Val Loss:1.8928 Acc:0.5583 | Time:21s
Fold 6 Epoch 16 | Train Loss:0.0141 Acc:0.9959 | Val Loss:1.6637 Acc:0.5583 | Time:20s
Fold 6 Epoch 17 | Train Loss:0.0152 Acc:0.9959 | Val Loss:1.3381 Acc:0.4667 | Time:21s
Fold 6 Epoch 18 | Train Loss:0.0097 Acc:0.9990 | Val Loss:1.4769 Acc:0.5583 | Time:22s
Fold 6 Epoch 19 | Train Loss:0.0134 Acc:0.9959 | Val Loss:2.1473 Acc:0.3917 | Time:21s
Fold 6 Epoch 20 | Train Loss:0.0205 Acc:0.9959 | Val Loss:1.4232 Acc:0.5333 | Time:21s
Fold 6 Epoch 21 | Train Loss:0.0083 Acc:0.9970 | Val Loss:1.6579 Acc:0.5500 | Time:22s
Fold 6 Epoch 22 | Train Loss:0.0185 Acc:0.9949 | Val Loss:1.5372 Acc:0.5750 | Time:20s
Fold 6 Epoch 23 | Train Loss:0.0117 Acc:0.9980 | Val Loss:1.6486 Acc:0.5250 | Time:20s
Fold 6 Epoch 24 | Train Loss:0.0093 Acc:0.9970 | Val Loss:1.4120 Acc:0.5917 | Time:21s
  ⏹ 早停于 Epoch 24（10 轮未提升）
  ✅ Fold6 Best Val Acc: 0.6750

============================================================
  Fold 7/12: 7
  验证受试者: 7 (100 张)
  验证表情分布: {0: 20, 2: 20, 3: 20, 4: 20, 5: 20}
  训练: 1006 张 | 验证: 100 张
============================================================
  🏗️  Backbone: resnet50 (imagenet)
       特征维度: 2048
       投影层: 2048 → 512 → 6
       Backbone 参数: 23.5M
Fold 7 Epoch  1 | Train Loss:0.7706 Acc:0.7266 | Val Loss:3.3632 Acc:0.2400 | Time:22s
Fold 7 Epoch  2 | Train Loss:0.2918 Acc:0.9105 | Val Loss:2.3747 Acc:0.4000 | Time:22s
Fold 7 Epoch  3 | Train Loss:0.2463 Acc:0.9185 | Val Loss:0.9446 Acc:0.6000 | Time:21s
Fold 7 Epoch  4 | Train Loss:0.1643 Acc:0.9493 | Val Loss:1.8750 Acc:0.5200 | Time:21s
Fold 7 Epoch  5 | Train Loss:0.1206 Acc:0.9612 | Val Loss:1.1318 Acc:0.6500 | Time:21s
Fold 7 Epoch  6 | Train Loss:0.0979 Acc:0.9662 | Val Loss:0.9215 Acc:0.6000 | Time:21s
Fold 7 Epoch  7 | Train Loss:0.0662 Acc:0.9761 | Val Loss:1.6339 Acc:0.4500 | Time:21s
Fold 7 Epoch  8 | Train Loss:0.0450 Acc:0.9811 | Val Loss:1.0535 Acc:0.6000 | Time:21s
Fold 7 Epoch  9 | Train Loss:0.0457 Acc:0.9861 | Val Loss:1.2250 Acc:0.7900 | Time:21s
Fold 7 Epoch 10 | Train Loss:0.0415 Acc:0.9861 | Val Loss:1.6952 Acc:0.4300 | Time:22s
Fold 7 Epoch 11 | Train Loss:0.0437 Acc:0.9881 | Val Loss:0.7992 Acc:0.7400 | Time:21s
Fold 7 Epoch 12 | Train Loss:0.0300 Acc:0.9891 | Val Loss:0.9421 Acc:0.7100 | Time:22s
Fold 7 Epoch 13 | Train Loss:0.0319 Acc:0.9891 | Val Loss:0.6886 Acc:0.6400 | Time:21s
Fold 7 Epoch 14 | Train Loss:0.0271 Acc:0.9911 | Val Loss:3.0805 Acc:0.2900 | Time:21s
Fold 7 Epoch 15 | Train Loss:0.0131 Acc:0.9980 | Val Loss:0.7415 Acc:0.5700 | Time:21s
Fold 7 Epoch 16 | Train Loss:0.0150 Acc:0.9960 | Val Loss:1.5185 Acc:0.6000 | Time:22s
Fold 7 Epoch 17 | Train Loss:0.0103 Acc:0.9950 | Val Loss:1.3524 Acc:0.5800 | Time:21s
Fold 7 Epoch 18 | Train Loss:0.0511 Acc:0.9930 | Val Loss:1.3756 Acc:0.6000 | Time:21s
Fold 7 Epoch 19 | Train Loss:0.0286 Acc:0.9891 | Val Loss:1.6271 Acc:0.5100 | Time:21s
  ⏹ 早停于 Epoch 19（10 轮未提升）
  ✅ Fold7 Best Val Acc: 0.7900

============================================================
  Fold 8/12: 8
  验证受试者: 8 (110 张)
  验证表情分布: {0: 20, 1: 20, 2: 10, 3: 20, 4: 20, 5: 20}
  训练: 996 张 | 验证: 110 张
============================================================
  🏗️  Backbone: resnet50 (imagenet)
       特征维度: 2048
       投影层: 2048 → 512 → 6
       Backbone 参数: 23.5M
Fold 8 Epoch  1 | Train Loss:0.7722 Acc:0.6817 | Val Loss:1.4183 Acc:0.6091 | Time:21s
Fold 8 Epoch  2 | Train Loss:0.3031 Acc:0.9066 | Val Loss:1.2812 Acc:0.5636 | Time:21s
Fold 8 Epoch  3 | Train Loss:0.2272 Acc:0.9257 | Val Loss:1.9748 Acc:0.5455 | Time:21s
Fold 8 Epoch  4 | Train Loss:0.1977 Acc:0.9528 | Val Loss:1.6456 Acc:0.5455 | Time:21s
Fold 8 Epoch  5 | Train Loss:0.2708 Acc:0.9257 | Val Loss:1.4480 Acc:0.6364 | Time:21s
Fold 8 Epoch  6 | Train Loss:0.4133 Acc:0.8775 | Val Loss:3.8991 Acc:0.4455 | Time:22s
Fold 8 Epoch  7 | Train Loss:0.4640 Acc:0.8454 | Val Loss:2.4692 Acc:0.0909 | Time:21s
Fold 8 Epoch  8 | Train Loss:0.3146 Acc:0.8946 | Val Loss:2.2394 Acc:0.5000 | Time:21s
Fold 8 Epoch  9 | Train Loss:0.1830 Acc:0.9357 | Val Loss:0.6655 Acc:0.6364 | Time:21s
Fold 8 Epoch 10 | Train Loss:0.0943 Acc:0.9669 | Val Loss:0.5258 Acc:0.8636 | Time:22s
Fold 8 Epoch 11 | Train Loss:0.0681 Acc:0.9769 | Val Loss:1.4602 Acc:0.6455 | Time:21s
Fold 8 Epoch 12 | Train Loss:0.0571 Acc:0.9819 | Val Loss:1.3765 Acc:0.6182 | Time:20s
Fold 8 Epoch 13 | Train Loss:0.1015 Acc:0.9669 | Val Loss:2.3187 Acc:0.5091 | Time:20s
Fold 8 Epoch 14 | Train Loss:0.2096 Acc:0.9388 | Val Loss:3.2347 Acc:0.4000 | Time:21s
Fold 8 Epoch 15 | Train Loss:0.1169 Acc:0.9578 | Val Loss:1.3342 Acc:0.5636 | Time:21s
Fold 8 Epoch 16 | Train Loss:0.1645 Acc:0.9518 | Val Loss:3.1561 Acc:0.4000 | Time:21s
Fold 8 Epoch 17 | Train Loss:0.2095 Acc:0.9287 | Val Loss:0.9138 Acc:0.5545 | Time:20s
Fold 8 Epoch 18 | Train Loss:0.1079 Acc:0.9699 | Val Loss:1.6564 Acc:0.5636 | Time:20s
Fold 8 Epoch 19 | Train Loss:0.2310 Acc:0.9438 | Val Loss:2.4088 Acc:0.5000 | Time:21s
Fold 8 Epoch 20 | Train Loss:0.2439 Acc:0.9207 | Val Loss:1.7142 Acc:0.5909 | Time:21s
  ⏹ 早停于 Epoch 20（10 轮未提升）
  ✅ Fold8 Best Val Acc: 0.8636

============================================================
  Fold 9/12: 9
  验证受试者: 9 (70 张)
  验证表情分布: {0: 20, 2: 10, 3: 20, 4: 10, 5: 10}
  训练: 1036 张 | 验证: 70 张
============================================================
  🏗️  Backbone: resnet50 (imagenet)
       特征维度: 2048
       投影层: 2048 → 512 → 6
       Backbone 参数: 23.5M
Fold 9 Epoch  1 | Train Loss:0.7684 Acc:0.7172 | Val Loss:1.4901 Acc:0.5714 | Time:21s
Fold 9 Epoch  2 | Train Loss:0.2921 Acc:0.8929 | Val Loss:1.0132 Acc:0.5714 | Time:22s
Fold 9 Epoch  3 | Train Loss:0.2476 Acc:0.9237 | Val Loss:2.6356 Acc:0.4286 | Time:22s
Fold 9 Epoch  4 | Train Loss:0.1199 Acc:0.9614 | Val Loss:0.4061 Acc:0.8571 | Time:21s
Fold 9 Epoch  5 | Train Loss:0.1495 Acc:0.9546 | Val Loss:0.8969 Acc:0.8000 | Time:21s
Fold 9 Epoch  6 | Train Loss:0.1123 Acc:0.9643 | Val Loss:1.2959 Acc:0.3571 | Time:22s
Fold 9 Epoch  7 | Train Loss:0.0661 Acc:0.9778 | Val Loss:1.0093 Acc:0.7571 | Time:22s
Fold 9 Epoch  8 | Train Loss:0.0379 Acc:0.9865 | Val Loss:1.4720 Acc:0.5714 | Time:22s
Fold 9 Epoch  9 | Train Loss:0.0523 Acc:0.9836 | Val Loss:1.6612 Acc:0.5714 | Time:22s
Fold 9 Epoch 10 | Train Loss:0.0382 Acc:0.9865 | Val Loss:0.7629 Acc:0.8143 | Time:22s
Fold 9 Epoch 11 | Train Loss:0.0543 Acc:0.9759 | Val Loss:1.8237 Acc:0.4286 | Time:22s
Fold 9 Epoch 12 | Train Loss:0.0418 Acc:0.9884 | Val Loss:1.4100 Acc:0.6429 | Time:22s
Fold 9 Epoch 13 | Train Loss:0.0311 Acc:0.9903 | Val Loss:1.1205 Acc:0.5571 | Time:21s
Fold 9 Epoch 14 | Train Loss:0.0125 Acc:0.9961 | Val Loss:0.9921 Acc:0.5143 | Time:22s
  ⏹ 早停于 Epoch 14（10 轮未提升）
  ✅ Fold9 Best Val Acc: 0.8571

============================================================
  Fold 10/12: 10
  验证受试者: 10 (80 张)
  验证表情分布: {0: 10, 1: 10, 2: 20, 3: 20, 5: 20}
  训练: 1026 张 | 验证: 80 张
============================================================
  🏗️  Backbone: resnet50 (imagenet)
       特征维度: 2048
       投影层: 2048 → 512 → 6
       Backbone 参数: 23.5M
Fold10 Epoch  1 | Train Loss:0.7435 Acc:0.7281 | Val Loss:4.6371 Acc:0.1250 | Time:22s
Fold10 Epoch  2 | Train Loss:0.5363 Acc:0.8109 | Val Loss:2.5556 Acc:0.2750 | Time:22s
Fold10 Epoch  3 | Train Loss:0.2781 Acc:0.9045 | Val Loss:1.9927 Acc:0.3000 | Time:21s
Fold10 Epoch  4 | Train Loss:0.3964 Acc:0.8811 | Val Loss:1.3445 Acc:0.6375 | Time:21s
Fold10 Epoch  5 | Train Loss:0.2479 Acc:0.9191 | Val Loss:1.2748 Acc:0.6000 | Time:21s
Fold10 Epoch  6 | Train Loss:0.2442 Acc:0.9230 | Val Loss:2.2900 Acc:0.6000 | Time:21s
Fold10 Epoch  7 | Train Loss:0.1717 Acc:0.9464 | Val Loss:1.2865 Acc:0.8000 | Time:22s
Fold10 Epoch  8 | Train Loss:0.2562 Acc:0.9542 | Val Loss:1.3153 Acc:0.6750 | Time:21s
Fold10 Epoch  9 | Train Loss:0.2964 Acc:0.9074 | Val Loss:2.2630 Acc:0.4250 | Time:21s
Fold10 Epoch 10 | Train Loss:0.3505 Acc:0.9425 | Val Loss:20.2883 Acc:0.1250 | Time:21s
Fold10 Epoch 11 | Train Loss:1.0817 Acc:0.6706 | Val Loss:2.6701 Acc:0.2875 | Time:22s
Fold10 Epoch 12 | Train Loss:0.5958 Acc:0.8168 | Val Loss:1.1803 Acc:0.4500 | Time:22s
Fold10 Epoch 13 | Train Loss:0.3375 Acc:0.8957 | Val Loss:1.1583 Acc:0.6375 | Time:21s
Fold10 Epoch 14 | Train Loss:0.4545 Acc:0.8684 | Val Loss:1.6262 Acc:0.5500 | Time:21s
Fold10 Epoch 15 | Train Loss:0.4782 Acc:0.8947 | Val Loss:6.0295 Acc:0.3500 | Time:21s
Fold10 Epoch 16 | Train Loss:0.8606 Acc:0.7544 | Val Loss:1.9498 Acc:0.5000 | Time:21s
Fold10 Epoch 17 | Train Loss:0.3793 Acc:0.8762 | Val Loss:1.5294 Acc:0.5875 | Time:21s
  ⏹ 早停于 Epoch 17（10 轮未提升）
  ✅ Fold10 Best Val Acc: 0.8000

============================================================
  Fold 11/12: 11
  验证受试者: 11 (100 张)
  验证表情分布: {0: 20, 1: 20, 2: 20, 4: 20, 5: 20}
  训练: 1006 张 | 验证: 100 张
============================================================
  🏗️  Backbone: resnet50 (imagenet)
       特征维度: 2048
       投影层: 2048 → 512 → 6
       Backbone 参数: 23.5M
Fold11 Epoch  1 | Train Loss:0.7982 Acc:0.6988 | Val Loss:2.9008 Acc:0.1100 | Time:22s
Fold11 Epoch  2 | Train Loss:0.3269 Acc:0.8976 | Val Loss:1.7973 Acc:0.5800 | Time:22s
Fold11 Epoch  3 | Train Loss:0.2082 Acc:0.9314 | Val Loss:2.9044 Acc:0.4900 | Time:21s
Fold11 Epoch  4 | Train Loss:0.1834 Acc:0.9314 | Val Loss:1.4098 Acc:0.5500 | Time:21s
Fold11 Epoch  5 | Train Loss:0.1183 Acc:0.9592 | Val Loss:1.1173 Acc:0.4600 | Time:21s
Fold11 Epoch  6 | Train Loss:0.1102 Acc:0.9642 | Val Loss:2.1223 Acc:0.3900 | Time:21s
Fold11 Epoch  7 | Train Loss:0.0790 Acc:0.9722 | Val Loss:1.9739 Acc:0.4900 | Time:22s
Fold11 Epoch  8 | Train Loss:0.0929 Acc:0.9662 | Val Loss:2.2673 Acc:0.4000 | Time:21s
Fold11 Epoch  9 | Train Loss:0.0620 Acc:0.9831 | Val Loss:1.4112 Acc:0.6000 | Time:21s
Fold11 Epoch 10 | Train Loss:0.0431 Acc:0.9901 | Val Loss:1.5239 Acc:0.3800 | Time:21s
Fold11 Epoch 11 | Train Loss:0.0314 Acc:0.9930 | Val Loss:2.2915 Acc:0.4000 | Time:21s
Fold11 Epoch 12 | Train Loss:0.0629 Acc:0.9851 | Val Loss:1.4070 Acc:0.4900 | Time:22s
Fold11 Epoch 13 | Train Loss:0.0493 Acc:0.9871 | Val Loss:1.9414 Acc:0.4200 | Time:20s
Fold11 Epoch 14 | Train Loss:0.0226 Acc:0.9950 | Val Loss:2.2147 Acc:0.5600 | Time:20s
Fold11 Epoch 15 | Train Loss:0.0203 Acc:0.9940 | Val Loss:1.4925 Acc:0.5000 | Time:21s
Fold11 Epoch 16 | Train Loss:0.0095 Acc:0.9990 | Val Loss:1.6817 Acc:0.4800 | Time:21s
Fold11 Epoch 17 | Train Loss:0.0109 Acc:0.9960 | Val Loss:1.6851 Acc:0.5400 | Time:21s
Fold11 Epoch 18 | Train Loss:0.0166 Acc:0.9920 | Val Loss:1.5290 Acc:0.3400 | Time:21s
Fold11 Epoch 19 | Train Loss:0.0290 Acc:0.9920 | Val Loss:1.5494 Acc:0.4000 | Time:21s
  ⏹ 早停于 Epoch 19（10 轮未提升）
  ✅ Fold11 Best Val Acc: 0.6000

============================================================
  Fold 12/12: 12
  验证受试者: 12 (70 张)
  验证表情分布: {0: 20, 1: 10, 3: 20, 4: 20}
  训练: 1036 张 | 验证: 70 张
============================================================
  🏗️  Backbone: resnet50 (imagenet)
       特征维度: 2048
       投影层: 2048 → 512 → 6
       Backbone 参数: 23.5M
Fold12 Epoch  1 | Train Loss:0.8058 Acc:0.7085 | Val Loss:0.9299 Acc:0.5857 | Time:22s
Fold12 Epoch  2 | Train Loss:0.3434 Acc:0.8880 | Val Loss:1.2267 Acc:0.5571 | Time:22s
Fold12 Epoch  3 | Train Loss:0.2707 Acc:0.9112 | Val Loss:1.0760 Acc:0.5429 | Time:22s
Fold12 Epoch  4 | Train Loss:0.1709 Acc:0.9440 | Val Loss:1.9531 Acc:0.3714 | Time:22s
Fold12 Epoch  5 | Train Loss:0.0966 Acc:0.9739 | Val Loss:4.9119 Acc:0.2857 | Time:22s
Fold12 Epoch  6 | Train Loss:0.0744 Acc:0.9788 | Val Loss:2.9073 Acc:0.3714 | Time:21s
Fold12 Epoch  7 | Train Loss:0.0629 Acc:0.9778 | Val Loss:2.5591 Acc:0.3286 | Time:21s
Fold12 Epoch  8 | Train Loss:0.0592 Acc:0.9759 | Val Loss:1.9588 Acc:0.5143 | Time:21s
Fold12 Epoch  9 | Train Loss:0.0611 Acc:0.9807 | Val Loss:2.1690 Acc:0.3286 | Time:22s
Fold12 Epoch 10 | Train Loss:0.0775 Acc:0.9788 | Val Loss:4.3392 Acc:0.3286 | Time:22s
Fold12 Epoch 11 | Train Loss:0.0540 Acc:0.9826 | Val Loss:3.1125 Acc:0.4143 | Time:22s
  ⏹ 早停于 Epoch 11（10 轮未提升）
  ✅ Fold12 Best Val Acc: 0.5857

============================================================
  交叉验证结果汇总
============================================================
  1: 0.7619
  2: 0.6667
  3: 0.9667
  4: 0.9000
  5: 0.8667
  6: 0.6750
  7: 0.7900
  8: 0.8636
  9: 0.8571
  10: 0.8000
  11: 0.6000
  12: 0.5857

  平均精度: 0.7778 +- 0.1171

  每位受试者准确率:
    subject_1: 0.7619 [######################--------]
    subject_2: 0.6667 [####################----------]
    subject_3: 0.9667 [#############################-]
    subject_4: 0.9000 [###########################---]
    subject_5: 0.8667 [##########################----]
    subject_6: 0.6750 [####################----------]
    subject_7: 0.7900 [#######################-------]
    subject_8: 0.8636 [#########################-----]
    subject_9: 0.8571 [#########################-----]
    subject_10: 0.8000 [########################------]
    subject_11: 0.6000 [##################------------]
    subject_12: 0.5857 [#################-------------]
  最低: subject_12 = 0.5857
  最高: subject_3 = 0.9667

📝 训练指标已保存: ../../KMU-FED/output_exp2_c2b\training_metrics.json

⏱️  总耗时: 77.8 分钟
