🖥️  设备: cuda:0
✅ CLIP 模型加载成功: D:\MM_Emotion\2_FER\CAFE\CAFE\clip\ViT-B-32.pt
🔧 配置: Backbone=resnet50 | 预训练=imagenet | CLIP=无 CLIP | Dropout=0.0
🔧 优化器: adam | 调度器: cosine | LR=0.0002 | WD=0.0001 | LabelSmooth=0.0
📈 TensorBoard 日志: ../../KMU-FED/output_exp2_c3\tensorboard\20260716_095541
训练增强: RandomHorizontalFlip + RandomErasing
人脸检测: YOLO 已加载 (../../yolov8n.pt)
人脸检测: Haar Cascade 已加载

============================================================
  数据集分析
============================================================
  数据集: D:\MM_Emotion\2_FER\CAFE\CAFE\..\..\KMU-FED\KMU-FED
  受试者总数: 12
  图片总数: 1106
  类别数: 6
         angry (id=0):  196 ###################
       disgust (id=1):  120 ############
          fear (id=2):  200 ####################
         happy (id=3):  210 #####################
           sad (id=4):  180 ##################
      surprise (id=5):  200 ####################

  每受试者图片数:
    受试者 1: 126 张  [A:26, D:20, F:20, H:20, S:20, S:20]
    受试者 2:  60 张  [A:10, F:20, H:10, S:20]
    受试者 3:  90 张  [A:10, F:20, H:20, S:20, S:20]
    受试者 4:  60 张  [F:20, H:20, S:10, S:10]
    受试者 5: 120 张  [A:20, D:20, F:20, H:20, S:20, S:20]
    受试者 6: 120 张  [A:20, D:20, F:20, H:20, S:20, S:20]
    受试者 7: 100 张  [A:20, F:20, H:20, S:20, S:20]
    受试者 8: 110 张  [A:20, D:20, F:10, H:20, S:20, S:20]
    受试者 9:  70 张  [A:20, F:10, H:20, S:10, S:10]
    受试者 10:  80 张  [A:10, D:10, F:20, H:20, S:20]
    受试者 11: 100 张  [A:20, D:20, F:20, S:20, S:20]
    受试者 12:  70 张  [A:20, D:10, H:20, S:20]
============================================================

评估方法: LOSO (12 folds)
总轮次: 12

============================================================
  Fold 1/12: 1
  验证受试者: 1 (126 张)
  验证表情分布: {0: 26, 1: 20, 2: 20, 3: 20, 4: 20, 5: 20}
  训练: 980 张 | 验证: 126 张
============================================================
  🏗️  Backbone: resnet50 (imagenet)
       特征维度: 2048
       投影层: 2048 → 512 → 6
       Backbone 参数: 23.5M
Fold 1 Epoch  1 | Train Loss:0.8327 Acc:0.6908 | Val Loss:1.0444 Acc:0.6746 | Time:15s
Fold 1 Epoch  2 | Train Loss:0.2593 Acc:0.9224 | Val Loss:1.0877 Acc:0.6587 | Time:16s
Fold 1 Epoch  3 | Train Loss:0.1918 Acc:0.9408 | Val Loss:0.9696 Acc:0.6905 | Time:16s
Fold 1 Epoch  4 | Train Loss:0.1701 Acc:0.9469 | Val Loss:0.9621 Acc:0.6825 | Time:16s
Fold 1 Epoch  5 | Train Loss:0.1402 Acc:0.9551 | Val Loss:0.9305 Acc:0.7460 | Time:16s
Fold 1 Epoch  6 | Train Loss:0.1299 Acc:0.9612 | Val Loss:1.6473 Acc:0.5714 | Time:16s
Fold 1 Epoch  7 | Train Loss:0.1101 Acc:0.9643 | Val Loss:1.1457 Acc:0.6270 | Time:16s
Fold 1 Epoch  8 | Train Loss:0.1265 Acc:0.9633 | Val Loss:0.9331 Acc:0.6825 | Time:16s
Fold 1 Epoch  9 | Train Loss:0.1034 Acc:0.9643 | Val Loss:0.9592 Acc:0.7381 | Time:16s
Fold 1 Epoch 10 | Train Loss:0.1035 Acc:0.9663 | Val Loss:1.2849 Acc:0.6905 | Time:16s
Fold 1 Epoch 11 | Train Loss:0.0751 Acc:0.9745 | Val Loss:1.2039 Acc:0.6587 | Time:16s
Fold 1 Epoch 12 | Train Loss:0.0730 Acc:0.9816 | Val Loss:1.5200 Acc:0.4683 | Time:16s
Fold 1 Epoch 13 | Train Loss:0.0527 Acc:0.9888 | Val Loss:0.9689 Acc:0.6746 | Time:16s
Fold 1 Epoch 14 | Train Loss:0.0466 Acc:0.9867 | Val Loss:1.2260 Acc:0.6746 | Time:16s
Fold 1 Epoch 15 | Train Loss:0.0222 Acc:0.9980 | Val Loss:1.1571 Acc:0.6905 | Time:16s
  ⏹ 早停于 Epoch 15（10 轮未提升）
  ✅ Fold1 Best Val Acc: 0.7460

============================================================
  Fold 2/12: 2
  验证受试者: 2 (60 张)
  验证表情分布: {0: 10, 2: 20, 3: 10, 5: 20}
  训练: 1046 张 | 验证: 60 张
============================================================
  🏗️  Backbone: resnet50 (imagenet)
       特征维度: 2048
       投影层: 2048 → 512 → 6
       Backbone 参数: 23.5M
Fold 2 Epoch  1 | Train Loss:0.8551 Acc:0.6836 | Val Loss:0.5524 Acc:0.8333 | Time:16s
Fold 2 Epoch  2 | Train Loss:0.3213 Acc:0.8977 | Val Loss:1.1848 Acc:0.6333 | Time:17s
Fold 2 Epoch  3 | Train Loss:0.2391 Acc:0.9178 | Val Loss:1.1300 Acc:0.5000 | Time:18s
Fold 2 Epoch  4 | Train Loss:0.1809 Acc:0.9455 | Val Loss:1.7521 Acc:0.6333 | Time:18s
Fold 2 Epoch  5 | Train Loss:0.1481 Acc:0.9570 | Val Loss:1.7682 Acc:0.6167 | Time:17s
Fold 2 Epoch  6 | Train Loss:0.1301 Acc:0.9618 | Val Loss:1.1051 Acc:0.6833 | Time:17s
Fold 2 Epoch  7 | Train Loss:0.1115 Acc:0.9627 | Val Loss:1.1816 Acc:0.7000 | Time:18s
Fold 2 Epoch  8 | Train Loss:0.0999 Acc:0.9704 | Val Loss:1.0142 Acc:0.6333 | Time:17s
Fold 2 Epoch  9 | Train Loss:0.0754 Acc:0.9799 | Val Loss:1.7852 Acc:0.5667 | Time:17s
Fold 2 Epoch 10 | Train Loss:0.0594 Acc:0.9866 | Val Loss:1.4816 Acc:0.6500 | Time:17s
Fold 2 Epoch 11 | Train Loss:0.0685 Acc:0.9818 | Val Loss:1.6678 Acc:0.6500 | Time:17s
  ⏹ 早停于 Epoch 11（10 轮未提升）
  ✅ Fold2 Best Val Acc: 0.8333

============================================================
  Fold 3/12: 3
  验证受试者: 3 (90 张)
  验证表情分布: {0: 10, 2: 20, 3: 20, 4: 20, 5: 20}
  训练: 1016 张 | 验证: 90 张
============================================================
  🏗️  Backbone: resnet50 (imagenet)
       特征维度: 2048
       投影层: 2048 → 512 → 6
       Backbone 参数: 23.5M
Fold 3 Epoch  1 | Train Loss:0.8534 Acc:0.6850 | Val Loss:2.0883 Acc:0.3556 | Time:17s
Fold 3 Epoch  2 | Train Loss:0.3146 Acc:0.8947 | Val Loss:1.2840 Acc:0.5333 | Time:17s
Fold 3 Epoch  3 | Train Loss:0.2383 Acc:0.9213 | Val Loss:0.7389 Acc:0.7111 | Time:17s
Fold 3 Epoch  4 | Train Loss:0.1702 Acc:0.9518 | Val Loss:0.6717 Acc:0.7000 | Time:17s
Fold 3 Epoch  5 | Train Loss:0.1456 Acc:0.9547 | Val Loss:1.4267 Acc:0.5444 | Time:17s
Fold 3 Epoch  6 | Train Loss:0.0962 Acc:0.9744 | Val Loss:1.6005 Acc:0.5556 | Time:17s
Fold 3 Epoch  7 | Train Loss:0.0967 Acc:0.9724 | Val Loss:0.7935 Acc:0.8333 | Time:18s
Fold 3 Epoch  8 | Train Loss:0.0614 Acc:0.9862 | Val Loss:1.5445 Acc:0.6667 | Time:18s
Fold 3 Epoch  9 | Train Loss:0.1019 Acc:0.9764 | Val Loss:1.0657 Acc:0.6000 | Time:17s
Fold 3 Epoch 10 | Train Loss:0.0835 Acc:0.9774 | Val Loss:1.0844 Acc:0.6222 | Time:16s
Fold 3 Epoch 11 | Train Loss:0.0681 Acc:0.9783 | Val Loss:0.9674 Acc:0.7333 | Time:17s
Fold 3 Epoch 12 | Train Loss:0.0539 Acc:0.9862 | Val Loss:1.4708 Acc:0.6556 | Time:17s
Fold 3 Epoch 13 | Train Loss:0.0606 Acc:0.9823 | Val Loss:0.4039 Acc:0.8333 | Time:17s
Fold 3 Epoch 14 | Train Loss:0.0772 Acc:0.9744 | Val Loss:1.4989 Acc:0.6778 | Time:16s
Fold 3 Epoch 15 | Train Loss:0.0665 Acc:0.9764 | Val Loss:1.5621 Acc:0.5333 | Time:17s
Fold 3 Epoch 16 | Train Loss:0.0379 Acc:0.9951 | Val Loss:1.6933 Acc:0.4444 | Time:18s
Fold 3 Epoch 17 | Train Loss:0.0207 Acc:0.9951 | Val Loss:1.6658 Acc:0.6000 | Time:18s
  ⏹ 早停于 Epoch 17（10 轮未提升）
  ✅ Fold3 Best Val Acc: 0.8333

============================================================
  Fold 4/12: 4
  验证受试者: 4 (60 张)
  验证表情分布: {2: 20, 3: 20, 4: 10, 5: 10}
  训练: 1046 张 | 验证: 60 张
============================================================
  🏗️  Backbone: resnet50 (imagenet)
       特征维度: 2048
       投影层: 2048 → 512 → 6
       Backbone 参数: 23.5M
Fold 4 Epoch  1 | Train Loss:0.8722 Acc:0.6807 | Val Loss:0.8422 Acc:0.7167 | Time:16s
Fold 4 Epoch  2 | Train Loss:0.3951 Acc:0.8662 | Val Loss:0.9104 Acc:0.5833 | Time:17s
Fold 4 Epoch  3 | Train Loss:0.2572 Acc:0.9130 | Val Loss:0.9883 Acc:0.5833 | Time:18s
Fold 4 Epoch  4 | Train Loss:0.1865 Acc:0.9388 | Val Loss:0.9563 Acc:0.7833 | Time:17s
Fold 4 Epoch  5 | Train Loss:0.1020 Acc:0.9704 | Val Loss:0.7023 Acc:0.7333 | Time:18s
Fold 4 Epoch  6 | Train Loss:0.0795 Acc:0.9761 | Val Loss:1.1091 Acc:0.6000 | Time:18s
Fold 4 Epoch  7 | Train Loss:0.1134 Acc:0.9598 | Val Loss:1.4811 Acc:0.4667 | Time:18s
Fold 4 Epoch  8 | Train Loss:0.1070 Acc:0.9694 | Val Loss:1.1781 Acc:0.6667 | Time:17s
Fold 4 Epoch  9 | Train Loss:0.1116 Acc:0.9704 | Val Loss:1.3057 Acc:0.5500 | Time:17s
Fold 4 Epoch 10 | Train Loss:0.0984 Acc:0.9723 | Val Loss:2.3220 Acc:0.3167 | Time:17s
Fold 4 Epoch 11 | Train Loss:0.0867 Acc:0.9742 | Val Loss:1.2339 Acc:0.5667 | Time:17s
Fold 4 Epoch 12 | Train Loss:0.0565 Acc:0.9885 | Val Loss:1.1639 Acc:0.6000 | Time:17s
Fold 4 Epoch 13 | Train Loss:0.0491 Acc:0.9876 | Val Loss:1.1551 Acc:0.5667 | Time:18s
Fold 4 Epoch 14 | Train Loss:0.0456 Acc:0.9866 | Val Loss:1.0882 Acc:0.7167 | Time:17s
  ⏹ 早停于 Epoch 14（10 轮未提升）
  ✅ Fold4 Best Val Acc: 0.7833

============================================================
  Fold 5/12: 5
  验证受试者: 5 (120 张)
  验证表情分布: {0: 20, 1: 20, 2: 20, 3: 20, 4: 20, 5: 20}
  训练: 986 张 | 验证: 120 张
============================================================
  🏗️  Backbone: resnet50 (imagenet)
       特征维度: 2048
       投影层: 2048 → 512 → 6
       Backbone 参数: 23.5M
Fold 5 Epoch  1 | Train Loss:0.8623 Acc:0.6694 | Val Loss:0.7020 Acc:0.7333 | Time:15s
Fold 5 Epoch  2 | Train Loss:0.3441 Acc:0.8824 | Val Loss:1.4469 Acc:0.3833 | Time:16s
Fold 5 Epoch  3 | Train Loss:0.2375 Acc:0.9229 | Val Loss:1.9261 Acc:0.5333 | Time:16s
Fold 5 Epoch  4 | Train Loss:0.1929 Acc:0.9381 | Val Loss:1.5053 Acc:0.7000 | Time:16s
Fold 5 Epoch  5 | Train Loss:0.1764 Acc:0.9432 | Val Loss:1.0469 Acc:0.7750 | Time:16s
Fold 5 Epoch  6 | Train Loss:0.1226 Acc:0.9635 | Val Loss:0.4205 Acc:0.7500 | Time:16s
Fold 5 Epoch  7 | Train Loss:0.1237 Acc:0.9625 | Val Loss:0.5951 Acc:0.7417 | Time:16s
Fold 5 Epoch  8 | Train Loss:0.1165 Acc:0.9706 | Val Loss:1.3328 Acc:0.6167 | Time:15s
Fold 5 Epoch  9 | Train Loss:0.0662 Acc:0.9817 | Val Loss:0.5920 Acc:0.8083 | Time:16s
Fold 5 Epoch 10 | Train Loss:0.0598 Acc:0.9878 | Val Loss:0.5839 Acc:0.8750 | Time:16s
Fold 5 Epoch 11 | Train Loss:0.0521 Acc:0.9848 | Val Loss:1.0715 Acc:0.7167 | Time:16s
Fold 5 Epoch 12 | Train Loss:0.0551 Acc:0.9848 | Val Loss:0.7231 Acc:0.7417 | Time:16s
Fold 5 Epoch 13 | Train Loss:0.0403 Acc:0.9868 | Val Loss:1.1829 Acc:0.7167 | Time:16s
Fold 5 Epoch 14 | Train Loss:0.0652 Acc:0.9828 | Val Loss:0.5497 Acc:0.8250 | Time:17s
Fold 5 Epoch 15 | Train Loss:0.0598 Acc:0.9797 | Val Loss:0.8605 Acc:0.6750 | Time:18s
Fold 5 Epoch 16 | Train Loss:0.0595 Acc:0.9848 | Val Loss:0.5251 Acc:0.7417 | Time:16s
Fold 5 Epoch 17 | Train Loss:0.0315 Acc:0.9909 | Val Loss:0.8367 Acc:0.7083 | Time:16s
Fold 5 Epoch 18 | Train Loss:0.0378 Acc:0.9878 | Val Loss:1.2078 Acc:0.6667 | Time:17s
Fold 5 Epoch 19 | Train Loss:0.0257 Acc:0.9939 | Val Loss:0.9431 Acc:0.7417 | Time:16s
Fold 5 Epoch 20 | Train Loss:0.0211 Acc:0.9939 | Val Loss:0.7928 Acc:0.7417 | Time:16s
  ⏹ 早停于 Epoch 20（10 轮未提升）
  ✅ Fold5 Best Val Acc: 0.8750

============================================================
  Fold 6/12: 6
  验证受试者: 6 (120 张)
  验证表情分布: {0: 20, 1: 20, 2: 20, 3: 20, 4: 20, 5: 20}
  训练: 986 张 | 验证: 120 张
============================================================
  🏗️  Backbone: resnet50 (imagenet)
       特征维度: 2048
       投影层: 2048 → 512 → 6
       Backbone 参数: 23.5M
Fold 6 Epoch  1 | Train Loss:0.8666 Acc:0.6846 | Val Loss:0.9221 Acc:0.5917 | Time:15s
Fold 6 Epoch  2 | Train Loss:0.3235 Acc:0.8884 | Val Loss:0.7627 Acc:0.6917 | Time:17s
Fold 6 Epoch  3 | Train Loss:0.2520 Acc:0.9219 | Val Loss:0.8522 Acc:0.7500 | Time:18s
Fold 6 Epoch  4 | Train Loss:0.1665 Acc:0.9513 | Val Loss:1.2731 Acc:0.4917 | Time:17s
Fold 6 Epoch  5 | Train Loss:0.1745 Acc:0.9462 | Val Loss:1.6412 Acc:0.5917 | Time:17s
Fold 6 Epoch  6 | Train Loss:0.1572 Acc:0.9523 | Val Loss:1.3338 Acc:0.5917 | Time:16s
Fold 6 Epoch  7 | Train Loss:0.1233 Acc:0.9665 | Val Loss:1.2224 Acc:0.6500 | Time:16s
Fold 6 Epoch  8 | Train Loss:0.1052 Acc:0.9696 | Val Loss:1.2052 Acc:0.6333 | Time:17s
Fold 6 Epoch  9 | Train Loss:0.0992 Acc:0.9736 | Val Loss:1.3131 Acc:0.5750 | Time:16s
Fold 6 Epoch 10 | Train Loss:0.0795 Acc:0.9777 | Val Loss:1.2143 Acc:0.6250 | Time:17s
Fold 6 Epoch 11 | Train Loss:0.0679 Acc:0.9858 | Val Loss:1.1315 Acc:0.5750 | Time:17s
Fold 6 Epoch 12 | Train Loss:0.0473 Acc:0.9828 | Val Loss:1.1362 Acc:0.5750 | Time:18s
Fold 6 Epoch 13 | Train Loss:0.0519 Acc:0.9868 | Val Loss:2.2064 Acc:0.3750 | Time:18s
  ⏹ 早停于 Epoch 13（10 轮未提升）
  ✅ Fold6 Best Val Acc: 0.7500

============================================================
  Fold 7/12: 7
  验证受试者: 7 (100 张)
  验证表情分布: {0: 20, 2: 20, 3: 20, 4: 20, 5: 20}
  训练: 1006 张 | 验证: 100 张
============================================================
  🏗️  Backbone: resnet50 (imagenet)
       特征维度: 2048
       投影层: 2048 → 512 → 6
       Backbone 参数: 23.5M
Fold 7 Epoch  1 | Train Loss:0.8680 Acc:0.6769 | Val Loss:0.7689 Acc:0.6400 | Time:16s
Fold 7 Epoch  2 | Train Loss:0.3865 Acc:0.8668 | Val Loss:1.2190 Acc:0.6000 | Time:16s
Fold 7 Epoch  3 | Train Loss:0.2542 Acc:0.9185 | Val Loss:1.6392 Acc:0.4700 | Time:17s
Fold 7 Epoch  4 | Train Loss:0.2135 Acc:0.9264 | Val Loss:1.2379 Acc:0.6000 | Time:17s
Fold 7 Epoch  5 | Train Loss:0.1415 Acc:0.9602 | Val Loss:1.2048 Acc:0.6200 | Time:17s
Fold 7 Epoch  6 | Train Loss:0.0998 Acc:0.9712 | Val Loss:2.3677 Acc:0.4300 | Time:16s
Fold 7 Epoch  7 | Train Loss:0.1236 Acc:0.9602 | Val Loss:0.9041 Acc:0.7300 | Time:17s
Fold 7 Epoch  8 | Train Loss:0.1373 Acc:0.9612 | Val Loss:1.3851 Acc:0.6400 | Time:18s
Fold 7 Epoch  9 | Train Loss:0.0948 Acc:0.9662 | Val Loss:0.9028 Acc:0.8800 | Time:17s
Fold 7 Epoch 10 | Train Loss:0.0850 Acc:0.9781 | Val Loss:0.9896 Acc:0.6900 | Time:17s
Fold 7 Epoch 11 | Train Loss:0.0778 Acc:0.9771 | Val Loss:1.6721 Acc:0.5900 | Time:17s
Fold 7 Epoch 12 | Train Loss:0.0651 Acc:0.9791 | Val Loss:1.0615 Acc:0.6400 | Time:17s
Fold 7 Epoch 13 | Train Loss:0.0561 Acc:0.9831 | Val Loss:1.1184 Acc:0.7900 | Time:17s
Fold 7 Epoch 14 | Train Loss:0.0507 Acc:0.9891 | Val Loss:2.0226 Acc:0.6100 | Time:17s
Fold 7 Epoch 15 | Train Loss:0.0814 Acc:0.9722 | Val Loss:2.6385 Acc:0.4600 | Time:17s
Fold 7 Epoch 16 | Train Loss:0.0717 Acc:0.9841 | Val Loss:1.1608 Acc:0.6700 | Time:17s
Fold 7 Epoch 17 | Train Loss:0.0324 Acc:0.9930 | Val Loss:0.9514 Acc:0.7400 | Time:17s
Fold 7 Epoch 18 | Train Loss:0.0485 Acc:0.9881 | Val Loss:1.5480 Acc:0.6500 | Time:17s
Fold 7 Epoch 19 | Train Loss:0.0251 Acc:0.9940 | Val Loss:1.1399 Acc:0.7300 | Time:16s
  ⏹ 早停于 Epoch 19（10 轮未提升）
  ✅ Fold7 Best Val Acc: 0.8800

============================================================
  Fold 8/12: 8
  验证受试者: 8 (110 张)
  验证表情分布: {0: 20, 1: 20, 2: 10, 3: 20, 4: 20, 5: 20}
  训练: 996 张 | 验证: 110 张
============================================================
  🏗️  Backbone: resnet50 (imagenet)
       特征维度: 2048
       投影层: 2048 → 512 → 6
       Backbone 参数: 23.5M
Fold 8 Epoch  1 | Train Loss:0.8263 Acc:0.7068 | Val Loss:0.9095 Acc:0.6273 | Time:16s
Fold 8 Epoch  2 | Train Loss:0.3769 Acc:0.8735 | Val Loss:0.9103 Acc:0.6182 | Time:16s
Fold 8 Epoch  3 | Train Loss:0.2326 Acc:0.9357 | Val Loss:0.9372 Acc:0.6455 | Time:17s
Fold 8 Epoch  4 | Train Loss:0.3026 Acc:0.9036 | Val Loss:1.4465 Acc:0.5273 | Time:17s
Fold 8 Epoch  5 | Train Loss:0.2779 Acc:0.9347 | Val Loss:1.2955 Acc:0.6545 | Time:16s
Fold 8 Epoch  6 | Train Loss:0.2577 Acc:0.9357 | Val Loss:1.0560 Acc:0.7636 | Time:18s
Fold 8 Epoch  7 | Train Loss:0.2232 Acc:0.9347 | Val Loss:1.3322 Acc:0.6273 | Time:22s
Fold 8 Epoch  8 | Train Loss:0.1748 Acc:0.9548 | Val Loss:0.9810 Acc:0.7091 | Time:20s
Fold 8 Epoch  9 | Train Loss:0.1380 Acc:0.9578 | Val Loss:1.6163 Acc:0.5818 | Time:20s
Fold 8 Epoch 10 | Train Loss:0.1671 Acc:0.9679 | Val Loss:0.9415 Acc:0.6909 | Time:17s
Fold 8 Epoch 11 | Train Loss:0.1310 Acc:0.9629 | Val Loss:1.1553 Acc:0.7182 | Time:17s
Fold 8 Epoch 12 | Train Loss:0.1026 Acc:0.9659 | Val Loss:1.3141 Acc:0.7000 | Time:17s
Fold 8 Epoch 13 | Train Loss:0.1079 Acc:0.9749 | Val Loss:1.1215 Acc:0.6636 | Time:18s
Fold 8 Epoch 14 | Train Loss:0.1184 Acc:0.9679 | Val Loss:0.9041 Acc:0.6909 | Time:17s
Fold 8 Epoch 15 | Train Loss:0.0707 Acc:0.9839 | Val Loss:0.9761 Acc:0.6455 | Time:16s
Fold 8 Epoch 16 | Train Loss:0.0430 Acc:0.9960 | Val Loss:0.9927 Acc:0.7091 | Time:17s
  ⏹ 早停于 Epoch 16（10 轮未提升）
  ✅ Fold8 Best Val Acc: 0.7636

============================================================
  Fold 9/12: 9
  验证受试者: 9 (70 张)
  验证表情分布: {0: 20, 2: 10, 3: 20, 4: 10, 5: 10}
  训练: 1036 张 | 验证: 70 张
============================================================
  🏗️  Backbone: resnet50 (imagenet)
       特征维度: 2048
       投影层: 2048 → 512 → 6
       Backbone 参数: 23.5M
Fold 9 Epoch  1 | Train Loss:0.8360 Acc:0.6844 | Val Loss:0.4671 Acc:0.9429 | Time:18s
Fold 9 Epoch  2 | Train Loss:0.3506 Acc:0.8861 | Val Loss:1.0737 Acc:0.6429 | Time:20s
Fold 9 Epoch  3 | Train Loss:0.2408 Acc:0.9180 | Val Loss:0.5941 Acc:0.8286 | Time:19s
Fold 9 Epoch  4 | Train Loss:0.2474 Acc:0.9189 | Val Loss:1.1688 Acc:0.6857 | Time:17s
Fold 9 Epoch  5 | Train Loss:0.1725 Acc:0.9517 | Val Loss:0.5595 Acc:0.8429 | Time:17s
Fold 9 Epoch  6 | Train Loss:0.1324 Acc:0.9604 | Val Loss:0.6547 Acc:0.8429 | Time:18s
Fold 9 Epoch  7 | Train Loss:0.1067 Acc:0.9701 | Val Loss:0.4248 Acc:0.9571 | Time:18s
Fold 9 Epoch  8 | Train Loss:0.1016 Acc:0.9662 | Val Loss:0.4736 Acc:0.9429 | Time:20s
Fold 9 Epoch  9 | Train Loss:0.0933 Acc:0.9749 | Val Loss:0.7679 Acc:0.7286 | Time:18s
Fold 9 Epoch 10 | Train Loss:0.0584 Acc:0.9826 | Val Loss:0.6282 Acc:0.7143 | Time:17s
Fold 9 Epoch 11 | Train Loss:0.0496 Acc:0.9875 | Val Loss:0.2471 Acc:0.9429 | Time:17s
Fold 9 Epoch 12 | Train Loss:0.0452 Acc:0.9875 | Val Loss:0.6408 Acc:0.6857 | Time:17s
Fold 9 Epoch 13 | Train Loss:0.0489 Acc:0.9875 | Val Loss:0.4712 Acc:0.9429 | Time:17s
Fold 9 Epoch 14 | Train Loss:0.0383 Acc:0.9894 | Val Loss:0.6544 Acc:0.9286 | Time:17s
Fold 9 Epoch 15 | Train Loss:0.0817 Acc:0.9768 | Val Loss:0.9977 Acc:0.6714 | Time:17s
Fold 9 Epoch 16 | Train Loss:0.0501 Acc:0.9855 | Val Loss:0.4901 Acc:0.9571 | Time:18s
Fold 9 Epoch 17 | Train Loss:0.0538 Acc:0.9826 | Val Loss:0.6168 Acc:0.9571 | Time:18s
  ⏹ 早停于 Epoch 17（10 轮未提升）
  ✅ Fold9 Best Val Acc: 0.9571

============================================================
  Fold 10/12: 10
  验证受试者: 10 (80 张)
  验证表情分布: {0: 10, 1: 10, 2: 20, 3: 20, 5: 20}
  训练: 1026 张 | 验证: 80 张
============================================================
  🏗️  Backbone: resnet50 (imagenet)
       特征维度: 2048
       投影层: 2048 → 512 → 6
       Backbone 参数: 23.5M
Fold10 Epoch  1 | Train Loss:0.7955 Acc:0.7037 | Val Loss:1.3812 Acc:0.4375 | Time:16s
Fold10 Epoch  2 | Train Loss:0.3439 Acc:0.8947 | Val Loss:1.9233 Acc:0.5000 | Time:16s
Fold10 Epoch  3 | Train Loss:0.3030 Acc:0.9123 | Val Loss:2.0768 Acc:0.4375 | Time:17s
Fold10 Epoch  4 | Train Loss:0.2617 Acc:0.9162 | Val Loss:0.7835 Acc:0.6500 | Time:17s
Fold10 Epoch  5 | Train Loss:0.2230 Acc:0.9386 | Val Loss:2.0433 Acc:0.3375 | Time:17s
Fold10 Epoch  6 | Train Loss:0.2758 Acc:0.9269 | Val Loss:1.1287 Acc:0.5750 | Time:16s
Fold10 Epoch  7 | Train Loss:0.3236 Acc:0.9250 | Val Loss:1.1788 Acc:0.5875 | Time:17s
Fold10 Epoch  8 | Train Loss:0.2600 Acc:0.9337 | Val Loss:1.4851 Acc:0.4625 | Time:17s
Fold10 Epoch  9 | Train Loss:0.3336 Acc:0.9142 | Val Loss:1.4894 Acc:0.4875 | Time:16s
Fold10 Epoch 10 | Train Loss:0.2225 Acc:0.9318 | Val Loss:1.3333 Acc:0.6750 | Time:17s
Fold10 Epoch 11 | Train Loss:0.1342 Acc:0.9639 | Val Loss:1.7174 Acc:0.4750 | Time:17s
Fold10 Epoch 12 | Train Loss:0.1370 Acc:0.9600 | Val Loss:2.3746 Acc:0.4875 | Time:18s
Fold10 Epoch 13 | Train Loss:0.1551 Acc:0.9766 | Val Loss:1.8222 Acc:0.4000 | Time:17s
Fold10 Epoch 14 | Train Loss:0.0760 Acc:0.9805 | Val Loss:2.1987 Acc:0.3375 | Time:18s
Fold10 Epoch 15 | Train Loss:0.0618 Acc:0.9873 | Val Loss:1.6436 Acc:0.4125 | Time:18s
Fold10 Epoch 16 | Train Loss:0.0898 Acc:0.9834 | Val Loss:2.5410 Acc:0.3750 | Time:17s
Fold10 Epoch 17 | Train Loss:0.0642 Acc:0.9844 | Val Loss:1.6017 Acc:0.5750 | Time:17s
Fold10 Epoch 18 | Train Loss:0.0839 Acc:0.9815 | Val Loss:1.2006 Acc:0.6125 | Time:18s
Fold10 Epoch 19 | Train Loss:0.0674 Acc:0.9834 | Val Loss:2.2260 Acc:0.5250 | Time:17s
Fold10 Epoch 20 | Train Loss:0.0515 Acc:0.9922 | Val Loss:1.2347 Acc:0.5375 | Time:17s
  ⏹ 早停于 Epoch 20（10 轮未提升）
  ✅ Fold10 Best Val Acc: 0.6750

============================================================
  Fold 11/12: 11
  验证受试者: 11 (100 张)
  验证表情分布: {0: 20, 1: 20, 2: 20, 4: 20, 5: 20}
  训练: 1006 张 | 验证: 100 张
============================================================
  🏗️  Backbone: resnet50 (imagenet)
       特征维度: 2048
       投影层: 2048 → 512 → 6
       Backbone 参数: 23.5M
Fold11 Epoch  1 | Train Loss:0.8512 Acc:0.6928 | Val Loss:1.4890 Acc:0.4600 | Time:16s
Fold11 Epoch  2 | Train Loss:0.4051 Acc:0.8688 | Val Loss:1.5762 Acc:0.4700 | Time:16s
Fold11 Epoch  3 | Train Loss:0.2693 Acc:0.9195 | Val Loss:1.2303 Acc:0.6100 | Time:17s
Fold11 Epoch  4 | Train Loss:0.1456 Acc:0.9543 | Val Loss:1.4402 Acc:0.6400 | Time:17s
Fold11 Epoch  5 | Train Loss:0.1854 Acc:0.9364 | Val Loss:1.4340 Acc:0.5000 | Time:18s
Fold11 Epoch  6 | Train Loss:0.1651 Acc:0.9523 | Val Loss:2.6288 Acc:0.4500 | Time:18s
Fold11 Epoch  7 | Train Loss:0.1321 Acc:0.9553 | Val Loss:1.6230 Acc:0.6000 | Time:17s
Fold11 Epoch  8 | Train Loss:0.1047 Acc:0.9692 | Val Loss:3.2096 Acc:0.5700 | Time:16s
Fold11 Epoch  9 | Train Loss:0.0890 Acc:0.9761 | Val Loss:2.9114 Acc:0.4600 | Time:17s
Fold11 Epoch 10 | Train Loss:0.0666 Acc:0.9791 | Val Loss:3.2446 Acc:0.4400 | Time:17s
Fold11 Epoch 11 | Train Loss:0.0784 Acc:0.9811 | Val Loss:1.8293 Acc:0.4200 | Time:17s
Fold11 Epoch 12 | Train Loss:0.0537 Acc:0.9811 | Val Loss:1.2186 Acc:0.7300 | Time:17s
Fold11 Epoch 13 | Train Loss:0.0555 Acc:0.9831 | Val Loss:2.8512 Acc:0.5300 | Time:17s
Fold11 Epoch 14 | Train Loss:0.0554 Acc:0.9861 | Val Loss:1.7348 Acc:0.7200 | Time:17s
Fold11 Epoch 15 | Train Loss:0.0470 Acc:0.9891 | Val Loss:1.5052 Acc:0.5800 | Time:17s
Fold11 Epoch 16 | Train Loss:0.0357 Acc:0.9920 | Val Loss:2.7538 Acc:0.4600 | Time:16s
Fold11 Epoch 17 | Train Loss:0.0393 Acc:0.9861 | Val Loss:2.6217 Acc:0.4900 | Time:16s
Fold11 Epoch 18 | Train Loss:0.0211 Acc:0.9950 | Val Loss:1.7443 Acc:0.6700 | Time:17s
Fold11 Epoch 19 | Train Loss:0.0361 Acc:0.9920 | Val Loss:2.2938 Acc:0.6100 | Time:16s
Fold11 Epoch 20 | Train Loss:0.0435 Acc:0.9881 | Val Loss:2.0359 Acc:0.6100 | Time:16s
Fold11 Epoch 21 | Train Loss:0.0510 Acc:0.9871 | Val Loss:2.8292 Acc:0.4400 | Time:17s
Fold11 Epoch 22 | Train Loss:0.0207 Acc:0.9950 | Val Loss:2.8985 Acc:0.5700 | Time:16s
  ⏹ 早停于 Epoch 22（10 轮未提升）
  ✅ Fold11 Best Val Acc: 0.7300

============================================================
  Fold 12/12: 12
  验证受试者: 12 (70 张)
  验证表情分布: {0: 20, 1: 10, 3: 20, 4: 20}
  训练: 1036 张 | 验证: 70 张
============================================================
  🏗️  Backbone: resnet50 (imagenet)
       特征维度: 2048
       投影层: 2048 → 512 → 6
       Backbone 参数: 23.5M
Fold12 Epoch  1 | Train Loss:0.8202 Acc:0.6969 | Val Loss:2.2255 Acc:0.2857 | Time:16s
Fold12 Epoch  2 | Train Loss:0.3320 Acc:0.8967 | Val Loss:1.9997 Acc:0.4571 | Time:17s
Fold12 Epoch  3 | Train Loss:0.2126 Acc:0.9363 | Val Loss:2.0364 Acc:0.3429 | Time:17s
Fold12 Epoch  4 | Train Loss:0.1819 Acc:0.9469 | Val Loss:3.2725 Acc:0.4571 | Time:17s
Fold12 Epoch  5 | Train Loss:0.1261 Acc:0.9643 | Val Loss:1.3302 Acc:0.5857 | Time:17s
Fold12 Epoch  6 | Train Loss:0.1142 Acc:0.9624 | Val Loss:3.4756 Acc:0.3857 | Time:17s
Fold12 Epoch  7 | Train Loss:0.1238 Acc:0.9604 | Val Loss:2.5139 Acc:0.4429 | Time:16s
Fold12 Epoch  8 | Train Loss:0.1145 Acc:0.9643 | Val Loss:2.3626 Acc:0.3571 | Time:17s
Fold12 Epoch  9 | Train Loss:0.0930 Acc:0.9701 | Val Loss:2.3658 Acc:0.3714 | Time:17s
Fold12 Epoch 10 | Train Loss:0.0520 Acc:0.9875 | Val Loss:2.6352 Acc:0.3714 | Time:18s
Fold12 Epoch 11 | Train Loss:0.0568 Acc:0.9817 | Val Loss:3.6145 Acc:0.5000 | Time:17s
Fold12 Epoch 12 | Train Loss:0.0546 Acc:0.9913 | Val Loss:3.2805 Acc:0.4714 | Time:16s
Fold12 Epoch 13 | Train Loss:0.0599 Acc:0.9836 | Val Loss:3.0440 Acc:0.3286 | Time:17s
Fold12 Epoch 14 | Train Loss:0.0430 Acc:0.9894 | Val Loss:2.6996 Acc:0.3857 | Time:18s
Fold12 Epoch 15 | Train Loss:0.0307 Acc:0.9923 | Val Loss:2.8227 Acc:0.4571 | Time:17s
  ⏹ 早停于 Epoch 15（10 轮未提升）
  ✅ Fold12 Best Val Acc: 0.5857

============================================================
  交叉验证结果汇总
============================================================
  1: 0.7460
  2: 0.8333
  3: 0.8333
  4: 0.7833
  5: 0.8750
  6: 0.7500
  7: 0.8800
  8: 0.7636
  9: 0.9571
  10: 0.6750
  11: 0.7300
  12: 0.5857

  平均精度: 0.7844 +- 0.0955

  每位受试者准确率:
    subject_1: 0.7460 [######################--------]
    subject_2: 0.8333 [########################------]
    subject_3: 0.8333 [########################------]
    subject_4: 0.7833 [#######################-------]
    subject_5: 0.8750 [##########################----]
    subject_6: 0.7500 [######################--------]
    subject_7: 0.8800 [##########################----]
    subject_8: 0.7636 [######################--------]
    subject_9: 0.9571 [############################--]
    subject_10: 0.6750 [####################----------]
    subject_11: 0.7300 [#####################---------]
    subject_12: 0.5857 [#################-------------]
  最低: subject_12 = 0.5857
  最高: subject_9 = 0.9571

📝 训练指标已保存: ../../KMU-FED/output_exp2_c3\training_metrics.json

⏱️  总耗时: 71.9 分钟
