🖥️  设备: cuda:0
✅ CLIP 模型加载成功: D:\MM_Emotion\2_FER\CAFE\CAFE\clip\ViT-B-32.pt
🔧 配置: Backbone=resnet50 | 预训练=imagenet | CLIP=无 CLIP | Dropout=0.0
🔧 优化器: adam | 调度器: plateau | LR=0.0002 | WD=0.0001 | LabelSmooth=0.0
📈 TensorBoard 日志: ../../KMU-FED/output_exp2_c4\tensorboard\20260716_112011
训练增强: RandomHorizontalFlip + RandomErasing
人脸检测: YOLO 已加载 (../../yolov8n.pt)
人脸检测: Haar Cascade 已加载

============================================================
  数据集分析
============================================================
  数据集: D:\MM_Emotion\2_FER\CAFE\CAFE\..\..\KMU-FED\KMU-FED
  受试者总数: 12
  图片总数: 1106
  类别数: 6
         angry (id=0):  196 ###################
       disgust (id=1):  120 ############
          fear (id=2):  200 ####################
         happy (id=3):  210 #####################
           sad (id=4):  180 ##################
      surprise (id=5):  200 ####################

  每受试者图片数:
    受试者 1: 126 张  [A:26, D:20, F:20, H:20, S:20, S:20]
    受试者 2:  60 张  [A:10, F:20, H:10, S:20]
    受试者 3:  90 张  [A:10, F:20, H:20, S:20, S:20]
    受试者 4:  60 张  [F:20, H:20, S:10, S:10]
    受试者 5: 120 张  [A:20, D:20, F:20, H:20, S:20, S:20]
    受试者 6: 120 张  [A:20, D:20, F:20, H:20, S:20, S:20]
    受试者 7: 100 张  [A:20, F:20, H:20, S:20, S:20]
    受试者 8: 110 张  [A:20, D:20, F:10, H:20, S:20, S:20]
    受试者 9:  70 张  [A:20, F:10, H:20, S:10, S:10]
    受试者 10:  80 张  [A:10, D:10, F:20, H:20, S:20]
    受试者 11: 100 张  [A:20, D:20, F:20, S:20, S:20]
    受试者 12:  70 张  [A:20, D:10, H:20, S:20]
============================================================

评估方法: LOSO (12 folds)
总轮次: 12

============================================================
  Fold 1/12: 1
  验证受试者: 1 (126 张)
  验证表情分布: {0: 26, 1: 20, 2: 20, 3: 20, 4: 20, 5: 20}
  训练: 980 张 | 验证: 126 张
============================================================
  🏗️  Backbone: resnet50 (imagenet)
       特征维度: 2048
       投影层: 2048 → 512 → 6
       Backbone 参数: 23.5M
Fold 1 Epoch  1 | Train Loss:0.8816 Acc:0.6694 | Val Loss:1.0448 Acc:0.6984 | Time:16s
Fold 1 Epoch  2 | Train Loss:0.3619 Acc:0.8867 | Val Loss:1.1618 Acc:0.6905 | Time:17s
Fold 1 Epoch  3 | Train Loss:0.2388 Acc:0.9204 | Val Loss:1.2455 Acc:0.5873 | Time:16s
Fold 1 Epoch  4 | Train Loss:0.1670 Acc:0.9490 | Val Loss:1.7982 Acc:0.5238 | Time:16s
Fold 1 Epoch  5 | Train Loss:0.1112 Acc:0.9694 | Val Loss:1.1542 Acc:0.6984 | Time:16s
Fold 1 Epoch  6 | Train Loss:0.1322 Acc:0.9633 | Val Loss:1.8227 Acc:0.6111 | Time:17s
Fold 1 Epoch  7 | Train Loss:0.1294 Acc:0.9551 | Val Loss:1.0892 Acc:0.6825 | Time:17s
Fold 1 Epoch  8 | Train Loss:0.0628 Acc:0.9827 | Val Loss:1.3917 Acc:0.6984 | Time:16s
Fold 1 Epoch  9 | Train Loss:0.0519 Acc:0.9867 | Val Loss:1.9337 Acc:0.5794 | Time:16s
Fold 1 Epoch 10 | Train Loss:0.0241 Acc:0.9959 | Val Loss:1.6813 Acc:0.6190 | Time:18s
Fold 1 Epoch 11 | Train Loss:0.0266 Acc:0.9939 | Val Loss:1.5012 Acc:0.6667 | Time:17s
  ⏹ 早停于 Epoch 11（10 轮未提升）
  ✅ Fold1 Best Val Acc: 0.6984

============================================================
  Fold 2/12: 2
  验证受试者: 2 (60 张)
  验证表情分布: {0: 10, 2: 20, 3: 10, 5: 20}
  训练: 1046 张 | 验证: 60 张
============================================================
  🏗️  Backbone: resnet50 (imagenet)
       特征维度: 2048
       投影层: 2048 → 512 → 6
       Backbone 参数: 23.5M
Fold 2 Epoch  1 | Train Loss:0.8668 Acc:0.6912 | Val Loss:1.4515 Acc:0.5000 | Time:17s
Fold 2 Epoch  2 | Train Loss:0.3030 Acc:0.8987 | Val Loss:1.1843 Acc:0.6000 | Time:18s
Fold 2 Epoch  3 | Train Loss:0.1743 Acc:0.9570 | Val Loss:2.0855 Acc:0.4500 | Time:19s
Fold 2 Epoch  4 | Train Loss:0.1413 Acc:0.9627 | Val Loss:1.4215 Acc:0.5167 | Time:20s
Fold 2 Epoch  5 | Train Loss:0.1364 Acc:0.9598 | Val Loss:2.3755 Acc:0.3833 | Time:17s
Fold 2 Epoch  6 | Train Loss:0.1301 Acc:0.9579 | Val Loss:1.1561 Acc:0.7000 | Time:18s
Fold 2 Epoch  7 | Train Loss:0.1303 Acc:0.9637 | Val Loss:1.5503 Acc:0.5667 | Time:19s
Fold 2 Epoch  8 | Train Loss:0.1348 Acc:0.9560 | Val Loss:1.7735 Acc:0.5833 | Time:19s
Fold 2 Epoch  9 | Train Loss:0.1217 Acc:0.9570 | Val Loss:1.3437 Acc:0.4833 | Time:18s
Fold 2 Epoch 10 | Train Loss:0.0686 Acc:0.9780 | Val Loss:2.1654 Acc:0.2667 | Time:17s
Fold 2 Epoch 11 | Train Loss:0.0695 Acc:0.9790 | Val Loss:1.5292 Acc:0.6167 | Time:18s
Fold 2 Epoch 12 | Train Loss:0.0628 Acc:0.9857 | Val Loss:1.4959 Acc:0.5333 | Time:19s
Fold 2 Epoch 13 | Train Loss:0.0549 Acc:0.9847 | Val Loss:1.3578 Acc:0.5333 | Time:18s
Fold 2 Epoch 14 | Train Loss:0.0236 Acc:0.9952 | Val Loss:1.4478 Acc:0.5667 | Time:18s
Fold 2 Epoch 15 | Train Loss:0.0186 Acc:0.9962 | Val Loss:1.5430 Acc:0.5667 | Time:19s
Fold 2 Epoch 16 | Train Loss:0.0200 Acc:0.9971 | Val Loss:1.6415 Acc:0.6000 | Time:17s
  ⏹ 早停于 Epoch 16（10 轮未提升）
  ✅ Fold2 Best Val Acc: 0.7000

============================================================
  Fold 3/12: 3
  验证受试者: 3 (90 张)
  验证表情分布: {0: 10, 2: 20, 3: 20, 4: 20, 5: 20}
  训练: 1016 张 | 验证: 90 张
============================================================
  🏗️  Backbone: resnet50 (imagenet)
       特征维度: 2048
       投影层: 2048 → 512 → 6
       Backbone 参数: 23.5M
Fold 3 Epoch  1 | Train Loss:0.7957 Acc:0.7028 | Val Loss:0.9105 Acc:0.6667 | Time:16s
Fold 3 Epoch  2 | Train Loss:0.3342 Acc:0.8917 | Val Loss:0.7797 Acc:0.7444 | Time:16s
Fold 3 Epoch  3 | Train Loss:0.2143 Acc:0.9321 | Val Loss:1.2515 Acc:0.7000 | Time:17s
Fold 3 Epoch  4 | Train Loss:0.1360 Acc:0.9596 | Val Loss:0.9695 Acc:0.7000 | Time:18s
Fold 3 Epoch  5 | Train Loss:0.1193 Acc:0.9656 | Val Loss:1.1514 Acc:0.6889 | Time:17s
Fold 3 Epoch  6 | Train Loss:0.1290 Acc:0.9616 | Val Loss:0.9053 Acc:0.8111 | Time:17s
Fold 3 Epoch  7 | Train Loss:0.1086 Acc:0.9646 | Val Loss:0.9439 Acc:0.7111 | Time:18s
Fold 3 Epoch  8 | Train Loss:0.1408 Acc:0.9537 | Val Loss:1.2564 Acc:0.6556 | Time:18s
Fold 3 Epoch  9 | Train Loss:0.0999 Acc:0.9685 | Val Loss:1.6087 Acc:0.5667 | Time:21s
Fold 3 Epoch 10 | Train Loss:0.0923 Acc:0.9764 | Val Loss:1.4125 Acc:0.6667 | Time:19s
Fold 3 Epoch 11 | Train Loss:0.0823 Acc:0.9734 | Val Loss:1.2705 Acc:0.7111 | Time:17s
Fold 3 Epoch 12 | Train Loss:0.0808 Acc:0.9715 | Val Loss:2.0023 Acc:0.4222 | Time:17s
Fold 3 Epoch 13 | Train Loss:0.0760 Acc:0.9774 | Val Loss:0.9163 Acc:0.7667 | Time:18s
Fold 3 Epoch 14 | Train Loss:0.0275 Acc:0.9911 | Val Loss:0.8170 Acc:0.7000 | Time:19s
Fold 3 Epoch 15 | Train Loss:0.0199 Acc:0.9941 | Val Loss:0.8854 Acc:0.7889 | Time:18s
Fold 3 Epoch 16 | Train Loss:0.0167 Acc:0.9980 | Val Loss:1.1592 Acc:0.6667 | Time:17s
  ⏹ 早停于 Epoch 16（10 轮未提升）
  ✅ Fold3 Best Val Acc: 0.8111

============================================================
  Fold 4/12: 4
  验证受试者: 4 (60 张)
  验证表情分布: {2: 20, 3: 20, 4: 10, 5: 10}
  训练: 1046 张 | 验证: 60 张
============================================================
  🏗️  Backbone: resnet50 (imagenet)
       特征维度: 2048
       投影层: 2048 → 512 → 6
       Backbone 参数: 23.5M
Fold 4 Epoch  1 | Train Loss:0.8502 Acc:0.6836 | Val Loss:1.5250 Acc:0.4833 | Time:17s
Fold 4 Epoch  2 | Train Loss:0.3636 Acc:0.8834 | Val Loss:1.1958 Acc:0.4333 | Time:17s
Fold 4 Epoch  3 | Train Loss:0.2181 Acc:0.9359 | Val Loss:1.4240 Acc:0.4167 | Time:18s
Fold 4 Epoch  4 | Train Loss:0.1998 Acc:0.9340 | Val Loss:2.4373 Acc:0.3333 | Time:18s
Fold 4 Epoch  5 | Train Loss:0.1452 Acc:0.9579 | Val Loss:1.0097 Acc:0.6500 | Time:18s
Fold 4 Epoch  6 | Train Loss:0.1168 Acc:0.9656 | Val Loss:1.2590 Acc:0.5167 | Time:17s
Fold 4 Epoch  7 | Train Loss:0.1157 Acc:0.9627 | Val Loss:1.7520 Acc:0.4333 | Time:17s
Fold 4 Epoch  8 | Train Loss:0.0810 Acc:0.9790 | Val Loss:1.2516 Acc:0.4333 | Time:18s
Fold 4 Epoch  9 | Train Loss:0.0637 Acc:0.9818 | Val Loss:1.6425 Acc:0.3667 | Time:18s
Fold 4 Epoch 10 | Train Loss:0.0754 Acc:0.9751 | Val Loss:1.3444 Acc:0.5667 | Time:18s
Fold 4 Epoch 11 | Train Loss:0.1009 Acc:0.9685 | Val Loss:1.3166 Acc:0.7167 | Time:18s
Fold 4 Epoch 12 | Train Loss:0.0859 Acc:0.9790 | Val Loss:1.4729 Acc:0.6000 | Time:17s
Fold 4 Epoch 13 | Train Loss:0.1130 Acc:0.9646 | Val Loss:1.7434 Acc:0.2833 | Time:17s
Fold 4 Epoch 14 | Train Loss:0.1168 Acc:0.9665 | Val Loss:1.3763 Acc:0.5833 | Time:18s
Fold 4 Epoch 15 | Train Loss:0.0842 Acc:0.9723 | Val Loss:0.9090 Acc:0.6667 | Time:18s
Fold 4 Epoch 16 | Train Loss:0.0498 Acc:0.9847 | Val Loss:1.5392 Acc:0.6667 | Time:18s
Fold 4 Epoch 17 | Train Loss:0.0684 Acc:0.9780 | Val Loss:1.1068 Acc:0.6000 | Time:18s
Fold 4 Epoch 18 | Train Loss:0.0388 Acc:0.9914 | Val Loss:1.3876 Acc:0.5833 | Time:18s
Fold 4 Epoch 19 | Train Loss:0.0195 Acc:0.9981 | Val Loss:1.4239 Acc:0.5500 | Time:18s
Fold 4 Epoch 20 | Train Loss:0.0172 Acc:0.9952 | Val Loss:1.5460 Acc:0.5167 | Time:17s
Fold 4 Epoch 21 | Train Loss:0.0146 Acc:0.9962 | Val Loss:1.3219 Acc:0.5333 | Time:17s
  ⏹ 早停于 Epoch 21（10 轮未提升）
  ✅ Fold4 Best Val Acc: 0.7167

============================================================
  Fold 5/12: 5
  验证受试者: 5 (120 张)
  验证表情分布: {0: 20, 1: 20, 2: 20, 3: 20, 4: 20, 5: 20}
  训练: 986 张 | 验证: 120 张
============================================================
  🏗️  Backbone: resnet50 (imagenet)
       特征维度: 2048
       投影层: 2048 → 512 → 6
       Backbone 参数: 23.5M
Fold 5 Epoch  1 | Train Loss:0.8720 Acc:0.6724 | Val Loss:1.2371 Acc:0.5417 | Time:15s
Fold 5 Epoch  2 | Train Loss:0.3832 Acc:0.8773 | Val Loss:0.6787 Acc:0.7250 | Time:16s
Fold 5 Epoch  3 | Train Loss:0.2131 Acc:0.9381 | Val Loss:1.6551 Acc:0.5250 | Time:16s
Fold 5 Epoch  4 | Train Loss:0.1878 Acc:0.9493 | Val Loss:1.3022 Acc:0.6583 | Time:16s
Fold 5 Epoch  5 | Train Loss:0.1676 Acc:0.9544 | Val Loss:0.6770 Acc:0.7917 | Time:16s
Fold 5 Epoch  6 | Train Loss:0.1371 Acc:0.9635 | Val Loss:1.5729 Acc:0.6167 | Time:16s
Fold 5 Epoch  7 | Train Loss:0.1668 Acc:0.9503 | Val Loss:1.4386 Acc:0.5000 | Time:17s
Fold 5 Epoch  8 | Train Loss:0.1220 Acc:0.9615 | Val Loss:0.8039 Acc:0.7167 | Time:16s
Fold 5 Epoch  9 | Train Loss:0.1065 Acc:0.9706 | Val Loss:0.7559 Acc:0.7833 | Time:16s
Fold 5 Epoch 10 | Train Loss:0.0835 Acc:0.9787 | Val Loss:1.3364 Acc:0.5583 | Time:16s
Fold 5 Epoch 11 | Train Loss:0.0405 Acc:0.9909 | Val Loss:0.7308 Acc:0.8167 | Time:16s
Fold 5 Epoch 12 | Train Loss:0.0698 Acc:0.9797 | Val Loss:0.9750 Acc:0.6500 | Time:17s
Fold 5 Epoch 13 | Train Loss:0.1312 Acc:0.9615 | Val Loss:0.7670 Acc:0.6833 | Time:17s
Fold 5 Epoch 14 | Train Loss:0.1214 Acc:0.9625 | Val Loss:2.4043 Acc:0.5500 | Time:17s
Fold 5 Epoch 15 | Train Loss:0.1243 Acc:0.9574 | Val Loss:1.2750 Acc:0.6250 | Time:17s
Fold 5 Epoch 16 | Train Loss:0.1359 Acc:0.9584 | Val Loss:1.2317 Acc:0.6750 | Time:16s
Fold 5 Epoch 17 | Train Loss:0.0705 Acc:0.9828 | Val Loss:0.6662 Acc:0.8167 | Time:15s
Fold 5 Epoch 18 | Train Loss:0.0395 Acc:0.9899 | Val Loss:0.7677 Acc:0.8250 | Time:16s
Fold 5 Epoch 19 | Train Loss:0.0272 Acc:0.9949 | Val Loss:0.8668 Acc:0.7833 | Time:16s
Fold 5 Epoch 20 | Train Loss:0.0151 Acc:0.9959 | Val Loss:0.8023 Acc:0.8250 | Time:16s
Fold 5 Epoch 21 | Train Loss:0.0137 Acc:0.9980 | Val Loss:0.7140 Acc:0.8000 | Time:16s
Fold 5 Epoch 22 | Train Loss:0.0097 Acc:0.9980 | Val Loss:0.7233 Acc:0.8250 | Time:16s
Fold 5 Epoch 23 | Train Loss:0.0073 Acc:1.0000 | Val Loss:0.6405 Acc:0.8250 | Time:16s
Fold 5 Epoch 24 | Train Loss:0.0086 Acc:0.9990 | Val Loss:0.7619 Acc:0.8250 | Time:16s
Fold 5 Epoch 25 | Train Loss:0.0072 Acc:0.9990 | Val Loss:0.7055 Acc:0.8250 | Time:16s
Fold 5 Epoch 26 | Train Loss:0.0068 Acc:0.9990 | Val Loss:0.6779 Acc:0.8250 | Time:16s
Fold 5 Epoch 27 | Train Loss:0.0041 Acc:1.0000 | Val Loss:0.7321 Acc:0.8250 | Time:16s
Fold 5 Epoch 28 | Train Loss:0.0046 Acc:1.0000 | Val Loss:0.7549 Acc:0.8250 | Time:17s
  ⏹ 早停于 Epoch 28（10 轮未提升）
  ✅ Fold5 Best Val Acc: 0.8250

============================================================
  Fold 6/12: 6
  验证受试者: 6 (120 张)
  验证表情分布: {0: 20, 1: 20, 2: 20, 3: 20, 4: 20, 5: 20}
  训练: 986 张 | 验证: 120 张
============================================================
  🏗️  Backbone: resnet50 (imagenet)
       特征维度: 2048
       投影层: 2048 → 512 → 6
       Backbone 参数: 23.5M
Fold 6 Epoch  1 | Train Loss:0.8350 Acc:0.6907 | Val Loss:1.0978 Acc:0.6083 | Time:15s
Fold 6 Epoch  2 | Train Loss:0.3554 Acc:0.8925 | Val Loss:1.1034 Acc:0.4917 | Time:16s
Fold 6 Epoch  3 | Train Loss:0.2042 Acc:0.9341 | Val Loss:0.6393 Acc:0.7417 | Time:17s
Fold 6 Epoch  4 | Train Loss:0.2032 Acc:0.9391 | Val Loss:2.1839 Acc:0.3417 | Time:17s
Fold 6 Epoch  5 | Train Loss:0.1639 Acc:0.9503 | Val Loss:1.4050 Acc:0.5583 | Time:17s
Fold 6 Epoch  6 | Train Loss:0.1023 Acc:0.9716 | Val Loss:0.9801 Acc:0.6667 | Time:17s
Fold 6 Epoch  7 | Train Loss:0.0941 Acc:0.9746 | Val Loss:0.9440 Acc:0.7000 | Time:17s
Fold 6 Epoch  8 | Train Loss:0.1160 Acc:0.9686 | Val Loss:2.2411 Acc:0.5000 | Time:17s
Fold 6 Epoch  9 | Train Loss:0.0903 Acc:0.9736 | Val Loss:1.0206 Acc:0.6917 | Time:17s
Fold 6 Epoch 10 | Train Loss:0.0488 Acc:0.9838 | Val Loss:0.8899 Acc:0.6917 | Time:16s
Fold 6 Epoch 11 | Train Loss:0.0293 Acc:0.9919 | Val Loss:1.2524 Acc:0.6917 | Time:16s
Fold 6 Epoch 12 | Train Loss:0.0259 Acc:0.9949 | Val Loss:1.2762 Acc:0.7000 | Time:16s
Fold 6 Epoch 13 | Train Loss:0.0151 Acc:0.9970 | Val Loss:1.5590 Acc:0.5417 | Time:16s
  ⏹ 早停于 Epoch 13（10 轮未提升）
  ✅ Fold6 Best Val Acc: 0.7417

============================================================
  Fold 7/12: 7
  验证受试者: 7 (100 张)
  验证表情分布: {0: 20, 2: 20, 3: 20, 4: 20, 5: 20}
  训练: 1006 张 | 验证: 100 张
============================================================
  🏗️  Backbone: resnet50 (imagenet)
       特征维度: 2048
       投影层: 2048 → 512 → 6
       Backbone 参数: 23.5M
Fold 7 Epoch  1 | Train Loss:0.8777 Acc:0.6909 | Val Loss:1.0448 Acc:0.5100 | Time:16s
Fold 7 Epoch  2 | Train Loss:0.3269 Acc:0.8996 | Val Loss:1.1833 Acc:0.7000 | Time:16s
Fold 7 Epoch  3 | Train Loss:0.2244 Acc:0.9245 | Val Loss:1.6181 Acc:0.6200 | Time:17s
Fold 7 Epoch  4 | Train Loss:0.1569 Acc:0.9503 | Val Loss:1.1767 Acc:0.7000 | Time:17s
Fold 7 Epoch  5 | Train Loss:0.1716 Acc:0.9493 | Val Loss:1.5898 Acc:0.5800 | Time:16s
Fold 7 Epoch  6 | Train Loss:0.1302 Acc:0.9612 | Val Loss:1.4040 Acc:0.6600 | Time:17s
Fold 7 Epoch  7 | Train Loss:0.0944 Acc:0.9692 | Val Loss:1.0506 Acc:0.6200 | Time:17s
Fold 7 Epoch  8 | Train Loss:0.1177 Acc:0.9672 | Val Loss:2.0182 Acc:0.5900 | Time:16s
Fold 7 Epoch  9 | Train Loss:0.0677 Acc:0.9771 | Val Loss:1.2134 Acc:0.7000 | Time:17s
Fold 7 Epoch 10 | Train Loss:0.0465 Acc:0.9901 | Val Loss:1.0190 Acc:0.7200 | Time:17s
Fold 7 Epoch 11 | Train Loss:0.0262 Acc:0.9950 | Val Loss:1.2197 Acc:0.7300 | Time:17s
Fold 7 Epoch 12 | Train Loss:0.0256 Acc:0.9960 | Val Loss:1.5233 Acc:0.6600 | Time:17s
Fold 7 Epoch 13 | Train Loss:0.0149 Acc:0.9960 | Val Loss:1.6711 Acc:0.6700 | Time:17s
Fold 7 Epoch 14 | Train Loss:0.0227 Acc:0.9930 | Val Loss:2.0618 Acc:0.5200 | Time:18s
Fold 7 Epoch 15 | Train Loss:0.0376 Acc:0.9901 | Val Loss:1.8144 Acc:0.5200 | Time:17s
Fold 7 Epoch 16 | Train Loss:0.0181 Acc:0.9970 | Val Loss:1.4237 Acc:0.5100 | Time:17s
Fold 7 Epoch 17 | Train Loss:0.0080 Acc:1.0000 | Val Loss:1.6143 Acc:0.4800 | Time:17s
Fold 7 Epoch 18 | Train Loss:0.0161 Acc:0.9970 | Val Loss:1.4179 Acc:0.5700 | Time:19s
Fold 7 Epoch 19 | Train Loss:0.0084 Acc:0.9990 | Val Loss:1.8473 Acc:0.6000 | Time:16s
Fold 7 Epoch 20 | Train Loss:0.0075 Acc:1.0000 | Val Loss:1.9788 Acc:0.5800 | Time:17s
Fold 7 Epoch 21 | Train Loss:0.0062 Acc:1.0000 | Val Loss:1.7691 Acc:0.5700 | Time:18s
  ⏹ 早停于 Epoch 21（10 轮未提升）
  ✅ Fold7 Best Val Acc: 0.7300

============================================================
  Fold 8/12: 8
  验证受试者: 8 (110 张)
  验证表情分布: {0: 20, 1: 20, 2: 10, 3: 20, 4: 20, 5: 20}
  训练: 996 张 | 验证: 110 张
============================================================
  🏗️  Backbone: resnet50 (imagenet)
       特征维度: 2048
       投影层: 2048 → 512 → 6
       Backbone 参数: 23.5M
Fold 8 Epoch  1 | Train Loss:0.8179 Acc:0.6968 | Val Loss:1.4941 Acc:0.5364 | Time:16s
Fold 8 Epoch  2 | Train Loss:0.3529 Acc:0.8946 | Val Loss:0.8401 Acc:0.6909 | Time:16s
Fold 8 Epoch  3 | Train Loss:0.2950 Acc:0.9096 | Val Loss:2.1736 Acc:0.7000 | Time:17s
Fold 8 Epoch  4 | Train Loss:0.2774 Acc:0.9147 | Val Loss:0.8448 Acc:0.7364 | Time:17s
Fold 8 Epoch  5 | Train Loss:0.1884 Acc:0.9488 | Val Loss:0.7540 Acc:0.7545 | Time:17s
Fold 8 Epoch  6 | Train Loss:0.1351 Acc:0.9568 | Val Loss:1.4176 Acc:0.5273 | Time:17s
Fold 8 Epoch  7 | Train Loss:0.1122 Acc:0.9669 | Val Loss:1.4571 Acc:0.6545 | Time:17s
Fold 8 Epoch  8 | Train Loss:0.0918 Acc:0.9729 | Val Loss:1.2610 Acc:0.6909 | Time:17s
Fold 8 Epoch  9 | Train Loss:0.1425 Acc:0.9598 | Val Loss:1.3148 Acc:0.7000 | Time:17s
Fold 8 Epoch 10 | Train Loss:0.1603 Acc:0.9568 | Val Loss:1.2710 Acc:0.5909 | Time:16s
Fold 8 Epoch 11 | Train Loss:0.2583 Acc:0.9398 | Val Loss:1.6678 Acc:0.5545 | Time:16s
Fold 8 Epoch 12 | Train Loss:0.1085 Acc:0.9739 | Val Loss:1.6205 Acc:0.6727 | Time:17s
Fold 8 Epoch 13 | Train Loss:0.0705 Acc:0.9859 | Val Loss:1.2705 Acc:0.6364 | Time:17s
Fold 8 Epoch 14 | Train Loss:0.0546 Acc:0.9920 | Val Loss:1.2329 Acc:0.7182 | Time:16s
Fold 8 Epoch 15 | Train Loss:0.1179 Acc:0.9789 | Val Loss:1.1370 Acc:0.7091 | Time:17s
  ⏹ 早停于 Epoch 15（10 轮未提升）
  ✅ Fold8 Best Val Acc: 0.7545

============================================================
  Fold 9/12: 9
  验证受试者: 9 (70 张)
  验证表情分布: {0: 20, 2: 10, 3: 20, 4: 10, 5: 10}
  训练: 1036 张 | 验证: 70 张
============================================================
  🏗️  Backbone: resnet50 (imagenet)
       特征维度: 2048
       投影层: 2048 → 512 → 6
       Backbone 参数: 23.5M
Fold 9 Epoch  1 | Train Loss:0.8205 Acc:0.7095 | Val Loss:0.3978 Acc:0.9571 | Time:16s
Fold 9 Epoch  2 | Train Loss:0.2972 Acc:0.9122 | Val Loss:1.3001 Acc:0.4143 | Time:17s
Fold 9 Epoch  3 | Train Loss:0.2278 Acc:0.9324 | Val Loss:1.0212 Acc:0.7286 | Time:17s
Fold 9 Epoch  4 | Train Loss:0.1677 Acc:0.9488 | Val Loss:1.0956 Acc:0.6429 | Time:17s
Fold 9 Epoch  5 | Train Loss:0.1832 Acc:0.9508 | Val Loss:1.3074 Acc:0.6571 | Time:17s
Fold 9 Epoch  6 | Train Loss:0.1651 Acc:0.9440 | Val Loss:1.3081 Acc:0.5286 | Time:17s
Fold 9 Epoch  7 | Train Loss:0.0982 Acc:0.9759 | Val Loss:1.1324 Acc:0.6429 | Time:17s
Fold 9 Epoch  8 | Train Loss:0.0813 Acc:0.9749 | Val Loss:0.9098 Acc:0.7571 | Time:17s
Fold 9 Epoch  9 | Train Loss:0.0398 Acc:0.9932 | Val Loss:0.8176 Acc:0.7714 | Time:17s
Fold 9 Epoch 10 | Train Loss:0.0226 Acc:0.9952 | Val Loss:0.8708 Acc:0.7429 | Time:17s
Fold 9 Epoch 11 | Train Loss:0.0288 Acc:0.9942 | Val Loss:0.8804 Acc:0.7286 | Time:16s
  ⏹ 早停于 Epoch 11（10 轮未提升）
  ✅ Fold9 Best Val Acc: 0.9571

============================================================
  Fold 10/12: 10
  验证受试者: 10 (80 张)
  验证表情分布: {0: 10, 1: 10, 2: 20, 3: 20, 5: 20}
  训练: 1026 张 | 验证: 80 张
============================================================
  🏗️  Backbone: resnet50 (imagenet)
       特征维度: 2048
       投影层: 2048 → 512 → 6
       Backbone 参数: 23.5M
Fold10 Epoch  1 | Train Loss:0.8592 Acc:0.7018 | Val Loss:2.2826 Acc:0.3750 | Time:16s
Fold10 Epoch  2 | Train Loss:0.4339 Acc:0.8791 | Val Loss:1.7076 Acc:0.3750 | Time:16s
Fold10 Epoch  3 | Train Loss:0.2582 Acc:0.9162 | Val Loss:1.6968 Acc:0.5375 | Time:17s
Fold10 Epoch  4 | Train Loss:0.2429 Acc:0.9493 | Val Loss:1.9601 Acc:0.4375 | Time:17s
Fold10 Epoch  5 | Train Loss:0.2387 Acc:0.9318 | Val Loss:2.6891 Acc:0.3375 | Time:17s
Fold10 Epoch  6 | Train Loss:0.2147 Acc:0.9561 | Val Loss:2.5267 Acc:0.4500 | Time:17s
Fold10 Epoch  7 | Train Loss:0.2335 Acc:0.9269 | Val Loss:2.2468 Acc:0.4500 | Time:17s
Fold10 Epoch  8 | Train Loss:0.2763 Acc:0.9074 | Val Loss:2.6955 Acc:0.4375 | Time:17s
Fold10 Epoch  9 | Train Loss:0.1834 Acc:0.9493 | Val Loss:1.6879 Acc:0.4125 | Time:17s
Fold10 Epoch 10 | Train Loss:0.1117 Acc:0.9747 | Val Loss:2.5373 Acc:0.4250 | Time:17s
Fold10 Epoch 11 | Train Loss:0.0708 Acc:0.9825 | Val Loss:2.4766 Acc:0.3875 | Time:17s
Fold10 Epoch 12 | Train Loss:0.0558 Acc:0.9893 | Val Loss:1.9919 Acc:0.4750 | Time:17s
Fold10 Epoch 13 | Train Loss:0.0785 Acc:0.9815 | Val Loss:2.2639 Acc:0.3750 | Time:17s
  ⏹ 早停于 Epoch 13（10 轮未提升）
  ✅ Fold10 Best Val Acc: 0.5375

============================================================
  Fold 11/12: 11
  验证受试者: 11 (100 张)
  验证表情分布: {0: 20, 1: 20, 2: 20, 4: 20, 5: 20}
  训练: 1006 张 | 验证: 100 张
============================================================
  🏗️  Backbone: resnet50 (imagenet)
       特征维度: 2048
       投影层: 2048 → 512 → 6
       Backbone 参数: 23.5M
Fold11 Epoch  1 | Train Loss:0.7752 Acc:0.7256 | Val Loss:2.1009 Acc:0.3200 | Time:15s
Fold11 Epoch  2 | Train Loss:0.3011 Acc:0.9046 | Val Loss:2.0812 Acc:0.4700 | Time:16s
Fold11 Epoch  3 | Train Loss:0.2018 Acc:0.9404 | Val Loss:2.1659 Acc:0.4600 | Time:17s
Fold11 Epoch  4 | Train Loss:0.1772 Acc:0.9503 | Val Loss:2.8083 Acc:0.2200 | Time:17s
Fold11 Epoch  5 | Train Loss:0.1169 Acc:0.9652 | Val Loss:1.7963 Acc:0.4600 | Time:17s
Fold11 Epoch  6 | Train Loss:0.1424 Acc:0.9523 | Val Loss:1.7872 Acc:0.5700 | Time:17s
Fold11 Epoch  7 | Train Loss:0.1431 Acc:0.9563 | Val Loss:2.3896 Acc:0.3600 | Time:17s
Fold11 Epoch  8 | Train Loss:0.0856 Acc:0.9722 | Val Loss:3.6791 Acc:0.3600 | Time:17s
Fold11 Epoch  9 | Train Loss:0.0841 Acc:0.9732 | Val Loss:2.6310 Acc:0.4100 | Time:16s
Fold11 Epoch 10 | Train Loss:0.0607 Acc:0.9861 | Val Loss:3.3856 Acc:0.3300 | Time:16s
Fold11 Epoch 11 | Train Loss:0.0756 Acc:0.9791 | Val Loss:3.4275 Acc:0.2200 | Time:17s
Fold11 Epoch 12 | Train Loss:0.0844 Acc:0.9722 | Val Loss:4.0529 Acc:0.2300 | Time:17s
Fold11 Epoch 13 | Train Loss:0.0612 Acc:0.9801 | Val Loss:3.4656 Acc:0.3600 | Time:16s
Fold11 Epoch 14 | Train Loss:0.0463 Acc:0.9930 | Val Loss:2.7496 Acc:0.4300 | Time:16s
Fold11 Epoch 15 | Train Loss:0.0344 Acc:0.9901 | Val Loss:3.3824 Acc:0.4100 | Time:17s
Fold11 Epoch 16 | Train Loss:0.0223 Acc:0.9950 | Val Loss:3.3085 Acc:0.4200 | Time:16s
  ⏹ 早停于 Epoch 16（10 轮未提升）
  ✅ Fold11 Best Val Acc: 0.5700

============================================================
  Fold 12/12: 12
  验证受试者: 12 (70 张)
  验证表情分布: {0: 20, 1: 10, 3: 20, 4: 20}
  训练: 1036 张 | 验证: 70 张
============================================================
  🏗️  Backbone: resnet50 (imagenet)
       特征维度: 2048
       投影层: 2048 → 512 → 6
       Backbone 参数: 23.5M
Fold12 Epoch  1 | Train Loss:0.8995 Acc:0.6651 | Val Loss:2.8354 Acc:0.3429 | Time:16s
Fold12 Epoch  2 | Train Loss:0.3422 Acc:0.8745 | Val Loss:3.1346 Acc:0.4857 | Time:16s
Fold12 Epoch  3 | Train Loss:0.2256 Acc:0.9363 | Val Loss:3.0611 Acc:0.3000 | Time:17s
Fold12 Epoch  4 | Train Loss:0.1593 Acc:0.9469 | Val Loss:2.1881 Acc:0.3143 | Time:17s
Fold12 Epoch  5 | Train Loss:0.1398 Acc:0.9566 | Val Loss:2.7817 Acc:0.3571 | Time:18s
Fold12 Epoch  6 | Train Loss:0.1472 Acc:0.9633 | Val Loss:3.1633 Acc:0.3857 | Time:18s
Fold12 Epoch  7 | Train Loss:0.0997 Acc:0.9720 | Val Loss:3.2465 Acc:0.3000 | Time:17s
Fold12 Epoch  8 | Train Loss:0.0740 Acc:0.9797 | Val Loss:2.7637 Acc:0.3714 | Time:18s
Fold12 Epoch  9 | Train Loss:0.0543 Acc:0.9807 | Val Loss:2.2076 Acc:0.5143 | Time:18s
Fold12 Epoch 10 | Train Loss:0.0491 Acc:0.9846 | Val Loss:2.4710 Acc:0.4857 | Time:18s
Fold12 Epoch 11 | Train Loss:0.0249 Acc:0.9942 | Val Loss:2.7171 Acc:0.3429 | Time:17s
Fold12 Epoch 12 | Train Loss:0.0187 Acc:0.9981 | Val Loss:2.2879 Acc:0.4857 | Time:18s
Fold12 Epoch 13 | Train Loss:0.0210 Acc:0.9971 | Val Loss:2.2463 Acc:0.4714 | Time:18s
Fold12 Epoch 14 | Train Loss:0.0159 Acc:0.9961 | Val Loss:2.2517 Acc:0.4714 | Time:18s
Fold12 Epoch 15 | Train Loss:0.0128 Acc:0.9990 | Val Loss:2.2175 Acc:0.4571 | Time:17s
Fold12 Epoch 16 | Train Loss:0.0264 Acc:0.9952 | Val Loss:2.1846 Acc:0.4000 | Time:17s
Fold12 Epoch 17 | Train Loss:0.0358 Acc:0.9894 | Val Loss:2.2805 Acc:0.2714 | Time:18s
Fold12 Epoch 18 | Train Loss:0.0105 Acc:0.9961 | Val Loss:3.1803 Acc:0.4286 | Time:18s
Fold12 Epoch 19 | Train Loss:0.0120 Acc:0.9981 | Val Loss:3.0821 Acc:0.4143 | Time:18s
  ⏹ 早停于 Epoch 19（10 轮未提升）
  ✅ Fold12 Best Val Acc: 0.5143

============================================================
  交叉验证结果汇总
============================================================
  1: 0.6984
  2: 0.7000
  3: 0.8111
  4: 0.7167
  5: 0.8250
  6: 0.7417
  7: 0.7300
  8: 0.7545
  9: 0.9571
  10: 0.5375
  11: 0.5700
  12: 0.5143

  平均精度: 0.7130 +- 0.1210

  每位受试者准确率:
    subject_1: 0.6984 [####################----------]
    subject_2: 0.7000 [#####################---------]
    subject_3: 0.8111 [########################------]
    subject_4: 0.7167 [#####################---------]
    subject_5: 0.8250 [########################------]
    subject_6: 0.7417 [######################--------]
    subject_7: 0.7300 [#####################---------]
    subject_8: 0.7545 [######################--------]
    subject_9: 0.9571 [############################--]
    subject_10: 0.5375 [################--------------]
    subject_11: 0.5700 [#################-------------]
    subject_12: 0.5143 [###############---------------]
  最低: subject_12 = 0.5143
  最高: subject_9 = 0.9571

📝 训练指标已保存: ../../KMU-FED/output_exp2_c4\training_metrics.json

⏱️  总耗时: 72.4 分钟
