🖥️  设备: cuda:0
✅ CLIP 模型加载成功: D:\MM_Emotion\2_FER\CAFE\CAFE\clip\ViT-B-32.pt
🔧 配置: Backbone=resnet50 | 预训练=imagenet | CLIP=无 CLIP | Dropout=0.3
🔧 优化器: adam | 调度器: cosine | LR=0.0002 | WD=0.0001 | LabelSmooth=0.0
📈 TensorBoard 日志: ../../KMU-FED/output_exp2_d1\tensorboard\20260716_130023
训练增强: RandomHorizontalFlip + RandomErasing
人脸检测: YOLO 已加载 (../../yolov8n.pt)
人脸检测: Haar Cascade 已加载

============================================================
  数据集分析
============================================================
  数据集: D:\MM_Emotion\2_FER\CAFE\CAFE\..\..\KMU-FED\KMU-FED
  受试者总数: 12
  图片总数: 1106
  类别数: 6
         angry (id=0):  196 ###################
       disgust (id=1):  120 ############
          fear (id=2):  200 ####################
         happy (id=3):  210 #####################
           sad (id=4):  180 ##################
      surprise (id=5):  200 ####################

  每受试者图片数:
    受试者 1: 126 张  [A:26, D:20, F:20, H:20, S:20, S:20]
    受试者 2:  60 张  [A:10, F:20, H:10, S:20]
    受试者 3:  90 张  [A:10, F:20, H:20, S:20, S:20]
    受试者 4:  60 张  [F:20, H:20, S:10, S:10]
    受试者 5: 120 张  [A:20, D:20, F:20, H:20, S:20, S:20]
    受试者 6: 120 张  [A:20, D:20, F:20, H:20, S:20, S:20]
    受试者 7: 100 张  [A:20, F:20, H:20, S:20, S:20]
    受试者 8: 110 张  [A:20, D:20, F:10, H:20, S:20, S:20]
    受试者 9:  70 张  [A:20, F:10, H:20, S:10, S:10]
    受试者 10:  80 张  [A:10, D:10, F:20, H:20, S:20]
    受试者 11: 100 张  [A:20, D:20, F:20, S:20, S:20]
    受试者 12:  70 张  [A:20, D:10, H:20, S:20]
============================================================

评估方法: LOSO (12 folds)
总轮次: 12

============================================================
  Fold 1/12: 1
  验证受试者: 1 (126 张)
  验证表情分布: {0: 26, 1: 20, 2: 20, 3: 20, 4: 20, 5: 20}
  训练: 980 张 | 验证: 126 张
============================================================
  🏗️  Backbone: resnet50 (imagenet)
       特征维度: 2048
       投影层: 2048 → 512 → 6
       Backbone 参数: 23.5M
Fold 1 Epoch  1 | Train Loss:0.9007 Acc:0.6816 | Val Loss:1.4397 Acc:0.5556 | Time:17s
Fold 1 Epoch  2 | Train Loss:0.3227 Acc:0.9041 | Val Loss:1.0457 Acc:0.6984 | Time:17s
Fold 1 Epoch  3 | Train Loss:0.2235 Acc:0.9337 | Val Loss:0.9606 Acc:0.7460 | Time:16s
Fold 1 Epoch  4 | Train Loss:0.2224 Acc:0.9306 | Val Loss:1.5117 Acc:0.6111 | Time:16s
Fold 1 Epoch  5 | Train Loss:0.1672 Acc:0.9551 | Val Loss:1.8081 Acc:0.5952 | Time:16s
Fold 1 Epoch  6 | Train Loss:0.1141 Acc:0.9633 | Val Loss:1.0366 Acc:0.6508 | Time:16s
Fold 1 Epoch  7 | Train Loss:0.1165 Acc:0.9653 | Val Loss:0.9198 Acc:0.7143 | Time:17s
Fold 1 Epoch  8 | Train Loss:0.0798 Acc:0.9765 | Val Loss:1.2254 Acc:0.7222 | Time:17s
Fold 1 Epoch  9 | Train Loss:0.0809 Acc:0.9735 | Val Loss:1.2761 Acc:0.5794 | Time:17s
Fold 1 Epoch 10 | Train Loss:0.0773 Acc:0.9755 | Val Loss:1.4324 Acc:0.6587 | Time:17s
Fold 1 Epoch 11 | Train Loss:0.0680 Acc:0.9745 | Val Loss:1.0234 Acc:0.6746 | Time:16s
Fold 1 Epoch 12 | Train Loss:0.0654 Acc:0.9837 | Val Loss:1.6788 Acc:0.5079 | Time:17s
Fold 1 Epoch 13 | Train Loss:0.0773 Acc:0.9796 | Val Loss:1.7975 Acc:0.4683 | Time:17s
  ⏹ 早停于 Epoch 13（10 轮未提升）
  ✅ Fold1 Best Val Acc: 0.7460

============================================================
  Fold 2/12: 2
  验证受试者: 2 (60 张)
  验证表情分布: {0: 10, 2: 20, 3: 10, 5: 20}
  训练: 1046 张 | 验证: 60 张
============================================================
  🏗️  Backbone: resnet50 (imagenet)
       特征维度: 2048
       投影层: 2048 → 512 → 6
       Backbone 参数: 23.5M
Fold 2 Epoch  1 | Train Loss:0.9074 Acc:0.6673 | Val Loss:1.6339 Acc:0.5333 | Time:16s
Fold 2 Epoch  2 | Train Loss:0.3644 Acc:0.8824 | Val Loss:1.3708 Acc:0.4833 | Time:17s
Fold 2 Epoch  3 | Train Loss:0.2032 Acc:0.9446 | Val Loss:1.4977 Acc:0.5000 | Time:18s
Fold 2 Epoch  4 | Train Loss:0.1441 Acc:0.9541 | Val Loss:1.3678 Acc:0.5500 | Time:17s
Fold 2 Epoch  5 | Train Loss:0.1723 Acc:0.9465 | Val Loss:1.5132 Acc:0.6500 | Time:17s
Fold 2 Epoch  6 | Train Loss:0.1410 Acc:0.9522 | Val Loss:1.4280 Acc:0.6000 | Time:17s
Fold 2 Epoch  7 | Train Loss:0.1625 Acc:0.9512 | Val Loss:1.9062 Acc:0.6000 | Time:18s
Fold 2 Epoch  8 | Train Loss:0.0996 Acc:0.9685 | Val Loss:1.7572 Acc:0.6167 | Time:18s
Fold 2 Epoch  9 | Train Loss:0.0573 Acc:0.9866 | Val Loss:1.3333 Acc:0.6500 | Time:18s
Fold 2 Epoch 10 | Train Loss:0.0980 Acc:0.9713 | Val Loss:1.6342 Acc:0.3667 | Time:18s
Fold 2 Epoch 11 | Train Loss:0.0694 Acc:0.9780 | Val Loss:1.0700 Acc:0.6667 | Time:18s
Fold 2 Epoch 12 | Train Loss:0.0679 Acc:0.9847 | Val Loss:1.2046 Acc:0.5833 | Time:18s
Fold 2 Epoch 13 | Train Loss:0.0524 Acc:0.9847 | Val Loss:1.5801 Acc:0.5667 | Time:18s
Fold 2 Epoch 14 | Train Loss:0.0419 Acc:0.9866 | Val Loss:1.6292 Acc:0.6000 | Time:18s
Fold 2 Epoch 15 | Train Loss:0.0475 Acc:0.9857 | Val Loss:1.3095 Acc:0.6833 | Time:18s
Fold 2 Epoch 16 | Train Loss:0.0481 Acc:0.9818 | Val Loss:1.7382 Acc:0.5667 | Time:18s
Fold 2 Epoch 17 | Train Loss:0.0455 Acc:0.9857 | Val Loss:1.2246 Acc:0.6500 | Time:17s
Fold 2 Epoch 18 | Train Loss:0.0229 Acc:0.9943 | Val Loss:1.1987 Acc:0.7833 | Time:17s
Fold 2 Epoch 19 | Train Loss:0.0169 Acc:0.9952 | Val Loss:1.4822 Acc:0.6000 | Time:18s
Fold 2 Epoch 20 | Train Loss:0.0112 Acc:0.9990 | Val Loss:1.2453 Acc:0.7167 | Time:18s
Fold 2 Epoch 21 | Train Loss:0.0271 Acc:0.9914 | Val Loss:1.5208 Acc:0.6500 | Time:18s
Fold 2 Epoch 22 | Train Loss:0.0313 Acc:0.9895 | Val Loss:1.3017 Acc:0.6167 | Time:17s
Fold 2 Epoch 23 | Train Loss:0.0232 Acc:0.9933 | Val Loss:1.4706 Acc:0.5833 | Time:17s
Fold 2 Epoch 24 | Train Loss:0.0250 Acc:0.9914 | Val Loss:1.5205 Acc:0.6000 | Time:18s
Fold 2 Epoch 25 | Train Loss:0.0478 Acc:0.9876 | Val Loss:1.2257 Acc:0.7167 | Time:17s
Fold 2 Epoch 26 | Train Loss:0.0191 Acc:0.9962 | Val Loss:1.5212 Acc:0.6167 | Time:17s
Fold 2 Epoch 27 | Train Loss:0.0094 Acc:0.9990 | Val Loss:1.5033 Acc:0.7167 | Time:18s
Fold 2 Epoch 28 | Train Loss:0.0178 Acc:0.9962 | Val Loss:1.6729 Acc:0.6500 | Time:18s
  ⏹ 早停于 Epoch 28（10 轮未提升）
  ✅ Fold2 Best Val Acc: 0.7833

============================================================
  Fold 3/12: 3
  验证受试者: 3 (90 张)
  验证表情分布: {0: 10, 2: 20, 3: 20, 4: 20, 5: 20}
  训练: 1016 张 | 验证: 90 张
============================================================
  🏗️  Backbone: resnet50 (imagenet)
       特征维度: 2048
       投影层: 2048 → 512 → 6
       Backbone 参数: 23.5M
Fold 3 Epoch  1 | Train Loss:0.9027 Acc:0.6555 | Val Loss:0.6701 Acc:0.8111 | Time:16s
Fold 3 Epoch  2 | Train Loss:0.3563 Acc:0.8829 | Val Loss:1.2270 Acc:0.4333 | Time:16s
Fold 3 Epoch  3 | Train Loss:0.2617 Acc:0.9104 | Val Loss:0.8810 Acc:0.7556 | Time:17s
Fold 3 Epoch  4 | Train Loss:0.2028 Acc:0.9341 | Val Loss:1.0706 Acc:0.5667 | Time:17s
Fold 3 Epoch  5 | Train Loss:0.1877 Acc:0.9498 | Val Loss:1.2013 Acc:0.5778 | Time:17s
Fold 3 Epoch  6 | Train Loss:0.1288 Acc:0.9636 | Val Loss:1.1253 Acc:0.5000 | Time:16s
Fold 3 Epoch  7 | Train Loss:0.0866 Acc:0.9754 | Val Loss:1.1907 Acc:0.7000 | Time:17s
Fold 3 Epoch  8 | Train Loss:0.0967 Acc:0.9734 | Val Loss:0.4793 Acc:0.8444 | Time:18s
Fold 3 Epoch  9 | Train Loss:0.0824 Acc:0.9744 | Val Loss:2.3339 Acc:0.2778 | Time:18s
Fold 3 Epoch 10 | Train Loss:0.0863 Acc:0.9724 | Val Loss:0.9946 Acc:0.6889 | Time:17s
Fold 3 Epoch 11 | Train Loss:0.0778 Acc:0.9833 | Val Loss:1.8028 Acc:0.3444 | Time:17s
Fold 3 Epoch 12 | Train Loss:0.0614 Acc:0.9823 | Val Loss:0.8740 Acc:0.7556 | Time:16s
Fold 3 Epoch 13 | Train Loss:0.0491 Acc:0.9852 | Val Loss:0.7867 Acc:0.6889 | Time:17s
Fold 3 Epoch 14 | Train Loss:0.0592 Acc:0.9852 | Val Loss:0.7271 Acc:0.7778 | Time:17s
Fold 3 Epoch 15 | Train Loss:0.0284 Acc:0.9941 | Val Loss:0.5146 Acc:0.8000 | Time:17s
Fold 3 Epoch 16 | Train Loss:0.0332 Acc:0.9961 | Val Loss:0.9302 Acc:0.6667 | Time:18s
Fold 3 Epoch 17 | Train Loss:0.0292 Acc:0.9951 | Val Loss:0.6321 Acc:0.8667 | Time:16s
Fold 3 Epoch 18 | Train Loss:0.0502 Acc:0.9823 | Val Loss:0.8012 Acc:0.8222 | Time:17s
Fold 3 Epoch 19 | Train Loss:0.0447 Acc:0.9882 | Val Loss:0.8153 Acc:0.8444 | Time:18s
Fold 3 Epoch 20 | Train Loss:0.0564 Acc:0.9862 | Val Loss:0.6789 Acc:0.7000 | Time:16s
Fold 3 Epoch 21 | Train Loss:0.0540 Acc:0.9852 | Val Loss:0.6960 Acc:0.8444 | Time:17s
Fold 3 Epoch 22 | Train Loss:0.0393 Acc:0.9892 | Val Loss:1.0618 Acc:0.7222 | Time:17s
Fold 3 Epoch 23 | Train Loss:0.0241 Acc:0.9941 | Val Loss:1.0975 Acc:0.7889 | Time:17s
Fold 3 Epoch 24 | Train Loss:0.0247 Acc:0.9961 | Val Loss:0.9577 Acc:0.7444 | Time:18s
Fold 3 Epoch 25 | Train Loss:0.0155 Acc:0.9961 | Val Loss:0.9782 Acc:0.8778 | Time:18s
Fold 3 Epoch 26 | Train Loss:0.0128 Acc:0.9970 | Val Loss:1.0287 Acc:0.8000 | Time:18s
Fold 3 Epoch 27 | Train Loss:0.0251 Acc:0.9902 | Val Loss:1.1513 Acc:0.8111 | Time:17s
Fold 3 Epoch 28 | Train Loss:0.0108 Acc:1.0000 | Val Loss:1.0882 Acc:0.7667 | Time:18s
Fold 3 Epoch 29 | Train Loss:0.0091 Acc:0.9980 | Val Loss:1.2902 Acc:0.7111 | Time:16s
Fold 3 Epoch 30 | Train Loss:0.0088 Acc:0.9990 | Val Loss:1.0217 Acc:0.7889 | Time:17s
Fold 3 Epoch 31 | Train Loss:0.0088 Acc:0.9990 | Val Loss:1.0544 Acc:0.8000 | Time:17s
Fold 3 Epoch 32 | Train Loss:0.0097 Acc:0.9990 | Val Loss:1.2022 Acc:0.8444 | Time:17s
Fold 3 Epoch 33 | Train Loss:0.0092 Acc:0.9980 | Val Loss:1.1207 Acc:0.8111 | Time:17s
Fold 3 Epoch 34 | Train Loss:0.0079 Acc:0.9990 | Val Loss:1.0182 Acc:0.7667 | Time:17s
Fold 3 Epoch 35 | Train Loss:0.0070 Acc:0.9990 | Val Loss:1.2157 Acc:0.6778 | Time:18s
  ⏹ 早停于 Epoch 35（10 轮未提升）
  ✅ Fold3 Best Val Acc: 0.8778

============================================================
  Fold 4/12: 4
  验证受试者: 4 (60 张)
  验证表情分布: {2: 20, 3: 20, 4: 10, 5: 10}
  训练: 1046 张 | 验证: 60 张
============================================================
  🏗️  Backbone: resnet50 (imagenet)
       特征维度: 2048
       投影层: 2048 → 512 → 6
       Backbone 参数: 23.5M
Fold 4 Epoch  1 | Train Loss:0.9490 Acc:0.6319 | Val Loss:0.9063 Acc:0.7167 | Time:16s
Fold 4 Epoch  2 | Train Loss:0.3087 Acc:0.9044 | Val Loss:1.0472 Acc:0.6000 | Time:17s
Fold 4 Epoch  3 | Train Loss:0.2321 Acc:0.9283 | Val Loss:1.0723 Acc:0.5833 | Time:18s
Fold 4 Epoch  4 | Train Loss:0.2018 Acc:0.9359 | Val Loss:1.2068 Acc:0.4167 | Time:18s
Fold 4 Epoch  5 | Train Loss:0.1650 Acc:0.9446 | Val Loss:1.6733 Acc:0.3167 | Time:18s
Fold 4 Epoch  6 | Train Loss:0.1507 Acc:0.9522 | Val Loss:1.9596 Acc:0.3500 | Time:18s
Fold 4 Epoch  7 | Train Loss:0.0930 Acc:0.9694 | Val Loss:1.2633 Acc:0.3833 | Time:18s
Fold 4 Epoch  8 | Train Loss:0.0732 Acc:0.9780 | Val Loss:1.4312 Acc:0.5500 | Time:18s
Fold 4 Epoch  9 | Train Loss:0.0844 Acc:0.9799 | Val Loss:1.6404 Acc:0.4833 | Time:17s
Fold 4 Epoch 10 | Train Loss:0.0689 Acc:0.9837 | Val Loss:1.6630 Acc:0.5667 | Time:17s
Fold 4 Epoch 11 | Train Loss:0.0749 Acc:0.9837 | Val Loss:1.7464 Acc:0.5000 | Time:17s
  ⏹ 早停于 Epoch 11（10 轮未提升）
  ✅ Fold4 Best Val Acc: 0.7167

============================================================
  Fold 5/12: 5
  验证受试者: 5 (120 张)
  验证表情分布: {0: 20, 1: 20, 2: 20, 3: 20, 4: 20, 5: 20}
  训练: 986 张 | 验证: 120 张
============================================================
  🏗️  Backbone: resnet50 (imagenet)
       特征维度: 2048
       投影层: 2048 → 512 → 6
       Backbone 参数: 23.5M
Fold 5 Epoch  1 | Train Loss:0.9755 Acc:0.6339 | Val Loss:0.5727 Acc:0.8167 | Time:15s
Fold 5 Epoch  2 | Train Loss:0.3582 Acc:0.8844 | Val Loss:1.1247 Acc:0.7000 | Time:17s
Fold 5 Epoch  3 | Train Loss:0.2261 Acc:0.9280 | Val Loss:0.7640 Acc:0.7500 | Time:16s
Fold 5 Epoch  4 | Train Loss:0.1647 Acc:0.9523 | Val Loss:0.7996 Acc:0.7833 | Time:16s
Fold 5 Epoch  5 | Train Loss:0.1526 Acc:0.9564 | Val Loss:1.0326 Acc:0.7333 | Time:16s
Fold 5 Epoch  6 | Train Loss:0.1412 Acc:0.9564 | Val Loss:1.3917 Acc:0.5917 | Time:17s
Fold 5 Epoch  7 | Train Loss:0.0782 Acc:0.9828 | Val Loss:1.0076 Acc:0.7583 | Time:17s
Fold 5 Epoch  8 | Train Loss:0.0810 Acc:0.9797 | Val Loss:1.0485 Acc:0.7667 | Time:16s
Fold 5 Epoch  9 | Train Loss:0.1355 Acc:0.9584 | Val Loss:1.8296 Acc:0.3750 | Time:15s
Fold 5 Epoch 10 | Train Loss:0.1095 Acc:0.9686 | Val Loss:0.8723 Acc:0.8000 | Time:16s
Fold 5 Epoch 11 | Train Loss:0.0714 Acc:0.9817 | Val Loss:1.0865 Acc:0.7417 | Time:16s
  ⏹ 早停于 Epoch 11（10 轮未提升）
  ✅ Fold5 Best Val Acc: 0.8167

============================================================
  Fold 6/12: 6
  验证受试者: 6 (120 张)
  验证表情分布: {0: 20, 1: 20, 2: 20, 3: 20, 4: 20, 5: 20}
  训练: 986 张 | 验证: 120 张
============================================================
  🏗️  Backbone: resnet50 (imagenet)
       特征维度: 2048
       投影层: 2048 → 512 → 6
       Backbone 参数: 23.5M
Fold 6 Epoch  1 | Train Loss:0.9433 Acc:0.6471 | Val Loss:1.3432 Acc:0.5167 | Time:15s
Fold 6 Epoch  2 | Train Loss:0.3341 Acc:0.8905 | Val Loss:1.5295 Acc:0.6917 | Time:16s
Fold 6 Epoch  3 | Train Loss:0.2161 Acc:0.9331 | Val Loss:0.9027 Acc:0.7417 | Time:17s
Fold 6 Epoch  4 | Train Loss:0.1599 Acc:0.9533 | Val Loss:0.8544 Acc:0.6583 | Time:17s
Fold 6 Epoch  5 | Train Loss:0.1383 Acc:0.9574 | Val Loss:1.2099 Acc:0.5083 | Time:17s
Fold 6 Epoch  6 | Train Loss:0.1223 Acc:0.9675 | Val Loss:1.0615 Acc:0.7083 | Time:16s
Fold 6 Epoch  7 | Train Loss:0.1199 Acc:0.9625 | Val Loss:1.2411 Acc:0.5917 | Time:16s
Fold 6 Epoch  8 | Train Loss:0.1388 Acc:0.9594 | Val Loss:1.9145 Acc:0.5250 | Time:17s
Fold 6 Epoch  9 | Train Loss:0.0828 Acc:0.9838 | Val Loss:2.5011 Acc:0.3250 | Time:17s
Fold 6 Epoch 10 | Train Loss:0.1045 Acc:0.9797 | Val Loss:1.1936 Acc:0.7250 | Time:17s
Fold 6 Epoch 11 | Train Loss:0.0526 Acc:0.9858 | Val Loss:1.1615 Acc:0.6250 | Time:16s
Fold 6 Epoch 12 | Train Loss:0.0416 Acc:0.9888 | Val Loss:1.5028 Acc:0.4667 | Time:18s
Fold 6 Epoch 13 | Train Loss:0.0646 Acc:0.9807 | Val Loss:2.2931 Acc:0.4167 | Time:17s
  ⏹ 早停于 Epoch 13（10 轮未提升）
  ✅ Fold6 Best Val Acc: 0.7417

============================================================
  Fold 7/12: 7
  验证受试者: 7 (100 张)
  验证表情分布: {0: 20, 2: 20, 3: 20, 4: 20, 5: 20}
  训练: 1006 张 | 验证: 100 张
============================================================
  🏗️  Backbone: resnet50 (imagenet)
       特征维度: 2048
       投影层: 2048 → 512 → 6
       Backbone 参数: 23.5M
Fold 7 Epoch  1 | Train Loss:0.8981 Acc:0.6660 | Val Loss:0.9078 Acc:0.7100 | Time:16s
Fold 7 Epoch  2 | Train Loss:0.3744 Acc:0.8777 | Val Loss:1.0222 Acc:0.7000 | Time:17s
Fold 7 Epoch  3 | Train Loss:0.2499 Acc:0.9175 | Val Loss:0.8904 Acc:0.7000 | Time:17s
Fold 7 Epoch  4 | Train Loss:0.2341 Acc:0.9245 | Val Loss:1.4423 Acc:0.6000 | Time:17s
Fold 7 Epoch  5 | Train Loss:0.1456 Acc:0.9592 | Val Loss:1.2509 Acc:0.6000 | Time:17s
Fold 7 Epoch  6 | Train Loss:0.1005 Acc:0.9781 | Val Loss:1.7011 Acc:0.5700 | Time:18s
Fold 7 Epoch  7 | Train Loss:0.1124 Acc:0.9682 | Val Loss:1.0432 Acc:0.6700 | Time:18s
Fold 7 Epoch  8 | Train Loss:0.0981 Acc:0.9732 | Val Loss:1.3092 Acc:0.6900 | Time:17s
Fold 7 Epoch  9 | Train Loss:0.1116 Acc:0.9662 | Val Loss:1.7705 Acc:0.5000 | Time:17s
Fold 7 Epoch 10 | Train Loss:0.1377 Acc:0.9602 | Val Loss:1.8992 Acc:0.5700 | Time:17s
Fold 7 Epoch 11 | Train Loss:0.0789 Acc:0.9791 | Val Loss:1.0533 Acc:0.7500 | Time:17s
Fold 7 Epoch 12 | Train Loss:0.0594 Acc:0.9851 | Val Loss:1.4406 Acc:0.7000 | Time:17s
Fold 7 Epoch 13 | Train Loss:0.0501 Acc:0.9861 | Val Loss:2.0012 Acc:0.4200 | Time:16s
Fold 7 Epoch 14 | Train Loss:0.0547 Acc:0.9841 | Val Loss:1.4832 Acc:0.6600 | Time:16s
Fold 7 Epoch 15 | Train Loss:0.0428 Acc:0.9841 | Val Loss:1.8994 Acc:0.7600 | Time:17s
Fold 7 Epoch 16 | Train Loss:0.0308 Acc:0.9930 | Val Loss:1.3373 Acc:0.6600 | Time:17s
Fold 7 Epoch 17 | Train Loss:0.0234 Acc:0.9960 | Val Loss:1.9806 Acc:0.6200 | Time:18s
Fold 7 Epoch 18 | Train Loss:0.0334 Acc:0.9911 | Val Loss:1.5713 Acc:0.7200 | Time:17s
Fold 7 Epoch 19 | Train Loss:0.0210 Acc:0.9950 | Val Loss:1.9391 Acc:0.6300 | Time:17s
Fold 7 Epoch 20 | Train Loss:0.0144 Acc:0.9990 | Val Loss:1.7906 Acc:0.6400 | Time:17s
Fold 7 Epoch 21 | Train Loss:0.0163 Acc:0.9950 | Val Loss:1.7074 Acc:0.7600 | Time:18s
Fold 7 Epoch 22 | Train Loss:0.0249 Acc:0.9940 | Val Loss:1.4411 Acc:0.7300 | Time:18s
Fold 7 Epoch 23 | Train Loss:0.0250 Acc:0.9960 | Val Loss:1.4445 Acc:0.7400 | Time:16s
Fold 7 Epoch 24 | Train Loss:0.0272 Acc:0.9950 | Val Loss:1.9984 Acc:0.6700 | Time:17s
Fold 7 Epoch 25 | Train Loss:0.0204 Acc:0.9950 | Val Loss:1.9112 Acc:0.4800 | Time:17s
  ⏹ 早停于 Epoch 25（10 轮未提升）
  ✅ Fold7 Best Val Acc: 0.7600

============================================================
  Fold 8/12: 8
  验证受试者: 8 (110 张)
  验证表情分布: {0: 20, 1: 20, 2: 10, 3: 20, 4: 20, 5: 20}
  训练: 996 张 | 验证: 110 张
============================================================
  🏗️  Backbone: resnet50 (imagenet)
       特征维度: 2048
       投影层: 2048 → 512 → 6
       Backbone 参数: 23.5M
Fold 8 Epoch  1 | Train Loss:0.9030 Acc:0.6687 | Val Loss:0.9038 Acc:0.6727 | Time:16s
Fold 8 Epoch  2 | Train Loss:0.3485 Acc:0.8966 | Val Loss:1.2837 Acc:0.6364 | Time:16s
Fold 8 Epoch  3 | Train Loss:0.2947 Acc:0.9177 | Val Loss:1.3327 Acc:0.6818 | Time:17s
Fold 8 Epoch  4 | Train Loss:0.2723 Acc:0.9177 | Val Loss:1.8079 Acc:0.6273 | Time:18s
Fold 8 Epoch  5 | Train Loss:0.3039 Acc:0.9418 | Val Loss:0.9464 Acc:0.7182 | Time:18s
Fold 8 Epoch  6 | Train Loss:0.2267 Acc:0.9488 | Val Loss:0.8988 Acc:0.6909 | Time:17s
Fold 8 Epoch  7 | Train Loss:0.2141 Acc:0.9418 | Val Loss:1.2161 Acc:0.6455 | Time:16s
Fold 8 Epoch  8 | Train Loss:0.1237 Acc:0.9649 | Val Loss:1.0108 Acc:0.6727 | Time:16s
Fold 8 Epoch  9 | Train Loss:0.0862 Acc:0.9739 | Val Loss:1.4096 Acc:0.6909 | Time:17s
Fold 8 Epoch 10 | Train Loss:0.1037 Acc:0.9819 | Val Loss:1.6228 Acc:0.6818 | Time:17s
Fold 8 Epoch 11 | Train Loss:0.2179 Acc:0.9548 | Val Loss:1.6255 Acc:0.5545 | Time:18s
Fold 8 Epoch 12 | Train Loss:0.1729 Acc:0.9478 | Val Loss:1.6072 Acc:0.7364 | Time:17s
Fold 8 Epoch 13 | Train Loss:0.1120 Acc:0.9739 | Val Loss:0.9245 Acc:0.6818 | Time:17s
Fold 8 Epoch 14 | Train Loss:0.1038 Acc:0.9729 | Val Loss:1.5098 Acc:0.6909 | Time:16s
Fold 8 Epoch 15 | Train Loss:0.1558 Acc:0.9538 | Val Loss:0.8254 Acc:0.7636 | Time:17s
Fold 8 Epoch 16 | Train Loss:0.2028 Acc:0.9458 | Val Loss:0.8724 Acc:0.7364 | Time:17s
Fold 8 Epoch 17 | Train Loss:0.1357 Acc:0.9578 | Val Loss:1.1318 Acc:0.7182 | Time:17s
Fold 8 Epoch 18 | Train Loss:0.0824 Acc:0.9769 | Val Loss:1.4689 Acc:0.7182 | Time:16s
Fold 8 Epoch 19 | Train Loss:0.1121 Acc:0.9669 | Val Loss:0.9424 Acc:0.6273 | Time:16s
Fold 8 Epoch 20 | Train Loss:0.1293 Acc:0.9719 | Val Loss:0.7711 Acc:0.7091 | Time:17s
Fold 8 Epoch 21 | Train Loss:0.0772 Acc:0.9829 | Val Loss:0.8809 Acc:0.7182 | Time:16s
Fold 8 Epoch 22 | Train Loss:0.0554 Acc:0.9809 | Val Loss:1.1017 Acc:0.6909 | Time:17s
Fold 8 Epoch 23 | Train Loss:0.0513 Acc:0.9880 | Val Loss:1.0669 Acc:0.6909 | Time:16s
Fold 8 Epoch 24 | Train Loss:0.0347 Acc:0.9940 | Val Loss:1.1312 Acc:0.7091 | Time:17s
Fold 8 Epoch 25 | Train Loss:0.0339 Acc:0.9900 | Val Loss:1.1686 Acc:0.7182 | Time:17s
  ⏹ 早停于 Epoch 25（10 轮未提升）
  ✅ Fold8 Best Val Acc: 0.7636

============================================================
  Fold 9/12: 9
  验证受试者: 9 (70 张)
  验证表情分布: {0: 20, 2: 10, 3: 20, 4: 10, 5: 10}
  训练: 1036 张 | 验证: 70 张
============================================================
  🏗️  Backbone: resnet50 (imagenet)
       特征维度: 2048
       投影层: 2048 → 512 → 6
       Backbone 参数: 23.5M
Fold 9 Epoch  1 | Train Loss:0.9200 Acc:0.6535 | Val Loss:0.9831 Acc:0.7000 | Time:16s
Fold 9 Epoch  2 | Train Loss:0.3354 Acc:0.8832 | Val Loss:0.7342 Acc:0.7857 | Time:17s
Fold 9 Epoch  3 | Train Loss:0.2385 Acc:0.9218 | Val Loss:1.1188 Acc:0.4286 | Time:17s
Fold 9 Epoch  4 | Train Loss:0.2392 Acc:0.9276 | Val Loss:0.7394 Acc:0.6857 | Time:18s
Fold 9 Epoch  5 | Train Loss:0.1947 Acc:0.9469 | Val Loss:0.6754 Acc:0.6714 | Time:18s
Fold 9 Epoch  6 | Train Loss:0.1514 Acc:0.9546 | Val Loss:0.6680 Acc:0.8571 | Time:19s
Fold 9 Epoch  7 | Train Loss:0.0896 Acc:0.9768 | Val Loss:0.7492 Acc:0.7143 | Time:18s
Fold 9 Epoch  8 | Train Loss:0.1153 Acc:0.9662 | Val Loss:0.7877 Acc:0.7429 | Time:18s
Fold 9 Epoch  9 | Train Loss:0.0798 Acc:0.9807 | Val Loss:0.8686 Acc:0.7429 | Time:18s
Fold 9 Epoch 10 | Train Loss:0.0580 Acc:0.9865 | Val Loss:1.2318 Acc:0.6857 | Time:16s
Fold 9 Epoch 11 | Train Loss:0.0698 Acc:0.9836 | Val Loss:1.3545 Acc:0.6000 | Time:17s
Fold 9 Epoch 12 | Train Loss:0.0590 Acc:0.9855 | Val Loss:0.8994 Acc:0.7000 | Time:17s
Fold 9 Epoch 13 | Train Loss:0.0482 Acc:0.9875 | Val Loss:1.0618 Acc:0.6286 | Time:17s
Fold 9 Epoch 14 | Train Loss:0.0667 Acc:0.9836 | Val Loss:1.0000 Acc:0.5857 | Time:18s
Fold 9 Epoch 15 | Train Loss:0.0705 Acc:0.9826 | Val Loss:0.8562 Acc:0.8143 | Time:18s
Fold 9 Epoch 16 | Train Loss:0.0824 Acc:0.9739 | Val Loss:1.1480 Acc:0.8143 | Time:18s
  ⏹ 早停于 Epoch 16（10 轮未提升）
  ✅ Fold9 Best Val Acc: 0.8571

============================================================
  Fold 10/12: 10
  验证受试者: 10 (80 张)
  验证表情分布: {0: 10, 1: 10, 2: 20, 3: 20, 5: 20}
  训练: 1026 张 | 验证: 80 张
============================================================
  🏗️  Backbone: resnet50 (imagenet)
       特征维度: 2048
       投影层: 2048 → 512 → 6
       Backbone 参数: 23.5M
Fold10 Epoch  1 | Train Loss:0.8862 Acc:0.6696 | Val Loss:1.4565 Acc:0.4750 | Time:17s
Fold10 Epoch  2 | Train Loss:0.3679 Acc:0.8996 | Val Loss:1.5745 Acc:0.4125 | Time:16s
Fold10 Epoch  3 | Train Loss:0.3214 Acc:0.9123 | Val Loss:2.1659 Acc:0.3750 | Time:17s
Fold10 Epoch  4 | Train Loss:0.3017 Acc:0.9084 | Val Loss:1.7554 Acc:0.4500 | Time:17s
Fold10 Epoch  5 | Train Loss:0.2036 Acc:0.9318 | Val Loss:2.1112 Acc:0.4375 | Time:17s
Fold10 Epoch  6 | Train Loss:0.1706 Acc:0.9522 | Val Loss:2.3196 Acc:0.4000 | Time:17s
Fold10 Epoch  7 | Train Loss:0.1083 Acc:0.9747 | Val Loss:2.2033 Acc:0.4125 | Time:17s
Fold10 Epoch  8 | Train Loss:0.1277 Acc:0.9620 | Val Loss:1.8166 Acc:0.3875 | Time:17s
Fold10 Epoch  9 | Train Loss:0.1699 Acc:0.9600 | Val Loss:1.6788 Acc:0.5875 | Time:17s
Fold10 Epoch 10 | Train Loss:0.1892 Acc:0.9561 | Val Loss:1.9851 Acc:0.4625 | Time:18s
Fold10 Epoch 11 | Train Loss:0.1971 Acc:0.9503 | Val Loss:2.0999 Acc:0.3750 | Time:18s
Fold10 Epoch 12 | Train Loss:0.0974 Acc:0.9737 | Val Loss:1.9086 Acc:0.4750 | Time:18s
Fold10 Epoch 13 | Train Loss:0.0902 Acc:0.9776 | Val Loss:1.5408 Acc:0.4250 | Time:17s
Fold10 Epoch 14 | Train Loss:0.1360 Acc:0.9698 | Val Loss:2.1627 Acc:0.5250 | Time:17s
Fold10 Epoch 15 | Train Loss:0.1636 Acc:0.9532 | Val Loss:1.7558 Acc:0.4875 | Time:17s
Fold10 Epoch 16 | Train Loss:0.0972 Acc:0.9717 | Val Loss:1.3043 Acc:0.4500 | Time:17s
Fold10 Epoch 17 | Train Loss:0.0819 Acc:0.9883 | Val Loss:1.9614 Acc:0.4500 | Time:17s
Fold10 Epoch 18 | Train Loss:0.0994 Acc:0.9776 | Val Loss:2.4660 Acc:0.3375 | Time:16s
Fold10 Epoch 19 | Train Loss:0.0735 Acc:0.9766 | Val Loss:2.1270 Acc:0.3625 | Time:17s
  ⏹ 早停于 Epoch 19（10 轮未提升）
  ✅ Fold10 Best Val Acc: 0.5875

============================================================
  Fold 11/12: 11
  验证受试者: 11 (100 张)
  验证表情分布: {0: 20, 1: 20, 2: 20, 4: 20, 5: 20}
  训练: 1006 张 | 验证: 100 张
============================================================
  🏗️  Backbone: resnet50 (imagenet)
       特征维度: 2048
       投影层: 2048 → 512 → 6
       Backbone 参数: 23.5M
Fold11 Epoch  1 | Train Loss:0.9167 Acc:0.6700 | Val Loss:2.1001 Acc:0.4400 | Time:18s
Fold11 Epoch  2 | Train Loss:0.4063 Acc:0.8698 | Val Loss:2.0040 Acc:0.3900 | Time:17s
Fold11 Epoch  3 | Train Loss:0.2896 Acc:0.8956 | Val Loss:2.0056 Acc:0.4200 | Time:17s
Fold11 Epoch  4 | Train Loss:0.2667 Acc:0.9175 | Val Loss:1.3917 Acc:0.4200 | Time:17s
Fold11 Epoch  5 | Train Loss:0.1609 Acc:0.9563 | Val Loss:2.1232 Acc:0.2700 | Time:17s
Fold11 Epoch  6 | Train Loss:0.1237 Acc:0.9652 | Val Loss:2.3166 Acc:0.3300 | Time:18s
Fold11 Epoch  7 | Train Loss:0.1154 Acc:0.9612 | Val Loss:1.6436 Acc:0.5300 | Time:18s
Fold11 Epoch  8 | Train Loss:0.0980 Acc:0.9732 | Val Loss:3.0791 Acc:0.3200 | Time:18s
Fold11 Epoch  9 | Train Loss:0.1011 Acc:0.9742 | Val Loss:1.7544 Acc:0.6200 | Time:17s
Fold11 Epoch 10 | Train Loss:0.0770 Acc:0.9811 | Val Loss:2.5799 Acc:0.5200 | Time:16s
Fold11 Epoch 11 | Train Loss:0.1190 Acc:0.9632 | Val Loss:2.3029 Acc:0.4900 | Time:17s
Fold11 Epoch 12 | Train Loss:0.1295 Acc:0.9602 | Val Loss:2.7848 Acc:0.2900 | Time:18s
Fold11 Epoch 13 | Train Loss:0.0800 Acc:0.9771 | Val Loss:3.0688 Acc:0.3000 | Time:18s
Fold11 Epoch 14 | Train Loss:0.0728 Acc:0.9761 | Val Loss:2.5827 Acc:0.4000 | Time:17s
Fold11 Epoch 15 | Train Loss:0.0319 Acc:0.9970 | Val Loss:2.7770 Acc:0.3200 | Time:18s
Fold11 Epoch 16 | Train Loss:0.0471 Acc:0.9851 | Val Loss:2.2197 Acc:0.5000 | Time:16s
Fold11 Epoch 17 | Train Loss:0.0338 Acc:0.9940 | Val Loss:1.8139 Acc:0.4500 | Time:17s
Fold11 Epoch 18 | Train Loss:0.0322 Acc:0.9911 | Val Loss:2.1163 Acc:0.4700 | Time:18s
Fold11 Epoch 19 | Train Loss:0.0306 Acc:0.9940 | Val Loss:1.8429 Acc:0.5100 | Time:18s
  ⏹ 早停于 Epoch 19（10 轮未提升）
  ✅ Fold11 Best Val Acc: 0.6200

============================================================
  Fold 12/12: 12
  验证受试者: 12 (70 张)
  验证表情分布: {0: 20, 1: 10, 3: 20, 4: 20}
  训练: 1036 张 | 验证: 70 张
============================================================
  🏗️  Backbone: resnet50 (imagenet)
       特征维度: 2048
       投影层: 2048 → 512 → 6
       Backbone 参数: 23.5M
Fold12 Epoch  1 | Train Loss:0.8976 Acc:0.6641 | Val Loss:2.2218 Acc:0.2000 | Time:16s
Fold12 Epoch  2 | Train Loss:0.3480 Acc:0.8880 | Val Loss:1.4056 Acc:0.4571 | Time:18s
Fold12 Epoch  3 | Train Loss:0.2185 Acc:0.9228 | Val Loss:2.8573 Acc:0.2429 | Time:18s
Fold12 Epoch  4 | Train Loss:0.1863 Acc:0.9488 | Val Loss:2.4739 Acc:0.4429 | Time:18s
Fold12 Epoch  5 | Train Loss:0.1778 Acc:0.9517 | Val Loss:1.6422 Acc:0.3571 | Time:18s
Fold12 Epoch  6 | Train Loss:0.1558 Acc:0.9537 | Val Loss:2.9706 Acc:0.4571 | Time:18s
Fold12 Epoch  7 | Train Loss:0.1276 Acc:0.9585 | Val Loss:3.5160 Acc:0.4857 | Time:17s
Fold12 Epoch  8 | Train Loss:0.1349 Acc:0.9595 | Val Loss:2.7741 Acc:0.5000 | Time:18s
Fold12 Epoch  9 | Train Loss:0.1235 Acc:0.9614 | Val Loss:3.5708 Acc:0.3143 | Time:18s
Fold12 Epoch 10 | Train Loss:0.1242 Acc:0.9653 | Val Loss:4.0360 Acc:0.4143 | Time:19s
Fold12 Epoch 11 | Train Loss:0.0617 Acc:0.9855 | Val Loss:3.4548 Acc:0.4571 | Time:19s
Fold12 Epoch 12 | Train Loss:0.0441 Acc:0.9913 | Val Loss:3.9111 Acc:0.5000 | Time:18s
Fold12 Epoch 13 | Train Loss:0.0442 Acc:0.9846 | Val Loss:3.7595 Acc:0.5000 | Time:18s
Fold12 Epoch 14 | Train Loss:0.0473 Acc:0.9865 | Val Loss:3.8370 Acc:0.3571 | Time:18s
Fold12 Epoch 15 | Train Loss:0.0724 Acc:0.9817 | Val Loss:3.9633 Acc:0.4857 | Time:18s
Fold12 Epoch 16 | Train Loss:0.0718 Acc:0.9788 | Val Loss:3.0302 Acc:0.5714 | Time:19s
Fold12 Epoch 17 | Train Loss:0.0519 Acc:0.9855 | Val Loss:2.6975 Acc:0.4857 | Time:18s
Fold12 Epoch 18 | Train Loss:0.0693 Acc:0.9759 | Val Loss:5.4146 Acc:0.4714 | Time:18s
Fold12 Epoch 19 | Train Loss:0.0548 Acc:0.9875 | Val Loss:3.2375 Acc:0.5143 | Time:17s
Fold12 Epoch 20 | Train Loss:0.0318 Acc:0.9903 | Val Loss:4.4775 Acc:0.4857 | Time:20s
Fold12 Epoch 21 | Train Loss:0.0395 Acc:0.9875 | Val Loss:3.3155 Acc:0.4429 | Time:18s
Fold12 Epoch 22 | Train Loss:0.0512 Acc:0.9875 | Val Loss:3.1157 Acc:0.4714 | Time:18s
Fold12 Epoch 23 | Train Loss:0.0498 Acc:0.9875 | Val Loss:4.2000 Acc:0.3143 | Time:17s
Fold12 Epoch 24 | Train Loss:0.0538 Acc:0.9875 | Val Loss:3.6248 Acc:0.4714 | Time:17s
Fold12 Epoch 25 | Train Loss:0.0197 Acc:0.9961 | Val Loss:4.6230 Acc:0.4714 | Time:18s
Fold12 Epoch 26 | Train Loss:0.0196 Acc:0.9952 | Val Loss:3.7285 Acc:0.4857 | Time:18s
  ⏹ 早停于 Epoch 26（10 轮未提升）
  ✅ Fold12 Best Val Acc: 0.5714

============================================================
  交叉验证结果汇总
============================================================
  1: 0.7460
  2: 0.7833
  3: 0.8778
  4: 0.7167
  5: 0.8167
  6: 0.7417
  7: 0.7600
  8: 0.7636
  9: 0.8571
  10: 0.5875
  11: 0.6200
  12: 0.5714

  平均精度: 0.7368 +- 0.0948

  每位受试者准确率:
    subject_1: 0.7460 [######################--------]
    subject_2: 0.7833 [#######################-------]
    subject_3: 0.8778 [##########################----]
    subject_4: 0.7167 [#####################---------]
    subject_5: 0.8167 [########################------]
    subject_6: 0.7417 [######################--------]
    subject_7: 0.7600 [######################--------]
    subject_8: 0.7636 [######################--------]
    subject_9: 0.8571 [#########################-----]
    subject_10: 0.5875 [#################-------------]
    subject_11: 0.6200 [##################------------]
    subject_12: 0.5714 [#################-------------]
  最低: subject_12 = 0.5714
  最高: subject_3 = 0.8778

📝 训练指标已保存: ../../KMU-FED/output_exp2_d1\training_metrics.json

⏱️  总耗时: 85.1 分钟
