🖥️  设备: cuda:0
✅ CLIP 模型加载成功: D:\MM_Emotion\2_FER\CAFE\CAFE\clip\ViT-B-32.pt
🔧 配置: Backbone=resnet50 | 预训练=imagenet | CLIP=无 CLIP | Dropout=0.5
🔧 优化器: adamw | 调度器: cosine | LR=0.0002 | WD=0.0001 | LabelSmooth=0.0
📈 TensorBoard 日志: ../../KMU-FED/output_exp2_d2\tensorboard\20260717_035814
训练增强: RandomHorizontalFlip + RandomErasing
人脸检测: YOLO 已加载 (../../yolov8n.pt)
人脸检测: YOLO-only 模式 (不加载 Haar)

============================================================
  数据集分析
============================================================
  数据集: D:\MM_Emotion\2_FER\CAFE\CAFE\..\..\KMU-FED\KMU-FED
  受试者总数: 12
  图片总数: 1106
  类别数: 6
         angry (id=0):  196 ###################
       disgust (id=1):  120 ############
          fear (id=2):  200 ####################
         happy (id=3):  210 #####################
           sad (id=4):  180 ##################
      surprise (id=5):  200 ####################

  每受试者图片数:
    受试者 1: 126 张  [A:26, D:20, F:20, H:20, S:20, S:20]
    受试者 2:  60 张  [A:10, F:20, H:10, S:20]
    受试者 3:  90 张  [A:10, F:20, H:20, S:20, S:20]
    受试者 4:  60 张  [F:20, H:20, S:10, S:10]
    受试者 5: 120 张  [A:20, D:20, F:20, H:20, S:20, S:20]
    受试者 6: 120 张  [A:20, D:20, F:20, H:20, S:20, S:20]
    受试者 7: 100 张  [A:20, F:20, H:20, S:20, S:20]
    受试者 8: 110 张  [A:20, D:20, F:10, H:20, S:20, S:20]
    受试者 9:  70 张  [A:20, F:10, H:20, S:10, S:10]
    受试者 10:  80 张  [A:10, D:10, F:20, H:20, S:20]
    受试者 11: 100 张  [A:20, D:20, F:20, S:20, S:20]
    受试者 12:  70 张  [A:20, D:10, H:20, S:20]
============================================================

评估方法: LOSO (12 folds)
总轮次: 12

============================================================
  Fold 1/12: 1
  验证受试者: 1 (126 张)
  验证表情分布: {0: 26, 1: 20, 2: 20, 3: 20, 4: 20, 5: 20}
  训练: 980 张 | 验证: 126 张
============================================================
  🏗️  Backbone: resnet50 (imagenet)
       特征维度: 2048
       投影层: 2048 → 512 → 6
       Backbone 参数: 23.5M
Fold 1 Epoch  1 | Train Loss:0.8684 Acc:0.6847 | Val Loss:1.3032 Acc:0.4762 | Time:20s
Fold 1 Epoch  2 | Train Loss:0.2334 Acc:0.9255 | Val Loss:1.1721 Acc:0.4762 | Time:21s
Fold 1 Epoch  3 | Train Loss:0.1383 Acc:0.9622 | Val Loss:1.6530 Acc:0.4683 | Time:20s
Fold 1 Epoch  4 | Train Loss:0.1054 Acc:0.9724 | Val Loss:1.6315 Acc:0.4762 | Time:20s
Fold 1 Epoch  5 | Train Loss:0.0702 Acc:0.9857 | Val Loss:1.5671 Acc:0.6111 | Time:21s
Fold 1 Epoch  6 | Train Loss:0.1133 Acc:0.9633 | Val Loss:2.1564 Acc:0.3968 | Time:21s
Fold 1 Epoch  7 | Train Loss:0.1035 Acc:0.9673 | Val Loss:1.8943 Acc:0.5317 | Time:20s
Fold 1 Epoch  8 | Train Loss:0.1037 Acc:0.9694 | Val Loss:1.6809 Acc:0.4683 | Time:20s
Fold 1 Epoch  9 | Train Loss:0.0494 Acc:0.9878 | Val Loss:0.9636 Acc:0.6667 | Time:21s
Fold 1 Epoch 10 | Train Loss:0.0526 Acc:0.9867 | Val Loss:0.9739 Acc:0.6190 | Time:21s
Fold 1 Epoch 11 | Train Loss:0.0541 Acc:0.9878 | Val Loss:0.8989 Acc:0.6349 | Time:21s
Fold 1 Epoch 12 | Train Loss:0.0465 Acc:0.9837 | Val Loss:1.5969 Acc:0.4841 | Time:21s
Fold 1 Epoch 13 | Train Loss:0.0319 Acc:0.9929 | Val Loss:1.1447 Acc:0.7143 | Time:20s
Fold 1 Epoch 14 | Train Loss:0.0251 Acc:0.9939 | Val Loss:1.4059 Acc:0.5635 | Time:21s
Fold 1 Epoch 15 | Train Loss:0.0405 Acc:0.9878 | Val Loss:1.1122 Acc:0.7381 | Time:21s
Fold 1 Epoch 16 | Train Loss:0.0435 Acc:0.9898 | Val Loss:1.4632 Acc:0.5873 | Time:21s
Fold 1 Epoch 17 | Train Loss:0.0290 Acc:0.9918 | Val Loss:1.0490 Acc:0.5952 | Time:21s
Fold 1 Epoch 18 | Train Loss:0.0268 Acc:0.9918 | Val Loss:1.4120 Acc:0.6508 | Time:21s
Fold 1 Epoch 19 | Train Loss:0.0193 Acc:0.9939 | Val Loss:1.0841 Acc:0.6825 | Time:20s
Fold 1 Epoch 20 | Train Loss:0.0107 Acc:0.9990 | Val Loss:1.3049 Acc:0.5952 | Time:21s
Fold 1 Epoch 21 | Train Loss:0.0202 Acc:0.9969 | Val Loss:1.5103 Acc:0.4048 | Time:22s
Fold 1 Epoch 22 | Train Loss:0.0138 Acc:0.9969 | Val Loss:1.1791 Acc:0.5556 | Time:21s
Fold 1 Epoch 23 | Train Loss:0.0157 Acc:0.9959 | Val Loss:1.3441 Acc:0.5556 | Time:21s
Fold 1 Epoch 24 | Train Loss:0.0235 Acc:0.9969 | Val Loss:1.4611 Acc:0.5952 | Time:21s
Fold 1 Epoch 25 | Train Loss:0.0194 Acc:0.9929 | Val Loss:0.7905 Acc:0.6746 | Time:21s
  ⏹ 早停于 Epoch 25（10 轮未提升）
  ✅ Fold1 Best Val Acc: 0.7381

============================================================
  Fold 2/12: 2
  验证受试者: 2 (60 张)
  验证表情分布: {0: 10, 2: 20, 3: 10, 5: 20}
  训练: 1046 张 | 验证: 60 张
============================================================
  🏗️  Backbone: resnet50 (imagenet)
       特征维度: 2048
       投影层: 2048 → 512 → 6
       Backbone 参数: 23.5M
Fold 2 Epoch  1 | Train Loss:0.8824 Acc:0.6769 | Val Loss:0.8793 Acc:0.6333 | Time:23s
Fold 2 Epoch  2 | Train Loss:0.1938 Acc:0.9474 | Val Loss:1.2380 Acc:0.5000 | Time:23s
Fold 2 Epoch  3 | Train Loss:0.1512 Acc:0.9579 | Val Loss:2.0637 Acc:0.4833 | Time:23s
Fold 2 Epoch  4 | Train Loss:0.1342 Acc:0.9608 | Val Loss:1.0156 Acc:0.5000 | Time:24s
Fold 2 Epoch  5 | Train Loss:0.1050 Acc:0.9713 | Val Loss:2.3120 Acc:0.3500 | Time:23s
Fold 2 Epoch  6 | Train Loss:0.0793 Acc:0.9790 | Val Loss:1.5843 Acc:0.3333 | Time:24s
Fold 2 Epoch  7 | Train Loss:0.0687 Acc:0.9809 | Val Loss:0.8584 Acc:0.6000 | Time:22s
Fold 2 Epoch  8 | Train Loss:0.0649 Acc:0.9790 | Val Loss:2.3067 Acc:0.3833 | Time:23s
Fold 2 Epoch  9 | Train Loss:0.0548 Acc:0.9866 | Val Loss:1.3379 Acc:0.6333 | Time:22s
Fold 2 Epoch 10 | Train Loss:0.0744 Acc:0.9780 | Val Loss:0.6802 Acc:0.7500 | Time:22s
Fold 2 Epoch 11 | Train Loss:0.0571 Acc:0.9847 | Val Loss:1.5933 Acc:0.4333 | Time:23s
Fold 2 Epoch 12 | Train Loss:0.0385 Acc:0.9895 | Val Loss:1.5169 Acc:0.2667 | Time:22s
Fold 2 Epoch 13 | Train Loss:0.0332 Acc:0.9933 | Val Loss:2.0883 Acc:0.2833 | Time:22s
Fold 2 Epoch 14 | Train Loss:0.0308 Acc:0.9914 | Val Loss:2.0524 Acc:0.3000 | Time:22s
Fold 2 Epoch 15 | Train Loss:0.0267 Acc:0.9933 | Val Loss:1.6451 Acc:0.3667 | Time:22s
Fold 2 Epoch 16 | Train Loss:0.0187 Acc:0.9943 | Val Loss:1.3341 Acc:0.5000 | Time:22s
Fold 2 Epoch 17 | Train Loss:0.0377 Acc:0.9914 | Val Loss:1.5098 Acc:0.3000 | Time:22s
Fold 2 Epoch 18 | Train Loss:0.0399 Acc:0.9924 | Val Loss:2.1221 Acc:0.2500 | Time:22s
Fold 2 Epoch 19 | Train Loss:0.0339 Acc:0.9895 | Val Loss:3.1988 Acc:0.2667 | Time:21s
Fold 2 Epoch 20 | Train Loss:0.0239 Acc:0.9952 | Val Loss:2.1200 Acc:0.3833 | Time:22s
  ⏹ 早停于 Epoch 20（10 轮未提升）
  ✅ Fold2 Best Val Acc: 0.7500

============================================================
  Fold 3/12: 3
  验证受试者: 3 (90 张)
  验证表情分布: {0: 10, 2: 20, 3: 20, 4: 20, 5: 20}
  训练: 1016 张 | 验证: 90 张
============================================================
  🏗️  Backbone: resnet50 (imagenet)
       特征维度: 2048
       投影层: 2048 → 512 → 6
       Backbone 参数: 23.5M
Fold 3 Epoch  1 | Train Loss:0.8720 Acc:0.6791 | Val Loss:0.8555 Acc:0.5889 | Time:21s
Fold 3 Epoch  2 | Train Loss:0.2542 Acc:0.9281 | Val Loss:0.5786 Acc:0.8000 | Time:21s
Fold 3 Epoch  3 | Train Loss:0.1792 Acc:0.9478 | Val Loss:1.1286 Acc:0.6000 | Time:21s
Fold 3 Epoch  4 | Train Loss:0.1193 Acc:0.9596 | Val Loss:1.4159 Acc:0.4889 | Time:21s
Fold 3 Epoch  5 | Train Loss:0.0850 Acc:0.9744 | Val Loss:0.8508 Acc:0.6222 | Time:21s
Fold 3 Epoch  6 | Train Loss:0.0633 Acc:0.9843 | Val Loss:0.7704 Acc:0.6444 | Time:21s
Fold 3 Epoch  7 | Train Loss:0.0510 Acc:0.9872 | Val Loss:0.7803 Acc:0.6556 | Time:21s
Fold 3 Epoch  8 | Train Loss:0.0344 Acc:0.9902 | Val Loss:0.7529 Acc:0.7778 | Time:22s
Fold 3 Epoch  9 | Train Loss:0.0592 Acc:0.9833 | Val Loss:1.0640 Acc:0.6222 | Time:22s
Fold 3 Epoch 10 | Train Loss:0.0489 Acc:0.9843 | Val Loss:1.4217 Acc:0.4333 | Time:21s
Fold 3 Epoch 11 | Train Loss:0.0493 Acc:0.9852 | Val Loss:0.5258 Acc:0.8778 | Time:21s
Fold 3 Epoch 12 | Train Loss:0.0391 Acc:0.9862 | Val Loss:0.6679 Acc:0.8000 | Time:21s
Fold 3 Epoch 13 | Train Loss:0.0408 Acc:0.9902 | Val Loss:0.6931 Acc:0.7111 | Time:22s
Fold 3 Epoch 14 | Train Loss:0.0317 Acc:0.9902 | Val Loss:1.1882 Acc:0.4000 | Time:21s
Fold 3 Epoch 15 | Train Loss:0.0478 Acc:0.9882 | Val Loss:1.2271 Acc:0.5444 | Time:21s
Fold 3 Epoch 16 | Train Loss:0.0449 Acc:0.9892 | Val Loss:1.5078 Acc:0.6444 | Time:21s
Fold 3 Epoch 17 | Train Loss:0.0353 Acc:0.9872 | Val Loss:1.8101 Acc:0.5556 | Time:21s
Fold 3 Epoch 18 | Train Loss:0.0403 Acc:0.9902 | Val Loss:1.1088 Acc:0.6889 | Time:21s
Fold 3 Epoch 19 | Train Loss:0.0299 Acc:0.9931 | Val Loss:0.8200 Acc:0.6667 | Time:22s
Fold 3 Epoch 20 | Train Loss:0.0275 Acc:0.9911 | Val Loss:1.5236 Acc:0.5222 | Time:21s
Fold 3 Epoch 21 | Train Loss:0.0284 Acc:0.9911 | Val Loss:1.5200 Acc:0.6111 | Time:21s
  ⏹ 早停于 Epoch 21（10 轮未提升）
  ✅ Fold3 Best Val Acc: 0.8778

============================================================
  Fold 4/12: 4
  验证受试者: 4 (60 张)
  验证表情分布: {2: 20, 3: 20, 4: 10, 5: 10}
  训练: 1046 张 | 验证: 60 张
============================================================
  🏗️  Backbone: resnet50 (imagenet)
       特征维度: 2048
       投影层: 2048 → 512 → 6
       Backbone 参数: 23.5M
Fold 4 Epoch  1 | Train Loss:0.8740 Acc:0.6826 | Val Loss:0.4637 Acc:0.7667 | Time:22s
Fold 4 Epoch  2 | Train Loss:0.2154 Acc:0.9407 | Val Loss:0.6110 Acc:0.7167 | Time:22s
Fold 4 Epoch  3 | Train Loss:0.1599 Acc:0.9551 | Val Loss:0.2500 Acc:0.9333 | Time:24s
Fold 4 Epoch  4 | Train Loss:0.1122 Acc:0.9665 | Val Loss:0.4834 Acc:0.8000 | Time:22s
Fold 4 Epoch  5 | Train Loss:0.0938 Acc:0.9723 | Val Loss:0.7199 Acc:0.6667 | Time:22s
Fold 4 Epoch  6 | Train Loss:0.0727 Acc:0.9771 | Val Loss:0.5164 Acc:0.8500 | Time:22s
Fold 4 Epoch  7 | Train Loss:0.0755 Acc:0.9771 | Val Loss:0.5320 Acc:0.8333 | Time:22s
Fold 4 Epoch  8 | Train Loss:0.0745 Acc:0.9818 | Val Loss:0.9397 Acc:0.7167 | Time:22s
Fold 4 Epoch  9 | Train Loss:0.0855 Acc:0.9751 | Val Loss:1.5691 Acc:0.5000 | Time:21s
Fold 4 Epoch 10 | Train Loss:0.0598 Acc:0.9866 | Val Loss:0.4595 Acc:0.8333 | Time:22s
Fold 4 Epoch 11 | Train Loss:0.0319 Acc:0.9933 | Val Loss:0.2177 Acc:0.9667 | Time:21s
Fold 4 Epoch 12 | Train Loss:0.0371 Acc:0.9876 | Val Loss:0.6298 Acc:0.8333 | Time:22s
Fold 4 Epoch 13 | Train Loss:0.0434 Acc:0.9885 | Val Loss:0.8431 Acc:0.8333 | Time:22s
Fold 4 Epoch 14 | Train Loss:0.0303 Acc:0.9924 | Val Loss:0.7112 Acc:0.8333 | Time:22s
Fold 4 Epoch 15 | Train Loss:0.0286 Acc:0.9943 | Val Loss:0.9052 Acc:0.6500 | Time:22s
Fold 4 Epoch 16 | Train Loss:0.0348 Acc:0.9924 | Val Loss:0.6288 Acc:0.8167 | Time:22s
Fold 4 Epoch 17 | Train Loss:0.0203 Acc:0.9952 | Val Loss:0.3780 Acc:0.8333 | Time:22s
Fold 4 Epoch 18 | Train Loss:0.0244 Acc:0.9952 | Val Loss:0.7648 Acc:0.8167 | Time:22s
Fold 4 Epoch 19 | Train Loss:0.0135 Acc:0.9981 | Val Loss:0.6981 Acc:0.8000 | Time:22s
Fold 4 Epoch 20 | Train Loss:0.0242 Acc:0.9943 | Val Loss:0.1850 Acc:1.0000 | Time:22s
Fold 4 Epoch 21 | Train Loss:0.0190 Acc:0.9952 | Val Loss:0.6855 Acc:0.8333 | Time:23s
Fold 4 Epoch 22 | Train Loss:0.0175 Acc:0.9952 | Val Loss:0.9842 Acc:0.6000 | Time:22s
Fold 4 Epoch 23 | Train Loss:0.0137 Acc:0.9990 | Val Loss:0.5078 Acc:0.8333 | Time:22s
Fold 4 Epoch 24 | Train Loss:0.0126 Acc:0.9962 | Val Loss:0.5082 Acc:0.8333 | Time:23s
Fold 4 Epoch 25 | Train Loss:0.0182 Acc:0.9971 | Val Loss:0.2858 Acc:0.9833 | Time:21s
Fold 4 Epoch 26 | Train Loss:0.0145 Acc:0.9962 | Val Loss:0.3734 Acc:0.8667 | Time:22s
Fold 4 Epoch 27 | Train Loss:0.0103 Acc:0.9962 | Val Loss:0.3630 Acc:0.8667 | Time:22s
Fold 4 Epoch 28 | Train Loss:0.0055 Acc:1.0000 | Val Loss:0.2988 Acc:0.9333 | Time:21s
Fold 4 Epoch 29 | Train Loss:0.0061 Acc:0.9990 | Val Loss:0.3764 Acc:0.8667 | Time:22s
Fold 4 Epoch 30 | Train Loss:0.0102 Acc:0.9981 | Val Loss:0.3988 Acc:0.8333 | Time:22s
  ⏹ 早停于 Epoch 30（10 轮未提升）
  ✅ Fold4 Best Val Acc: 1.0000

============================================================
  Fold 5/12: 5
  验证受试者: 5 (120 张)
  验证表情分布: {0: 20, 1: 20, 2: 20, 3: 20, 4: 20, 5: 20}
  训练: 986 张 | 验证: 120 张
============================================================
  🏗️  Backbone: resnet50 (imagenet)
       特征维度: 2048
       投影层: 2048 → 512 → 6
       Backbone 参数: 23.5M
Fold 5 Epoch  1 | Train Loss:0.8704 Acc:0.6815 | Val Loss:0.5935 Acc:0.7333 | Time:21s
Fold 5 Epoch  2 | Train Loss:0.1530 Acc:0.9635 | Val Loss:0.5797 Acc:0.7167 | Time:22s
Fold 5 Epoch  3 | Train Loss:0.1579 Acc:0.9483 | Val Loss:0.5402 Acc:0.7500 | Time:21s
Fold 5 Epoch  4 | Train Loss:0.1467 Acc:0.9544 | Val Loss:0.7185 Acc:0.7083 | Time:21s
Fold 5 Epoch  5 | Train Loss:0.1112 Acc:0.9706 | Val Loss:1.2948 Acc:0.6833 | Time:21s
Fold 5 Epoch  6 | Train Loss:0.0477 Acc:0.9878 | Val Loss:0.6627 Acc:0.8167 | Time:21s
Fold 5 Epoch  7 | Train Loss:0.0842 Acc:0.9757 | Val Loss:0.6731 Acc:0.8000 | Time:20s
Fold 5 Epoch  8 | Train Loss:0.0647 Acc:0.9888 | Val Loss:0.7259 Acc:0.6917 | Time:20s
Fold 5 Epoch  9 | Train Loss:0.0282 Acc:0.9970 | Val Loss:0.8292 Acc:0.7750 | Time:20s
Fold 5 Epoch 10 | Train Loss:0.0437 Acc:0.9838 | Val Loss:0.9515 Acc:0.6417 | Time:20s
Fold 5 Epoch 11 | Train Loss:0.0822 Acc:0.9787 | Val Loss:1.5500 Acc:0.5667 | Time:21s
Fold 5 Epoch 12 | Train Loss:0.0403 Acc:0.9919 | Val Loss:0.9773 Acc:0.6833 | Time:21s
Fold 5 Epoch 13 | Train Loss:0.0668 Acc:0.9787 | Val Loss:1.4297 Acc:0.5000 | Time:21s
Fold 5 Epoch 14 | Train Loss:0.0573 Acc:0.9838 | Val Loss:0.8397 Acc:0.6000 | Time:21s
Fold 5 Epoch 15 | Train Loss:0.0277 Acc:0.9949 | Val Loss:0.7705 Acc:0.8000 | Time:21s
Fold 5 Epoch 16 | Train Loss:0.0416 Acc:0.9888 | Val Loss:1.2446 Acc:0.7250 | Time:20s
  ⏹ 早停于 Epoch 16（10 轮未提升）
  ✅ Fold5 Best Val Acc: 0.8167

============================================================
  Fold 6/12: 6
  验证受试者: 6 (120 张)
  验证表情分布: {0: 20, 1: 20, 2: 20, 3: 20, 4: 20, 5: 20}
  训练: 986 张 | 验证: 120 张
============================================================
  🏗️  Backbone: resnet50 (imagenet)
       特征维度: 2048
       投影层: 2048 → 512 → 6
       Backbone 参数: 23.5M
Fold 6 Epoch  1 | Train Loss:0.8512 Acc:0.6998 | Val Loss:1.9145 Acc:0.4417 | Time:20s
Fold 6 Epoch  2 | Train Loss:0.2458 Acc:0.9260 | Val Loss:1.0022 Acc:0.6667 | Time:21s
Fold 6 Epoch  3 | Train Loss:0.1412 Acc:0.9645 | Val Loss:1.3338 Acc:0.4333 | Time:21s
Fold 6 Epoch  4 | Train Loss:0.1193 Acc:0.9686 | Val Loss:1.0046 Acc:0.5417 | Time:21s
Fold 6 Epoch  5 | Train Loss:0.0943 Acc:0.9726 | Val Loss:0.7923 Acc:0.6333 | Time:21s
Fold 6 Epoch  6 | Train Loss:0.0756 Acc:0.9828 | Val Loss:1.1299 Acc:0.6417 | Time:21s
Fold 6 Epoch  7 | Train Loss:0.0853 Acc:0.9767 | Val Loss:1.3769 Acc:0.6000 | Time:21s
Fold 6 Epoch  8 | Train Loss:0.0613 Acc:0.9838 | Val Loss:1.2826 Acc:0.5083 | Time:21s
Fold 6 Epoch  9 | Train Loss:0.0293 Acc:0.9959 | Val Loss:1.1704 Acc:0.5917 | Time:21s
Fold 6 Epoch 10 | Train Loss:0.0464 Acc:0.9868 | Val Loss:1.1734 Acc:0.5750 | Time:21s
Fold 6 Epoch 11 | Train Loss:0.0367 Acc:0.9919 | Val Loss:0.8886 Acc:0.5250 | Time:21s
Fold 6 Epoch 12 | Train Loss:0.0288 Acc:0.9959 | Val Loss:1.2252 Acc:0.5083 | Time:21s
  ⏹ 早停于 Epoch 12（10 轮未提升）
  ✅ Fold6 Best Val Acc: 0.6667

============================================================
  Fold 7/12: 7
  验证受试者: 7 (100 张)
  验证表情分布: {0: 20, 2: 20, 3: 20, 4: 20, 5: 20}
  训练: 1006 张 | 验证: 100 张
============================================================
  🏗️  Backbone: resnet50 (imagenet)
       特征维度: 2048
       投影层: 2048 → 512 → 6
       Backbone 参数: 23.5M
Fold 7 Epoch  1 | Train Loss:0.8382 Acc:0.6968 | Val Loss:0.4453 Acc:0.7900 | Time:21s
Fold 7 Epoch  2 | Train Loss:0.2510 Acc:0.9225 | Val Loss:0.8453 Acc:0.6800 | Time:21s
Fold 7 Epoch  3 | Train Loss:0.1601 Acc:0.9592 | Val Loss:0.6940 Acc:0.6200 | Time:21s
Fold 7 Epoch  4 | Train Loss:0.1133 Acc:0.9682 | Val Loss:0.4952 Acc:0.7700 | Time:21s
Fold 7 Epoch  5 | Train Loss:0.1253 Acc:0.9692 | Val Loss:1.0216 Acc:0.6100 | Time:21s
Fold 7 Epoch  6 | Train Loss:0.1122 Acc:0.9722 | Val Loss:0.4931 Acc:0.8000 | Time:21s
Fold 7 Epoch  7 | Train Loss:0.0564 Acc:0.9891 | Val Loss:0.4239 Acc:0.8400 | Time:21s
Fold 7 Epoch  8 | Train Loss:0.0651 Acc:0.9791 | Val Loss:1.7132 Acc:0.4000 | Time:21s
Fold 7 Epoch  9 | Train Loss:0.0949 Acc:0.9732 | Val Loss:1.1790 Acc:0.5100 | Time:21s
Fold 7 Epoch 10 | Train Loss:0.0668 Acc:0.9821 | Val Loss:0.7867 Acc:0.8000 | Time:22s
Fold 7 Epoch 11 | Train Loss:0.0859 Acc:0.9771 | Val Loss:0.4682 Acc:0.8000 | Time:21s
Fold 7 Epoch 12 | Train Loss:0.0521 Acc:0.9881 | Val Loss:1.1349 Acc:0.4100 | Time:22s
Fold 7 Epoch 13 | Train Loss:0.0431 Acc:0.9901 | Val Loss:0.6764 Acc:0.7400 | Time:21s
Fold 7 Epoch 14 | Train Loss:0.0336 Acc:0.9920 | Val Loss:1.2648 Acc:0.4700 | Time:22s
Fold 7 Epoch 15 | Train Loss:0.0188 Acc:0.9960 | Val Loss:1.4705 Acc:0.5000 | Time:21s
Fold 7 Epoch 16 | Train Loss:0.0260 Acc:0.9940 | Val Loss:1.5227 Acc:0.4700 | Time:22s
Fold 7 Epoch 17 | Train Loss:0.0503 Acc:0.9841 | Val Loss:0.8717 Acc:0.6500 | Time:22s
  ⏹ 早停于 Epoch 17（10 轮未提升）
  ✅ Fold7 Best Val Acc: 0.8400

============================================================
  Fold 8/12: 8
  验证受试者: 8 (110 张)
  验证表情分布: {0: 20, 1: 20, 2: 10, 3: 20, 4: 20, 5: 20}
  训练: 996 张 | 验证: 110 张
============================================================
  🏗️  Backbone: resnet50 (imagenet)
       特征维度: 2048
       投影层: 2048 → 512 → 6
       Backbone 参数: 23.5M
Fold 8 Epoch  1 | Train Loss:0.8617 Acc:0.6757 | Val Loss:0.4383 Acc:0.9182 | Time:22s
Fold 8 Epoch  2 | Train Loss:0.3437 Acc:0.8845 | Val Loss:0.7696 Acc:0.6636 | Time:22s
Fold 8 Epoch  3 | Train Loss:0.1827 Acc:0.9418 | Val Loss:0.4995 Acc:0.7636 | Time:21s
Fold 8 Epoch  4 | Train Loss:0.1435 Acc:0.9548 | Val Loss:0.2801 Acc:0.8273 | Time:21s
Fold 8 Epoch  5 | Train Loss:0.1333 Acc:0.9689 | Val Loss:0.5635 Acc:0.7091 | Time:21s
Fold 8 Epoch  6 | Train Loss:0.0911 Acc:0.9739 | Val Loss:0.3653 Acc:0.8727 | Time:21s
Fold 8 Epoch  7 | Train Loss:0.0857 Acc:0.9789 | Val Loss:1.7364 Acc:0.4818 | Time:21s
Fold 8 Epoch  8 | Train Loss:0.0674 Acc:0.9859 | Val Loss:0.5388 Acc:0.6727 | Time:21s
Fold 8 Epoch  9 | Train Loss:0.1339 Acc:0.9709 | Val Loss:0.3149 Acc:0.8364 | Time:22s
Fold 8 Epoch 10 | Train Loss:0.1308 Acc:0.9639 | Val Loss:0.3158 Acc:0.8182 | Time:21s
Fold 8 Epoch 11 | Train Loss:0.1892 Acc:0.9448 | Val Loss:0.8458 Acc:0.6545 | Time:20s
  ⏹ 早停于 Epoch 11（10 轮未提升）
  ✅ Fold8 Best Val Acc: 0.9182

============================================================
  Fold 9/12: 9
  验证受试者: 9 (70 张)
  验证表情分布: {0: 20, 2: 10, 3: 20, 4: 10, 5: 10}
  训练: 1036 张 | 验证: 70 张
============================================================
  🏗️  Backbone: resnet50 (imagenet)
       特征维度: 2048
       投影层: 2048 → 512 → 6
       Backbone 参数: 23.5M
Fold 9 Epoch  1 | Train Loss:0.8497 Acc:0.6950 | Val Loss:0.9225 Acc:0.8143 | Time:22s
Fold 9 Epoch  2 | Train Loss:0.2276 Acc:0.9382 | Val Loss:1.1787 Acc:0.5714 | Time:22s
Fold 9 Epoch  3 | Train Loss:0.1313 Acc:0.9691 | Val Loss:0.4142 Acc:0.8714 | Time:22s
Fold 9 Epoch  4 | Train Loss:0.1536 Acc:0.9546 | Val Loss:0.7052 Acc:0.5714 | Time:22s
Fold 9 Epoch  5 | Train Loss:0.1024 Acc:0.9672 | Val Loss:1.5179 Acc:0.4286 | Time:22s
Fold 9 Epoch  6 | Train Loss:0.0915 Acc:0.9681 | Val Loss:0.7515 Acc:0.6000 | Time:22s
Fold 9 Epoch  7 | Train Loss:0.0700 Acc:0.9768 | Val Loss:0.8943 Acc:0.5714 | Time:22s
Fold 9 Epoch  8 | Train Loss:0.0560 Acc:0.9826 | Val Loss:1.0333 Acc:0.4286 | Time:22s
Fold 9 Epoch  9 | Train Loss:0.1011 Acc:0.9701 | Val Loss:0.9216 Acc:0.5714 | Time:22s
Fold 9 Epoch 10 | Train Loss:0.0592 Acc:0.9846 | Val Loss:1.0807 Acc:0.6571 | Time:22s
Fold 9 Epoch 11 | Train Loss:0.0534 Acc:0.9855 | Val Loss:0.6374 Acc:0.7000 | Time:21s
Fold 9 Epoch 12 | Train Loss:0.0530 Acc:0.9836 | Val Loss:0.7860 Acc:0.5571 | Time:22s
Fold 9 Epoch 13 | Train Loss:0.0276 Acc:0.9942 | Val Loss:1.0845 Acc:0.5000 | Time:22s
  ⏹ 早停于 Epoch 13（10 轮未提升）
  ✅ Fold9 Best Val Acc: 0.8714

============================================================
  Fold 10/12: 10
  验证受试者: 10 (80 张)
  验证表情分布: {0: 10, 1: 10, 2: 20, 3: 20, 5: 20}
  训练: 1026 张 | 验证: 80 张
============================================================
  🏗️  Backbone: resnet50 (imagenet)
       特征维度: 2048
       投影层: 2048 → 512 → 6
       Backbone 参数: 23.5M
Fold10 Epoch  1 | Train Loss:0.8145 Acc:0.7154 | Val Loss:0.5947 Acc:0.5250 | Time:21s
Fold10 Epoch  2 | Train Loss:0.2302 Acc:0.9454 | Val Loss:0.9309 Acc:0.5750 | Time:23s
Fold10 Epoch  3 | Train Loss:0.2669 Acc:0.9327 | Val Loss:0.4090 Acc:0.8000 | Time:22s
Fold10 Epoch  4 | Train Loss:0.1326 Acc:0.9630 | Val Loss:1.2967 Acc:0.6250 | Time:21s
Fold10 Epoch  5 | Train Loss:0.1668 Acc:0.9561 | Val Loss:0.4569 Acc:0.8125 | Time:21s
Fold10 Epoch  6 | Train Loss:0.2485 Acc:0.9181 | Val Loss:0.9302 Acc:0.5125 | Time:22s
Fold10 Epoch  7 | Train Loss:0.2058 Acc:0.9688 | Val Loss:1.5648 Acc:0.5000 | Time:22s
Fold10 Epoch  8 | Train Loss:0.1556 Acc:0.9581 | Val Loss:1.8864 Acc:0.5875 | Time:22s
Fold10 Epoch  9 | Train Loss:0.2009 Acc:0.9737 | Val Loss:2.1536 Acc:0.5000 | Time:22s
Fold10 Epoch 10 | Train Loss:0.1992 Acc:0.9405 | Val Loss:2.3798 Acc:0.4375 | Time:22s
Fold10 Epoch 11 | Train Loss:0.1182 Acc:0.9698 | Val Loss:3.4075 Acc:0.2500 | Time:21s
Fold10 Epoch 12 | Train Loss:0.2300 Acc:0.9259 | Val Loss:2.6895 Acc:0.4375 | Time:21s
Fold10 Epoch 13 | Train Loss:0.2730 Acc:0.9327 | Val Loss:3.5031 Acc:0.4375 | Time:21s
Fold10 Epoch 14 | Train Loss:0.3939 Acc:0.9094 | Val Loss:1.6872 Acc:0.6250 | Time:21s
Fold10 Epoch 15 | Train Loss:0.1228 Acc:0.9698 | Val Loss:1.6131 Acc:0.6250 | Time:22s
  ⏹ 早停于 Epoch 15（10 轮未提升）
  ✅ Fold10 Best Val Acc: 0.8125

============================================================
  Fold 11/12: 11
  验证受试者: 11 (100 张)
  验证表情分布: {0: 20, 1: 20, 2: 20, 4: 20, 5: 20}
  训练: 1006 张 | 验证: 100 张
============================================================
  🏗️  Backbone: resnet50 (imagenet)
       特征维度: 2048
       投影层: 2048 → 512 → 6
       Backbone 参数: 23.5M
Fold11 Epoch  1 | Train Loss:0.8218 Acc:0.6948 | Val Loss:1.5679 Acc:0.4000 | Time:21s
Fold11 Epoch  2 | Train Loss:0.2069 Acc:0.9414 | Val Loss:1.0053 Acc:0.5200 | Time:22s
Fold11 Epoch  3 | Train Loss:0.1388 Acc:0.9533 | Val Loss:1.1692 Acc:0.5900 | Time:21s
Fold11 Epoch  4 | Train Loss:0.1694 Acc:0.9483 | Val Loss:0.9415 Acc:0.5400 | Time:21s
Fold11 Epoch  5 | Train Loss:0.1016 Acc:0.9751 | Val Loss:1.0851 Acc:0.5600 | Time:21s
Fold11 Epoch  6 | Train Loss:0.0803 Acc:0.9801 | Val Loss:1.3715 Acc:0.5300 | Time:21s
Fold11 Epoch  7 | Train Loss:0.0918 Acc:0.9722 | Val Loss:0.9548 Acc:0.6100 | Time:21s
Fold11 Epoch  8 | Train Loss:0.0650 Acc:0.9871 | Val Loss:1.7863 Acc:0.3100 | Time:21s
Fold11 Epoch  9 | Train Loss:0.0646 Acc:0.9821 | Val Loss:1.2986 Acc:0.4800 | Time:22s
Fold11 Epoch 10 | Train Loss:0.0567 Acc:0.9861 | Val Loss:1.0167 Acc:0.5600 | Time:21s
Fold11 Epoch 11 | Train Loss:0.0368 Acc:0.9940 | Val Loss:1.1696 Acc:0.4800 | Time:22s
Fold11 Epoch 12 | Train Loss:0.0309 Acc:0.9940 | Val Loss:1.5009 Acc:0.3700 | Time:20s
Fold11 Epoch 13 | Train Loss:0.0328 Acc:0.9911 | Val Loss:1.0738 Acc:0.5600 | Time:21s
Fold11 Epoch 14 | Train Loss:0.0212 Acc:0.9970 | Val Loss:1.3326 Acc:0.3500 | Time:22s
Fold11 Epoch 15 | Train Loss:0.0123 Acc:0.9970 | Val Loss:1.2906 Acc:0.4500 | Time:20s
Fold11 Epoch 16 | Train Loss:0.0366 Acc:0.9920 | Val Loss:1.6971 Acc:0.3000 | Time:21s
Fold11 Epoch 17 | Train Loss:0.0274 Acc:0.9920 | Val Loss:2.0507 Acc:0.2000 | Time:21s
  ⏹ 早停于 Epoch 17（10 轮未提升）
  ✅ Fold11 Best Val Acc: 0.6100

============================================================
  Fold 12/12: 12
  验证受试者: 12 (70 张)
  验证表情分布: {0: 20, 1: 10, 3: 20, 4: 20}
  训练: 1036 张 | 验证: 70 张
============================================================
  🏗️  Backbone: resnet50 (imagenet)
       特征维度: 2048
       投影层: 2048 → 512 → 6
       Backbone 参数: 23.5M
Fold12 Epoch  1 | Train Loss:0.8342 Acc:0.6940 | Val Loss:2.1586 Acc:0.5000 | Time:22s
Fold12 Epoch  2 | Train Loss:0.2006 Acc:0.9469 | Val Loss:2.3125 Acc:0.5714 | Time:22s
Fold12 Epoch  3 | Train Loss:0.1644 Acc:0.9508 | Val Loss:2.5962 Acc:0.4286 | Time:22s
Fold12 Epoch  4 | Train Loss:0.1412 Acc:0.9624 | Val Loss:1.6364 Acc:0.4857 | Time:22s
Fold12 Epoch  5 | Train Loss:0.0863 Acc:0.9739 | Val Loss:2.1763 Acc:0.6000 | Time:22s
Fold12 Epoch  6 | Train Loss:0.1016 Acc:0.9710 | Val Loss:3.8970 Acc:0.2857 | Time:22s
Fold12 Epoch  7 | Train Loss:0.0832 Acc:0.9739 | Val Loss:2.0735 Acc:0.4286 | Time:21s
Fold12 Epoch  8 | Train Loss:0.0640 Acc:0.9817 | Val Loss:2.2754 Acc:0.5286 | Time:22s
Fold12 Epoch  9 | Train Loss:0.0659 Acc:0.9894 | Val Loss:3.0832 Acc:0.2857 | Time:22s
Fold12 Epoch 10 | Train Loss:0.0741 Acc:0.9826 | Val Loss:3.5150 Acc:0.3000 | Time:22s
Fold12 Epoch 11 | Train Loss:0.0610 Acc:0.9807 | Val Loss:2.7096 Acc:0.3857 | Time:22s
Fold12 Epoch 12 | Train Loss:0.0863 Acc:0.9788 | Val Loss:2.5547 Acc:0.2571 | Time:21s
Fold12 Epoch 13 | Train Loss:0.0533 Acc:0.9826 | Val Loss:2.8221 Acc:0.3429 | Time:22s
Fold12 Epoch 14 | Train Loss:0.0448 Acc:0.9875 | Val Loss:1.8352 Acc:0.2857 | Time:22s
Fold12 Epoch 15 | Train Loss:0.0258 Acc:0.9942 | Val Loss:2.1574 Acc:0.2857 | Time:22s
  ⏹ 早停于 Epoch 15（10 轮未提升）
  ✅ Fold12 Best Val Acc: 0.6000

============================================================
  交叉验证结果汇总
============================================================
  1: 0.7381
  2: 0.7500
  3: 0.8778
  4: 1.0000
  5: 0.8167
  6: 0.6667
  7: 0.8400
  8: 0.9182
  9: 0.8714
  10: 0.8125
  11: 0.6100
  12: 0.6000

  平均精度: 0.7918 +- 0.1178

  每位受试者准确率:
    subject_1: 0.7381 [######################--------]
    subject_2: 0.7500 [######################--------]
    subject_3: 0.8778 [##########################----]
    subject_4: 1.0000 [##############################]
    subject_5: 0.8167 [########################------]
    subject_6: 0.6667 [####################----------]
    subject_7: 0.8400 [#########################-----]
    subject_8: 0.9182 [###########################---]
    subject_9: 0.8714 [##########################----]
    subject_10: 0.8125 [########################------]
    subject_11: 0.6100 [##################------------]
    subject_12: 0.6000 [##################------------]
  最低: subject_12 = 0.6000
  最高: subject_4 = 1.0000

📝 训练指标已保存: ../../KMU-FED/output_exp2_d2\training_metrics.json

⏱️  总耗时: 82.6 分钟
