🖥️  设备: cuda:0
✅ CLIP 模型加载成功: D:\MM_Emotion\2_FER\CAFE\CAFE\clip\ViT-B-32.pt
🔧 配置: Backbone=resnet50 | 预训练=imagenet | CLIP=无 CLIP | Dropout=0.0
🔧 优化器: adam | 调度器: cosine | LR=0.0002 | WD=0.0001 | LabelSmooth=0.1
📈 TensorBoard 日志: ../../KMU-FED/output_exp2_d3\tensorboard\20260716_144214
训练增强: RandomHorizontalFlip + RandomErasing
人脸检测: YOLO 已加载 (../../yolov8n.pt)
人脸检测: Haar Cascade 已加载

============================================================
  数据集分析
============================================================
  数据集: D:\MM_Emotion\2_FER\CAFE\CAFE\..\..\KMU-FED\KMU-FED
  受试者总数: 12
  图片总数: 1106
  类别数: 6
         angry (id=0):  196 ###################
       disgust (id=1):  120 ############
          fear (id=2):  200 ####################
         happy (id=3):  210 #####################
           sad (id=4):  180 ##################
      surprise (id=5):  200 ####################

  每受试者图片数:
    受试者 1: 126 张  [A:26, D:20, F:20, H:20, S:20, S:20]
    受试者 2:  60 张  [A:10, F:20, H:10, S:20]
    受试者 3:  90 张  [A:10, F:20, H:20, S:20, S:20]
    受试者 4:  60 张  [F:20, H:20, S:10, S:10]
    受试者 5: 120 张  [A:20, D:20, F:20, H:20, S:20, S:20]
    受试者 6: 120 张  [A:20, D:20, F:20, H:20, S:20, S:20]
    受试者 7: 100 张  [A:20, F:20, H:20, S:20, S:20]
    受试者 8: 110 张  [A:20, D:20, F:10, H:20, S:20, S:20]
    受试者 9:  70 张  [A:20, F:10, H:20, S:10, S:10]
    受试者 10:  80 张  [A:10, D:10, F:20, H:20, S:20]
    受试者 11: 100 张  [A:20, D:20, F:20, S:20, S:20]
    受试者 12:  70 张  [A:20, D:10, H:20, S:20]
============================================================

评估方法: LOSO (12 folds)
总轮次: 12

============================================================
  Fold 1/12: 1
  验证受试者: 1 (126 张)
  验证表情分布: {0: 26, 1: 20, 2: 20, 3: 20, 4: 20, 5: 20}
  训练: 980 张 | 验证: 126 张
============================================================
  🏗️  Backbone: resnet50 (imagenet)
       特征维度: 2048
       投影层: 2048 → 512 → 6
       Backbone 参数: 23.5M
Fold 1 Epoch  1 | Train Loss:1.0869 Acc:0.6806 | Val Loss:1.1763 Acc:0.5952 | Time:16s
Fold 1 Epoch  2 | Train Loss:0.7113 Acc:0.8755 | Val Loss:1.1538 Acc:0.6667 | Time:17s
Fold 1 Epoch  3 | Train Loss:0.6059 Acc:0.9327 | Val Loss:1.1401 Acc:0.6905 | Time:16s
Fold 1 Epoch  4 | Train Loss:0.5360 Acc:0.9643 | Val Loss:0.9860 Acc:0.7381 | Time:16s
Fold 1 Epoch  5 | Train Loss:0.5093 Acc:0.9776 | Val Loss:0.8989 Acc:0.7460 | Time:16s
Fold 1 Epoch  6 | Train Loss:0.4956 Acc:0.9796 | Val Loss:1.4728 Acc:0.6111 | Time:16s
Fold 1 Epoch  7 | Train Loss:0.4780 Acc:0.9939 | Val Loss:0.9394 Acc:0.7540 | Time:16s
Fold 1 Epoch  8 | Train Loss:0.4623 Acc:0.9929 | Val Loss:1.1409 Acc:0.6429 | Time:16s
Fold 1 Epoch  9 | Train Loss:0.4653 Acc:0.9888 | Val Loss:1.1614 Acc:0.6429 | Time:16s
Fold 1 Epoch 10 | Train Loss:0.4572 Acc:0.9939 | Val Loss:1.1756 Acc:0.7063 | Time:17s
Fold 1 Epoch 11 | Train Loss:0.4542 Acc:0.9939 | Val Loss:1.1587 Acc:0.7302 | Time:16s
Fold 1 Epoch 12 | Train Loss:0.4494 Acc:0.9959 | Val Loss:1.0686 Acc:0.6984 | Time:16s
Fold 1 Epoch 13 | Train Loss:0.4535 Acc:0.9939 | Val Loss:1.1589 Acc:0.6429 | Time:15s
Fold 1 Epoch 14 | Train Loss:0.4428 Acc:0.9990 | Val Loss:1.1090 Acc:0.6270 | Time:16s
Fold 1 Epoch 15 | Train Loss:0.4405 Acc:0.9990 | Val Loss:1.0189 Acc:0.6667 | Time:16s
Fold 1 Epoch 16 | Train Loss:0.4369 Acc:1.0000 | Val Loss:0.9433 Acc:0.7381 | Time:16s
Fold 1 Epoch 17 | Train Loss:0.4375 Acc:0.9980 | Val Loss:0.9773 Acc:0.6825 | Time:17s
  ⏹ 早停于 Epoch 17（10 轮未提升）
  ✅ Fold1 Best Val Acc: 0.7540

============================================================
  Fold 2/12: 2
  验证受试者: 2 (60 张)
  验证表情分布: {0: 10, 2: 20, 3: 10, 5: 20}
  训练: 1046 张 | 验证: 60 张
============================================================
  🏗️  Backbone: resnet50 (imagenet)
       特征维度: 2048
       投影层: 2048 → 512 → 6
       Backbone 参数: 23.5M
Fold 2 Epoch  1 | Train Loss:1.0858 Acc:0.6941 | Val Loss:1.0879 Acc:0.6500 | Time:16s
Fold 2 Epoch  2 | Train Loss:0.6822 Acc:0.8862 | Val Loss:1.1757 Acc:0.5333 | Time:17s
Fold 2 Epoch  3 | Train Loss:0.6304 Acc:0.9187 | Val Loss:1.2198 Acc:0.5833 | Time:17s
Fold 2 Epoch  4 | Train Loss:0.5602 Acc:0.9512 | Val Loss:1.2279 Acc:0.6667 | Time:17s
Fold 2 Epoch  5 | Train Loss:0.5265 Acc:0.9704 | Val Loss:1.3095 Acc:0.6500 | Time:18s
Fold 2 Epoch  6 | Train Loss:0.4874 Acc:0.9837 | Val Loss:1.0882 Acc:0.6000 | Time:18s
Fold 2 Epoch  7 | Train Loss:0.4656 Acc:0.9914 | Val Loss:1.0811 Acc:0.5667 | Time:18s
Fold 2 Epoch  8 | Train Loss:0.4731 Acc:0.9904 | Val Loss:0.9174 Acc:0.7333 | Time:18s
Fold 2 Epoch  9 | Train Loss:0.4574 Acc:0.9952 | Val Loss:1.3455 Acc:0.5500 | Time:17s
Fold 2 Epoch 10 | Train Loss:0.4460 Acc:0.9990 | Val Loss:0.9510 Acc:0.6667 | Time:18s
Fold 2 Epoch 11 | Train Loss:0.4603 Acc:0.9904 | Val Loss:1.3405 Acc:0.5833 | Time:17s
Fold 2 Epoch 12 | Train Loss:0.4535 Acc:0.9952 | Val Loss:1.1954 Acc:0.5333 | Time:18s
Fold 2 Epoch 13 | Train Loss:0.4463 Acc:0.9952 | Val Loss:1.2489 Acc:0.5833 | Time:19s
Fold 2 Epoch 14 | Train Loss:0.4463 Acc:0.9971 | Val Loss:1.0310 Acc:0.6167 | Time:18s
Fold 2 Epoch 15 | Train Loss:0.4474 Acc:0.9952 | Val Loss:0.9902 Acc:0.6833 | Time:18s
Fold 2 Epoch 16 | Train Loss:0.4451 Acc:0.9962 | Val Loss:0.8859 Acc:0.6500 | Time:17s
Fold 2 Epoch 17 | Train Loss:0.4451 Acc:0.9962 | Val Loss:1.2239 Acc:0.6500 | Time:18s
Fold 2 Epoch 18 | Train Loss:0.4439 Acc:0.9952 | Val Loss:1.3143 Acc:0.6833 | Time:17s
  ⏹ 早停于 Epoch 18（10 轮未提升）
  ✅ Fold2 Best Val Acc: 0.7333

============================================================
  Fold 3/12: 3
  验证受试者: 3 (90 张)
  验证表情分布: {0: 10, 2: 20, 3: 20, 4: 20, 5: 20}
  训练: 1016 张 | 验证: 90 张
============================================================
  🏗️  Backbone: resnet50 (imagenet)
       特征维度: 2048
       投影层: 2048 → 512 → 6
       Backbone 参数: 23.5M
Fold 3 Epoch  1 | Train Loss:1.0807 Acc:0.6949 | Val Loss:1.6440 Acc:0.4222 | Time:16s
Fold 3 Epoch  2 | Train Loss:0.6804 Acc:0.9006 | Val Loss:0.5944 Acc:0.8444 | Time:17s
Fold 3 Epoch  3 | Train Loss:0.5845 Acc:0.9409 | Val Loss:1.1956 Acc:0.6556 | Time:17s
Fold 3 Epoch  4 | Train Loss:0.5288 Acc:0.9695 | Val Loss:0.9234 Acc:0.5778 | Time:17s
Fold 3 Epoch  5 | Train Loss:0.5150 Acc:0.9675 | Val Loss:0.7518 Acc:0.7111 | Time:17s
Fold 3 Epoch  6 | Train Loss:0.5029 Acc:0.9764 | Val Loss:0.7736 Acc:0.8333 | Time:17s
Fold 3 Epoch  7 | Train Loss:0.4828 Acc:0.9882 | Val Loss:0.9083 Acc:0.7222 | Time:17s
Fold 3 Epoch  8 | Train Loss:0.4621 Acc:0.9941 | Val Loss:0.7597 Acc:0.8778 | Time:17s
Fold 3 Epoch  9 | Train Loss:0.4663 Acc:0.9892 | Val Loss:0.9708 Acc:0.6222 | Time:17s
Fold 3 Epoch 10 | Train Loss:0.4549 Acc:0.9921 | Val Loss:0.7446 Acc:0.8111 | Time:17s
Fold 3 Epoch 11 | Train Loss:0.4494 Acc:0.9951 | Val Loss:0.7735 Acc:0.7778 | Time:17s
Fold 3 Epoch 12 | Train Loss:0.4427 Acc:0.9990 | Val Loss:0.7062 Acc:0.8556 | Time:17s
Fold 3 Epoch 13 | Train Loss:0.4385 Acc:0.9980 | Val Loss:0.7680 Acc:0.8111 | Time:18s
Fold 3 Epoch 14 | Train Loss:0.4368 Acc:0.9980 | Val Loss:0.7398 Acc:0.7889 | Time:17s
Fold 3 Epoch 15 | Train Loss:0.4434 Acc:0.9980 | Val Loss:0.7701 Acc:0.8444 | Time:17s
Fold 3 Epoch 16 | Train Loss:0.4380 Acc:0.9990 | Val Loss:0.7948 Acc:0.8222 | Time:17s
Fold 3 Epoch 17 | Train Loss:0.4398 Acc:0.9980 | Val Loss:0.6751 Acc:0.8556 | Time:17s
Fold 3 Epoch 18 | Train Loss:0.4384 Acc:0.9980 | Val Loss:0.7076 Acc:0.8444 | Time:17s
  ⏹ 早停于 Epoch 18（10 轮未提升）
  ✅ Fold3 Best Val Acc: 0.8778

============================================================
  Fold 4/12: 4
  验证受试者: 4 (60 张)
  验证表情分布: {2: 20, 3: 20, 4: 10, 5: 10}
  训练: 1046 张 | 验证: 60 张
============================================================
  🏗️  Backbone: resnet50 (imagenet)
       特征维度: 2048
       投影层: 2048 → 512 → 6
       Backbone 参数: 23.5M
Fold 4 Epoch  1 | Train Loss:1.0987 Acc:0.6826 | Val Loss:1.2276 Acc:0.3667 | Time:16s
Fold 4 Epoch  2 | Train Loss:0.7095 Acc:0.8920 | Val Loss:1.0573 Acc:0.6000 | Time:17s
Fold 4 Epoch  3 | Train Loss:0.6103 Acc:0.9312 | Val Loss:1.0132 Acc:0.6333 | Time:17s
Fold 4 Epoch  4 | Train Loss:0.5547 Acc:0.9532 | Val Loss:1.2516 Acc:0.5667 | Time:17s
Fold 4 Epoch  5 | Train Loss:0.5161 Acc:0.9713 | Val Loss:0.9305 Acc:0.6500 | Time:19s
Fold 4 Epoch  6 | Train Loss:0.5005 Acc:0.9837 | Val Loss:1.2811 Acc:0.4167 | Time:18s
Fold 4 Epoch  7 | Train Loss:0.4857 Acc:0.9818 | Val Loss:1.1901 Acc:0.4167 | Time:18s
Fold 4 Epoch  8 | Train Loss:0.4767 Acc:0.9857 | Val Loss:1.0184 Acc:0.6667 | Time:17s
Fold 4 Epoch  9 | Train Loss:0.4597 Acc:0.9971 | Val Loss:1.1829 Acc:0.4333 | Time:18s
Fold 4 Epoch 10 | Train Loss:0.4522 Acc:0.9962 | Val Loss:1.4706 Acc:0.4167 | Time:17s
Fold 4 Epoch 11 | Train Loss:0.4469 Acc:0.9971 | Val Loss:1.0573 Acc:0.5167 | Time:17s
Fold 4 Epoch 12 | Train Loss:0.4440 Acc:0.9981 | Val Loss:1.6641 Acc:0.2667 | Time:17s
Fold 4 Epoch 13 | Train Loss:0.4386 Acc:0.9990 | Val Loss:1.0796 Acc:0.6500 | Time:17s
Fold 4 Epoch 14 | Train Loss:0.4424 Acc:0.9971 | Val Loss:0.8987 Acc:0.7333 | Time:17s
Fold 4 Epoch 15 | Train Loss:0.4414 Acc:0.9981 | Val Loss:1.0633 Acc:0.6333 | Time:17s
Fold 4 Epoch 16 | Train Loss:0.4375 Acc:0.9981 | Val Loss:1.4515 Acc:0.4500 | Time:17s
Fold 4 Epoch 17 | Train Loss:0.4367 Acc:0.9971 | Val Loss:1.1340 Acc:0.6500 | Time:17s
Fold 4 Epoch 18 | Train Loss:0.4450 Acc:0.9933 | Val Loss:1.0517 Acc:0.6000 | Time:18s
Fold 4 Epoch 19 | Train Loss:0.4373 Acc:0.9990 | Val Loss:0.9412 Acc:0.6833 | Time:18s
Fold 4 Epoch 20 | Train Loss:0.4394 Acc:0.9990 | Val Loss:0.7724 Acc:0.7500 | Time:17s
Fold 4 Epoch 21 | Train Loss:0.4353 Acc:1.0000 | Val Loss:1.0994 Acc:0.6500 | Time:17s
Fold 4 Epoch 22 | Train Loss:0.4376 Acc:0.9971 | Val Loss:0.9498 Acc:0.6500 | Time:17s
Fold 4 Epoch 23 | Train Loss:0.4333 Acc:0.9981 | Val Loss:0.8168 Acc:0.6667 | Time:17s
Fold 4 Epoch 24 | Train Loss:0.4371 Acc:0.9971 | Val Loss:0.9672 Acc:0.7500 | Time:17s
Fold 4 Epoch 25 | Train Loss:0.4333 Acc:0.9990 | Val Loss:1.0283 Acc:0.6500 | Time:17s
Fold 4 Epoch 26 | Train Loss:0.4317 Acc:1.0000 | Val Loss:0.9353 Acc:0.6500 | Time:17s
Fold 4 Epoch 27 | Train Loss:0.4295 Acc:1.0000 | Val Loss:0.8117 Acc:0.7000 | Time:17s
Fold 4 Epoch 28 | Train Loss:0.4278 Acc:1.0000 | Val Loss:0.9099 Acc:0.7000 | Time:17s
Fold 4 Epoch 29 | Train Loss:0.4314 Acc:0.9981 | Val Loss:0.8997 Acc:0.6500 | Time:18s
Fold 4 Epoch 30 | Train Loss:0.4290 Acc:1.0000 | Val Loss:1.0982 Acc:0.6500 | Time:18s
  ⏹ 早停于 Epoch 30（10 轮未提升）
  ✅ Fold4 Best Val Acc: 0.7500

============================================================
  Fold 5/12: 5
  验证受试者: 5 (120 张)
  验证表情分布: {0: 20, 1: 20, 2: 20, 3: 20, 4: 20, 5: 20}
  训练: 986 张 | 验证: 120 张
============================================================
  🏗️  Backbone: resnet50 (imagenet)
       特征维度: 2048
       投影层: 2048 → 512 → 6
       Backbone 参数: 23.5M
Fold 5 Epoch  1 | Train Loss:1.1067 Acc:0.6623 | Val Loss:1.1337 Acc:0.6250 | Time:16s
Fold 5 Epoch  2 | Train Loss:0.6736 Acc:0.9006 | Val Loss:1.0320 Acc:0.5750 | Time:16s
Fold 5 Epoch  3 | Train Loss:0.5817 Acc:0.9554 | Val Loss:1.0973 Acc:0.7167 | Time:16s
Fold 5 Epoch  4 | Train Loss:0.5417 Acc:0.9544 | Val Loss:0.9470 Acc:0.6583 | Time:16s
Fold 5 Epoch  5 | Train Loss:0.5049 Acc:0.9787 | Val Loss:1.0450 Acc:0.6083 | Time:17s
Fold 5 Epoch  6 | Train Loss:0.5061 Acc:0.9746 | Val Loss:1.0757 Acc:0.6667 | Time:16s
Fold 5 Epoch  7 | Train Loss:0.4894 Acc:0.9807 | Val Loss:1.0845 Acc:0.6667 | Time:18s
Fold 5 Epoch  8 | Train Loss:0.4812 Acc:0.9848 | Val Loss:0.7687 Acc:0.7000 | Time:16s
Fold 5 Epoch  9 | Train Loss:0.4631 Acc:0.9939 | Val Loss:0.8713 Acc:0.7500 | Time:17s
Fold 5 Epoch 10 | Train Loss:0.4538 Acc:0.9949 | Val Loss:0.8339 Acc:0.7750 | Time:17s
Fold 5 Epoch 11 | Train Loss:0.4536 Acc:0.9949 | Val Loss:0.9901 Acc:0.6083 | Time:17s
Fold 5 Epoch 12 | Train Loss:0.4471 Acc:0.9949 | Val Loss:0.9237 Acc:0.6667 | Time:18s
Fold 5 Epoch 13 | Train Loss:0.4452 Acc:0.9939 | Val Loss:0.9524 Acc:0.7250 | Time:16s
Fold 5 Epoch 14 | Train Loss:0.4421 Acc:0.9980 | Val Loss:0.9694 Acc:0.6833 | Time:16s
Fold 5 Epoch 15 | Train Loss:0.4402 Acc:0.9970 | Val Loss:0.8877 Acc:0.7500 | Time:17s
Fold 5 Epoch 16 | Train Loss:0.4406 Acc:0.9970 | Val Loss:0.9034 Acc:0.7833 | Time:17s
Fold 5 Epoch 17 | Train Loss:0.4405 Acc:0.9980 | Val Loss:0.7205 Acc:0.7667 | Time:17s
Fold 5 Epoch 18 | Train Loss:0.4405 Acc:0.9980 | Val Loss:1.0644 Acc:0.6667 | Time:16s
Fold 5 Epoch 19 | Train Loss:0.4333 Acc:1.0000 | Val Loss:1.0149 Acc:0.6917 | Time:16s
Fold 5 Epoch 20 | Train Loss:0.4318 Acc:1.0000 | Val Loss:0.9820 Acc:0.6917 | Time:16s
Fold 5 Epoch 21 | Train Loss:0.4320 Acc:1.0000 | Val Loss:1.0463 Acc:0.6833 | Time:16s
Fold 5 Epoch 22 | Train Loss:0.4296 Acc:0.9990 | Val Loss:0.9858 Acc:0.6833 | Time:17s
Fold 5 Epoch 23 | Train Loss:0.4297 Acc:0.9990 | Val Loss:0.9906 Acc:0.7500 | Time:17s
Fold 5 Epoch 24 | Train Loss:0.4296 Acc:1.0000 | Val Loss:0.9554 Acc:0.6833 | Time:16s
Fold 5 Epoch 25 | Train Loss:0.4383 Acc:0.9970 | Val Loss:0.9758 Acc:0.6667 | Time:16s
Fold 5 Epoch 26 | Train Loss:0.4335 Acc:0.9990 | Val Loss:0.9391 Acc:0.6917 | Time:21s
  ⏹ 早停于 Epoch 26（10 轮未提升）
  ✅ Fold5 Best Val Acc: 0.7833

============================================================
  Fold 6/12: 6
  验证受试者: 6 (120 张)
  验证表情分布: {0: 20, 1: 20, 2: 20, 3: 20, 4: 20, 5: 20}
  训练: 986 张 | 验证: 120 张
============================================================
  🏗️  Backbone: resnet50 (imagenet)
       特征维度: 2048
       投影层: 2048 → 512 → 6
       Backbone 参数: 23.5M
Fold 6 Epoch  1 | Train Loss:1.0609 Acc:0.6937 | Val Loss:0.9777 Acc:0.5083 | Time:18s
Fold 6 Epoch  2 | Train Loss:0.6959 Acc:0.8854 | Val Loss:1.0864 Acc:0.6750 | Time:18s
Fold 6 Epoch  3 | Train Loss:0.5847 Acc:0.9493 | Val Loss:1.0370 Acc:0.5333 | Time:18s
Fold 6 Epoch  4 | Train Loss:0.5477 Acc:0.9564 | Val Loss:1.0931 Acc:0.6583 | Time:18s
Fold 6 Epoch  5 | Train Loss:0.5271 Acc:0.9665 | Val Loss:0.8664 Acc:0.7000 | Time:18s
Fold 6 Epoch  6 | Train Loss:0.5041 Acc:0.9797 | Val Loss:1.1513 Acc:0.5167 | Time:17s
Fold 6 Epoch  7 | Train Loss:0.4892 Acc:0.9838 | Val Loss:0.9652 Acc:0.6083 | Time:17s
Fold 6 Epoch  8 | Train Loss:0.4727 Acc:0.9899 | Val Loss:0.9699 Acc:0.6750 | Time:17s
Fold 6 Epoch  9 | Train Loss:0.4695 Acc:0.9878 | Val Loss:0.9311 Acc:0.7083 | Time:18s
Fold 6 Epoch 10 | Train Loss:0.4675 Acc:0.9909 | Val Loss:1.0649 Acc:0.5917 | Time:17s
Fold 6 Epoch 11 | Train Loss:0.4568 Acc:0.9929 | Val Loss:1.0583 Acc:0.5667 | Time:17s
Fold 6 Epoch 12 | Train Loss:0.4553 Acc:0.9939 | Val Loss:1.0819 Acc:0.6250 | Time:18s
Fold 6 Epoch 13 | Train Loss:0.4581 Acc:0.9909 | Val Loss:1.3563 Acc:0.5000 | Time:18s
Fold 6 Epoch 14 | Train Loss:0.4456 Acc:0.9970 | Val Loss:1.0038 Acc:0.6000 | Time:18s
Fold 6 Epoch 15 | Train Loss:0.4383 Acc:0.9990 | Val Loss:0.9501 Acc:0.6500 | Time:18s
Fold 6 Epoch 16 | Train Loss:0.4413 Acc:0.9990 | Val Loss:0.9309 Acc:0.5917 | Time:17s
Fold 6 Epoch 17 | Train Loss:0.4417 Acc:0.9980 | Val Loss:1.0396 Acc:0.6250 | Time:17s
Fold 6 Epoch 18 | Train Loss:0.4376 Acc:0.9990 | Val Loss:0.9434 Acc:0.6333 | Time:17s
Fold 6 Epoch 19 | Train Loss:0.4340 Acc:0.9990 | Val Loss:1.0629 Acc:0.5833 | Time:17s
  ⏹ 早停于 Epoch 19（10 轮未提升）
  ✅ Fold6 Best Val Acc: 0.7083

============================================================
  Fold 7/12: 7
  验证受试者: 7 (100 张)
  验证表情分布: {0: 20, 2: 20, 3: 20, 4: 20, 5: 20}
  训练: 1006 张 | 验证: 100 张
============================================================
  🏗️  Backbone: resnet50 (imagenet)
       特征维度: 2048
       投影层: 2048 → 512 → 6
       Backbone 参数: 23.5M
Fold 7 Epoch  1 | Train Loss:1.0400 Acc:0.6978 | Val Loss:0.9067 Acc:0.7100 | Time:17s
Fold 7 Epoch  2 | Train Loss:0.6500 Acc:0.9066 | Val Loss:0.8496 Acc:0.8200 | Time:17s
Fold 7 Epoch  3 | Train Loss:0.5950 Acc:0.9374 | Val Loss:1.2503 Acc:0.6500 | Time:18s
Fold 7 Epoch  4 | Train Loss:0.5584 Acc:0.9543 | Val Loss:1.1703 Acc:0.6700 | Time:19s
Fold 7 Epoch  5 | Train Loss:0.5131 Acc:0.9761 | Val Loss:0.9910 Acc:0.6700 | Time:18s
Fold 7 Epoch  6 | Train Loss:0.4972 Acc:0.9811 | Val Loss:1.2493 Acc:0.7700 | Time:18s
Fold 7 Epoch  7 | Train Loss:0.4935 Acc:0.9771 | Val Loss:1.1234 Acc:0.6600 | Time:18s
Fold 7 Epoch  8 | Train Loss:0.4674 Acc:0.9911 | Val Loss:1.1209 Acc:0.8000 | Time:18s
Fold 7 Epoch  9 | Train Loss:0.4741 Acc:0.9881 | Val Loss:0.8949 Acc:0.7500 | Time:17s
Fold 7 Epoch 10 | Train Loss:0.4569 Acc:0.9930 | Val Loss:1.2447 Acc:0.7300 | Time:18s
Fold 7 Epoch 11 | Train Loss:0.4508 Acc:0.9950 | Val Loss:0.8725 Acc:0.6400 | Time:18s
Fold 7 Epoch 12 | Train Loss:0.4512 Acc:0.9940 | Val Loss:1.2310 Acc:0.6600 | Time:17s
  ⏹ 早停于 Epoch 12（10 轮未提升）
  ✅ Fold7 Best Val Acc: 0.8200

============================================================
  Fold 8/12: 8
  验证受试者: 8 (110 张)
  验证表情分布: {0: 20, 1: 20, 2: 10, 3: 20, 4: 20, 5: 20}
  训练: 996 张 | 验证: 110 张
============================================================
  🏗️  Backbone: resnet50 (imagenet)
       特征维度: 2048
       投影层: 2048 → 512 → 6
       Backbone 参数: 23.5M
Fold 8 Epoch  1 | Train Loss:1.0946 Acc:0.7048 | Val Loss:0.9996 Acc:0.4909 | Time:16s
Fold 8 Epoch  2 | Train Loss:0.7226 Acc:0.8916 | Val Loss:0.9835 Acc:0.6000 | Time:17s
Fold 8 Epoch  3 | Train Loss:0.6095 Acc:0.9408 | Val Loss:1.0942 Acc:0.6727 | Time:18s
Fold 8 Epoch  4 | Train Loss:0.5788 Acc:0.9478 | Val Loss:0.8173 Acc:0.7818 | Time:19s
Fold 8 Epoch  5 | Train Loss:0.5415 Acc:0.9679 | Val Loss:0.8599 Acc:0.7455 | Time:17s
Fold 8 Epoch  6 | Train Loss:0.5244 Acc:0.9749 | Val Loss:0.8143 Acc:0.7273 | Time:17s
Fold 8 Epoch  7 | Train Loss:0.5267 Acc:0.9749 | Val Loss:1.0871 Acc:0.6545 | Time:17s
Fold 8 Epoch  8 | Train Loss:0.5141 Acc:0.9709 | Val Loss:0.8542 Acc:0.7273 | Time:17s
Fold 8 Epoch  9 | Train Loss:0.4919 Acc:0.9859 | Val Loss:0.9765 Acc:0.7182 | Time:18s
Fold 8 Epoch 10 | Train Loss:0.4777 Acc:0.9890 | Val Loss:1.0802 Acc:0.7000 | Time:17s
Fold 8 Epoch 11 | Train Loss:0.4877 Acc:0.9920 | Val Loss:1.0656 Acc:0.6909 | Time:17s
Fold 8 Epoch 12 | Train Loss:0.4957 Acc:0.9819 | Val Loss:0.8799 Acc:0.7182 | Time:17s
Fold 8 Epoch 13 | Train Loss:0.4775 Acc:0.9900 | Val Loss:1.0739 Acc:0.7273 | Time:18s
Fold 8 Epoch 14 | Train Loss:0.4806 Acc:0.9829 | Val Loss:0.9999 Acc:0.7182 | Time:18s
  ⏹ 早停于 Epoch 14（10 轮未提升）
  ✅ Fold8 Best Val Acc: 0.7818

============================================================
  Fold 9/12: 9
  验证受试者: 9 (70 张)
  验证表情分布: {0: 20, 2: 10, 3: 20, 4: 10, 5: 10}
  训练: 1036 张 | 验证: 70 张
============================================================
  🏗️  Backbone: resnet50 (imagenet)
       特征维度: 2048
       投影层: 2048 → 512 → 6
       Backbone 参数: 23.5M
Fold 9 Epoch  1 | Train Loss:1.1027 Acc:0.6660 | Val Loss:0.9990 Acc:0.6000 | Time:17s
Fold 9 Epoch  2 | Train Loss:0.6970 Acc:0.8832 | Val Loss:0.8311 Acc:0.7857 | Time:18s
Fold 9 Epoch  3 | Train Loss:0.6236 Acc:0.9247 | Val Loss:0.8509 Acc:0.9143 | Time:18s
Fold 9 Epoch  4 | Train Loss:0.5404 Acc:0.9653 | Val Loss:0.8884 Acc:0.6857 | Time:19s
Fold 9 Epoch  5 | Train Loss:0.5157 Acc:0.9701 | Val Loss:1.1601 Acc:0.5143 | Time:17s
Fold 9 Epoch  6 | Train Loss:0.4961 Acc:0.9884 | Val Loss:0.8055 Acc:0.7571 | Time:19s
Fold 9 Epoch  7 | Train Loss:0.4803 Acc:0.9894 | Val Loss:0.8019 Acc:0.7714 | Time:21s
Fold 9 Epoch  8 | Train Loss:0.4670 Acc:0.9923 | Val Loss:0.8489 Acc:0.8000 | Time:19s
Fold 9 Epoch  9 | Train Loss:0.4578 Acc:0.9961 | Val Loss:0.7696 Acc:0.8000 | Time:18s
Fold 9 Epoch 10 | Train Loss:0.4505 Acc:0.9952 | Val Loss:0.7961 Acc:0.8000 | Time:19s
Fold 9 Epoch 11 | Train Loss:0.4423 Acc:1.0000 | Val Loss:0.7507 Acc:0.7429 | Time:20s
Fold 9 Epoch 12 | Train Loss:0.4436 Acc:0.9981 | Val Loss:0.9094 Acc:0.8000 | Time:17s
Fold 9 Epoch 13 | Train Loss:0.4410 Acc:0.9990 | Val Loss:0.7206 Acc:0.8000 | Time:18s
  ⏹ 早停于 Epoch 13（10 轮未提升）
  ✅ Fold9 Best Val Acc: 0.9143

============================================================
  Fold 10/12: 10
  验证受试者: 10 (80 张)
  验证表情分布: {0: 10, 1: 10, 2: 20, 3: 20, 5: 20}
  训练: 1026 张 | 验证: 80 张
============================================================
  🏗️  Backbone: resnet50 (imagenet)
       特征维度: 2048
       投影层: 2048 → 512 → 6
       Backbone 参数: 23.5M
Fold10 Epoch  1 | Train Loss:1.0429 Acc:0.6979 | Val Loss:1.6919 Acc:0.3500 | Time:17s
Fold10 Epoch  2 | Train Loss:0.6897 Acc:0.9055 | Val Loss:1.4674 Acc:0.4750 | Time:17s
Fold10 Epoch  3 | Train Loss:0.7114 Acc:0.8879 | Val Loss:1.4752 Acc:0.4500 | Time:17s
Fold10 Epoch  4 | Train Loss:0.5874 Acc:0.9464 | Val Loss:1.9263 Acc:0.4125 | Time:18s
Fold10 Epoch  5 | Train Loss:0.5682 Acc:0.9591 | Val Loss:1.8839 Acc:0.5125 | Time:17s
Fold10 Epoch  6 | Train Loss:0.6671 Acc:0.9298 | Val Loss:1.6413 Acc:0.4500 | Time:17s
Fold10 Epoch  7 | Train Loss:0.6614 Acc:0.9240 | Val Loss:2.0429 Acc:0.4375 | Time:18s
Fold10 Epoch  8 | Train Loss:0.5572 Acc:0.9630 | Val Loss:1.5317 Acc:0.4625 | Time:18s
Fold10 Epoch  9 | Train Loss:0.5331 Acc:0.9698 | Val Loss:1.5152 Acc:0.4875 | Time:18s
Fold10 Epoch 10 | Train Loss:0.5256 Acc:0.9776 | Val Loss:2.0034 Acc:0.4375 | Time:18s
Fold10 Epoch 11 | Train Loss:0.5697 Acc:0.9688 | Val Loss:1.8127 Acc:0.4500 | Time:18s
Fold10 Epoch 12 | Train Loss:0.6452 Acc:0.9201 | Val Loss:2.3768 Acc:0.4375 | Time:17s
Fold10 Epoch 13 | Train Loss:0.5700 Acc:0.9483 | Val Loss:1.9658 Acc:0.4625 | Time:17s
Fold10 Epoch 14 | Train Loss:0.5301 Acc:0.9688 | Val Loss:2.0169 Acc:0.3250 | Time:18s
Fold10 Epoch 15 | Train Loss:0.5807 Acc:0.9620 | Val Loss:1.9976 Acc:0.3750 | Time:17s
  ⏹ 早停于 Epoch 15（10 轮未提升）
  ✅ Fold10 Best Val Acc: 0.5125

============================================================
  Fold 11/12: 11
  验证受试者: 11 (100 张)
  验证表情分布: {0: 20, 1: 20, 2: 20, 4: 20, 5: 20}
  训练: 1006 张 | 验证: 100 张
============================================================
  🏗️  Backbone: resnet50 (imagenet)
       特征维度: 2048
       投影层: 2048 → 512 → 6
       Backbone 参数: 23.5M
Fold11 Epoch  1 | Train Loss:1.0769 Acc:0.6859 | Val Loss:1.7017 Acc:0.4100 | Time:16s
Fold11 Epoch  2 | Train Loss:0.7311 Acc:0.8817 | Val Loss:1.6285 Acc:0.4700 | Time:16s
Fold11 Epoch  3 | Train Loss:0.5824 Acc:0.9453 | Val Loss:2.2593 Acc:0.5900 | Time:17s
Fold11 Epoch  4 | Train Loss:0.5305 Acc:0.9642 | Val Loss:2.7127 Acc:0.4200 | Time:16s
Fold11 Epoch  5 | Train Loss:0.5403 Acc:0.9602 | Val Loss:1.6466 Acc:0.4400 | Time:17s
Fold11 Epoch  6 | Train Loss:0.4925 Acc:0.9861 | Val Loss:2.1351 Acc:0.4300 | Time:17s
Fold11 Epoch  7 | Train Loss:0.4839 Acc:0.9811 | Val Loss:1.8755 Acc:0.4600 | Time:18s
Fold11 Epoch  8 | Train Loss:0.4790 Acc:0.9851 | Val Loss:2.1825 Acc:0.3200 | Time:18s
Fold11 Epoch  9 | Train Loss:0.4826 Acc:0.9771 | Val Loss:2.6310 Acc:0.3300 | Time:19s
Fold11 Epoch 10 | Train Loss:0.4749 Acc:0.9861 | Val Loss:2.0164 Acc:0.4200 | Time:18s
Fold11 Epoch 11 | Train Loss:0.4618 Acc:0.9920 | Val Loss:2.1266 Acc:0.4300 | Time:18s
Fold11 Epoch 12 | Train Loss:0.4566 Acc:0.9960 | Val Loss:2.1724 Acc:0.4900 | Time:19s
Fold11 Epoch 13 | Train Loss:0.4553 Acc:0.9950 | Val Loss:1.6427 Acc:0.4700 | Time:17s
  ⏹ 早停于 Epoch 13（10 轮未提升）
  ✅ Fold11 Best Val Acc: 0.5900

============================================================
  Fold 12/12: 12
  验证受试者: 12 (70 张)
  验证表情分布: {0: 20, 1: 10, 3: 20, 4: 20}
  训练: 1036 张 | 验证: 70 张
============================================================
  🏗️  Backbone: resnet50 (imagenet)
       特征维度: 2048
       投影层: 2048 → 512 → 6
       Backbone 参数: 23.5M
Fold12 Epoch  1 | Train Loss:1.0526 Acc:0.6998 | Val Loss:1.3355 Acc:0.5714 | Time:16s
Fold12 Epoch  2 | Train Loss:0.6783 Acc:0.9025 | Val Loss:1.7512 Acc:0.4714 | Time:17s
Fold12 Epoch  3 | Train Loss:0.6210 Acc:0.9295 | Val Loss:1.5849 Acc:0.4857 | Time:17s
Fold12 Epoch  4 | Train Loss:0.5599 Acc:0.9546 | Val Loss:1.2239 Acc:0.6143 | Time:17s
Fold12 Epoch  5 | Train Loss:0.5234 Acc:0.9720 | Val Loss:1.1867 Acc:0.5714 | Time:18s
Fold12 Epoch  6 | Train Loss:0.4933 Acc:0.9778 | Val Loss:1.3890 Acc:0.5000 | Time:18s
Fold12 Epoch  7 | Train Loss:0.4788 Acc:0.9884 | Val Loss:1.7508 Acc:0.4714 | Time:18s
Fold12 Epoch  8 | Train Loss:0.4823 Acc:0.9903 | Val Loss:1.5385 Acc:0.5143 | Time:18s
Fold12 Epoch  9 | Train Loss:0.4640 Acc:0.9923 | Val Loss:2.4614 Acc:0.4857 | Time:17s
Fold12 Epoch 10 | Train Loss:0.4544 Acc:0.9942 | Val Loss:1.8234 Acc:0.4571 | Time:18s
Fold12 Epoch 11 | Train Loss:0.4530 Acc:0.9913 | Val Loss:2.1966 Acc:0.4143 | Time:18s
Fold12 Epoch 12 | Train Loss:0.4538 Acc:0.9923 | Val Loss:1.7177 Acc:0.4286 | Time:18s
Fold12 Epoch 13 | Train Loss:0.4492 Acc:0.9932 | Val Loss:1.5963 Acc:0.4143 | Time:17s
Fold12 Epoch 14 | Train Loss:0.4441 Acc:0.9981 | Val Loss:2.0029 Acc:0.4714 | Time:17s
  ⏹ 早停于 Epoch 14（10 轮未提升）
  ✅ Fold12 Best Val Acc: 0.6143

============================================================
  交叉验证结果汇总
============================================================
  1: 0.7540
  2: 0.7333
  3: 0.8778
  4: 0.7500
  5: 0.7833
  6: 0.7083
  7: 0.8200
  8: 0.7818
  9: 0.9143
  10: 0.5125
  11: 0.5900
  12: 0.6143

  平均精度: 0.7366 +- 0.1120

  每位受试者准确率:
    subject_1: 0.7540 [######################--------]
    subject_2: 0.7333 [#####################---------]
    subject_3: 0.8778 [##########################----]
    subject_4: 0.7500 [######################--------]
    subject_5: 0.7833 [#######################-------]
    subject_6: 0.7083 [#####################---------]
    subject_7: 0.8200 [########################------]
    subject_8: 0.7818 [#######################-------]
    subject_9: 0.9143 [###########################---]
    subject_10: 0.5125 [###############---------------]
    subject_11: 0.5900 [#################-------------]
    subject_12: 0.6143 [##################------------]
  最低: subject_10 = 0.5125
  最高: subject_9 = 0.9143

📝 训练指标已保存: ../../KMU-FED/output_exp2_d3\training_metrics.json

⏱️  总耗时: 76.5 分钟
