🖥️  设备: cuda:0
✅ CLIP 模型加载成功: D:\MM_Emotion\2_FER\CAFE\CAFE\clip\ViT-B-32.pt
🔧 配置: Backbone=resnet50 | 预训练=imagenet | CLIP=无 CLIP | Dropout=0.0
🔧 优化器: adamw | 调度器: cosine | LR=0.0002 | WD=0.0001 | LabelSmooth=0.0
📈 TensorBoard 日志: ../../KMU-FED/output_exp2_e3\tensorboard\20260717_052134
训练增强: RandomHorizontalFlip + RandomErasing + ColorJitter + Rotation/Affine
人脸检测: YOLO 已加载 (../../yolov8n.pt)
人脸检测: YOLO-only 模式 (不加载 Haar)

============================================================
  数据集分析
============================================================
  数据集: D:\MM_Emotion\2_FER\CAFE\CAFE\..\..\KMU-FED\KMU-FED
  受试者总数: 12
  图片总数: 1106
  类别数: 6
         angry (id=0):  196 ###################
       disgust (id=1):  120 ############
          fear (id=2):  200 ####################
         happy (id=3):  210 #####################
           sad (id=4):  180 ##################
      surprise (id=5):  200 ####################

  每受试者图片数:
    受试者 1: 126 张  [A:26, D:20, F:20, H:20, S:20, S:20]
    受试者 2:  60 张  [A:10, F:20, H:10, S:20]
    受试者 3:  90 张  [A:10, F:20, H:20, S:20, S:20]
    受试者 4:  60 张  [F:20, H:20, S:10, S:10]
    受试者 5: 120 张  [A:20, D:20, F:20, H:20, S:20, S:20]
    受试者 6: 120 张  [A:20, D:20, F:20, H:20, S:20, S:20]
    受试者 7: 100 张  [A:20, F:20, H:20, S:20, S:20]
    受试者 8: 110 张  [A:20, D:20, F:10, H:20, S:20, S:20]
    受试者 9:  70 张  [A:20, F:10, H:20, S:10, S:10]
    受试者 10:  80 张  [A:10, D:10, F:20, H:20, S:20]
    受试者 11: 100 张  [A:20, D:20, F:20, S:20, S:20]
    受试者 12:  70 张  [A:20, D:10, H:20, S:20]
============================================================

评估方法: LOSO (12 folds)
总轮次: 12

============================================================
  Fold 1/12: 1
  验证受试者: 1 (126 张)
  验证表情分布: {0: 26, 1: 20, 2: 20, 3: 20, 4: 20, 5: 20}
  训练: 980 张 | 验证: 126 张
============================================================
  🏗️  Backbone: resnet50 (imagenet)
       特征维度: 2048
       投影层: 2048 → 512 → 6
       Backbone 参数: 23.5M
Fold 1 Epoch  1 | Train Loss:1.4315 Acc:0.4439 | Val Loss:27.3065 Acc:0.1587 | Time:25s
Fold 1 Epoch  2 | Train Loss:0.8558 Acc:0.6796 | Val Loss:23.1133 Acc:0.1587 | Time:28s
Fold 1 Epoch  3 | Train Loss:0.3863 Acc:0.8786 | Val Loss:29.4642 Acc:0.1587 | Time:25s
Fold 1 Epoch  4 | Train Loss:0.3297 Acc:0.8878 | Val Loss:11.0112 Acc:0.1587 | Time:25s
Fold 1 Epoch  5 | Train Loss:0.3028 Acc:0.8908 | Val Loss:7.8039 Acc:0.1587 | Time:25s
Fold 1 Epoch  6 | Train Loss:0.2857 Acc:0.9051 | Val Loss:16.7002 Acc:0.1587 | Time:25s
Fold 1 Epoch  7 | Train Loss:0.2366 Acc:0.9265 | Val Loss:20.4956 Acc:0.1587 | Time:26s
Fold 1 Epoch  8 | Train Loss:0.2202 Acc:0.9245 | Val Loss:17.4438 Acc:0.2302 | Time:26s
Fold 1 Epoch  9 | Train Loss:0.1877 Acc:0.9378 | Val Loss:7.6120 Acc:0.1587 | Time:25s
Fold 1 Epoch 10 | Train Loss:0.1893 Acc:0.9388 | Val Loss:9.5716 Acc:0.1587 | Time:26s
Fold 1 Epoch 11 | Train Loss:0.1402 Acc:0.9571 | Val Loss:24.1708 Acc:0.1587 | Time:25s
Fold 1 Epoch 12 | Train Loss:0.1254 Acc:0.9582 | Val Loss:19.1852 Acc:0.1587 | Time:25s
Fold 1 Epoch 13 | Train Loss:0.1605 Acc:0.9449 | Val Loss:15.8707 Acc:0.1587 | Time:25s
Fold 1 Epoch 14 | Train Loss:0.1391 Acc:0.9561 | Val Loss:9.3563 Acc:0.1587 | Time:26s
Fold 1 Epoch 15 | Train Loss:0.0970 Acc:0.9684 | Val Loss:6.9251 Acc:0.1587 | Time:26s
Fold 1 Epoch 16 | Train Loss:0.1020 Acc:0.9694 | Val Loss:6.0617 Acc:0.1587 | Time:25s
Fold 1 Epoch 17 | Train Loss:0.1174 Acc:0.9602 | Val Loss:4.5055 Acc:0.1587 | Time:25s
Fold 1 Epoch 18 | Train Loss:0.1290 Acc:0.9622 | Val Loss:8.5351 Acc:0.1587 | Time:25s
  ⏹ 早停于 Epoch 18（10 轮未提升）
  ✅ Fold1 Best Val Acc: 0.2302

============================================================
  Fold 2/12: 2
  验证受试者: 2 (60 张)
  验证表情分布: {0: 10, 2: 20, 3: 10, 5: 20}
  训练: 1046 张 | 验证: 60 张
============================================================
  🏗️  Backbone: resnet50 (imagenet)
       特征维度: 2048
       投影层: 2048 → 512 → 6
       Backbone 参数: 23.5M
Fold 2 Epoch  1 | Train Loss:1.5052 Acc:0.4120 | Val Loss:8.9691 Acc:0.0000 | Time:28s
Fold 2 Epoch  2 | Train Loss:0.8525 Acc:0.7017 | Val Loss:7.9003 Acc:0.0000 | Time:28s
Fold 2 Epoch  3 | Train Loss:0.5145 Acc:0.8308 | Val Loss:19.8129 Acc:0.1667 | Time:28s
Fold 2 Epoch  4 | Train Loss:0.3521 Acc:0.8815 | Val Loss:34.3820 Acc:0.1667 | Time:28s
Fold 2 Epoch  5 | Train Loss:0.3174 Acc:0.9025 | Val Loss:16.2409 Acc:0.0000 | Time:27s
Fold 2 Epoch  6 | Train Loss:0.2866 Acc:0.9006 | Val Loss:13.0826 Acc:0.1667 | Time:28s
Fold 2 Epoch  7 | Train Loss:0.2464 Acc:0.9321 | Val Loss:19.6117 Acc:0.1667 | Time:28s
Fold 2 Epoch  8 | Train Loss:0.1821 Acc:0.9455 | Val Loss:13.9530 Acc:0.1667 | Time:28s
Fold 2 Epoch  9 | Train Loss:0.1851 Acc:0.9426 | Val Loss:14.7980 Acc:0.0000 | Time:27s
Fold 2 Epoch 10 | Train Loss:0.1912 Acc:0.9302 | Val Loss:15.0220 Acc:0.0000 | Time:28s
Fold 2 Epoch 11 | Train Loss:0.1382 Acc:0.9570 | Val Loss:14.3662 Acc:0.1667 | Time:27s
Fold 2 Epoch 12 | Train Loss:0.1611 Acc:0.9474 | Val Loss:16.1666 Acc:0.0000 | Time:28s
Fold 2 Epoch 13 | Train Loss:0.1650 Acc:0.9474 | Val Loss:15.5153 Acc:0.1667 | Time:28s
  ⏹ 早停于 Epoch 13（10 轮未提升）
  ✅ Fold2 Best Val Acc: 0.1667

============================================================
  Fold 3/12: 3
  验证受试者: 3 (90 张)
  验证表情分布: {0: 10, 2: 20, 3: 20, 4: 20, 5: 20}
  训练: 1016 张 | 验证: 90 张
============================================================
  🏗️  Backbone: resnet50 (imagenet)
       特征维度: 2048
       投影层: 2048 → 512 → 6
       Backbone 参数: 23.5M
Fold 3 Epoch  1 | Train Loss:1.4520 Acc:0.4439 | Val Loss:10.9197 Acc:0.0000 | Time:27s
Fold 3 Epoch  2 | Train Loss:0.7631 Acc:0.7431 | Val Loss:12.9076 Acc:0.0000 | Time:27s
Fold 3 Epoch  3 | Train Loss:0.4068 Acc:0.8671 | Val Loss:14.3323 Acc:0.2222 | Time:27s
Fold 3 Epoch  4 | Train Loss:0.2862 Acc:0.9134 | Val Loss:9.9049 Acc:0.0000 | Time:27s
Fold 3 Epoch  5 | Train Loss:0.2498 Acc:0.9301 | Val Loss:10.8340 Acc:0.0000 | Time:27s
Fold 3 Epoch  6 | Train Loss:0.2355 Acc:0.9193 | Val Loss:11.3159 Acc:0.0000 | Time:26s
Fold 3 Epoch  7 | Train Loss:0.2830 Acc:0.9035 | Val Loss:18.7316 Acc:0.2222 | Time:27s
Fold 3 Epoch  8 | Train Loss:0.2204 Acc:0.9281 | Val Loss:24.6354 Acc:0.2222 | Time:27s
Fold 3 Epoch  9 | Train Loss:0.1736 Acc:0.9469 | Val Loss:14.2082 Acc:0.0000 | Time:28s
Fold 3 Epoch 10 | Train Loss:0.1383 Acc:0.9557 | Val Loss:14.0644 Acc:0.0111 | Time:27s
Fold 3 Epoch 11 | Train Loss:0.1350 Acc:0.9665 | Val Loss:13.8711 Acc:0.1111 | Time:27s
Fold 3 Epoch 12 | Train Loss:0.1238 Acc:0.9577 | Val Loss:14.6657 Acc:0.0000 | Time:27s
Fold 3 Epoch 13 | Train Loss:0.1425 Acc:0.9596 | Val Loss:14.2995 Acc:0.0000 | Time:28s
  ⏹ 早停于 Epoch 13（10 轮未提升）
  ✅ Fold3 Best Val Acc: 0.2222

============================================================
  Fold 4/12: 4
  验证受试者: 4 (60 张)
  验证表情分布: {2: 20, 3: 20, 4: 10, 5: 10}
  训练: 1046 张 | 验证: 60 张
============================================================
  🏗️  Backbone: resnet50 (imagenet)
       特征维度: 2048
       投影层: 2048 → 512 → 6
       Backbone 参数: 23.5M
Fold 4 Epoch  1 | Train Loss:1.5160 Acc:0.4140 | Val Loss:16.1051 Acc:0.3333 | Time:28s
Fold 4 Epoch  2 | Train Loss:0.9002 Acc:0.6797 | Val Loss:19.6472 Acc:0.3333 | Time:29s
Fold 4 Epoch  3 | Train Loss:0.4773 Acc:0.8480 | Val Loss:25.2135 Acc:0.0000 | Time:29s
Fold 4 Epoch  4 | Train Loss:0.4132 Acc:0.8671 | Val Loss:14.5845 Acc:0.0333 | Time:28s
Fold 4 Epoch  5 | Train Loss:0.3299 Acc:0.8920 | Val Loss:23.5542 Acc:0.0000 | Time:28s
Fold 4 Epoch  6 | Train Loss:0.2862 Acc:0.9063 | Val Loss:21.3969 Acc:0.0000 | Time:28s
Fold 4 Epoch  7 | Train Loss:0.1816 Acc:0.9417 | Val Loss:12.1881 Acc:0.0000 | Time:28s
Fold 4 Epoch  8 | Train Loss:0.1832 Acc:0.9426 | Val Loss:8.3778 Acc:0.0000 | Time:28s
Fold 4 Epoch  9 | Train Loss:0.1673 Acc:0.9474 | Val Loss:7.4768 Acc:0.0000 | Time:28s
Fold 4 Epoch 10 | Train Loss:0.1849 Acc:0.9493 | Val Loss:6.9100 Acc:0.0000 | Time:28s
Fold 4 Epoch 11 | Train Loss:0.1302 Acc:0.9627 | Val Loss:7.6534 Acc:0.0000 | Time:28s
  ⏹ 早停于 Epoch 11（10 轮未提升）
  ✅ Fold4 Best Val Acc: 0.3333

============================================================
  Fold 5/12: 5
  验证受试者: 5 (120 张)
  验证表情分布: {0: 20, 1: 20, 2: 20, 3: 20, 4: 20, 5: 20}
  训练: 986 张 | 验证: 120 张
============================================================
  🏗️  Backbone: resnet50 (imagenet)
       特征维度: 2048
       投影层: 2048 → 512 → 6
       Backbone 参数: 23.5M
Fold 5 Epoch  1 | Train Loss:1.4936 Acc:0.4148 | Val Loss:9.2090 Acc:0.1667 | Time:26s
Fold 5 Epoch  2 | Train Loss:0.8446 Acc:0.6866 | Val Loss:21.9538 Acc:0.1667 | Time:26s
Fold 5 Epoch  3 | Train Loss:0.4634 Acc:0.8519 | Val Loss:22.8507 Acc:0.1667 | Time:26s
Fold 5 Epoch  4 | Train Loss:0.3689 Acc:0.8925 | Val Loss:11.2787 Acc:0.1667 | Time:26s
Fold 5 Epoch  5 | Train Loss:0.2968 Acc:0.8976 | Val Loss:9.5919 Acc:0.1667 | Time:26s
Fold 5 Epoch  6 | Train Loss:0.2288 Acc:0.9239 | Val Loss:13.3318 Acc:0.1667 | Time:26s
Fold 5 Epoch  7 | Train Loss:0.2446 Acc:0.9168 | Val Loss:10.2689 Acc:0.1667 | Time:25s
Fold 5 Epoch  8 | Train Loss:0.1763 Acc:0.9462 | Val Loss:8.6434 Acc:0.1667 | Time:26s
Fold 5 Epoch  9 | Train Loss:0.2050 Acc:0.9361 | Val Loss:6.5395 Acc:0.1667 | Time:25s
Fold 5 Epoch 10 | Train Loss:0.1669 Acc:0.9452 | Val Loss:8.8568 Acc:0.1667 | Time:25s
Fold 5 Epoch 11 | Train Loss:0.1326 Acc:0.9584 | Val Loss:7.9875 Acc:0.1667 | Time:27s
  ⏹ 早停于 Epoch 11（10 轮未提升）
  ✅ Fold5 Best Val Acc: 0.1667

============================================================
  Fold 6/12: 6
  验证受试者: 6 (120 张)
  验证表情分布: {0: 20, 1: 20, 2: 20, 3: 20, 4: 20, 5: 20}
  训练: 986 张 | 验证: 120 张
============================================================
  🏗️  Backbone: resnet50 (imagenet)
       特征维度: 2048
       投影层: 2048 → 512 → 6
       Backbone 参数: 23.5M
Fold 6 Epoch  1 | Train Loss:1.5711 Acc:0.3803 | Val Loss:19.1457 Acc:0.2500 | Time:26s
Fold 6 Epoch  2 | Train Loss:0.8774 Acc:0.6968 | Val Loss:26.6535 Acc:0.1667 | Time:27s
Fold 6 Epoch  3 | Train Loss:0.5119 Acc:0.8316 | Val Loss:21.6414 Acc:0.0833 | Time:27s
Fold 6 Epoch  4 | Train Loss:0.3549 Acc:0.8813 | Val Loss:28.6681 Acc:0.1667 | Time:26s
Fold 6 Epoch  5 | Train Loss:0.2745 Acc:0.9138 | Val Loss:52.8216 Acc:0.1667 | Time:26s
Fold 6 Epoch  6 | Train Loss:0.2376 Acc:0.9280 | Val Loss:23.4177 Acc:0.1667 | Time:25s
Fold 6 Epoch  7 | Train Loss:0.2669 Acc:0.9178 | Val Loss:13.8783 Acc:0.3083 | Time:26s
Fold 6 Epoch  8 | Train Loss:0.1699 Acc:0.9493 | Val Loss:5.2296 Acc:0.2083 | Time:25s
Fold 6 Epoch  9 | Train Loss:0.1444 Acc:0.9584 | Val Loss:18.2600 Acc:0.1667 | Time:26s
Fold 6 Epoch 10 | Train Loss:0.1494 Acc:0.9544 | Val Loss:8.6085 Acc:0.1667 | Time:25s
Fold 6 Epoch 11 | Train Loss:0.1676 Acc:0.9391 | Val Loss:9.1192 Acc:0.1667 | Time:26s
Fold 6 Epoch 12 | Train Loss:0.1352 Acc:0.9594 | Val Loss:13.2759 Acc:0.1833 | Time:26s
Fold 6 Epoch 13 | Train Loss:0.1256 Acc:0.9675 | Val Loss:28.5370 Acc:0.1667 | Time:26s
Fold 6 Epoch 14 | Train Loss:0.1317 Acc:0.9584 | Val Loss:8.9040 Acc:0.1667 | Time:26s
Fold 6 Epoch 15 | Train Loss:0.1027 Acc:0.9675 | Val Loss:8.0719 Acc:0.1667 | Time:26s
Fold 6 Epoch 16 | Train Loss:0.1027 Acc:0.9706 | Val Loss:5.9871 Acc:0.2500 | Time:26s
Fold 6 Epoch 17 | Train Loss:0.0988 Acc:0.9675 | Val Loss:9.8214 Acc:0.1667 | Time:25s
  ⏹ 早停于 Epoch 17（10 轮未提升）
  ✅ Fold6 Best Val Acc: 0.3083

============================================================
  Fold 7/12: 7
  验证受试者: 7 (100 张)
  验证表情分布: {0: 20, 2: 20, 3: 20, 4: 20, 5: 20}
  训练: 1006 张 | 验证: 100 张
============================================================
  🏗️  Backbone: resnet50 (imagenet)
       特征维度: 2048
       投影层: 2048 → 512 → 6
       Backbone 参数: 23.5M
Fold 7 Epoch  1 | Train Loss:1.4984 Acc:0.4155 | Val Loss:24.1854 Acc:0.2000 | Time:27s
Fold 7 Epoch  2 | Train Loss:0.7884 Acc:0.7217 | Val Loss:23.5364 Acc:0.2000 | Time:28s
Fold 7 Epoch  3 | Train Loss:0.4713 Acc:0.8459 | Val Loss:18.0349 Acc:0.2000 | Time:27s
Fold 7 Epoch  4 | Train Loss:0.4146 Acc:0.8598 | Val Loss:23.1797 Acc:0.2000 | Time:26s
Fold 7 Epoch  5 | Train Loss:0.2759 Acc:0.9195 | Val Loss:20.5834 Acc:0.2000 | Time:26s
Fold 7 Epoch  6 | Train Loss:0.2498 Acc:0.9165 | Val Loss:20.2394 Acc:0.2000 | Time:26s
Fold 7 Epoch  7 | Train Loss:0.1953 Acc:0.9414 | Val Loss:21.4556 Acc:0.2000 | Time:27s
Fold 7 Epoch  8 | Train Loss:0.2250 Acc:0.9284 | Val Loss:24.3079 Acc:0.2000 | Time:27s
Fold 7 Epoch  9 | Train Loss:0.2016 Acc:0.9374 | Val Loss:22.3700 Acc:0.2000 | Time:26s
Fold 7 Epoch 10 | Train Loss:0.1733 Acc:0.9384 | Val Loss:25.3066 Acc:0.2000 | Time:27s
Fold 7 Epoch 11 | Train Loss:0.1418 Acc:0.9573 | Val Loss:23.1268 Acc:0.2000 | Time:27s
  ⏹ 早停于 Epoch 11（10 轮未提升）
  ✅ Fold7 Best Val Acc: 0.2000

============================================================
  Fold 8/12: 8
  验证受试者: 8 (110 张)
  验证表情分布: {0: 20, 1: 20, 2: 10, 3: 20, 4: 20, 5: 20}
  训练: 996 张 | 验证: 110 张
============================================================
  🏗️  Backbone: resnet50 (imagenet)
       特征维度: 2048
       投影层: 2048 → 512 → 6
       Backbone 参数: 23.5M
Fold 8 Epoch  1 | Train Loss:1.4447 Acc:0.4287 | Val Loss:23.5333 Acc:0.1818 | Time:27s
Fold 8 Epoch  2 | Train Loss:0.9071 Acc:0.6928 | Val Loss:37.7855 Acc:0.1818 | Time:27s
Fold 8 Epoch  3 | Train Loss:0.6194 Acc:0.7791 | Val Loss:17.5959 Acc:0.1818 | Time:27s
Fold 8 Epoch  4 | Train Loss:0.3440 Acc:0.8946 | Val Loss:25.5765 Acc:0.1818 | Time:27s
Fold 8 Epoch  5 | Train Loss:0.3038 Acc:0.9056 | Val Loss:25.5924 Acc:0.1818 | Time:27s
Fold 8 Epoch  6 | Train Loss:0.3308 Acc:0.8976 | Val Loss:39.1100 Acc:0.1818 | Time:25s
Fold 8 Epoch  7 | Train Loss:0.3696 Acc:0.8594 | Val Loss:20.4233 Acc:0.1818 | Time:26s
Fold 8 Epoch  8 | Train Loss:0.2762 Acc:0.9167 | Val Loss:28.1786 Acc:0.1818 | Time:26s
Fold 8 Epoch  9 | Train Loss:0.2973 Acc:0.8996 | Val Loss:48.8242 Acc:0.1818 | Time:26s
Fold 8 Epoch 10 | Train Loss:0.3074 Acc:0.9006 | Val Loss:38.5014 Acc:0.1818 | Time:26s
Fold 8 Epoch 11 | Train Loss:0.1774 Acc:0.9458 | Val Loss:29.8592 Acc:0.1818 | Time:26s
  ⏹ 早停于 Epoch 11（10 轮未提升）
  ✅ Fold8 Best Val Acc: 0.1818

============================================================
  Fold 9/12: 9
  验证受试者: 9 (70 张)
  验证表情分布: {0: 20, 2: 10, 3: 20, 4: 10, 5: 10}
  训练: 1036 张 | 验证: 70 张
============================================================
  🏗️  Backbone: resnet50 (imagenet)
       特征维度: 2048
       投影层: 2048 → 512 → 6
       Backbone 参数: 23.5M
Fold 9 Epoch  1 | Train Loss:1.4910 Acc:0.4315 | Val Loss:6.5586 Acc:0.1429 | Time:27s
Fold 9 Epoch  2 | Train Loss:0.8176 Acc:0.7162 | Val Loss:13.5972 Acc:0.2857 | Time:27s
Fold 9 Epoch  3 | Train Loss:0.4721 Acc:0.8436 | Val Loss:23.9435 Acc:0.1429 | Time:27s
Fold 9 Epoch  4 | Train Loss:0.3792 Acc:0.8755 | Val Loss:25.1768 Acc:0.0000 | Time:27s
Fold 9 Epoch  5 | Train Loss:0.2900 Acc:0.9093 | Val Loss:18.4325 Acc:0.2857 | Time:28s
Fold 9 Epoch  6 | Train Loss:0.2381 Acc:0.9228 | Val Loss:12.7541 Acc:0.2857 | Time:27s
Fold 9 Epoch  7 | Train Loss:0.2099 Acc:0.9373 | Val Loss:12.0270 Acc:0.0000 | Time:27s
Fold 9 Epoch  8 | Train Loss:0.2076 Acc:0.9421 | Val Loss:9.7194 Acc:0.2857 | Time:27s
Fold 9 Epoch  9 | Train Loss:0.2401 Acc:0.9228 | Val Loss:10.5719 Acc:0.2857 | Time:27s
Fold 9 Epoch 10 | Train Loss:0.2097 Acc:0.9353 | Val Loss:16.6547 Acc:0.0000 | Time:28s
Fold 9 Epoch 11 | Train Loss:0.1905 Acc:0.9315 | Val Loss:6.7374 Acc:0.0000 | Time:27s
Fold 9 Epoch 12 | Train Loss:0.1447 Acc:0.9566 | Val Loss:11.1357 Acc:0.1429 | Time:28s
  ⏹ 早停于 Epoch 12（10 轮未提升）
  ✅ Fold9 Best Val Acc: 0.2857

============================================================
  Fold 10/12: 10
  验证受试者: 10 (80 张)
  验证表情分布: {0: 10, 1: 10, 2: 20, 3: 20, 5: 20}
  训练: 1026 张 | 验证: 80 张
============================================================
  🏗️  Backbone: resnet50 (imagenet)
       特征维度: 2048
       投影层: 2048 → 512 → 6
       Backbone 参数: 23.5M
Fold10 Epoch  1 | Train Loss:1.4505 Acc:0.4357 | Val Loss:12.6501 Acc:0.0000 | Time:27s
Fold10 Epoch  2 | Train Loss:0.8867 Acc:0.6745 | Val Loss:4.8165 Acc:0.2500 | Time:27s
Fold10 Epoch  3 | Train Loss:0.6188 Acc:0.7856 | Val Loss:29.8935 Acc:0.1250 | Time:27s
Fold10 Epoch  4 | Train Loss:0.4822 Acc:0.8411 | Val Loss:28.6148 Acc:0.1250 | Time:28s
Fold10 Epoch  5 | Train Loss:0.4331 Acc:0.8616 | Val Loss:11.4778 Acc:0.1250 | Time:27s
Fold10 Epoch  6 | Train Loss:0.3595 Acc:0.9035 | Val Loss:10.4396 Acc:0.1250 | Time:27s
Fold10 Epoch  7 | Train Loss:0.5366 Acc:0.8138 | Val Loss:33.2835 Acc:0.2500 | Time:27s
Fold10 Epoch  8 | Train Loss:0.5338 Acc:0.8207 | Val Loss:21.9841 Acc:0.2500 | Time:28s
Fold10 Epoch  9 | Train Loss:0.4173 Acc:0.8811 | Val Loss:25.6707 Acc:0.2500 | Time:27s
Fold10 Epoch 10 | Train Loss:0.3635 Acc:0.8821 | Val Loss:20.2611 Acc:0.2500 | Time:27s
Fold10 Epoch 11 | Train Loss:0.3835 Acc:0.8723 | Val Loss:21.6190 Acc:0.2500 | Time:27s
Fold10 Epoch 12 | Train Loss:0.2852 Acc:0.9396 | Val Loss:38.8527 Acc:0.2500 | Time:27s
  ⏹ 早停于 Epoch 12（10 轮未提升）
  ✅ Fold10 Best Val Acc: 0.2500

============================================================
  Fold 11/12: 11
  验证受试者: 11 (100 张)
  验证表情分布: {0: 20, 1: 20, 2: 20, 4: 20, 5: 20}
  训练: 1006 张 | 验证: 100 张
============================================================
  🏗️  Backbone: resnet50 (imagenet)
       特征维度: 2048
       投影层: 2048 → 512 → 6
       Backbone 参数: 23.5M
Fold11 Epoch  1 | Train Loss:1.5433 Acc:0.3887 | Val Loss:13.4220 Acc:0.0000 | Time:27s
Fold11 Epoch  2 | Train Loss:0.8063 Acc:0.7177 | Val Loss:9.3872 Acc:0.2000 | Time:27s
Fold11 Epoch  3 | Train Loss:0.5103 Acc:0.8320 | Val Loss:17.7389 Acc:0.0000 | Time:26s
Fold11 Epoch  4 | Train Loss:0.3963 Acc:0.8767 | Val Loss:13.4224 Acc:0.2000 | Time:26s
Fold11 Epoch  5 | Train Loss:0.3186 Acc:0.9066 | Val Loss:13.5593 Acc:0.2000 | Time:26s
Fold11 Epoch  6 | Train Loss:0.2703 Acc:0.9125 | Val Loss:11.2646 Acc:0.1300 | Time:27s
Fold11 Epoch  7 | Train Loss:0.2681 Acc:0.9205 | Val Loss:12.2472 Acc:0.0000 | Time:27s
Fold11 Epoch  8 | Train Loss:0.1810 Acc:0.9513 | Val Loss:16.1250 Acc:0.0000 | Time:27s
Fold11 Epoch  9 | Train Loss:0.1772 Acc:0.9404 | Val Loss:11.0200 Acc:0.0000 | Time:26s
Fold11 Epoch 10 | Train Loss:0.1482 Acc:0.9642 | Val Loss:16.5818 Acc:0.0000 | Time:26s
Fold11 Epoch 11 | Train Loss:0.1796 Acc:0.9394 | Val Loss:10.0883 Acc:0.0000 | Time:26s
Fold11 Epoch 12 | Train Loss:0.1437 Acc:0.9592 | Val Loss:12.2065 Acc:0.2000 | Time:26s
  ⏹ 早停于 Epoch 12（10 轮未提升）
  ✅ Fold11 Best Val Acc: 0.2000

============================================================
  Fold 12/12: 12
  验证受试者: 12 (70 张)
  验证表情分布: {0: 20, 1: 10, 3: 20, 4: 20}
  训练: 1036 张 | 验证: 70 张
============================================================
  🏗️  Backbone: resnet50 (imagenet)
       特征维度: 2048
       投影层: 2048 → 512 → 6
       Backbone 参数: 23.5M
Fold12 Epoch  1 | Train Loss:1.5441 Acc:0.3871 | Val Loss:38.4396 Acc:0.2857 | Time:27s
Fold12 Epoch  2 | Train Loss:0.8358 Acc:0.7056 | Val Loss:33.8391 Acc:0.2857 | Time:29s
Fold12 Epoch  3 | Train Loss:0.4739 Acc:0.8369 | Val Loss:20.1399 Acc:0.2857 | Time:28s
Fold12 Epoch  4 | Train Loss:0.3718 Acc:0.8678 | Val Loss:5.8378 Acc:0.2857 | Time:27s
Fold12 Epoch  5 | Train Loss:0.3161 Acc:0.8958 | Val Loss:10.0198 Acc:0.0000 | Time:27s
Fold12 Epoch  6 | Train Loss:0.3008 Acc:0.9006 | Val Loss:4.1516 Acc:0.2857 | Time:27s
Fold12 Epoch  7 | Train Loss:0.2204 Acc:0.9305 | Val Loss:3.0023 Acc:0.2857 | Time:27s
Fold12 Epoch  8 | Train Loss:0.2031 Acc:0.9373 | Val Loss:1.7743 Acc:0.2857 | Time:27s
Fold12 Epoch  9 | Train Loss:0.1957 Acc:0.9334 | Val Loss:3.2716 Acc:0.4286 | Time:28s
Fold12 Epoch 10 | Train Loss:0.1759 Acc:0.9469 | Val Loss:6.0492 Acc:0.1429 | Time:28s
Fold12 Epoch 11 | Train Loss:0.1484 Acc:0.9508 | Val Loss:4.3411 Acc:0.1429 | Time:26s
Fold12 Epoch 12 | Train Loss:0.1107 Acc:0.9691 | Val Loss:4.1375 Acc:0.2857 | Time:27s
Fold12 Epoch 13 | Train Loss:0.1413 Acc:0.9527 | Val Loss:4.5711 Acc:0.0000 | Time:27s
Fold12 Epoch 14 | Train Loss:0.1144 Acc:0.9643 | Val Loss:4.5546 Acc:0.2857 | Time:27s
Fold12 Epoch 15 | Train Loss:0.1219 Acc:0.9653 | Val Loss:4.2148 Acc:0.1286 | Time:27s
Fold12 Epoch 16 | Train Loss:0.1330 Acc:0.9614 | Val Loss:8.9054 Acc:0.0000 | Time:27s
Fold12 Epoch 17 | Train Loss:0.1353 Acc:0.9566 | Val Loss:4.6943 Acc:0.2857 | Time:28s
Fold12 Epoch 18 | Train Loss:0.1304 Acc:0.9653 | Val Loss:3.7483 Acc:0.2857 | Time:27s
Fold12 Epoch 19 | Train Loss:0.1338 Acc:0.9546 | Val Loss:4.5263 Acc:0.2857 | Time:27s
  ⏹ 早停于 Epoch 19（10 轮未提升）
  ✅ Fold12 Best Val Acc: 0.4286

============================================================
  交叉验证结果汇总
============================================================
  1: 0.2302
  2: 0.1667
  3: 0.2222
  4: 0.3333
  5: 0.1667
  6: 0.3083
  7: 0.2000
  8: 0.1818
  9: 0.2857
  10: 0.2500
  11: 0.2000
  12: 0.4286

  平均精度: 0.2478 +- 0.0754

  每位受试者准确率:
    subject_1: 0.2302 [######------------------------]
    subject_2: 0.1667 [#####-------------------------]
    subject_3: 0.2222 [######------------------------]
    subject_4: 0.3333 [#########---------------------]
    subject_5: 0.1667 [#####-------------------------]
    subject_6: 0.3083 [#########---------------------]
    subject_7: 0.2000 [######------------------------]
    subject_8: 0.1818 [#####-------------------------]
    subject_9: 0.2857 [########----------------------]
    subject_10: 0.2500 [#######-----------------------]
    subject_11: 0.2000 [######------------------------]
    subject_12: 0.4286 [############------------------]
  最低: subject_2 = 0.1667
  最高: subject_12 = 0.4286

📝 训练指标已保存: ../../KMU-FED/output_exp2_e3\training_metrics.json

⏱️  总耗时: 76.9 分钟
