🖥️  设备: cuda:0
✅ CLIP 模型加载成功: D:\MM_Emotion\2_FER\CAFE\CAFE\clip\ViT-B-32.pt
🔧 配置: Backbone=resnet50 | 预训练=imagenet | CLIP=无 CLIP | Dropout=0.0
🔧 优化器: adam | 调度器: cosine | LR=0.0002 | WD=0.0001 | LabelSmooth=0.0
📈 TensorBoard 日志: ../../KMU-FED/output_exp2_e4\tensorboard\20260716_201525
训练增强: RandomHorizontalFlip + RandomErasing + MixUp
人脸检测: YOLO 已加载 (../../yolov8n.pt)
人脸检测: Haar Cascade 已加载

============================================================
  数据集分析
============================================================
  数据集: D:\MM_Emotion\2_FER\CAFE\CAFE\..\..\KMU-FED\KMU-FED
  受试者总数: 12
  图片总数: 1106
  类别数: 6
         angry (id=0):  196 ###################
       disgust (id=1):  120 ############
          fear (id=2):  200 ####################
         happy (id=3):  210 #####################
           sad (id=4):  180 ##################
      surprise (id=5):  200 ####################

  每受试者图片数:
    受试者 1: 126 张  [A:26, D:20, F:20, H:20, S:20, S:20]
    受试者 2:  60 张  [A:10, F:20, H:10, S:20]
    受试者 3:  90 张  [A:10, F:20, H:20, S:20, S:20]
    受试者 4:  60 张  [F:20, H:20, S:10, S:10]
    受试者 5: 120 张  [A:20, D:20, F:20, H:20, S:20, S:20]
    受试者 6: 120 张  [A:20, D:20, F:20, H:20, S:20, S:20]
    受试者 7: 100 张  [A:20, F:20, H:20, S:20, S:20]
    受试者 8: 110 张  [A:20, D:20, F:10, H:20, S:20, S:20]
    受试者 9:  70 张  [A:20, F:10, H:20, S:10, S:10]
    受试者 10:  80 张  [A:10, D:10, F:20, H:20, S:20]
    受试者 11: 100 张  [A:20, D:20, F:20, S:20, S:20]
    受试者 12:  70 张  [A:20, D:10, H:20, S:20]
============================================================

评估方法: LOSO (12 folds)
总轮次: 12

============================================================
  Fold 1/12: 1
  验证受试者: 1 (126 张)
  验证表情分布: {0: 26, 1: 20, 2: 20, 3: 20, 4: 20, 5: 20}
  训练: 980 张 | 验证: 126 张
============================================================
  🏗️  Backbone: resnet50 (imagenet)
       特征维度: 2048
       投影层: 2048 → 512 → 6
       Backbone 参数: 23.5M
Fold 1 Epoch  1 | Train Loss:0.8436 Acc:0.6735 | Val Loss:1.1213 Acc:0.5397 | Time:18s
Fold 1 Epoch  2 | Train Loss:0.3137 Acc:0.9000 | Val Loss:0.8597 Acc:0.7222 | Time:17s
Fold 1 Epoch  3 | Train Loss:0.2352 Acc:0.9296 | Val Loss:1.8305 Acc:0.5952 | Time:17s
Fold 1 Epoch  4 | Train Loss:0.1961 Acc:0.9347 | Val Loss:0.7654 Acc:0.7937 | Time:18s
Fold 1 Epoch  5 | Train Loss:0.1032 Acc:0.9735 | Val Loss:1.1492 Acc:0.7460 | Time:17s
Fold 1 Epoch  6 | Train Loss:0.1101 Acc:0.9653 | Val Loss:1.5771 Acc:0.5952 | Time:18s
Fold 1 Epoch  7 | Train Loss:0.1380 Acc:0.9571 | Val Loss:1.1414 Acc:0.6905 | Time:19s
Fold 1 Epoch  8 | Train Loss:0.1244 Acc:0.9673 | Val Loss:1.0803 Acc:0.7540 | Time:19s
Fold 1 Epoch  9 | Train Loss:0.1033 Acc:0.9735 | Val Loss:1.9354 Acc:0.5714 | Time:18s
Fold 1 Epoch 10 | Train Loss:0.0917 Acc:0.9694 | Val Loss:1.6140 Acc:0.5000 | Time:18s
Fold 1 Epoch 11 | Train Loss:0.0728 Acc:0.9806 | Val Loss:1.4302 Acc:0.6587 | Time:19s
Fold 1 Epoch 12 | Train Loss:0.0439 Acc:0.9898 | Val Loss:1.4741 Acc:0.6905 | Time:17s
Fold 1 Epoch 13 | Train Loss:0.0445 Acc:0.9888 | Val Loss:1.8428 Acc:0.6270 | Time:18s
Fold 1 Epoch 14 | Train Loss:0.0309 Acc:0.9939 | Val Loss:1.3537 Acc:0.7460 | Time:18s
  ⏹ 早停于 Epoch 14（10 轮未提升）
  ✅ Fold1 Best Val Acc: 0.7937

============================================================
  Fold 2/12: 2
  验证受试者: 2 (60 张)
  验证表情分布: {0: 10, 2: 20, 3: 10, 5: 20}
  训练: 1046 张 | 验证: 60 张
============================================================
  🏗️  Backbone: resnet50 (imagenet)
       特征维度: 2048
       投影层: 2048 → 512 → 6
       Backbone 参数: 23.5M
Fold 2 Epoch  1 | Train Loss:0.8006 Acc:0.7151 | Val Loss:1.4447 Acc:0.5500 | Time:18s
Fold 2 Epoch  2 | Train Loss:0.3224 Acc:0.8996 | Val Loss:1.6189 Acc:0.6000 | Time:19s
Fold 2 Epoch  3 | Train Loss:0.2284 Acc:0.9293 | Val Loss:1.1890 Acc:0.5833 | Time:21s
Fold 2 Epoch  4 | Train Loss:0.1886 Acc:0.9446 | Val Loss:1.9055 Acc:0.4000 | Time:19s
Fold 2 Epoch  5 | Train Loss:0.1735 Acc:0.9436 | Val Loss:1.7536 Acc:0.5000 | Time:19s
Fold 2 Epoch  6 | Train Loss:0.1387 Acc:0.9598 | Val Loss:2.2021 Acc:0.4500 | Time:21s
Fold 2 Epoch  7 | Train Loss:0.1059 Acc:0.9646 | Val Loss:1.7748 Acc:0.5667 | Time:19s
Fold 2 Epoch  8 | Train Loss:0.0944 Acc:0.9742 | Val Loss:1.7168 Acc:0.6000 | Time:18s
Fold 2 Epoch  9 | Train Loss:0.1013 Acc:0.9713 | Val Loss:2.0048 Acc:0.5500 | Time:18s
Fold 2 Epoch 10 | Train Loss:0.0664 Acc:0.9828 | Val Loss:1.7511 Acc:0.5333 | Time:19s
Fold 2 Epoch 11 | Train Loss:0.0618 Acc:0.9809 | Val Loss:1.8629 Acc:0.5500 | Time:19s
Fold 2 Epoch 12 | Train Loss:0.0586 Acc:0.9790 | Val Loss:1.9116 Acc:0.5667 | Time:18s
  ⏹ 早停于 Epoch 12（10 轮未提升）
  ✅ Fold2 Best Val Acc: 0.6000

============================================================
  Fold 3/12: 3
  验证受试者: 3 (90 张)
  验证表情分布: {0: 10, 2: 20, 3: 20, 4: 20, 5: 20}
  训练: 1016 张 | 验证: 90 张
============================================================
  🏗️  Backbone: resnet50 (imagenet)
       特征维度: 2048
       投影层: 2048 → 512 → 6
       Backbone 参数: 23.5M
Fold 3 Epoch  1 | Train Loss:0.8688 Acc:0.6909 | Val Loss:1.2565 Acc:0.3444 | Time:16s
Fold 3 Epoch  2 | Train Loss:0.3456 Acc:0.8848 | Val Loss:0.6997 Acc:0.7556 | Time:18s
Fold 3 Epoch  3 | Train Loss:0.1903 Acc:0.9429 | Val Loss:0.8596 Acc:0.6667 | Time:18s
Fold 3 Epoch  4 | Train Loss:0.1523 Acc:0.9498 | Val Loss:0.8439 Acc:0.7111 | Time:17s
Fold 3 Epoch  5 | Train Loss:0.1391 Acc:0.9557 | Val Loss:1.4036 Acc:0.5556 | Time:17s
Fold 3 Epoch  6 | Train Loss:0.1614 Acc:0.9459 | Val Loss:1.8262 Acc:0.4667 | Time:18s
Fold 3 Epoch  7 | Train Loss:0.1380 Acc:0.9616 | Val Loss:1.1388 Acc:0.6444 | Time:18s
Fold 3 Epoch  8 | Train Loss:0.0922 Acc:0.9695 | Val Loss:1.0872 Acc:0.5778 | Time:17s
Fold 3 Epoch  9 | Train Loss:0.0878 Acc:0.9705 | Val Loss:1.7102 Acc:0.4556 | Time:18s
Fold 3 Epoch 10 | Train Loss:0.0806 Acc:0.9764 | Val Loss:0.9821 Acc:0.6889 | Time:18s
Fold 3 Epoch 11 | Train Loss:0.1210 Acc:0.9606 | Val Loss:4.1685 Acc:0.2556 | Time:18s
Fold 3 Epoch 12 | Train Loss:0.0759 Acc:0.9833 | Val Loss:0.7595 Acc:0.7556 | Time:17s
  ⏹ 早停于 Epoch 12（10 轮未提升）
  ✅ Fold3 Best Val Acc: 0.7556

============================================================
  Fold 4/12: 4
  验证受试者: 4 (60 张)
  验证表情分布: {2: 20, 3: 20, 4: 10, 5: 10}
  训练: 1046 张 | 验证: 60 张
============================================================
  🏗️  Backbone: resnet50 (imagenet)
       特征维度: 2048
       投影层: 2048 → 512 → 6
       Backbone 参数: 23.5M
Fold 4 Epoch  1 | Train Loss:0.8017 Acc:0.7122 | Val Loss:0.8082 Acc:0.5333 | Time:17s
Fold 4 Epoch  2 | Train Loss:0.3128 Acc:0.9092 | Val Loss:1.7015 Acc:0.4667 | Time:17s
Fold 4 Epoch  3 | Train Loss:0.2107 Acc:0.9369 | Val Loss:1.1643 Acc:0.4833 | Time:18s
Fold 4 Epoch  4 | Train Loss:0.1963 Acc:0.9379 | Val Loss:1.2945 Acc:0.5000 | Time:18s
Fold 4 Epoch  5 | Train Loss:0.1553 Acc:0.9551 | Val Loss:1.1025 Acc:0.5000 | Time:19s
Fold 4 Epoch  6 | Train Loss:0.1473 Acc:0.9484 | Val Loss:0.8585 Acc:0.4833 | Time:19s
Fold 4 Epoch  7 | Train Loss:0.0945 Acc:0.9780 | Val Loss:1.0213 Acc:0.6167 | Time:19s
Fold 4 Epoch  8 | Train Loss:0.0624 Acc:0.9837 | Val Loss:1.2730 Acc:0.7167 | Time:18s
Fold 4 Epoch  9 | Train Loss:0.0582 Acc:0.9866 | Val Loss:1.3420 Acc:0.5167 | Time:18s
Fold 4 Epoch 10 | Train Loss:0.0462 Acc:0.9885 | Val Loss:1.1995 Acc:0.5000 | Time:18s
Fold 4 Epoch 11 | Train Loss:0.0607 Acc:0.9847 | Val Loss:1.1266 Acc:0.5833 | Time:19s
Fold 4 Epoch 12 | Train Loss:0.0436 Acc:0.9885 | Val Loss:1.1108 Acc:0.5667 | Time:18s
Fold 4 Epoch 13 | Train Loss:0.0473 Acc:0.9828 | Val Loss:2.1991 Acc:0.2833 | Time:17s
Fold 4 Epoch 14 | Train Loss:0.0668 Acc:0.9751 | Val Loss:2.2776 Acc:0.1667 | Time:18s
Fold 4 Epoch 15 | Train Loss:0.0772 Acc:0.9723 | Val Loss:1.3859 Acc:0.4667 | Time:19s
Fold 4 Epoch 16 | Train Loss:0.0523 Acc:0.9866 | Val Loss:1.4710 Acc:0.4000 | Time:19s
Fold 4 Epoch 17 | Train Loss:0.0464 Acc:0.9885 | Val Loss:3.1861 Acc:0.1500 | Time:18s
Fold 4 Epoch 18 | Train Loss:0.0434 Acc:0.9866 | Val Loss:2.7650 Acc:0.4333 | Time:17s
  ⏹ 早停于 Epoch 18（10 轮未提升）
  ✅ Fold4 Best Val Acc: 0.7167

============================================================
  Fold 5/12: 5
  验证受试者: 5 (120 张)
  验证表情分布: {0: 20, 1: 20, 2: 20, 3: 20, 4: 20, 5: 20}
  训练: 986 张 | 验证: 120 张
============================================================
  🏗️  Backbone: resnet50 (imagenet)
       特征维度: 2048
       投影层: 2048 → 512 → 6
       Backbone 参数: 23.5M
Fold 5 Epoch  1 | Train Loss:0.8911 Acc:0.6927 | Val Loss:0.7600 Acc:0.7417 | Time:16s
Fold 5 Epoch  2 | Train Loss:0.3482 Acc:0.8884 | Val Loss:0.9696 Acc:0.8000 | Time:16s
Fold 5 Epoch  3 | Train Loss:0.2059 Acc:0.9320 | Val Loss:1.2757 Acc:0.6250 | Time:18s
Fold 5 Epoch  4 | Train Loss:0.1706 Acc:0.9513 | Val Loss:1.3449 Acc:0.5500 | Time:17s
Fold 5 Epoch  5 | Train Loss:0.1382 Acc:0.9584 | Val Loss:1.1997 Acc:0.7333 | Time:17s
Fold 5 Epoch  6 | Train Loss:0.1095 Acc:0.9635 | Val Loss:1.1160 Acc:0.6833 | Time:18s
Fold 5 Epoch  7 | Train Loss:0.1085 Acc:0.9696 | Val Loss:1.4208 Acc:0.5917 | Time:18s
Fold 5 Epoch  8 | Train Loss:0.0767 Acc:0.9828 | Val Loss:1.2136 Acc:0.6750 | Time:17s
Fold 5 Epoch  9 | Train Loss:0.1014 Acc:0.9716 | Val Loss:1.1249 Acc:0.7000 | Time:17s
Fold 5 Epoch 10 | Train Loss:0.1136 Acc:0.9665 | Val Loss:1.0118 Acc:0.5500 | Time:18s
Fold 5 Epoch 11 | Train Loss:0.0897 Acc:0.9797 | Val Loss:0.9932 Acc:0.6250 | Time:16s
Fold 5 Epoch 12 | Train Loss:0.0490 Acc:0.9899 | Val Loss:0.9726 Acc:0.7667 | Time:17s
  ⏹ 早停于 Epoch 12（10 轮未提升）
  ✅ Fold5 Best Val Acc: 0.8000

============================================================
  Fold 6/12: 6
  验证受试者: 6 (120 张)
  验证表情分布: {0: 20, 1: 20, 2: 20, 3: 20, 4: 20, 5: 20}
  训练: 986 张 | 验证: 120 张
============================================================
  🏗️  Backbone: resnet50 (imagenet)
       特征维度: 2048
       投影层: 2048 → 512 → 6
       Backbone 参数: 23.5M
Fold 6 Epoch  1 | Train Loss:0.9170 Acc:0.6714 | Val Loss:0.8659 Acc:0.6250 | Time:16s
Fold 6 Epoch  2 | Train Loss:0.3266 Acc:0.9016 | Val Loss:1.1487 Acc:0.6500 | Time:17s
Fold 6 Epoch  3 | Train Loss:0.2448 Acc:0.9199 | Val Loss:1.1902 Acc:0.5750 | Time:17s
Fold 6 Epoch  4 | Train Loss:0.2442 Acc:0.9300 | Val Loss:1.1907 Acc:0.6250 | Time:17s
Fold 6 Epoch  5 | Train Loss:0.1660 Acc:0.9432 | Val Loss:1.2317 Acc:0.5583 | Time:18s
Fold 6 Epoch  6 | Train Loss:0.1077 Acc:0.9665 | Val Loss:1.0293 Acc:0.6500 | Time:18s
Fold 6 Epoch  7 | Train Loss:0.0981 Acc:0.9706 | Val Loss:1.3011 Acc:0.6250 | Time:18s
Fold 6 Epoch  8 | Train Loss:0.1016 Acc:0.9726 | Val Loss:1.3135 Acc:0.5500 | Time:17s
Fold 6 Epoch  9 | Train Loss:0.0962 Acc:0.9746 | Val Loss:1.4161 Acc:0.4667 | Time:17s
Fold 6 Epoch 10 | Train Loss:0.0508 Acc:0.9878 | Val Loss:1.5107 Acc:0.5333 | Time:17s
Fold 6 Epoch 11 | Train Loss:0.0536 Acc:0.9838 | Val Loss:1.4585 Acc:0.5750 | Time:16s
Fold 6 Epoch 12 | Train Loss:0.0577 Acc:0.9807 | Val Loss:1.1189 Acc:0.5833 | Time:17s
  ⏹ 早停于 Epoch 12（10 轮未提升）
  ✅ Fold6 Best Val Acc: 0.6500

============================================================
  Fold 7/12: 7
  验证受试者: 7 (100 张)
  验证表情分布: {0: 20, 2: 20, 3: 20, 4: 20, 5: 20}
  训练: 1006 张 | 验证: 100 张
============================================================
  🏗️  Backbone: resnet50 (imagenet)
       特征维度: 2048
       投影层: 2048 → 512 → 6
       Backbone 参数: 23.5M
Fold 7 Epoch  1 | Train Loss:0.9162 Acc:0.6620 | Val Loss:0.8786 Acc:0.6400 | Time:16s
Fold 7 Epoch  2 | Train Loss:0.3226 Acc:0.8966 | Val Loss:0.9036 Acc:0.7000 | Time:17s
Fold 7 Epoch  3 | Train Loss:0.2212 Acc:0.9344 | Val Loss:1.6746 Acc:0.6800 | Time:17s
Fold 7 Epoch  4 | Train Loss:0.1663 Acc:0.9533 | Val Loss:1.1033 Acc:0.7500 | Time:18s
Fold 7 Epoch  5 | Train Loss:0.1831 Acc:0.9354 | Val Loss:1.1626 Acc:0.5900 | Time:26s
Fold 7 Epoch  6 | Train Loss:0.1473 Acc:0.9563 | Val Loss:0.7752 Acc:0.7500 | Time:25s
Fold 7 Epoch  7 | Train Loss:0.1478 Acc:0.9602 | Val Loss:1.4170 Acc:0.7800 | Time:24s
Fold 7 Epoch  8 | Train Loss:0.0781 Acc:0.9761 | Val Loss:0.8007 Acc:0.7900 | Time:26s
Fold 7 Epoch  9 | Train Loss:0.0776 Acc:0.9821 | Val Loss:2.3111 Acc:0.7000 | Time:22s
Fold 7 Epoch 10 | Train Loss:0.0843 Acc:0.9801 | Val Loss:2.3712 Acc:0.6100 | Time:22s
Fold 7 Epoch 11 | Train Loss:0.0416 Acc:0.9901 | Val Loss:0.7789 Acc:0.7400 | Time:22s
Fold 7 Epoch 12 | Train Loss:0.0323 Acc:0.9891 | Val Loss:0.8933 Acc:0.7300 | Time:21s
Fold 7 Epoch 13 | Train Loss:0.0579 Acc:0.9821 | Val Loss:1.8402 Acc:0.7200 | Time:23s
Fold 7 Epoch 14 | Train Loss:0.0350 Acc:0.9920 | Val Loss:1.6759 Acc:0.7400 | Time:22s
Fold 7 Epoch 15 | Train Loss:0.0704 Acc:0.9841 | Val Loss:1.1090 Acc:0.7000 | Time:23s
Fold 7 Epoch 16 | Train Loss:0.0862 Acc:0.9761 | Val Loss:0.9329 Acc:0.7100 | Time:23s
Fold 7 Epoch 17 | Train Loss:0.0632 Acc:0.9851 | Val Loss:1.3976 Acc:0.6700 | Time:22s
Fold 7 Epoch 18 | Train Loss:0.0771 Acc:0.9742 | Val Loss:1.8576 Acc:0.5000 | Time:22s
  ⏹ 早停于 Epoch 18（10 轮未提升）
  ✅ Fold7 Best Val Acc: 0.7900

============================================================
  Fold 8/12: 8
  验证受试者: 8 (110 张)
  验证表情分布: {0: 20, 1: 20, 2: 10, 3: 20, 4: 20, 5: 20}
  训练: 996 张 | 验证: 110 张
============================================================
  🏗️  Backbone: resnet50 (imagenet)
       特征维度: 2048
       投影层: 2048 → 512 → 6
       Backbone 参数: 23.5M
Fold 8 Epoch  1 | Train Loss:0.8753 Acc:0.6857 | Val Loss:0.7669 Acc:0.6909 | Time:22s
Fold 8 Epoch  2 | Train Loss:0.3505 Acc:0.8755 | Val Loss:1.3247 Acc:0.5636 | Time:22s
Fold 8 Epoch  3 | Train Loss:0.2227 Acc:0.9367 | Val Loss:0.9335 Acc:0.7364 | Time:24s
Fold 8 Epoch  4 | Train Loss:0.1764 Acc:0.9528 | Val Loss:0.9344 Acc:0.7273 | Time:23s
Fold 8 Epoch  5 | Train Loss:0.1279 Acc:0.9649 | Val Loss:0.8739 Acc:0.7091 | Time:21s
Fold 8 Epoch  6 | Train Loss:0.0892 Acc:0.9759 | Val Loss:0.8320 Acc:0.6818 | Time:22s
Fold 8 Epoch  7 | Train Loss:0.1156 Acc:0.9729 | Val Loss:0.8591 Acc:0.7182 | Time:24s
Fold 8 Epoch  8 | Train Loss:0.1902 Acc:0.9418 | Val Loss:1.2436 Acc:0.6091 | Time:25s
Fold 8 Epoch  9 | Train Loss:0.1209 Acc:0.9608 | Val Loss:1.3686 Acc:0.6273 | Time:25s
Fold 8 Epoch 10 | Train Loss:0.1063 Acc:0.9699 | Val Loss:0.9769 Acc:0.7364 | Time:23s
Fold 8 Epoch 11 | Train Loss:0.1299 Acc:0.9729 | Val Loss:0.9488 Acc:0.7455 | Time:23s
Fold 8 Epoch 12 | Train Loss:0.2131 Acc:0.9287 | Val Loss:1.9269 Acc:0.6364 | Time:23s
Fold 8 Epoch 13 | Train Loss:0.1186 Acc:0.9709 | Val Loss:1.5926 Acc:0.6818 | Time:23s
Fold 8 Epoch 14 | Train Loss:0.1352 Acc:0.9588 | Val Loss:1.5359 Acc:0.6455 | Time:24s
Fold 8 Epoch 15 | Train Loss:0.0722 Acc:0.9809 | Val Loss:1.0618 Acc:0.6727 | Time:26s
Fold 8 Epoch 16 | Train Loss:0.0578 Acc:0.9890 | Val Loss:1.7669 Acc:0.6364 | Time:21s
Fold 8 Epoch 17 | Train Loss:0.1506 Acc:0.9588 | Val Loss:1.5269 Acc:0.5364 | Time:21s
Fold 8 Epoch 18 | Train Loss:0.1046 Acc:0.9659 | Val Loss:0.7622 Acc:0.7091 | Time:21s
Fold 8 Epoch 19 | Train Loss:0.0950 Acc:0.9789 | Val Loss:0.9015 Acc:0.7182 | Time:21s
Fold 8 Epoch 20 | Train Loss:0.0754 Acc:0.9819 | Val Loss:1.5645 Acc:0.6818 | Time:19s
Fold 8 Epoch 21 | Train Loss:0.0867 Acc:0.9749 | Val Loss:1.1500 Acc:0.6818 | Time:20s
  ⏹ 早停于 Epoch 21（10 轮未提升）
  ✅ Fold8 Best Val Acc: 0.7455

============================================================
  Fold 9/12: 9
  验证受试者: 9 (70 张)
  验证表情分布: {0: 20, 2: 10, 3: 20, 4: 10, 5: 10}
  训练: 1036 张 | 验证: 70 张
============================================================
  🏗️  Backbone: resnet50 (imagenet)
       特征维度: 2048
       投影层: 2048 → 512 → 6
       Backbone 参数: 23.5M
Fold 9 Epoch  1 | Train Loss:0.8627 Acc:0.6699 | Val Loss:0.7634 Acc:0.7857 | Time:21s
Fold 9 Epoch  2 | Train Loss:0.3576 Acc:0.8784 | Val Loss:0.8288 Acc:0.7143 | Time:24s
Fold 9 Epoch  3 | Train Loss:0.2310 Acc:0.9276 | Val Loss:0.4472 Acc:0.8286 | Time:22s
Fold 9 Epoch  4 | Train Loss:0.1654 Acc:0.9431 | Val Loss:1.7005 Acc:0.6429 | Time:24s
Fold 9 Epoch  5 | Train Loss:0.1197 Acc:0.9653 | Val Loss:1.7873 Acc:0.5571 | Time:18s
Fold 9 Epoch  6 | Train Loss:0.1303 Acc:0.9614 | Val Loss:0.6869 Acc:0.8143 | Time:18s
Fold 9 Epoch  7 | Train Loss:0.1356 Acc:0.9595 | Val Loss:0.7111 Acc:0.9000 | Time:18s
Fold 9 Epoch  8 | Train Loss:0.0969 Acc:0.9691 | Val Loss:1.0083 Acc:0.6286 | Time:19s
Fold 9 Epoch  9 | Train Loss:0.0994 Acc:0.9720 | Val Loss:0.7019 Acc:0.9143 | Time:17s
Fold 9 Epoch 10 | Train Loss:0.1122 Acc:0.9595 | Val Loss:0.9715 Acc:0.6000 | Time:18s
Fold 9 Epoch 11 | Train Loss:0.0980 Acc:0.9691 | Val Loss:1.2405 Acc:0.6714 | Time:18s
Fold 9 Epoch 12 | Train Loss:0.1181 Acc:0.9643 | Val Loss:1.3659 Acc:0.7286 | Time:18s
Fold 9 Epoch 13 | Train Loss:0.0580 Acc:0.9817 | Val Loss:1.1477 Acc:0.6429 | Time:18s
Fold 9 Epoch 14 | Train Loss:0.0727 Acc:0.9759 | Val Loss:1.0234 Acc:0.7429 | Time:20s
Fold 9 Epoch 15 | Train Loss:0.0485 Acc:0.9836 | Val Loss:2.6175 Acc:0.4714 | Time:18s
Fold 9 Epoch 16 | Train Loss:0.0409 Acc:0.9913 | Val Loss:1.8445 Acc:0.6143 | Time:18s
Fold 9 Epoch 17 | Train Loss:0.0407 Acc:0.9884 | Val Loss:1.6145 Acc:0.6429 | Time:19s
Fold 9 Epoch 18 | Train Loss:0.0270 Acc:0.9952 | Val Loss:1.2407 Acc:0.6143 | Time:18s
Fold 9 Epoch 19 | Train Loss:0.0263 Acc:0.9942 | Val Loss:0.8758 Acc:0.6714 | Time:18s
  ⏹ 早停于 Epoch 19（10 轮未提升）
  ✅ Fold9 Best Val Acc: 0.9143

============================================================
  Fold 10/12: 10
  验证受试者: 10 (80 张)
  验证表情分布: {0: 10, 1: 10, 2: 20, 3: 20, 5: 20}
  训练: 1026 张 | 验证: 80 张
============================================================
  🏗️  Backbone: resnet50 (imagenet)
       特征维度: 2048
       投影层: 2048 → 512 → 6
       Backbone 参数: 23.5M
Fold10 Epoch  1 | Train Loss:0.8149 Acc:0.6940 | Val Loss:3.2239 Acc:0.3875 | Time:16s
Fold10 Epoch  2 | Train Loss:0.4283 Acc:0.8704 | Val Loss:2.1996 Acc:0.4250 | Time:17s
Fold10 Epoch  3 | Train Loss:0.2971 Acc:0.9162 | Val Loss:1.7835 Acc:0.5500 | Time:18s
Fold10 Epoch  4 | Train Loss:0.2021 Acc:0.9357 | Val Loss:1.9066 Acc:0.4875 | Time:18s
Fold10 Epoch  5 | Train Loss:0.2102 Acc:0.9610 | Val Loss:1.4903 Acc:0.5000 | Time:18s
Fold10 Epoch  6 | Train Loss:0.2242 Acc:0.9435 | Val Loss:2.2587 Acc:0.5000 | Time:17s
Fold10 Epoch  7 | Train Loss:0.2193 Acc:0.9444 | Val Loss:3.6620 Acc:0.3625 | Time:17s
Fold10 Epoch  8 | Train Loss:0.3602 Acc:0.9181 | Val Loss:2.4736 Acc:0.3500 | Time:17s
Fold10 Epoch  9 | Train Loss:0.3056 Acc:0.8977 | Val Loss:1.9587 Acc:0.4875 | Time:17s
Fold10 Epoch 10 | Train Loss:0.1595 Acc:0.9522 | Val Loss:2.6025 Acc:0.4500 | Time:18s
Fold10 Epoch 11 | Train Loss:0.1960 Acc:0.9708 | Val Loss:2.6877 Acc:0.3625 | Time:18s
Fold10 Epoch 12 | Train Loss:0.2570 Acc:0.9474 | Val Loss:1.8179 Acc:0.4625 | Time:17s
Fold10 Epoch 13 | Train Loss:0.2039 Acc:0.9386 | Val Loss:1.4307 Acc:0.4875 | Time:17s
  ⏹ 早停于 Epoch 13（10 轮未提升）
  ✅ Fold10 Best Val Acc: 0.5500

============================================================
  Fold 11/12: 11
  验证受试者: 11 (100 张)
  验证表情分布: {0: 20, 1: 20, 2: 20, 4: 20, 5: 20}
  训练: 1006 张 | 验证: 100 张
============================================================
  🏗️  Backbone: resnet50 (imagenet)
       特征维度: 2048
       投影层: 2048 → 512 → 6
       Backbone 参数: 23.5M
Fold11 Epoch  1 | Train Loss:0.8177 Acc:0.6958 | Val Loss:1.6636 Acc:0.4600 | Time:17s
Fold11 Epoch  2 | Train Loss:0.3036 Acc:0.8946 | Val Loss:1.9717 Acc:0.4500 | Time:19s
Fold11 Epoch  3 | Train Loss:0.1843 Acc:0.9423 | Val Loss:2.0293 Acc:0.4400 | Time:19s
Fold11 Epoch  4 | Train Loss:0.1545 Acc:0.9602 | Val Loss:2.1022 Acc:0.4900 | Time:19s
Fold11 Epoch  5 | Train Loss:0.1195 Acc:0.9563 | Val Loss:2.2399 Acc:0.3700 | Time:19s
Fold11 Epoch  6 | Train Loss:0.1095 Acc:0.9662 | Val Loss:2.7608 Acc:0.3300 | Time:19s
Fold11 Epoch  7 | Train Loss:0.1287 Acc:0.9652 | Val Loss:2.4285 Acc:0.4700 | Time:19s
Fold11 Epoch  8 | Train Loss:0.1139 Acc:0.9672 | Val Loss:4.6307 Acc:0.4200 | Time:19s
Fold11 Epoch  9 | Train Loss:0.0761 Acc:0.9771 | Val Loss:2.7702 Acc:0.3200 | Time:19s
Fold11 Epoch 10 | Train Loss:0.0584 Acc:0.9841 | Val Loss:2.8115 Acc:0.3700 | Time:18s
Fold11 Epoch 11 | Train Loss:0.0497 Acc:0.9861 | Val Loss:2.3481 Acc:0.5400 | Time:18s
Fold11 Epoch 12 | Train Loss:0.0481 Acc:0.9881 | Val Loss:3.0321 Acc:0.4200 | Time:18s
Fold11 Epoch 13 | Train Loss:0.0648 Acc:0.9831 | Val Loss:3.8503 Acc:0.4000 | Time:18s
Fold11 Epoch 14 | Train Loss:0.0732 Acc:0.9732 | Val Loss:2.0308 Acc:0.5700 | Time:17s
Fold11 Epoch 15 | Train Loss:0.1108 Acc:0.9642 | Val Loss:2.5863 Acc:0.4100 | Time:17s
Fold11 Epoch 16 | Train Loss:0.0518 Acc:0.9811 | Val Loss:3.4723 Acc:0.4700 | Time:18s
Fold11 Epoch 17 | Train Loss:0.0567 Acc:0.9811 | Val Loss:3.3780 Acc:0.4500 | Time:17s
Fold11 Epoch 18 | Train Loss:0.0440 Acc:0.9871 | Val Loss:2.8443 Acc:0.4200 | Time:17s
Fold11 Epoch 19 | Train Loss:0.0327 Acc:0.9930 | Val Loss:3.0354 Acc:0.4600 | Time:18s
Fold11 Epoch 20 | Train Loss:0.0382 Acc:0.9881 | Val Loss:2.9710 Acc:0.4700 | Time:18s
Fold11 Epoch 21 | Train Loss:0.0353 Acc:0.9911 | Val Loss:3.6474 Acc:0.4200 | Time:18s
Fold11 Epoch 22 | Train Loss:0.0376 Acc:0.9891 | Val Loss:2.9595 Acc:0.4300 | Time:16s
Fold11 Epoch 23 | Train Loss:0.0229 Acc:0.9950 | Val Loss:3.7712 Acc:0.4300 | Time:17s
Fold11 Epoch 24 | Train Loss:0.0257 Acc:0.9950 | Val Loss:3.9139 Acc:0.3900 | Time:18s
  ⏹ 早停于 Epoch 24（10 轮未提升）
  ✅ Fold11 Best Val Acc: 0.5700

============================================================
  Fold 12/12: 12
  验证受试者: 12 (70 张)
  验证表情分布: {0: 20, 1: 10, 3: 20, 4: 20}
  训练: 1036 张 | 验证: 70 张
============================================================
  🏗️  Backbone: resnet50 (imagenet)
       特征维度: 2048
       投影层: 2048 → 512 → 6
       Backbone 参数: 23.5M
Fold12 Epoch  1 | Train Loss:0.8509 Acc:0.6863 | Val Loss:3.2962 Acc:0.5143 | Time:17s
Fold12 Epoch  2 | Train Loss:0.3088 Acc:0.8977 | Val Loss:2.3054 Acc:0.3714 | Time:18s
Fold12 Epoch  3 | Train Loss:0.2149 Acc:0.9295 | Val Loss:1.8040 Acc:0.5000 | Time:18s
Fold12 Epoch  4 | Train Loss:0.1859 Acc:0.9488 | Val Loss:1.5814 Acc:0.5000 | Time:18s
Fold12 Epoch  5 | Train Loss:0.1765 Acc:0.9411 | Val Loss:1.7928 Acc:0.4286 | Time:19s
Fold12 Epoch  6 | Train Loss:0.1638 Acc:0.9508 | Val Loss:3.0035 Acc:0.1714 | Time:18s
Fold12 Epoch  7 | Train Loss:0.1120 Acc:0.9653 | Val Loss:1.8439 Acc:0.5143 | Time:18s
Fold12 Epoch  8 | Train Loss:0.0869 Acc:0.9749 | Val Loss:1.3200 Acc:0.6429 | Time:19s
Fold12 Epoch  9 | Train Loss:0.0939 Acc:0.9720 | Val Loss:1.8213 Acc:0.5000 | Time:18s
Fold12 Epoch 10 | Train Loss:0.0527 Acc:0.9884 | Val Loss:1.8165 Acc:0.4857 | Time:17s
Fold12 Epoch 11 | Train Loss:0.0771 Acc:0.9788 | Val Loss:2.7568 Acc:0.2714 | Time:17s
Fold12 Epoch 12 | Train Loss:0.0833 Acc:0.9749 | Val Loss:1.3736 Acc:0.6571 | Time:17s
Fold12 Epoch 13 | Train Loss:0.0744 Acc:0.9749 | Val Loss:2.8913 Acc:0.5286 | Time:17s
Fold12 Epoch 14 | Train Loss:0.0489 Acc:0.9865 | Val Loss:2.3448 Acc:0.5000 | Time:18s
Fold12 Epoch 15 | Train Loss:0.0734 Acc:0.9836 | Val Loss:3.2306 Acc:0.5000 | Time:18s
Fold12 Epoch 16 | Train Loss:0.0785 Acc:0.9749 | Val Loss:2.3523 Acc:0.5143 | Time:18s
Fold12 Epoch 17 | Train Loss:0.0652 Acc:0.9846 | Val Loss:2.8013 Acc:0.5143 | Time:17s
Fold12 Epoch 18 | Train Loss:0.0773 Acc:0.9739 | Val Loss:1.8382 Acc:0.5286 | Time:21s
Fold12 Epoch 19 | Train Loss:0.0331 Acc:0.9952 | Val Loss:1.4426 Acc:0.6571 | Time:26s
Fold12 Epoch 20 | Train Loss:0.0289 Acc:0.9932 | Val Loss:2.8561 Acc:0.4714 | Time:19s
Fold12 Epoch 21 | Train Loss:0.0184 Acc:0.9981 | Val Loss:2.9078 Acc:0.5714 | Time:18s
Fold12 Epoch 22 | Train Loss:0.0151 Acc:0.9981 | Val Loss:2.7977 Acc:0.5429 | Time:20s
  ⏹ 早停于 Epoch 22（10 轮未提升）
  ✅ Fold12 Best Val Acc: 0.6571

============================================================
  交叉验证结果汇总
============================================================
  1: 0.7937
  2: 0.6000
  3: 0.7556
  4: 0.7167
  5: 0.8000
  6: 0.6500
  7: 0.7900
  8: 0.7455
  9: 0.9143
  10: 0.5500
  11: 0.5700
  12: 0.6571

  平均精度: 0.7119 +- 0.1042

  每位受试者准确率:
    subject_1: 0.7937 [#######################-------]
    subject_2: 0.6000 [##################------------]
    subject_3: 0.7556 [######################--------]
    subject_4: 0.7167 [#####################---------]
    subject_5: 0.8000 [########################------]
    subject_6: 0.6500 [###################-----------]
    subject_7: 0.7900 [#######################-------]
    subject_8: 0.7455 [######################--------]
    subject_9: 0.9143 [###########################---]
    subject_10: 0.5500 [################--------------]
    subject_11: 0.5700 [#################-------------]
    subject_12: 0.6571 [###################-----------]
  最低: subject_10 = 0.5500
  最高: subject_9 = 0.9143

📝 训练指标已保存: ../../KMU-FED/output_exp2_e4\training_metrics.json

⏱️  总耗时: 78.3 分钟
