🖥️  设备: cuda:0
✅ CLIP 模型加载成功: D:\MM_Emotion\2_FER\CAFE\CAFE\clip\ViT-B-32.pt
🔧 配置: Backbone=resnet18 | 预训练=msceleb | CLIP=CLIP-12层 | Dropout=0.0
🔧 优化器: adam | 调度器: exponential | LR=0.0002 | WD=0.0001 | LabelSmooth=0.0
📈 TensorBoard 日志: ../../KMU-FED/output_original_kfold10\tensorboard\20260717_095953
训练增强: RandomHorizontalFlip + RandomErasing
人脸检测: YOLO 已加载 (../../yolov8n.pt)
人脸检测: YOLO-only 模式 (不加载 Haar)

============================================================
  数据集分析
============================================================
  数据集: D:\MM_Emotion\2_FER\CAFE\CAFE\..\..\KMU-FED\KMU-FED
  受试者总数: 12
  图片总数: 1106
  类别数: 6
         angry (id=0):  196 ###################
       disgust (id=1):  120 ############
          fear (id=2):  200 ####################
         happy (id=3):  210 #####################
           sad (id=4):  180 ##################
      surprise (id=5):  200 ####################

  每受试者图片数:
    受试者 1: 126 张  [A:26, D:20, F:20, H:20, S:20, S:20]
    受试者 2:  60 张  [A:10, F:20, H:10, S:20]
    受试者 3:  90 张  [A:10, F:20, H:20, S:20, S:20]
    受试者 4:  60 张  [F:20, H:20, S:10, S:10]
    受试者 5: 120 张  [A:20, D:20, F:20, H:20, S:20, S:20]
    受试者 6: 120 张  [A:20, D:20, F:20, H:20, S:20, S:20]
    受试者 7: 100 张  [A:20, F:20, H:20, S:20, S:20]
    受试者 8: 110 张  [A:20, D:20, F:10, H:20, S:20, S:20]
    受试者 9:  70 张  [A:20, F:10, H:20, S:10, S:10]
    受试者 10:  80 张  [A:10, D:10, F:20, H:20, S:20]
    受试者 11: 100 张  [A:20, D:20, F:20, S:20, S:20]
    受试者 12:  70 张  [A:20, D:10, H:20, S:20]
============================================================

评估方法: 10-Fold CV
总轮次: 10

============================================================
  Fold 1/10: fold_1
  训练: 926 张 | 验证: 180 张
============================================================
  🏗️  Backbone: ResNet-18 (MSCeleb 预训练)
       Backbone 参数: 11.2M
Fold 1 Epoch  1 | Train Loss:9.5203 Acc:0.2225 | Val Loss:1.7467 Acc:0.3611 | Time:17s
Fold 1 Epoch  2 | Train Loss:9.2719 Acc:0.4903 | Val Loss:1.6848 Acc:0.4944 | Time:17s
Fold 1 Epoch  3 | Train Loss:9.1046 Acc:0.6544 | Val Loss:1.6282 Acc:0.5222 | Time:17s
Fold 1 Epoch  4 | Train Loss:8.9449 Acc:0.7333 | Val Loss:1.5895 Acc:0.4778 | Time:19s
Fold 1 Epoch  5 | Train Loss:8.8857 Acc:0.7689 | Val Loss:1.5602 Acc:0.5889 | Time:17s
Fold 1 Epoch  6 | Train Loss:8.8115 Acc:0.8078 | Val Loss:1.5317 Acc:0.5000 | Time:17s
Fold 1 Epoch  7 | Train Loss:8.7359 Acc:0.8045 | Val Loss:1.5074 Acc:0.5000 | Time:17s
Fold 1 Epoch  8 | Train Loss:8.7027 Acc:0.8229 | Val Loss:1.4880 Acc:0.5278 | Time:17s
Fold 1 Epoch  9 | Train Loss:8.6543 Acc:0.8553 | Val Loss:1.4714 Acc:0.5000 | Time:17s
Fold 1 Epoch 10 | Train Loss:8.6161 Acc:0.8456 | Val Loss:1.4618 Acc:0.5333 | Time:18s
Fold 1 Epoch 11 | Train Loss:8.5926 Acc:0.8542 | Val Loss:1.4443 Acc:0.5167 | Time:19s
Fold 1 Epoch 12 | Train Loss:8.5556 Acc:0.8715 | Val Loss:1.4405 Acc:0.5278 | Time:17s
Fold 1 Epoch 13 | Train Loss:8.5185 Acc:0.8877 | Val Loss:1.4256 Acc:0.5167 | Time:18s
Fold 1 Epoch 14 | Train Loss:8.4989 Acc:0.8963 | Val Loss:1.4209 Acc:0.5389 | Time:18s
Fold 1 Epoch 15 | Train Loss:8.4791 Acc:0.8974 | Val Loss:1.4119 Acc:0.5333 | Time:17s
  ⏹ 早停于 Epoch 15（10 轮未提升）
  ✅ Fold1 Best Val Acc: 0.5889

============================================================
  Fold 2/10: fold_2
  训练: 910 张 | 验证: 196 张
============================================================
  🏗️  Backbone: ResNet-18 (MSCeleb 预训练)
       Backbone 参数: 11.2M
Fold 2 Epoch  1 | Train Loss:9.5806 Acc:0.2637 | Val Loss:1.7599 Acc:0.2092 | Time:17s
Fold 2 Epoch  2 | Train Loss:9.3110 Acc:0.4571 | Val Loss:1.6995 Acc:0.4337 | Time:18s
Fold 2 Epoch  3 | Train Loss:9.1435 Acc:0.6022 | Val Loss:1.6438 Acc:0.5765 | Time:17s
Fold 2 Epoch  4 | Train Loss:9.0496 Acc:0.7286 | Val Loss:1.5922 Acc:0.6888 | Time:17s
Fold 2 Epoch  5 | Train Loss:8.9577 Acc:0.7681 | Val Loss:1.5817 Acc:0.6071 | Time:18s
Fold 2 Epoch  6 | Train Loss:8.8660 Acc:0.8198 | Val Loss:1.5572 Acc:0.6888 | Time:18s
Fold 2 Epoch  7 | Train Loss:8.8315 Acc:0.8198 | Val Loss:1.5485 Acc:0.6480 | Time:19s
Fold 2 Epoch  8 | Train Loss:8.7565 Acc:0.8637 | Val Loss:1.5269 Acc:0.6480 | Time:18s
Fold 2 Epoch  9 | Train Loss:8.7129 Acc:0.8769 | Val Loss:1.5147 Acc:0.6735 | Time:19s
Fold 2 Epoch 10 | Train Loss:8.6752 Acc:0.8835 | Val Loss:1.4964 Acc:0.6684 | Time:18s
Fold 2 Epoch 11 | Train Loss:8.6670 Acc:0.8934 | Val Loss:1.4865 Acc:0.7041 | Time:17s
Fold 2 Epoch 12 | Train Loss:8.6503 Acc:0.8989 | Val Loss:1.4769 Acc:0.7143 | Time:18s
Fold 2 Epoch 13 | Train Loss:8.6200 Acc:0.9044 | Val Loss:1.4782 Acc:0.6735 | Time:17s
Fold 2 Epoch 14 | Train Loss:8.5853 Acc:0.9264 | Val Loss:1.4715 Acc:0.6735 | Time:18s
Fold 2 Epoch 15 | Train Loss:8.5504 Acc:0.9385 | Val Loss:1.4623 Acc:0.6939 | Time:17s
Fold 2 Epoch 16 | Train Loss:8.5466 Acc:0.9297 | Val Loss:1.4593 Acc:0.6939 | Time:17s
Fold 2 Epoch 17 | Train Loss:8.5151 Acc:0.9374 | Val Loss:1.4567 Acc:0.6786 | Time:17s
Fold 2 Epoch 18 | Train Loss:8.5050 Acc:0.9484 | Val Loss:1.4540 Acc:0.6786 | Time:18s
Fold 2 Epoch 19 | Train Loss:8.5180 Acc:0.9352 | Val Loss:1.4475 Acc:0.6786 | Time:18s
Fold 2 Epoch 20 | Train Loss:8.4892 Acc:0.9429 | Val Loss:1.4441 Acc:0.6837 | Time:19s
Fold 2 Epoch 21 | Train Loss:8.4967 Acc:0.9462 | Val Loss:1.4440 Acc:0.6837 | Time:18s
Fold 2 Epoch 22 | Train Loss:8.4889 Acc:0.9495 | Val Loss:1.4416 Acc:0.6939 | Time:17s
  ⏹ 早停于 Epoch 22（10 轮未提升）
  ✅ Fold2 Best Val Acc: 0.7143

============================================================
  Fold 3/10: fold_3
  训练: 986 张 | 验证: 120 张
============================================================
  🏗️  Backbone: ResNet-18 (MSCeleb 预训练)
       Backbone 参数: 11.2M
Fold 3 Epoch  1 | Train Loss:9.5122 Acc:0.2617 | Val Loss:1.7784 Acc:0.1917 | Time:19s
Fold 3 Epoch  2 | Train Loss:9.2473 Acc:0.4777 | Val Loss:1.7320 Acc:0.3250 | Time:19s
Fold 3 Epoch  3 | Train Loss:9.1067 Acc:0.6633 | Val Loss:1.6764 Acc:0.5000 | Time:19s
Fold 3 Epoch  4 | Train Loss:8.9702 Acc:0.7566 | Val Loss:1.6336 Acc:0.5250 | Time:18s
Fold 3 Epoch  5 | Train Loss:8.8737 Acc:0.7901 | Val Loss:1.6040 Acc:0.5000 | Time:18s
Fold 3 Epoch  6 | Train Loss:8.8032 Acc:0.8367 | Val Loss:1.5781 Acc:0.5250 | Time:18s
Fold 3 Epoch  7 | Train Loss:8.7488 Acc:0.8641 | Val Loss:1.5466 Acc:0.5250 | Time:18s
Fold 3 Epoch  8 | Train Loss:8.7163 Acc:0.8641 | Val Loss:1.5354 Acc:0.5250 | Time:19s
Fold 3 Epoch  9 | Train Loss:8.6362 Acc:0.8955 | Val Loss:1.5186 Acc:0.5250 | Time:18s
Fold 3 Epoch 10 | Train Loss:8.6161 Acc:0.8874 | Val Loss:1.5068 Acc:0.5250 | Time:18s
Fold 3 Epoch 11 | Train Loss:8.5877 Acc:0.9067 | Val Loss:1.4907 Acc:0.5333 | Time:18s
Fold 3 Epoch 12 | Train Loss:8.5549 Acc:0.9199 | Val Loss:1.4850 Acc:0.4917 | Time:18s
Fold 3 Epoch 13 | Train Loss:8.5107 Acc:0.9209 | Val Loss:1.4762 Acc:0.5250 | Time:18s
Fold 3 Epoch 14 | Train Loss:8.5084 Acc:0.9341 | Val Loss:1.4731 Acc:0.4833 | Time:18s
Fold 3 Epoch 15 | Train Loss:8.4964 Acc:0.9270 | Val Loss:1.4606 Acc:0.5167 | Time:18s
Fold 3 Epoch 16 | Train Loss:8.4598 Acc:0.9270 | Val Loss:1.4589 Acc:0.4917 | Time:18s
Fold 3 Epoch 17 | Train Loss:8.4537 Acc:0.9402 | Val Loss:1.4515 Acc:0.4917 | Time:18s
Fold 3 Epoch 18 | Train Loss:8.4132 Acc:0.9432 | Val Loss:1.4452 Acc:0.4917 | Time:18s
Fold 3 Epoch 19 | Train Loss:8.4288 Acc:0.9493 | Val Loss:1.4398 Acc:0.5167 | Time:18s
Fold 3 Epoch 20 | Train Loss:8.4203 Acc:0.9361 | Val Loss:1.4383 Acc:0.4917 | Time:18s
Fold 3 Epoch 21 | Train Loss:8.3986 Acc:0.9473 | Val Loss:1.4388 Acc:0.5167 | Time:18s
  ⏹ 早停于 Epoch 21（10 轮未提升）
  ✅ Fold3 Best Val Acc: 0.5333

============================================================
  Fold 4/10: fold_4
  训练: 1016 张 | 验证: 90 张
============================================================
  🏗️  Backbone: ResNet-18 (MSCeleb 预训练)
       Backbone 参数: 11.2M
Fold 4 Epoch  1 | Train Loss:9.5951 Acc:0.1791 | Val Loss:1.7470 Acc:0.2889 | Time:19s
Fold 4 Epoch  2 | Train Loss:9.2772 Acc:0.5049 | Val Loss:1.6472 Acc:0.7000 | Time:20s
Fold 4 Epoch  3 | Train Loss:9.0924 Acc:0.7106 | Val Loss:1.5720 Acc:0.6778 | Time:20s
Fold 4 Epoch  4 | Train Loss:9.0065 Acc:0.7726 | Val Loss:1.5206 Acc:0.8222 | Time:19s
Fold 4 Epoch  5 | Train Loss:8.9174 Acc:0.8022 | Val Loss:1.4857 Acc:0.7556 | Time:19s
Fold 4 Epoch  6 | Train Loss:8.8239 Acc:0.8317 | Val Loss:1.4495 Acc:0.7778 | Time:19s
Fold 4 Epoch  7 | Train Loss:8.7373 Acc:0.8593 | Val Loss:1.4165 Acc:0.7333 | Time:19s
Fold 4 Epoch  8 | Train Loss:8.7224 Acc:0.8514 | Val Loss:1.4097 Acc:0.7667 | Time:19s
Fold 4 Epoch  9 | Train Loss:8.6646 Acc:0.8888 | Val Loss:1.3820 Acc:0.7333 | Time:19s
Fold 4 Epoch 10 | Train Loss:8.6352 Acc:0.8750 | Val Loss:1.3798 Acc:0.7556 | Time:19s
Fold 4 Epoch 11 | Train Loss:8.6083 Acc:0.9026 | Val Loss:1.3569 Acc:0.7444 | Time:19s
Fold 4 Epoch 12 | Train Loss:8.5732 Acc:0.9045 | Val Loss:1.3606 Acc:0.7667 | Time:19s
Fold 4 Epoch 13 | Train Loss:8.5491 Acc:0.9183 | Val Loss:1.3415 Acc:0.7444 | Time:20s
Fold 4 Epoch 14 | Train Loss:8.5100 Acc:0.9193 | Val Loss:1.3271 Acc:0.7778 | Time:21s
  ⏹ 早停于 Epoch 14（10 轮未提升）
  ✅ Fold4 Best Val Acc: 0.8222

============================================================
  Fold 5/10: fold_5
  训练: 1046 张 | 验证: 60 张
============================================================
  🏗️  Backbone: ResNet-18 (MSCeleb 预训练)
       Backbone 参数: 11.2M
Fold 5 Epoch  1 | Train Loss:9.5404 Acc:0.2467 | Val Loss:1.7614 Acc:0.2333 | Time:21s
Fold 5 Epoch  2 | Train Loss:9.2599 Acc:0.5564 | Val Loss:1.7031 Acc:0.4833 | Time:21s
Fold 5 Epoch  3 | Train Loss:9.0864 Acc:0.7314 | Val Loss:1.6507 Acc:0.5667 | Time:20s
Fold 5 Epoch  4 | Train Loss:8.9951 Acc:0.7820 | Val Loss:1.6282 Acc:0.5000 | Time:21s
Fold 5 Epoch  5 | Train Loss:8.8970 Acc:0.8002 | Val Loss:1.5984 Acc:0.5000 | Time:21s
Fold 5 Epoch  6 | Train Loss:8.8278 Acc:0.8394 | Val Loss:1.5678 Acc:0.5333 | Time:22s
Fold 5 Epoch  7 | Train Loss:8.7637 Acc:0.8489 | Val Loss:1.5456 Acc:0.5333 | Time:21s
Fold 5 Epoch  8 | Train Loss:8.6994 Acc:0.8642 | Val Loss:1.5174 Acc:0.6167 | Time:20s
Fold 5 Epoch  9 | Train Loss:8.6440 Acc:0.8853 | Val Loss:1.5117 Acc:0.5833 | Time:21s
Fold 5 Epoch 10 | Train Loss:8.5947 Acc:0.8910 | Val Loss:1.4877 Acc:0.5833 | Time:20s
Fold 5 Epoch 11 | Train Loss:8.5758 Acc:0.8967 | Val Loss:1.4782 Acc:0.6333 | Time:20s
Fold 5 Epoch 12 | Train Loss:8.5611 Acc:0.9130 | Val Loss:1.4875 Acc:0.5667 | Time:20s
Fold 5 Epoch 13 | Train Loss:8.4997 Acc:0.9216 | Val Loss:1.4728 Acc:0.5667 | Time:21s
Fold 5 Epoch 14 | Train Loss:8.4910 Acc:0.9226 | Val Loss:1.4517 Acc:0.5667 | Time:23s
Fold 5 Epoch 15 | Train Loss:8.4792 Acc:0.9321 | Val Loss:1.4472 Acc:0.5667 | Time:21s
Fold 5 Epoch 16 | Train Loss:8.4661 Acc:0.9379 | Val Loss:1.4351 Acc:0.6333 | Time:20s
Fold 5 Epoch 17 | Train Loss:8.4520 Acc:0.9388 | Val Loss:1.4337 Acc:0.5833 | Time:20s
Fold 5 Epoch 18 | Train Loss:8.4331 Acc:0.9426 | Val Loss:1.4419 Acc:0.6167 | Time:20s
Fold 5 Epoch 19 | Train Loss:8.4182 Acc:0.9512 | Val Loss:1.4322 Acc:0.6000 | Time:20s
Fold 5 Epoch 20 | Train Loss:8.3932 Acc:0.9484 | Val Loss:1.4190 Acc:0.6000 | Time:21s
Fold 5 Epoch 21 | Train Loss:8.3951 Acc:0.9484 | Val Loss:1.4183 Acc:0.6000 | Time:20s
  ⏹ 早停于 Epoch 21（10 轮未提升）
  ✅ Fold5 Best Val Acc: 0.6333

============================================================
  Fold 6/10: fold_6
  训练: 1036 张 | 验证: 70 张
============================================================
  🏗️  Backbone: ResNet-18 (MSCeleb 预训练)
       Backbone 参数: 11.2M
Fold 6 Epoch  1 | Train Loss:9.5646 Acc:0.2124 | Val Loss:1.8565 Acc:0.1714 | Time:21s
Fold 6 Epoch  2 | Train Loss:9.2484 Acc:0.5145 | Val Loss:1.8387 Acc:0.2857 | Time:23s
Fold 6 Epoch  3 | Train Loss:9.0785 Acc:0.6573 | Val Loss:1.8210 Acc:0.2857 | Time:22s
Fold 6 Epoch  4 | Train Loss:8.9554 Acc:0.7297 | Val Loss:1.8162 Acc:0.2857 | Time:22s
Fold 6 Epoch  5 | Train Loss:8.8726 Acc:0.7954 | Val Loss:1.8110 Acc:0.2857 | Time:21s
Fold 6 Epoch  6 | Train Loss:8.8233 Acc:0.8069 | Val Loss:1.8012 Acc:0.2857 | Time:21s
Fold 6 Epoch  7 | Train Loss:8.7408 Acc:0.8340 | Val Loss:1.8009 Acc:0.2857 | Time:20s
Fold 6 Epoch  8 | Train Loss:8.7061 Acc:0.8436 | Val Loss:1.7920 Acc:0.2857 | Time:21s
Fold 6 Epoch  9 | Train Loss:8.6338 Acc:0.8446 | Val Loss:1.7993 Acc:0.2857 | Time:20s
Fold 6 Epoch 10 | Train Loss:8.5897 Acc:0.8629 | Val Loss:1.7926 Acc:0.2857 | Time:20s
Fold 6 Epoch 11 | Train Loss:8.5716 Acc:0.8697 | Val Loss:1.7809 Acc:0.2857 | Time:20s
Fold 6 Epoch 12 | Train Loss:8.5217 Acc:0.8822 | Val Loss:1.7745 Acc:0.2857 | Time:21s
  ⏹ 早停于 Epoch 12（10 轮未提升）
  ✅ Fold6 Best Val Acc: 0.2857

============================================================
  Fold 7/10: fold_7
  训练: 986 张 | 验证: 120 张
============================================================
  🏗️  Backbone: ResNet-18 (MSCeleb 预训练)
       Backbone 参数: 11.2M
Fold 7 Epoch  1 | Train Loss:9.5488 Acc:0.2434 | Val Loss:1.7276 Acc:0.2917 | Time:19s
Fold 7 Epoch  2 | Train Loss:9.2624 Acc:0.4361 | Val Loss:1.6528 Acc:0.6000 | Time:19s
Fold 7 Epoch  3 | Train Loss:9.0879 Acc:0.6288 | Val Loss:1.5840 Acc:0.7500 | Time:20s
Fold 7 Epoch  4 | Train Loss:8.9797 Acc:0.7759 | Val Loss:1.5329 Acc:0.7500 | Time:21s
Fold 7 Epoch  5 | Train Loss:8.9097 Acc:0.8154 | Val Loss:1.4975 Acc:0.7917 | Time:19s
Fold 7 Epoch  6 | Train Loss:8.8203 Acc:0.8266 | Val Loss:1.4681 Acc:0.8250 | Time:19s
Fold 7 Epoch  7 | Train Loss:8.7989 Acc:0.8600 | Val Loss:1.4463 Acc:0.7750 | Time:19s
Fold 7 Epoch  8 | Train Loss:8.7239 Acc:0.8783 | Val Loss:1.4252 Acc:0.7750 | Time:19s
Fold 7 Epoch  9 | Train Loss:8.6932 Acc:0.8895 | Val Loss:1.4086 Acc:0.7917 | Time:19s
Fold 7 Epoch 10 | Train Loss:8.6478 Acc:0.8803 | Val Loss:1.3971 Acc:0.7917 | Time:19s
Fold 7 Epoch 11 | Train Loss:8.5896 Acc:0.9128 | Val Loss:1.3786 Acc:0.7917 | Time:19s
Fold 7 Epoch 12 | Train Loss:8.6057 Acc:0.9087 | Val Loss:1.3645 Acc:0.7750 | Time:19s
Fold 7 Epoch 13 | Train Loss:8.5550 Acc:0.9199 | Val Loss:1.3650 Acc:0.7750 | Time:20s
Fold 7 Epoch 14 | Train Loss:8.5410 Acc:0.9229 | Val Loss:1.3483 Acc:0.7750 | Time:20s
Fold 7 Epoch 15 | Train Loss:8.4993 Acc:0.9229 | Val Loss:1.3416 Acc:0.7750 | Time:19s
Fold 7 Epoch 16 | Train Loss:8.4773 Acc:0.9229 | Val Loss:1.3352 Acc:0.7750 | Time:19s
  ⏹ 早停于 Epoch 16（10 轮未提升）
  ✅ Fold7 Best Val Acc: 0.8250

============================================================
  Fold 8/10: fold_8
  训练: 996 张 | 验证: 110 张
============================================================
  🏗️  Backbone: ResNet-18 (MSCeleb 预训练)
       Backbone 参数: 11.2M
Fold 8 Epoch  1 | Train Loss:9.5467 Acc:0.2169 | Val Loss:1.7413 Acc:0.5364 | Time:20s
Fold 8 Epoch  2 | Train Loss:9.2369 Acc:0.5472 | Val Loss:1.6741 Acc:0.6364 | Time:20s
Fold 8 Epoch  3 | Train Loss:9.1294 Acc:0.6827 | Val Loss:1.5987 Acc:0.6364 | Time:20s
Fold 8 Epoch  4 | Train Loss:9.0137 Acc:0.7641 | Val Loss:1.5659 Acc:0.5909 | Time:19s
Fold 8 Epoch  5 | Train Loss:8.9195 Acc:0.8213 | Val Loss:1.5054 Acc:0.7182 | Time:19s
Fold 8 Epoch  6 | Train Loss:8.8528 Acc:0.8333 | Val Loss:1.4857 Acc:0.6545 | Time:20s
Fold 8 Epoch  7 | Train Loss:8.7994 Acc:0.8384 | Val Loss:1.4493 Acc:0.7091 | Time:19s
Fold 8 Epoch  8 | Train Loss:8.7447 Acc:0.8544 | Val Loss:1.4384 Acc:0.7364 | Time:19s
Fold 8 Epoch  9 | Train Loss:8.6845 Acc:0.8624 | Val Loss:1.4120 Acc:0.7182 | Time:19s
Fold 8 Epoch 10 | Train Loss:8.6602 Acc:0.8845 | Val Loss:1.3913 Acc:0.7273 | Time:20s
Fold 8 Epoch 11 | Train Loss:8.6103 Acc:0.8845 | Val Loss:1.3786 Acc:0.6091 | Time:20s
Fold 8 Epoch 12 | Train Loss:8.6099 Acc:0.9127 | Val Loss:1.3715 Acc:0.7091 | Time:20s
Fold 8 Epoch 13 | Train Loss:8.5831 Acc:0.9096 | Val Loss:1.3583 Acc:0.7182 | Time:20s
Fold 8 Epoch 14 | Train Loss:8.5618 Acc:0.9217 | Val Loss:1.3531 Acc:0.7182 | Time:20s
Fold 8 Epoch 15 | Train Loss:8.5367 Acc:0.9106 | Val Loss:1.3460 Acc:0.7182 | Time:20s
Fold 8 Epoch 16 | Train Loss:8.5249 Acc:0.9257 | Val Loss:1.3255 Acc:0.7182 | Time:20s
Fold 8 Epoch 17 | Train Loss:8.4748 Acc:0.9287 | Val Loss:1.3308 Acc:0.7091 | Time:19s
Fold 8 Epoch 18 | Train Loss:8.4755 Acc:0.9237 | Val Loss:1.3209 Acc:0.7636 | Time:19s
Fold 8 Epoch 19 | Train Loss:8.4820 Acc:0.9267 | Val Loss:1.3062 Acc:0.7364 | Time:21s
Fold 8 Epoch 20 | Train Loss:8.4626 Acc:0.9277 | Val Loss:1.3061 Acc:0.7000 | Time:19s
Fold 8 Epoch 21 | Train Loss:8.4681 Acc:0.9317 | Val Loss:1.3023 Acc:0.7091 | Time:19s
Fold 8 Epoch 22 | Train Loss:8.4420 Acc:0.9388 | Val Loss:1.2910 Acc:0.7091 | Time:18s
Fold 8 Epoch 23 | Train Loss:8.4460 Acc:0.9287 | Val Loss:1.2927 Acc:0.7636 | Time:19s
Fold 8 Epoch 24 | Train Loss:8.4183 Acc:0.9287 | Val Loss:1.2855 Acc:0.7091 | Time:19s
Fold 8 Epoch 25 | Train Loss:8.4297 Acc:0.9357 | Val Loss:1.2936 Acc:0.7182 | Time:19s
Fold 8 Epoch 26 | Train Loss:8.4256 Acc:0.9367 | Val Loss:1.2900 Acc:0.7091 | Time:19s
Fold 8 Epoch 27 | Train Loss:8.4280 Acc:0.9388 | Val Loss:1.2818 Acc:0.7091 | Time:21s
Fold 8 Epoch 28 | Train Loss:8.4200 Acc:0.9408 | Val Loss:1.2768 Acc:0.7000 | Time:21s
  ⏹ 早停于 Epoch 28（10 轮未提升）
  ✅ Fold8 Best Val Acc: 0.7636

============================================================
  Fold 9/10: fold_9
  训练: 1046 张 | 验证: 60 张
============================================================
  🏗️  Backbone: ResNet-18 (MSCeleb 预训练)
       Backbone 参数: 11.2M
Fold 9 Epoch  1 | Train Loss:9.5525 Acc:0.2065 | Val Loss:1.7731 Acc:0.1833 | Time:20s
Fold 9 Epoch  2 | Train Loss:9.2792 Acc:0.4837 | Val Loss:1.6913 Acc:0.3167 | Time:21s
Fold 9 Epoch  3 | Train Loss:9.1008 Acc:0.6549 | Val Loss:1.6280 Acc:0.3333 | Time:21s
Fold 9 Epoch  4 | Train Loss:8.9733 Acc:0.7400 | Val Loss:1.5688 Acc:0.5000 | Time:21s
Fold 9 Epoch  5 | Train Loss:8.8810 Acc:0.8031 | Val Loss:1.5340 Acc:0.5000 | Time:21s
Fold 9 Epoch  6 | Train Loss:8.8004 Acc:0.8155 | Val Loss:1.5014 Acc:0.5000 | Time:20s
Fold 9 Epoch  7 | Train Loss:8.7548 Acc:0.8509 | Val Loss:1.4660 Acc:0.5500 | Time:20s
Fold 9 Epoch  8 | Train Loss:8.6930 Acc:0.8623 | Val Loss:1.4329 Acc:0.5167 | Time:20s
Fold 9 Epoch  9 | Train Loss:8.6349 Acc:0.8815 | Val Loss:1.4234 Acc:0.5667 | Time:20s
Fold 9 Epoch 10 | Train Loss:8.6134 Acc:0.8776 | Val Loss:1.4128 Acc:0.5167 | Time:20s
Fold 9 Epoch 11 | Train Loss:8.5654 Acc:0.9082 | Val Loss:1.3879 Acc:0.5333 | Time:20s
Fold 9 Epoch 12 | Train Loss:8.5255 Acc:0.9063 | Val Loss:1.3686 Acc:0.5333 | Time:20s
Fold 9 Epoch 13 | Train Loss:8.5385 Acc:0.9178 | Val Loss:1.3749 Acc:0.5667 | Time:21s
Fold 9 Epoch 14 | Train Loss:8.5171 Acc:0.9149 | Val Loss:1.3738 Acc:0.5167 | Time:21s
Fold 9 Epoch 15 | Train Loss:8.4872 Acc:0.9293 | Val Loss:1.3473 Acc:0.5500 | Time:20s
Fold 9 Epoch 16 | Train Loss:8.4753 Acc:0.9245 | Val Loss:1.3505 Acc:0.5667 | Time:20s
Fold 9 Epoch 17 | Train Loss:8.4513 Acc:0.9369 | Val Loss:1.3272 Acc:0.6500 | Time:22s
Fold 9 Epoch 18 | Train Loss:8.4273 Acc:0.9340 | Val Loss:1.3368 Acc:0.6333 | Time:23s
Fold 9 Epoch 19 | Train Loss:8.4396 Acc:0.9388 | Val Loss:1.3206 Acc:0.6167 | Time:20s
Fold 9 Epoch 20 | Train Loss:8.4107 Acc:0.9398 | Val Loss:1.3182 Acc:0.5833 | Time:20s
Fold 9 Epoch 21 | Train Loss:8.3881 Acc:0.9532 | Val Loss:1.3060 Acc:0.7000 | Time:20s
Fold 9 Epoch 22 | Train Loss:8.4053 Acc:0.9379 | Val Loss:1.3109 Acc:0.6500 | Time:20s
Fold 9 Epoch 23 | Train Loss:8.3857 Acc:0.9446 | Val Loss:1.3059 Acc:0.5667 | Time:20s
Fold 9 Epoch 24 | Train Loss:8.3774 Acc:0.9589 | Val Loss:1.3101 Acc:0.6333 | Time:20s
Fold 9 Epoch 25 | Train Loss:8.3935 Acc:0.9484 | Val Loss:1.3117 Acc:0.5833 | Time:20s
Fold 9 Epoch 26 | Train Loss:8.3696 Acc:0.9474 | Val Loss:1.3021 Acc:0.5833 | Time:21s
Fold 9 Epoch 27 | Train Loss:8.3566 Acc:0.9522 | Val Loss:1.2953 Acc:0.6000 | Time:22s
Fold 9 Epoch 28 | Train Loss:8.3865 Acc:0.9579 | Val Loss:1.2986 Acc:0.6333 | Time:22s
Fold 9 Epoch 29 | Train Loss:8.3590 Acc:0.9541 | Val Loss:1.2969 Acc:0.6333 | Time:20s
Fold 9 Epoch 30 | Train Loss:8.3386 Acc:0.9598 | Val Loss:1.2996 Acc:0.6333 | Time:21s
Fold 9 Epoch 31 | Train Loss:8.3328 Acc:0.9646 | Val Loss:1.2881 Acc:0.6833 | Time:21s
  ⏹ 早停于 Epoch 31（10 轮未提升）
  ✅ Fold9 Best Val Acc: 0.7000

============================================================
  Fold 10/10: fold_10
  训练: 1006 张 | 验证: 100 张
============================================================
  🏗️  Backbone: ResNet-18 (MSCeleb 预训练)
       Backbone 参数: 11.2M
Fold10 Epoch  1 | Train Loss:9.5657 Acc:0.2187 | Val Loss:1.7213 Acc:0.4200 | Time:20s
Fold10 Epoch  2 | Train Loss:9.3048 Acc:0.4821 | Val Loss:1.6417 Acc:0.6900 | Time:20s
Fold10 Epoch  3 | Train Loss:9.1313 Acc:0.6571 | Val Loss:1.5729 Acc:0.6900 | Time:20s
Fold10 Epoch  4 | Train Loss:9.0086 Acc:0.7525 | Val Loss:1.5184 Acc:0.7800 | Time:20s
Fold10 Epoch  5 | Train Loss:8.9081 Acc:0.8052 | Val Loss:1.4877 Acc:0.7700 | Time:20s
Fold10 Epoch  6 | Train Loss:8.8537 Acc:0.8290 | Val Loss:1.4510 Acc:0.7700 | Time:21s
Fold10 Epoch  7 | Train Loss:8.7912 Acc:0.8549 | Val Loss:1.4290 Acc:0.8000 | Time:21s
Fold10 Epoch  8 | Train Loss:8.7538 Acc:0.8767 | Val Loss:1.4067 Acc:0.8000 | Time:20s
Fold10 Epoch  9 | Train Loss:8.6703 Acc:0.8867 | Val Loss:1.3976 Acc:0.8000 | Time:20s
Fold10 Epoch 10 | Train Loss:8.6410 Acc:0.9115 | Val Loss:1.3630 Acc:0.7600 | Time:21s
Fold10 Epoch 11 | Train Loss:8.6141 Acc:0.9165 | Val Loss:1.3598 Acc:0.7700 | Time:22s
Fold10 Epoch 12 | Train Loss:8.5731 Acc:0.9245 | Val Loss:1.3417 Acc:0.8000 | Time:21s
Fold10 Epoch 13 | Train Loss:8.5656 Acc:0.9185 | Val Loss:1.3422 Acc:0.8000 | Time:20s
Fold10 Epoch 14 | Train Loss:8.5470 Acc:0.9423 | Val Loss:1.3343 Acc:0.7900 | Time:19s
Fold10 Epoch 15 | Train Loss:8.5142 Acc:0.9493 | Val Loss:1.3196 Acc:0.7900 | Time:20s
Fold10 Epoch 16 | Train Loss:8.5011 Acc:0.9394 | Val Loss:1.3144 Acc:0.7900 | Time:20s
Fold10 Epoch 17 | Train Loss:8.5001 Acc:0.9483 | Val Loss:1.3146 Acc:0.7700 | Time:20s
  ⏹ 早停于 Epoch 17（10 轮未提升）
  ✅ Fold10 Best Val Acc: 0.8000

============================================================
  交叉验证结果汇总
============================================================
  fold_1: 0.5889
  fold_2: 0.7143
  fold_3: 0.5333
  fold_4: 0.8222
  fold_5: 0.6333
  fold_6: 0.2857
  fold_7: 0.8250
  fold_8: 0.7636
  fold_9: 0.7000
  fold_10: 0.8000

  平均精度: 0.6666 +- 0.1581

📝 训练指标已保存: ../../KMU-FED/output_original_kfold10\training_metrics.json

⏱️  总耗时: 71.9 分钟
